2022-09-02T13:05:42.640+0800	[34mINFO[0m	clients/client_factory.go:47	logDir:<D:/C_Back/Go/Shop_service/inventory_service/log/nacos/log>   cacheDir:<D:/C_Back/Go/Shop_service/inventory_service/log/nacos/cache>
2022-09-02T14:17:46.707+0800	[34mINFO[0m	clients/client_factory.go:47	logDir:<D:/C_Back/Go/Shop_service/inventory_service/log/nacos/log>   cacheDir:<D:/C_Back/Go/Shop_service/inventory_service/log/nacos/cache>
2022-09-02T14:20:11.400+0800	[34mINFO[0m	clients/client_factory.go:47	logDir:<D:/C_Back/Go/Shop_service/inventory_service/log/nacos/log>   cacheDir:<D:/C_Back/Go/Shop_service/inventory_service/log/nacos/cache>
2022-09-02T14:20:34.251+0800	[34mINFO[0m	clients/client_factory.go:47	logDir:<D:/C_Back/Go/Shop_service/inventory_service/log/nacos/log>   cacheDir:<D:/C_Back/Go/Shop_service/inventory_service/log/nacos/cache>
2022-09-02T14:25:26.508+0800	[34mINFO[0m	clients/client_factory.go:47	logDir:<D:/C_Back/Go/Shop_service/inventory_service/log/nacos/log>   cacheDir:<D:/C_Back/Go/Shop_service/inventory_service/log/nacos/cache>
2022-09-02T14:28:07.536+0800	[34mINFO[0m	clients/client_factory.go:47	logDir:<D:/C_Back/Go/Shop_service/inventory_service/log/nacos/log>   cacheDir:<D:/C_Back/Go/Shop_service/inventory_service/log/nacos/cache>
2022-09-02T14:30:48.665+0800	[34mINFO[0m	clients/client_factory.go:47	logDir:<D:/C_Back/Go/Shop_service/inventory_service/log/nacos/log>   cacheDir:<D:/C_Back/Go/Shop_service/inventory_service/log/nacos/cache>
2022-09-02T14:31:14.907+0800	[34mINFO[0m	clients/client_factory.go:47	logDir:<D:/C_Back/Go/Shop_service/inventory_service/log/nacos/log>   cacheDir:<D:/C_Back/Go/Shop_service/inventory_service/log/nacos/cache>
2022-09-02T14:36:17.183+0800	[34mINFO[0m	clients/client_factory.go:47	logDir:<D:/C_Back/Go/Shop_service/inventory_service/log/nacos/log>   cacheDir:<D:/C_Back/Go/Shop_service/inventory_service/log/nacos/cache>
2022-09-02T14:38:41.021+0800	[34mINFO[0m	clients/client_factory.go:47	logDir:<D:/C_Back/Go/Shop_service/inventory_service/log/nacos/log>   cacheDir:<D:/C_Back/Go/Shop_service/inventory_service/log/nacos/cache>
2022-09-02T14:43:41.900+0800	[34mINFO[0m	clients/client_factory.go:47	logDir:<D:/C_Back/Go/Shop_service/inventory_service/log/nacos/log>   cacheDir:<D:/C_Back/Go/Shop_service/inventory_service/log/nacos/cache>
2022-09-02T14:55:25.286+0800	[34mINFO[0m	clients/client_factory.go:47	logDir:<D:/C_Back/Go/Shop_service/inventory_service/log/nacos/log>   cacheDir:<D:/C_Back/Go/Shop_service/inventory_service/log/nacos/cache>
2022-09-03T12:54:41.692+0800	[34mINFO[0m	clients/client_factory.go:47	logDir:<D:/C_Back/Go/Shop_service/inventory_service/log/nacos/log>   cacheDir:<D:/C_Back/Go/Shop_service/inventory_service/log/nacos/cache>
2022-09-03T12:55:26.252+0800	[34mINFO[0m	clients/client_factory.go:47	logDir:<D:/C_Back/Go/Shop_service/inventory_service/log/nacos/log>   cacheDir:<D:/C_Back/Go/Shop_service/inventory_service/log/nacos/cache>
2022-09-03T13:05:02.850+0800	[34mINFO[0m	clients/client_factory.go:47	logDir:<D:/C_Back/Go/Shop_service/inventory_service/log/nacos/log>   cacheDir:<D:/C_Back/Go/Shop_service/inventory_service/log/nacos/cache>
2022-09-03T13:07:22.138+0800	[34mINFO[0m	clients/client_factory.go:47	logDir:<D:/C_Back/Go/Shop_service/inventory_service/log/nacos/log>   cacheDir:<D:/C_Back/Go/Shop_service/inventory_service/log/nacos/cache>
2022-09-03T13:08:56.690+0800	[34mINFO[0m	clients/client_factory.go:47	logDir:<D:/C_Back/Go/Shop_service/inventory_service/log/nacos/log>   cacheDir:<D:/C_Back/Go/Shop_service/inventory_service/log/nacos/cache>
2022-09-03T13:10:29.484+0800	[34mINFO[0m	clients/client_factory.go:47	logDir:<D:/C_Back/Go/Shop_service/inventory_service/log/nacos/log>   cacheDir:<D:/C_Back/Go/Shop_service/inventory_service/log/nacos/cache>
2022-09-03T13:15:40.124+0800	[34mINFO[0m	clients/client_factory.go:47	logDir:<D:/C_Back/Go/Shop_service/inventory_service/log/nacos/log>   cacheDir:<D:/C_Back/Go/Shop_service/inventory_service/log/nacos/cache>
2022-09-03T13:25:22.116+0800	[34mINFO[0m	clients/client_factory.go:47	logDir:<D:/C_Back/Go/Shop_service/inventory_service/log/nacos/log>   cacheDir:<D:/C_Back/Go/Shop_service/inventory_service/log/nacos/cache>
2022-09-03T13:26:28.486+0800	[34mINFO[0m	clients/client_factory.go:47	logDir:<D:/C_Back/Go/Shop_service/inventory_service/log/nacos/log>   cacheDir:<D:/C_Back/Go/Shop_service/inventory_service/log/nacos/cache>
2022-09-03T13:29:18.775+0800	[34mINFO[0m	clients/client_factory.go:47	logDir:<D:/C_Back/Go/Shop_service/inventory_service/log/nacos/log>   cacheDir:<D:/C_Back/Go/Shop_service/inventory_service/log/nacos/cache>
2022-09-03T14:51:03.533+0800	[34mINFO[0m	clients/client_factory.go:47	logDir:<D:/C_Back/Go/Shop_service/inventory_service/log/nacos/log>   cacheDir:<D:/C_Back/Go/Shop_service/inventory_service/log/nacos/cache>
2022-09-03T14:51:45.243+0800	[34mINFO[0m	clients/client_factory.go:47	logDir:<D:/C_Back/Go/Shop_service/inventory_service/log/nacos/log>   cacheDir:<D:/C_Back/Go/Shop_service/inventory_service/log/nacos/cache>
2022-09-04T20:43:28.122+0800	[34mINFO[0m	clients/client_factory.go:47	logDir:<D:/C_Back/Go/Shop_service/inventory_service/log/nacos/log>   cacheDir:<D:/C_Back/Go/Shop_service/inventory_service/log/nacos/cache>
2022-09-04T20:43:38.727+0800	[34mINFO[0m	clients/client_factory.go:47	logDir:<D:/C_Back/Go/Shop_service/inventory_service/log/nacos/log>   cacheDir:<D:/C_Back/Go/Shop_service/inventory_service/log/nacos/cache>
2022-09-04T20:44:25.260+0800	[34mINFO[0m	clients/client_factory.go:47	logDir:<D:/C_Back/Go/Shop_service/inventory_service/log/nacos/log>   cacheDir:<D:/C_Back/Go/Shop_service/inventory_service/log/nacos/cache>
2022-09-04T20:45:17.163+0800	[34mINFO[0m	clients/client_factory.go:47	logDir:<D:/C_Back/Go/Shop_service/inventory_service/log/nacos/log>   cacheDir:<D:/C_Back/Go/Shop_service/inventory_service/log/nacos/cache>
2022-09-04T21:36:36.388+0800	[34mINFO[0m	clients/client_factory.go:47	logDir:<D:/C_Back/Go/Shop_service/inventory_service/log/nacos/log>   cacheDir:<D:/C_Back/Go/Shop_service/inventory_service/log/nacos/cache>
2022-09-04T21:47:18.612+0800	[34mINFO[0m	clients/client_factory.go:47	logDir:<D:/C_Back/Go/Shop_service/inventory_service/log/nacos/log>   cacheDir:<D:/C_Back/Go/Shop_service/inventory_service/log/nacos/cache>
2022-09-04T21:49:17.412+0800	[34mINFO[0m	clients/client_factory.go:47	logDir:<D:/C_Back/Go/Shop_service/inventory_service/log/nacos/log>   cacheDir:<D:/C_Back/Go/Shop_service/inventory_service/log/nacos/cache>
2022-09-04T21:53:47.168+0800	[34mINFO[0m	clients/client_factory.go:47	logDir:<D:/C_Back/Go/Shop_service/inventory_service/log/nacos/log>   cacheDir:<D:/C_Back/Go/Shop_service/inventory_service/log/nacos/cache>
2022-09-04T22:10:28.465+0800	[34mINFO[0m	clients/client_factory.go:47	logDir:<D:/C_Back/Go/Shop_service/inventory_service/log/nacos/log>   cacheDir:<D:/C_Back/Go/Shop_service/inventory_service/log/nacos/cache>
2022-09-04T22:11:40.759+0800	[34mINFO[0m	clients/client_factory.go:47	logDir:<D:/C_Back/Go/Shop_service/inventory_service/log/nacos/log>   cacheDir:<D:/C_Back/Go/Shop_service/inventory_service/log/nacos/cache>
2022-09-05T14:03:11.795+0800	[34mINFO[0m	clients/client_factory.go:47	logDir:<D:/C_Back/Go/Shop_service/inventory_service/log/nacos/log>   cacheDir:<D:/C_Back/Go/Shop_service/inventory_service/log/nacos/cache>
2022-09-06T12:37:55.592+0800	[34mINFO[0m	clients/client_factory.go:47	logDir:<D:/C_Back/Go/Shop_service/inventory_service/log/nacos/log>   cacheDir:<D:/C_Back/Go/Shop_service/inventory_service/log/nacos/cache>
2022-09-06T13:19:53.073+0800	[34mINFO[0m	clients/client_factory.go:47	logDir:<D:/C_Back/Go/Shop_service/inventory_service/log/nacos/log>   cacheDir:<D:/C_Back/Go/Shop_service/inventory_service/log/nacos/cache>
2022-09-11T17:30:37.262+0800	[34mINFO[0m	clients/client_factory.go:47	logDir:<D:/C_Back/Go/Shop_service/inventory_service/log/nacos/log>   cacheDir:<D:/C_Back/Go/Shop_service/inventory_service/log/nacos/cache>
2022-09-12T13:36:19.819+0800	[34mINFO[0m	clients/client_factory.go:47	logDir:<D:/C_Back/Go/Shop_service/inventory_service/log/nacos/log>   cacheDir:<D:/C_Back/Go/Shop_service/inventory_service/log/nacos/cache>
2022-09-12T13:43:22.256+0800	[34mINFO[0m	clients/client_factory.go:47	logDir:<D:/C_Back/Go/Shop_service/inventory_service/log/nacos/log>   cacheDir:<D:/C_Back/Go/Shop_service/inventory_service/log/nacos/cache>
2022-09-12T15:09:00.917+0800	[34mINFO[0m	clients/client_factory.go:47	logDir:<D:/C_Back/Go/Shop_service/userop_service/log/nacos/log>   cacheDir:<D:/C_Back/Go/Shop_service/userop_service/log/nacos/cache>
2022-09-12T16:00:35.807+0800	[34mINFO[0m	clients/client_factory.go:47	logDir:<D:/C_Back/Go/Shop_service/userop_service/log/nacos/log>   cacheDir:<D:/C_Back/Go/Shop_service/userop_service/log/nacos/cache>
2022-09-12T19:46:55.597+0800	[34mINFO[0m	clients/client_factory.go:47	logDir:<D:/C_Back/Go/Shop_service/userop_service/log/nacos/log>   cacheDir:<D:/C_Back/Go/Shop_service/userop_service/log/nacos/cache>
2022-09-12T20:21:50.369+0800	[34mINFO[0m	clients/client_factory.go:47	logDir:<D:/C_Back/Go/Shop_service/userop_service/log/nacos/log>   cacheDir:<D:/C_Back/Go/Shop_service/userop_service/log/nacos/cache>
2022-09-12T20:23:11.393+0800	[34mINFO[0m	clients/client_factory.go:47	logDir:<D:/C_Back/Go/Shop_service/userop_service/log/nacos/log>   cacheDir:<D:/C_Back/Go/Shop_service/userop_service/log/nacos/cache>
2022-09-13T12:37:30.021+0800	[34mINFO[0m	clients/client_factory.go:47	logDir:<D:/C_Back/Go/Shop_service/userop_service/log/nacos/log>   cacheDir:<D:/C_Back/Go/Shop_service/userop_service/log/nacos/cache>
2022-09-13T12:37:35.027+0800	[31mERROR[0m	nacos_server/nacos_server.go:194	api</v1/cs/configs>,method:<GET>, params:<{"dataId":"userop_service.json","group":"dev","tenant":"59d048d0-edd3-428c-afa2-62d06d6f9335"}>, call domain error:<Get "http://120.25.255.207:8848/nacos/v1/cs/configs?dataId=userop_service.json&group=dev&tenant=59d048d0-edd3-428c-afa2-62d06d6f9335": context deadline exceeded (Client.Timeout exceeded while awaiting headers)> , result:<>
2022-09-13T12:37:40.037+0800	[31mERROR[0m	nacos_server/nacos_server.go:194	api</v1/cs/configs>,method:<GET>, params:<{"dataId":"userop_service.json","group":"dev","tenant":"59d048d0-edd3-428c-afa2-62d06d6f9335"}>, call domain error:<Get "http://120.25.255.207:8848/nacos/v1/cs/configs?dataId=userop_service.json&group=dev&tenant=59d048d0-edd3-428c-afa2-62d06d6f9335": context deadline exceeded (Client.Timeout exceeded while awaiting headers)> , result:<>
2022-09-13T12:37:44.777+0800	[31mERROR[0m	nacos_server/nacos_server.go:194	api</v1/cs/configs>,method:<GET>, params:<{"dataId":"userop_service.json","group":"dev","tenant":"59d048d0-edd3-428c-afa2-62d06d6f9335"}>, call domain error:<Get "http://120.25.255.207:8848/nacos/v1/cs/configs?dataId=userop_service.json&group=dev&tenant=59d048d0-edd3-428c-afa2-62d06d6f9335": dial tcp 120.25.255.207:8848: connectex: An established connection was aborted by the software in your host machine.> , result:<>
2022-09-13T12:37:44.777+0800	[31mERROR[0m	config_client/config_client.go:202	get config from server error:Get "http://120.25.255.207:8848/nacos/v1/cs/configs?dataId=userop_service.json&group=dev&tenant=59d048d0-edd3-428c-afa2-62d06d6f9335": dial tcp 120.25.255.207:8848: connectex: An established connection was aborted by the software in your host machine. 
2022-09-13T12:38:02.485+0800	[34mINFO[0m	clients/client_factory.go:47	logDir:<D:/C_Back/Go/Shop_service/userop_service/log/nacos/log>   cacheDir:<D:/C_Back/Go/Shop_service/userop_service/log/nacos/cache>
2022-09-13T13:26:41.539+0800	[34mINFO[0m	clients/client_factory.go:47	logDir:<D:/C_Back/Go/Shop_service/userop_service/log/nacos/log>   cacheDir:<D:/C_Back/Go/Shop_service/userop_service/log/nacos/cache>
2022-09-13T13:31:09.621+0800	[34mINFO[0m	clients/client_factory.go:47	logDir:<D:/C_Back/Go/Shop_service/userop_service/log/nacos/log>   cacheDir:<D:/C_Back/Go/Shop_service/userop_service/log/nacos/cache>
2022-09-13T21:51:59.424+0800	[34mINFO[0m	clients/client_factory.go:47	logDir:<D:/C_Back/Go/Shop_service/userop_service/log/nacos/log>   cacheDir:<D:/C_Back/Go/Shop_service/userop_service/log/nacos/cache>
2022-09-13T21:58:07.855+0800	[34mINFO[0m	clients/client_factory.go:47	logDir:<D:/C_Back/Go/Shop_service/userop_service/log/nacos/log>   cacheDir:<D:/C_Back/Go/Shop_service/userop_service/log/nacos/cache>
2022-10-14T19:37:45.430+0800	[34mINFO[0m	clients/client_factory.go:47	logDir:<D:/C_Back/Go/Shop_service/userop_service/log/nacos/log>   cacheDir:<D:/C_Back/Go/Shop_service/userop_service/log/nacos/cache>
2022-10-14T19:37:57.550+0800	[34mINFO[0m	clients/client_factory.go:47	logDir:<D:/C_Back/Go/Shop_service/userop_service/log/nacos/log>   cacheDir:<D:/C_Back/Go/Shop_service/userop_service/log/nacos/cache>
2022-10-16T19:57:28.369+0800	[34mINFO[0m	clients/client_factory.go:47	logDir:<D:/C_Back/Go/Shop_service/userop_service/log/nacos/log>   cacheDir:<D:/C_Back/Go/Shop_service/userop_service/log/nacos/cache>
2022-10-16T20:18:59.471+0800	[34mINFO[0m	clients/client_factory.go:47	logDir:<D:/C_Back/Go/Shop_service/userop_service/log/nacos/log>   cacheDir:<D:/C_Back/Go/Shop_service/userop_service/log/nacos/cache>
