2022-09-02T14:17:46.759+0800	INFO	initialize/logger.go:26	日志初始化成功

2022/09/02 14:17:46 D:/GOMOD/pkg/mod/gorm.io/driver/mysql@v1.3.6/migrator.go:250
[18.695ms] [rows:-] SELECT DATABASE()

2022/09/02 14:17:47 D:/GOMOD/pkg/mod/gorm.io/driver/mysql@v1.3.6/migrator.go:253
[49.620ms] [rows:1] SELECT SCHEMA_NAME from Information_schema.SCHEMATA where SCHEMA_NAME LIKE 'mxshop_inventory_service%' ORDER BY SCHEMA_NAME='mxshop_inventory_service' DESC,SCHEMA_NAME limit 1

2022/09/02 14:17:47 D:/C_Back/Go/Shop_service/inventory_service/initialize/db.go:28
[40.589ms] [rows:-] SELECT count(*) FROM information_schema.tables WHERE table_schema = 'mxshop_inventory_service' AND table_name = 'inventory' AND table_type = 'BASE TABLE'

2022/09/02 14:17:47 D:/GOMOD/pkg/mod/gorm.io/driver/mysql@v1.3.6/migrator.go:250
[20.657ms] [rows:-] SELECT DATABASE()

2022/09/02 14:17:47 D:/GOMOD/pkg/mod/gorm.io/driver/mysql@v1.3.6/migrator.go:253
[39.566ms] [rows:1] SELECT SCHEMA_NAME from Information_schema.SCHEMATA where SCHEMA_NAME LIKE 'mxshop_inventory_service%' ORDER BY SCHEMA_NAME='mxshop_inventory_service' DESC,SCHEMA_NAME limit 1

2022/09/02 14:17:47 D:/GOMOD/pkg/mod/gorm.io/driver/mysql@v1.3.6/migrator.go:163
[20.344ms] [rows:-] SELECT * FROM `inventory` LIMIT 1

2022/09/02 14:17:47 D:/GOMOD/pkg/mod/gorm.io/driver/mysql@v1.3.6/migrator.go:181
[42.152ms] [rows:-] SELECT column_name, column_default, is_nullable = 'YES', data_type, character_maximum_length, column_type, column_key, extra, column_comment, numeric_precision, numeric_scale , datetime_precision FROM information_schema.columns WHERE table_schema = 'mxshop_inventory_service' AND table_name = 'inventory' ORDER BY ORDINAL_POSITION

2022/09/02 14:17:47 D:/GOMOD/pkg/mod/gorm.io/driver/mysql@v1.3.6/migrator.go:47
[43.687ms] [rows:0] ALTER TABLE `inventory` MODIFY COLUMN `is_deleted` boolean

2022/09/02 14:17:47 D:/GOMOD/pkg/mod/gorm.io/driver/mysql@v1.3.6/migrator.go:250
[19.776ms] [rows:-] SELECT DATABASE()

2022/09/02 14:17:47 D:/GOMOD/pkg/mod/gorm.io/driver/mysql@v1.3.6/migrator.go:253
[40.368ms] [rows:1] SELECT SCHEMA_NAME from Information_schema.SCHEMATA where SCHEMA_NAME LIKE 'mxshop_inventory_service%' ORDER BY SCHEMA_NAME='mxshop_inventory_service' DESC,SCHEMA_NAME limit 1

2022/09/02 14:17:47 D:/C_Back/Go/Shop_service/inventory_service/initialize/db.go:28
[39.371ms] [rows:-] SELECT count(*) FROM information_schema.statistics WHERE table_schema = 'mxshop_inventory_service' AND table_name = 'inventory' AND index_name = 'idx_inventory_goods'

2022/09/02 14:17:47 D:/GOMOD/pkg/mod/gorm.io/driver/mysql@v1.3.6/migrator.go:250
[19.442ms] [rows:-] SELECT DATABASE()

2022/09/02 14:17:47 D:/GOMOD/pkg/mod/gorm.io/driver/mysql@v1.3.6/migrator.go:253
[41.767ms] [rows:1] SELECT SCHEMA_NAME from Information_schema.SCHEMATA where SCHEMA_NAME LIKE 'mxshop_inventory_service%' ORDER BY SCHEMA_NAME='mxshop_inventory_service' DESC,SCHEMA_NAME limit 1

2022/09/02 14:17:47 D:/C_Back/Go/Shop_service/inventory_service/initialize/db.go:28
[41.876ms] [rows:-] SELECT count(*) FROM information_schema.tables WHERE table_schema = 'mxshop_inventory_service' AND table_name = 'inventory_histories' AND table_type = 'BASE TABLE'

2022/09/02 14:17:47 D:/C_Back/Go/Shop_service/inventory_service/initialize/db.go:28 Error 1064: You have an error in your SQL syntax; check the manual that corresponds to your MySQL server version for the right syntax to use near ')' at line 1
[20.172ms] [rows:0] CREATE TABLE `inventory_histories` ()
2022-09-02T14:17:47.461+0800	ERROR	initialize/db.go:30	global.DB.AutoMigrate	{"err": "Error 1064: You have an error in your SQL syntax; check the manual that corresponds to your MySQL server version for the right syntax to use near ')' at line 1"}
2022-09-02T14:20:11.446+0800	INFO	initialize/logger.go:26	日志初始化成功

2022/09/02 14:20:11 D:/GOMOD/pkg/mod/gorm.io/driver/mysql@v1.3.6/migrator.go:250
[19.142ms] [rows:-] SELECT DATABASE()

2022/09/02 14:20:11 D:/GOMOD/pkg/mod/gorm.io/driver/mysql@v1.3.6/migrator.go:253
[39.669ms] [rows:1] SELECT SCHEMA_NAME from Information_schema.SCHEMATA where SCHEMA_NAME LIKE 'mxshop_inventory_service%' ORDER BY SCHEMA_NAME='mxshop_inventory_service' DESC,SCHEMA_NAME limit 1

2022/09/02 14:20:11 D:/C_Back/Go/Shop_service/inventory_service/initialize/db.go:28
[39.488ms] [rows:-] SELECT count(*) FROM information_schema.tables WHERE table_schema = 'mxshop_inventory_service' AND table_name = 'inventory' AND table_type = 'BASE TABLE'

2022/09/02 14:20:11 D:/GOMOD/pkg/mod/gorm.io/driver/mysql@v1.3.6/migrator.go:250
[19.747ms] [rows:-] SELECT DATABASE()

2022/09/02 14:20:11 D:/GOMOD/pkg/mod/gorm.io/driver/mysql@v1.3.6/migrator.go:253
[39.266ms] [rows:1] SELECT SCHEMA_NAME from Information_schema.SCHEMATA where SCHEMA_NAME LIKE 'mxshop_inventory_service%' ORDER BY SCHEMA_NAME='mxshop_inventory_service' DESC,SCHEMA_NAME limit 1

2022/09/02 14:20:11 D:/GOMOD/pkg/mod/gorm.io/driver/mysql@v1.3.6/migrator.go:163
[20.484ms] [rows:-] SELECT * FROM `inventory` LIMIT 1

2022/09/02 14:20:11 D:/GOMOD/pkg/mod/gorm.io/driver/mysql@v1.3.6/migrator.go:181
[39.416ms] [rows:-] SELECT column_name, column_default, is_nullable = 'YES', data_type, character_maximum_length, column_type, column_key, extra, column_comment, numeric_precision, numeric_scale , datetime_precision FROM information_schema.columns WHERE table_schema = 'mxshop_inventory_service' AND table_name = 'inventory' ORDER BY ORDINAL_POSITION

2022/09/02 14:20:11 D:/GOMOD/pkg/mod/gorm.io/driver/mysql@v1.3.6/migrator.go:47
[24.664ms] [rows:0] ALTER TABLE `inventory` MODIFY COLUMN `is_deleted` boolean

2022/09/02 14:20:11 D:/GOMOD/pkg/mod/gorm.io/driver/mysql@v1.3.6/migrator.go:250
[19.324ms] [rows:-] SELECT DATABASE()

2022/09/02 14:20:11 D:/GOMOD/pkg/mod/gorm.io/driver/mysql@v1.3.6/migrator.go:253
[48.990ms] [rows:1] SELECT SCHEMA_NAME from Information_schema.SCHEMATA where SCHEMA_NAME LIKE 'mxshop_inventory_service%' ORDER BY SCHEMA_NAME='mxshop_inventory_service' DESC,SCHEMA_NAME limit 1

2022/09/02 14:20:11 D:/C_Back/Go/Shop_service/inventory_service/initialize/db.go:28
[39.535ms] [rows:-] SELECT count(*) FROM information_schema.statistics WHERE table_schema = 'mxshop_inventory_service' AND table_name = 'inventory' AND index_name = 'idx_inventory_goods'
2022-09-02T14:20:11.921+0800	INFO	initialize/db.go:33	数据库连接成功
2022-09-02T14:20:34.301+0800	INFO	initialize/logger.go:26	日志初始化成功

2022/09/02 14:20:34 D:/GOMOD/pkg/mod/gorm.io/driver/mysql@v1.3.6/migrator.go:250
[22.599ms] [rows:-] SELECT DATABASE()

2022/09/02 14:20:34 D:/GOMOD/pkg/mod/gorm.io/driver/mysql@v1.3.6/migrator.go:253
[41.240ms] [rows:1] SELECT SCHEMA_NAME from Information_schema.SCHEMATA where SCHEMA_NAME LIKE 'mxshop_inventory_service%' ORDER BY SCHEMA_NAME='mxshop_inventory_service' DESC,SCHEMA_NAME limit 1

2022/09/02 14:20:34 D:/C_Back/Go/Shop_service/inventory_service/initialize/db.go:28
[40.117ms] [rows:-] SELECT count(*) FROM information_schema.tables WHERE table_schema = 'mxshop_inventory_service' AND table_name = 'inventory' AND table_type = 'BASE TABLE'

2022/09/02 14:20:34 D:/GOMOD/pkg/mod/gorm.io/driver/mysql@v1.3.6/migrator.go:250
[19.885ms] [rows:-] SELECT DATABASE()

2022/09/02 14:20:34 D:/GOMOD/pkg/mod/gorm.io/driver/mysql@v1.3.6/migrator.go:253
[41.240ms] [rows:1] SELECT SCHEMA_NAME from Information_schema.SCHEMATA where SCHEMA_NAME LIKE 'mxshop_inventory_service%' ORDER BY SCHEMA_NAME='mxshop_inventory_service' DESC,SCHEMA_NAME limit 1

2022/09/02 14:20:34 D:/GOMOD/pkg/mod/gorm.io/driver/mysql@v1.3.6/migrator.go:163
[20.041ms] [rows:-] SELECT * FROM `inventory` LIMIT 1

2022/09/02 14:20:34 D:/GOMOD/pkg/mod/gorm.io/driver/mysql@v1.3.6/migrator.go:181
[40.560ms] [rows:-] SELECT column_name, column_default, is_nullable = 'YES', data_type, character_maximum_length, column_type, column_key, extra, column_comment, numeric_precision, numeric_scale , datetime_precision FROM information_schema.columns WHERE table_schema = 'mxshop_inventory_service' AND table_name = 'inventory' ORDER BY ORDINAL_POSITION

2022/09/02 14:20:34 D:/GOMOD/pkg/mod/gorm.io/driver/mysql@v1.3.6/migrator.go:47
[26.694ms] [rows:0] ALTER TABLE `inventory` MODIFY COLUMN `is_deleted` boolean

2022/09/02 14:20:34 D:/GOMOD/pkg/mod/gorm.io/driver/mysql@v1.3.6/migrator.go:250
[19.874ms] [rows:-] SELECT DATABASE()

2022/09/02 14:20:34 D:/GOMOD/pkg/mod/gorm.io/driver/mysql@v1.3.6/migrator.go:253
[39.711ms] [rows:1] SELECT SCHEMA_NAME from Information_schema.SCHEMATA where SCHEMA_NAME LIKE 'mxshop_inventory_service%' ORDER BY SCHEMA_NAME='mxshop_inventory_service' DESC,SCHEMA_NAME limit 1

2022/09/02 14:20:34 D:/C_Back/Go/Shop_service/inventory_service/initialize/db.go:28
[40.791ms] [rows:-] SELECT count(*) FROM information_schema.statistics WHERE table_schema = 'mxshop_inventory_service' AND table_name = 'inventory' AND index_name = 'idx_inventory_goods'
2022-09-02T14:20:34.787+0800	INFO	initialize/db.go:33	数据库连接成功
2022-09-02T14:20:34.787+0800	WARN	inventory_service/main.go:22	debug本地调试模式
2022-09-02T14:20:34.788+0800	INFO	mode/debug.go:19	服务启动成功 端口 127.0.0.1:8000
2022-09-02T14:25:26.563+0800	INFO	initialize/logger.go:26	日志初始化成功

2022/09/02 14:25:26 D:/GOMOD/pkg/mod/gorm.io/driver/mysql@v1.3.6/migrator.go:250
[19.135ms] [rows:-] SELECT DATABASE()

2022/09/02 14:25:26 D:/GOMOD/pkg/mod/gorm.io/driver/mysql@v1.3.6/migrator.go:253
[39.923ms] [rows:1] SELECT SCHEMA_NAME from Information_schema.SCHEMATA where SCHEMA_NAME LIKE 'mxshop_inventory_service%' ORDER BY SCHEMA_NAME='mxshop_inventory_service' DESC,SCHEMA_NAME limit 1

2022/09/02 14:25:26 D:/C_Back/Go/Shop_service/inventory_service/initialize/db.go:28
[39.385ms] [rows:-] SELECT count(*) FROM information_schema.tables WHERE table_schema = 'mxshop_inventory_service' AND table_name = 'inventory' AND table_type = 'BASE TABLE'

2022/09/02 14:25:26 D:/GOMOD/pkg/mod/gorm.io/driver/mysql@v1.3.6/migrator.go:250
[19.170ms] [rows:-] SELECT DATABASE()

2022/09/02 14:25:26 D:/GOMOD/pkg/mod/gorm.io/driver/mysql@v1.3.6/migrator.go:253
[40.052ms] [rows:1] SELECT SCHEMA_NAME from Information_schema.SCHEMATA where SCHEMA_NAME LIKE 'mxshop_inventory_service%' ORDER BY SCHEMA_NAME='mxshop_inventory_service' DESC,SCHEMA_NAME limit 1

2022/09/02 14:25:26 D:/GOMOD/pkg/mod/gorm.io/driver/mysql@v1.3.6/migrator.go:163
[19.681ms] [rows:-] SELECT * FROM `inventory` LIMIT 1

2022/09/02 14:25:26 D:/GOMOD/pkg/mod/gorm.io/driver/mysql@v1.3.6/migrator.go:181
[39.833ms] [rows:-] SELECT column_name, column_default, is_nullable = 'YES', data_type, character_maximum_length, column_type, column_key, extra, column_comment, numeric_precision, numeric_scale , datetime_precision FROM information_schema.columns WHERE table_schema = 'mxshop_inventory_service' AND table_name = 'inventory' ORDER BY ORDINAL_POSITION

2022/09/02 14:25:26 D:/GOMOD/pkg/mod/gorm.io/driver/mysql@v1.3.6/migrator.go:47
[28.078ms] [rows:0] ALTER TABLE `inventory` MODIFY COLUMN `is_deleted` boolean

2022/09/02 14:25:26 D:/GOMOD/pkg/mod/gorm.io/driver/mysql@v1.3.6/migrator.go:250
[21.003ms] [rows:-] SELECT DATABASE()

2022/09/02 14:25:26 D:/GOMOD/pkg/mod/gorm.io/driver/mysql@v1.3.6/migrator.go:253
[39.657ms] [rows:1] SELECT SCHEMA_NAME from Information_schema.SCHEMATA where SCHEMA_NAME LIKE 'mxshop_inventory_service%' ORDER BY SCHEMA_NAME='mxshop_inventory_service' DESC,SCHEMA_NAME limit 1

2022/09/02 14:25:27 D:/C_Back/Go/Shop_service/inventory_service/initialize/db.go:28
[39.084ms] [rows:-] SELECT count(*) FROM information_schema.statistics WHERE table_schema = 'mxshop_inventory_service' AND table_name = 'inventory' AND index_name = 'idx_inventory_goods'
2022-09-02T14:25:27.033+0800	INFO	initialize/db.go:33	数据库连接成功
2022-09-02T14:25:27.033+0800	WARN	inventory_service/main.go:22	debug本地调试模式
2022-09-02T14:25:27.033+0800	INFO	mode/debug.go:19	服务启动成功 端口 127.0.0.1:8000

2022/09/02 14:25:34 D:/C_Back/Go/Shop_service/inventory_service/handler/inventory.go:20 record not found
[38.727ms] [rows:0] SELECT * FROM `inventory` WHERE `inventory`.`id` = 421 ORDER BY `inventory`.`id` LIMIT 1
2022-09-02T14:25:34.352+0800	ERROR	handler/inventory.go:22	global.DB.First(&inventory, request.GoodsId)	{"err": "record not found"}
2022-09-02T14:28:07.586+0800	INFO	initialize/logger.go:26	日志初始化成功

2022/09/02 14:28:07 D:/GOMOD/pkg/mod/gorm.io/driver/mysql@v1.3.6/migrator.go:250
[20.726ms] [rows:-] SELECT DATABASE()

2022/09/02 14:28:07 D:/GOMOD/pkg/mod/gorm.io/driver/mysql@v1.3.6/migrator.go:253
[37.749ms] [rows:1] SELECT SCHEMA_NAME from Information_schema.SCHEMATA where SCHEMA_NAME LIKE 'mxshop_inventory_service%' ORDER BY SCHEMA_NAME='mxshop_inventory_service' DESC,SCHEMA_NAME limit 1

2022/09/02 14:28:07 D:/C_Back/Go/Shop_service/inventory_service/initialize/db.go:28
[38.195ms] [rows:-] SELECT count(*) FROM information_schema.tables WHERE table_schema = 'mxshop_inventory_service' AND table_name = 'inventory' AND table_type = 'BASE TABLE'

2022/09/02 14:28:07 D:/GOMOD/pkg/mod/gorm.io/driver/mysql@v1.3.6/migrator.go:250
[19.933ms] [rows:-] SELECT DATABASE()

2022/09/02 14:28:07 D:/GOMOD/pkg/mod/gorm.io/driver/mysql@v1.3.6/migrator.go:253
[43.640ms] [rows:1] SELECT SCHEMA_NAME from Information_schema.SCHEMATA where SCHEMA_NAME LIKE 'mxshop_inventory_service%' ORDER BY SCHEMA_NAME='mxshop_inventory_service' DESC,SCHEMA_NAME limit 1

2022/09/02 14:28:07 D:/GOMOD/pkg/mod/gorm.io/driver/mysql@v1.3.6/migrator.go:163
[20.071ms] [rows:-] SELECT * FROM `inventory` LIMIT 1

2022/09/02 14:28:07 D:/GOMOD/pkg/mod/gorm.io/driver/mysql@v1.3.6/migrator.go:181
[38.772ms] [rows:-] SELECT column_name, column_default, is_nullable = 'YES', data_type, character_maximum_length, column_type, column_key, extra, column_comment, numeric_precision, numeric_scale , datetime_precision FROM information_schema.columns WHERE table_schema = 'mxshop_inventory_service' AND table_name = 'inventory' ORDER BY ORDINAL_POSITION

2022/09/02 14:28:07 D:/GOMOD/pkg/mod/gorm.io/driver/mysql@v1.3.6/migrator.go:47
[28.234ms] [rows:0] ALTER TABLE `inventory` MODIFY COLUMN `is_deleted` boolean

2022/09/02 14:28:07 D:/GOMOD/pkg/mod/gorm.io/driver/mysql@v1.3.6/migrator.go:250
[18.785ms] [rows:-] SELECT DATABASE()

2022/09/02 14:28:08 D:/GOMOD/pkg/mod/gorm.io/driver/mysql@v1.3.6/migrator.go:253
[40.424ms] [rows:1] SELECT SCHEMA_NAME from Information_schema.SCHEMATA where SCHEMA_NAME LIKE 'mxshop_inventory_service%' ORDER BY SCHEMA_NAME='mxshop_inventory_service' DESC,SCHEMA_NAME limit 1

2022/09/02 14:28:08 D:/C_Back/Go/Shop_service/inventory_service/initialize/db.go:28
[37.658ms] [rows:-] SELECT count(*) FROM information_schema.statistics WHERE table_schema = 'mxshop_inventory_service' AND table_name = 'inventory' AND index_name = 'idx_inventory_goods'
2022-09-02T14:28:08.051+0800	INFO	initialize/db.go:33	数据库连接成功
2022-09-02T14:28:08.051+0800	WARN	inventory_service/main.go:22	debug本地调试模式
2022-09-02T14:28:08.052+0800	INFO	mode/debug.go:19	服务启动成功 端口 127.0.0.1:8000

2022/09/02 14:28:12 D:/C_Back/Go/Shop_service/inventory_service/handler/inventory.go:20 record not found
[39.545ms] [rows:0] SELECT * FROM `inventory` WHERE `inventory`.`goods` = 421 ORDER BY `inventory`.`id` LIMIT 1

2022/09/02 14:28:12 D:/C_Back/Go/Shop_service/inventory_service/handler/inventory.go:23
[89.011ms] [rows:1] INSERT INTO `inventory` (`add_time`,`update_time`,`delete_at`,`is_deleted`,`goods`,`stocks`,`version`) VALUES ('2022-09-02 14:28:12.514','0000-00-00 00:00:00','0000-00-00 00:00:00',false,421,100,0)

2022/09/02 14:29:33 D:/C_Back/Go/Shop_service/inventory_service/handler/inventory.go:31 record not found
[39.981ms] [rows:0] SELECT * FROM `inventory` WHERE `inventory`.`id` = 421 ORDER BY `inventory`.`id` LIMIT 1
2022-09-02T14:29:33.539+0800	ERROR	handler/inventory.go:33	global.DB.First result = 0	{"err": "商品不存在"}
2022-09-02T14:30:48.717+0800	INFO	initialize/logger.go:26	日志初始化成功

2022/09/02 14:30:48 D:/GOMOD/pkg/mod/gorm.io/driver/mysql@v1.3.6/migrator.go:250
[19.020ms] [rows:-] SELECT DATABASE()

2022/09/02 14:30:48 D:/GOMOD/pkg/mod/gorm.io/driver/mysql@v1.3.6/migrator.go:253
[37.904ms] [rows:1] SELECT SCHEMA_NAME from Information_schema.SCHEMATA where SCHEMA_NAME LIKE 'mxshop_inventory_service%' ORDER BY SCHEMA_NAME='mxshop_inventory_service' DESC,SCHEMA_NAME limit 1

2022/09/02 14:30:48 D:/C_Back/Go/Shop_service/inventory_service/initialize/db.go:28
[37.563ms] [rows:-] SELECT count(*) FROM information_schema.tables WHERE table_schema = 'mxshop_inventory_service' AND table_name = 'inventory' AND table_type = 'BASE TABLE'

2022/09/02 14:30:48 D:/GOMOD/pkg/mod/gorm.io/driver/mysql@v1.3.6/migrator.go:250
[18.395ms] [rows:-] SELECT DATABASE()

2022/09/02 14:30:48 D:/GOMOD/pkg/mod/gorm.io/driver/mysql@v1.3.6/migrator.go:253
[38.389ms] [rows:1] SELECT SCHEMA_NAME from Information_schema.SCHEMATA where SCHEMA_NAME LIKE 'mxshop_inventory_service%' ORDER BY SCHEMA_NAME='mxshop_inventory_service' DESC,SCHEMA_NAME limit 1

2022/09/02 14:30:49 D:/GOMOD/pkg/mod/gorm.io/driver/mysql@v1.3.6/migrator.go:163
[20.453ms] [rows:-] SELECT * FROM `inventory` LIMIT 1

2022/09/02 14:30:49 D:/GOMOD/pkg/mod/gorm.io/driver/mysql@v1.3.6/migrator.go:181
[40.472ms] [rows:-] SELECT column_name, column_default, is_nullable = 'YES', data_type, character_maximum_length, column_type, column_key, extra, column_comment, numeric_precision, numeric_scale , datetime_precision FROM information_schema.columns WHERE table_schema = 'mxshop_inventory_service' AND table_name = 'inventory' ORDER BY ORDINAL_POSITION

2022/09/02 14:30:49 D:/GOMOD/pkg/mod/gorm.io/driver/mysql@v1.3.6/migrator.go:47
[31.754ms] [rows:0] ALTER TABLE `inventory` MODIFY COLUMN `is_deleted` boolean

2022/09/02 14:30:49 D:/GOMOD/pkg/mod/gorm.io/driver/mysql@v1.3.6/migrator.go:250
[18.576ms] [rows:-] SELECT DATABASE()

2022/09/02 14:30:49 D:/GOMOD/pkg/mod/gorm.io/driver/mysql@v1.3.6/migrator.go:253
[44.421ms] [rows:1] SELECT SCHEMA_NAME from Information_schema.SCHEMATA where SCHEMA_NAME LIKE 'mxshop_inventory_service%' ORDER BY SCHEMA_NAME='mxshop_inventory_service' DESC,SCHEMA_NAME limit 1

2022/09/02 14:30:49 D:/C_Back/Go/Shop_service/inventory_service/initialize/db.go:28
[44.658ms] [rows:-] SELECT count(*) FROM information_schema.statistics WHERE table_schema = 'mxshop_inventory_service' AND table_name = 'inventory' AND index_name = 'idx_inventory_goods'
2022-09-02T14:30:49.192+0800	INFO	initialize/db.go:33	数据库连接成功
2022-09-02T14:30:49.193+0800	WARN	inventory_service/main.go:22	debug本地调试模式
2022-09-02T14:30:49.193+0800	INFO	mode/debug.go:19	服务启动成功 端口 127.0.0.1:8000
2022-09-02T14:30:52.482+0800	ERROR	handler/inventory.go:35	global.DB.First result = 0	{"err": "商品不存在"}
2022-09-02T14:31:14.965+0800	INFO	initialize/logger.go:26	日志初始化成功

2022/09/02 14:31:15 D:/GOMOD/pkg/mod/gorm.io/driver/mysql@v1.3.6/migrator.go:250
[20.015ms] [rows:-] SELECT DATABASE()

2022/09/02 14:31:15 D:/GOMOD/pkg/mod/gorm.io/driver/mysql@v1.3.6/migrator.go:253
[41.400ms] [rows:1] SELECT SCHEMA_NAME from Information_schema.SCHEMATA where SCHEMA_NAME LIKE 'mxshop_inventory_service%' ORDER BY SCHEMA_NAME='mxshop_inventory_service' DESC,SCHEMA_NAME limit 1

2022/09/02 14:31:15 D:/C_Back/Go/Shop_service/inventory_service/initialize/db.go:28
[45.580ms] [rows:-] SELECT count(*) FROM information_schema.tables WHERE table_schema = 'mxshop_inventory_service' AND table_name = 'inventory' AND table_type = 'BASE TABLE'

2022/09/02 14:31:15 D:/GOMOD/pkg/mod/gorm.io/driver/mysql@v1.3.6/migrator.go:250
[25.593ms] [rows:-] SELECT DATABASE()

2022/09/02 14:31:15 D:/GOMOD/pkg/mod/gorm.io/driver/mysql@v1.3.6/migrator.go:253
[40.668ms] [rows:1] SELECT SCHEMA_NAME from Information_schema.SCHEMATA where SCHEMA_NAME LIKE 'mxshop_inventory_service%' ORDER BY SCHEMA_NAME='mxshop_inventory_service' DESC,SCHEMA_NAME limit 1

2022/09/02 14:31:15 D:/GOMOD/pkg/mod/gorm.io/driver/mysql@v1.3.6/migrator.go:163
[18.987ms] [rows:-] SELECT * FROM `inventory` LIMIT 1

2022/09/02 14:31:15 D:/GOMOD/pkg/mod/gorm.io/driver/mysql@v1.3.6/migrator.go:181
[40.743ms] [rows:-] SELECT column_name, column_default, is_nullable = 'YES', data_type, character_maximum_length, column_type, column_key, extra, column_comment, numeric_precision, numeric_scale , datetime_precision FROM information_schema.columns WHERE table_schema = 'mxshop_inventory_service' AND table_name = 'inventory' ORDER BY ORDINAL_POSITION

2022/09/02 14:31:15 D:/GOMOD/pkg/mod/gorm.io/driver/mysql@v1.3.6/migrator.go:47
[27.614ms] [rows:0] ALTER TABLE `inventory` MODIFY COLUMN `is_deleted` boolean

2022/09/02 14:31:15 D:/GOMOD/pkg/mod/gorm.io/driver/mysql@v1.3.6/migrator.go:250
[19.221ms] [rows:-] SELECT DATABASE()

2022/09/02 14:31:15 D:/GOMOD/pkg/mod/gorm.io/driver/mysql@v1.3.6/migrator.go:253
[40.661ms] [rows:1] SELECT SCHEMA_NAME from Information_schema.SCHEMATA where SCHEMA_NAME LIKE 'mxshop_inventory_service%' ORDER BY SCHEMA_NAME='mxshop_inventory_service' DESC,SCHEMA_NAME limit 1

2022/09/02 14:31:15 D:/C_Back/Go/Shop_service/inventory_service/initialize/db.go:28
[39.882ms] [rows:-] SELECT count(*) FROM information_schema.statistics WHERE table_schema = 'mxshop_inventory_service' AND table_name = 'inventory' AND index_name = 'idx_inventory_goods'
2022-09-02T14:31:15.457+0800	INFO	initialize/db.go:33	数据库连接成功
2022-09-02T14:31:15.457+0800	WARN	inventory_service/main.go:22	debug本地调试模式
2022-09-02T14:31:15.457+0800	INFO	mode/debug.go:19	服务启动成功 端口 127.0.0.1:8000

2022/09/02 14:31:34 D:/C_Back/Go/Shop_service/inventory_service/handler/inventory.go:33
[43.621ms] [rows:1] SELECT * FROM `inventory` WHERE `inventory`.`goods` = 421 ORDER BY `inventory`.`id` LIMIT 1

2022/09/02 14:35:08 D:/C_Back/Go/Shop_service/inventory_service/handler/inventory.go:51 record not found
[127.507ms] [rows:0] SELECT * FROM `inventory` WHERE `inventory`.`id` = 421 ORDER BY `inventory`.`id` LIMIT 1
2022-09-02T14:36:17.231+0800	INFO	initialize/logger.go:26	日志初始化成功

2022/09/02 14:36:17 D:/GOMOD/pkg/mod/gorm.io/driver/mysql@v1.3.6/migrator.go:250
[18.604ms] [rows:-] SELECT DATABASE()

2022/09/02 14:36:17 D:/GOMOD/pkg/mod/gorm.io/driver/mysql@v1.3.6/migrator.go:253
[39.209ms] [rows:1] SELECT SCHEMA_NAME from Information_schema.SCHEMATA where SCHEMA_NAME LIKE 'mxshop_inventory_service%' ORDER BY SCHEMA_NAME='mxshop_inventory_service' DESC,SCHEMA_NAME limit 1

2022/09/02 14:36:17 D:/C_Back/Go/Shop_service/inventory_service/initialize/db.go:28
[38.470ms] [rows:-] SELECT count(*) FROM information_schema.tables WHERE table_schema = 'mxshop_inventory_service' AND table_name = 'inventory' AND table_type = 'BASE TABLE'

2022/09/02 14:36:17 D:/GOMOD/pkg/mod/gorm.io/driver/mysql@v1.3.6/migrator.go:250
[19.548ms] [rows:-] SELECT DATABASE()

2022/09/02 14:36:17 D:/GOMOD/pkg/mod/gorm.io/driver/mysql@v1.3.6/migrator.go:253
[40.578ms] [rows:1] SELECT SCHEMA_NAME from Information_schema.SCHEMATA where SCHEMA_NAME LIKE 'mxshop_inventory_service%' ORDER BY SCHEMA_NAME='mxshop_inventory_service' DESC,SCHEMA_NAME limit 1

2022/09/02 14:36:17 D:/GOMOD/pkg/mod/gorm.io/driver/mysql@v1.3.6/migrator.go:163
[18.549ms] [rows:-] SELECT * FROM `inventory` LIMIT 1

2022/09/02 14:36:17 D:/GOMOD/pkg/mod/gorm.io/driver/mysql@v1.3.6/migrator.go:181
[40.275ms] [rows:-] SELECT column_name, column_default, is_nullable = 'YES', data_type, character_maximum_length, column_type, column_key, extra, column_comment, numeric_precision, numeric_scale , datetime_precision FROM information_schema.columns WHERE table_schema = 'mxshop_inventory_service' AND table_name = 'inventory' ORDER BY ORDINAL_POSITION

2022/09/02 14:36:17 D:/GOMOD/pkg/mod/gorm.io/driver/mysql@v1.3.6/migrator.go:47
[29.203ms] [rows:0] ALTER TABLE `inventory` MODIFY COLUMN `is_deleted` boolean

2022/09/02 14:36:17 D:/GOMOD/pkg/mod/gorm.io/driver/mysql@v1.3.6/migrator.go:250
[19.006ms] [rows:-] SELECT DATABASE()

2022/09/02 14:36:17 D:/GOMOD/pkg/mod/gorm.io/driver/mysql@v1.3.6/migrator.go:253
[38.812ms] [rows:1] SELECT SCHEMA_NAME from Information_schema.SCHEMATA where SCHEMA_NAME LIKE 'mxshop_inventory_service%' ORDER BY SCHEMA_NAME='mxshop_inventory_service' DESC,SCHEMA_NAME limit 1

2022/09/02 14:36:17 D:/C_Back/Go/Shop_service/inventory_service/initialize/db.go:28
[38.498ms] [rows:-] SELECT count(*) FROM information_schema.statistics WHERE table_schema = 'mxshop_inventory_service' AND table_name = 'inventory' AND index_name = 'idx_inventory_goods'
2022-09-02T14:36:17.696+0800	INFO	initialize/db.go:33	数据库连接成功
2022-09-02T14:36:17.697+0800	WARN	inventory_service/main.go:22	debug本地调试模式
2022-09-02T14:36:17.697+0800	INFO	mode/debug.go:19	服务启动成功 端口 127.0.0.1:8000

2022/09/02 14:36:21 D:/C_Back/Go/Shop_service/inventory_service/handler/inventory.go:53
[132.399ms] [rows:1] SELECT * FROM `inventory` WHERE `inventory`.`goods` = 421 ORDER BY `inventory`.`id` LIMIT 1

2022/09/02 14:36:21 D:/C_Back/Go/Shop_service/inventory_service/handler/inventory.go:63
[42.582ms] [rows:1] UPDATE `inventory` SET `add_time`='2022-09-02 14:28:12.514',`update_time`='0000-00-00 00:00:00',`delete_at`='0000-00-00 00:00:00',`is_deleted`=false,`goods`=421,`stocks`=90,`version`=0 WHERE `id` = 1
2022-09-02T14:38:41.069+0800	INFO	initialize/logger.go:26	日志初始化成功

2022/09/02 14:38:41 D:/GOMOD/pkg/mod/gorm.io/driver/mysql@v1.3.6/migrator.go:250
[19.634ms] [rows:-] SELECT DATABASE()

2022/09/02 14:38:41 D:/GOMOD/pkg/mod/gorm.io/driver/mysql@v1.3.6/migrator.go:253
[39.894ms] [rows:1] SELECT SCHEMA_NAME from Information_schema.SCHEMATA where SCHEMA_NAME LIKE 'mxshop_inventory_service%' ORDER BY SCHEMA_NAME='mxshop_inventory_service' DESC,SCHEMA_NAME limit 1

2022/09/02 14:38:41 D:/C_Back/Go/Shop_service/inventory_service/initialize/db.go:28
[42.380ms] [rows:-] SELECT count(*) FROM information_schema.tables WHERE table_schema = 'mxshop_inventory_service' AND table_name = 'inventory' AND table_type = 'BASE TABLE'

2022/09/02 14:38:41 D:/GOMOD/pkg/mod/gorm.io/driver/mysql@v1.3.6/migrator.go:250
[19.875ms] [rows:-] SELECT DATABASE()

2022/09/02 14:38:41 D:/GOMOD/pkg/mod/gorm.io/driver/mysql@v1.3.6/migrator.go:253
[40.064ms] [rows:1] SELECT SCHEMA_NAME from Information_schema.SCHEMATA where SCHEMA_NAME LIKE 'mxshop_inventory_service%' ORDER BY SCHEMA_NAME='mxshop_inventory_service' DESC,SCHEMA_NAME limit 1

2022/09/02 14:38:41 D:/GOMOD/pkg/mod/gorm.io/driver/mysql@v1.3.6/migrator.go:163
[20.534ms] [rows:-] SELECT * FROM `inventory` LIMIT 1

2022/09/02 14:38:41 D:/GOMOD/pkg/mod/gorm.io/driver/mysql@v1.3.6/migrator.go:181
[40.063ms] [rows:-] SELECT column_name, column_default, is_nullable = 'YES', data_type, character_maximum_length, column_type, column_key, extra, column_comment, numeric_precision, numeric_scale , datetime_precision FROM information_schema.columns WHERE table_schema = 'mxshop_inventory_service' AND table_name = 'inventory' ORDER BY ORDINAL_POSITION

2022/09/02 14:38:41 D:/GOMOD/pkg/mod/gorm.io/driver/mysql@v1.3.6/migrator.go:47
[26.632ms] [rows:0] ALTER TABLE `inventory` MODIFY COLUMN `is_deleted` boolean

2022/09/02 14:38:41 D:/GOMOD/pkg/mod/gorm.io/driver/mysql@v1.3.6/migrator.go:250
[19.542ms] [rows:-] SELECT DATABASE()

2022/09/02 14:38:41 D:/GOMOD/pkg/mod/gorm.io/driver/mysql@v1.3.6/migrator.go:253
[39.129ms] [rows:1] SELECT SCHEMA_NAME from Information_schema.SCHEMATA where SCHEMA_NAME LIKE 'mxshop_inventory_service%' ORDER BY SCHEMA_NAME='mxshop_inventory_service' DESC,SCHEMA_NAME limit 1

2022/09/02 14:38:41 D:/C_Back/Go/Shop_service/inventory_service/initialize/db.go:28
[38.581ms] [rows:-] SELECT count(*) FROM information_schema.statistics WHERE table_schema = 'mxshop_inventory_service' AND table_name = 'inventory' AND index_name = 'idx_inventory_goods'
2022-09-02T14:38:41.549+0800	INFO	initialize/db.go:33	数据库连接成功
2022-09-02T14:38:41.550+0800	WARN	inventory_service/main.go:22	debug本地调试模式
2022-09-02T14:38:41.550+0800	INFO	mode/debug.go:19	服务启动成功 端口 127.0.0.1:8000

2022/09/02 14:38:56 D:/C_Back/Go/Shop_service/inventory_service/handler/inventory.go:82
[40.205ms] [rows:1] SELECT * FROM `inventory` WHERE `inventory`.`goods` = 421 ORDER BY `inventory`.`id` LIMIT 1

2022/09/02 14:38:56 D:/C_Back/Go/Shop_service/inventory_service/handler/inventory.go:88
[92.407ms] [rows:1] UPDATE `inventory` SET `add_time`='2022-09-02 14:28:12.514',`update_time`='0000-00-00 00:00:00',`delete_at`='0000-00-00 00:00:00',`is_deleted`=false,`goods`=421,`stocks`=100,`version`=0 WHERE `id` = 1
