2022-09-13T12:37:44.783+0800	INFO	initialize/logger.go:26	日志初始化成功

2022/09/13 12:37:44 D:/C_Back/Go/Shop_service/userop_service/initialize/db.go:25
[error] failed to initialize database, got error dial tcp 120.25.255.207:3306: connectex: A socket operation was attempted to an unreachable network.

2022/09/13 12:37:44 D:/GOMOD/pkg/mod/gorm.io/driver/mysql@v1.3.6/migrator.go:250
[1.001ms] [rows:-] SELECT DATABASE()

2022/09/13 12:37:44 D:/GOMOD/pkg/mod/gorm.io/driver/mysql@v1.3.6/migrator.go:253 dial tcp 120.25.255.207:3306: connectex: A socket operation was attempted to an unreachable network.
[1.999ms] [rows:-] SELECT SCHEMA_NAME from Information_schema.SCHEMATA where SCHEMA_NAME LIKE '%' ORDER BY SCHEMA_NAME='' DESC,SCHEMA_NAME limit 1

2022/09/13 12:37:44 D:/C_Back/Go/Shop_service/userop_service/initialize/db.go:28
[0.370ms] [rows:-] SELECT count(*) FROM information_schema.tables WHERE table_schema = '' AND table_name = 'leavingmessages' AND table_type = 'BASE TABLE'

2022/09/13 12:37:44 D:/C_Back/Go/Shop_service/userop_service/initialize/db.go:28 dial tcp 120.25.255.207:3306: connectex: A socket operation was attempted to an unreachable network.
[0.000ms] [rows:0] CREATE TABLE `leavingmessages` (`id` int AUTO_INCREMENT,`add_time` datetime(3) NULL,`update_time` datetime(3) NULL,`deleted_at` datetime(3) NULL,`is_deleted` boolean,`user` int,`message_type` int comment '留言类型: 1(留言),2(投诉),3(询问),4(售后),5(求购)',`subject` varchar(100),`message` longtext,`file` varchar(200),PRIMARY KEY (`id`),INDEX `idx_leavingmessages_user` (`user`))
2022-09-13T12:37:44.810+0800	ERROR	initialize/db.go:30	global.DB.AutoMigrate	{"err": "dial tcp 120.25.255.207:3306: connectex: A socket operation was attempted to an unreachable network."}
2022-09-13T12:38:02.991+0800	INFO	initialize/logger.go:26	日志初始化成功

2022/09/13 12:38:03 D:/GOMOD/pkg/mod/gorm.io/driver/mysql@v1.3.6/migrator.go:250
[38.008ms] [rows:-] SELECT DATABASE()

2022/09/13 12:38:03 D:/GOMOD/pkg/mod/gorm.io/driver/mysql@v1.3.6/migrator.go:253
[95.313ms] [rows:1] SELECT SCHEMA_NAME from Information_schema.SCHEMATA where SCHEMA_NAME LIKE 'mxshop_userop_service%' ORDER BY SCHEMA_NAME='mxshop_userop_service' DESC,SCHEMA_NAME limit 1

2022/09/13 12:38:03 D:/C_Back/Go/Shop_service/userop_service/initialize/db.go:28
[81.599ms] [rows:-] SELECT count(*) FROM information_schema.tables WHERE table_schema = 'mxshop_userop_service' AND table_name = 'leavingmessages' AND table_type = 'BASE TABLE'

2022/09/13 12:38:03 D:/GOMOD/pkg/mod/gorm.io/driver/mysql@v1.3.6/migrator.go:250
[38.516ms] [rows:-] SELECT DATABASE()

2022/09/13 12:38:03 D:/GOMOD/pkg/mod/gorm.io/driver/mysql@v1.3.6/migrator.go:253
[78.546ms] [rows:1] SELECT SCHEMA_NAME from Information_schema.SCHEMATA where SCHEMA_NAME LIKE 'mxshop_userop_service%' ORDER BY SCHEMA_NAME='mxshop_userop_service' DESC,SCHEMA_NAME limit 1

2022/09/13 12:38:03 D:/GOMOD/pkg/mod/gorm.io/driver/mysql@v1.3.6/migrator.go:163
[68.007ms] [rows:-] SELECT * FROM `leavingmessages` LIMIT 1

2022/09/13 12:38:03 D:/GOMOD/pkg/mod/gorm.io/driver/mysql@v1.3.6/migrator.go:181
[92.989ms] [rows:-] SELECT column_name, column_default, is_nullable = 'YES', data_type, character_maximum_length, column_type, column_key, extra, column_comment, numeric_precision, numeric_scale , datetime_precision FROM information_schema.columns WHERE table_schema = 'mxshop_userop_service' AND table_name = 'leavingmessages' ORDER BY ORDINAL_POSITION

2022/09/13 12:38:03 D:/GOMOD/pkg/mod/gorm.io/driver/mysql@v1.3.6/migrator.go:47
[69.966ms] [rows:0] ALTER TABLE `leavingmessages` MODIFY COLUMN `is_deleted` boolean

2022/09/13 12:38:04 D:/GOMOD/pkg/mod/gorm.io/driver/mysql@v1.3.6/migrator.go:47
[45.803ms] [rows:0] ALTER TABLE `leavingmessages` MODIFY COLUMN `message_type` int comment '留言类型: 1(留言),2(投诉),3(询问),4(售后),5(求购)'

2022/09/13 12:38:04 D:/GOMOD/pkg/mod/gorm.io/driver/mysql@v1.3.6/migrator.go:250
[35.556ms] [rows:-] SELECT DATABASE()

2022/09/13 12:38:04 D:/GOMOD/pkg/mod/gorm.io/driver/mysql@v1.3.6/migrator.go:253
[74.713ms] [rows:1] SELECT SCHEMA_NAME from Information_schema.SCHEMATA where SCHEMA_NAME LIKE 'mxshop_userop_service%' ORDER BY SCHEMA_NAME='mxshop_userop_service' DESC,SCHEMA_NAME limit 1

2022/09/13 12:38:04 D:/C_Back/Go/Shop_service/userop_service/initialize/db.go:28
[74.642ms] [rows:-] SELECT count(*) FROM information_schema.statistics WHERE table_schema = 'mxshop_userop_service' AND table_name = 'leavingmessages' AND index_name = 'idx_leavingmessages_user'

2022/09/13 12:38:04 D:/GOMOD/pkg/mod/gorm.io/driver/mysql@v1.3.6/migrator.go:250
[34.524ms] [rows:-] SELECT DATABASE()

2022/09/13 12:38:04 D:/GOMOD/pkg/mod/gorm.io/driver/mysql@v1.3.6/migrator.go:253
[74.177ms] [rows:1] SELECT SCHEMA_NAME from Information_schema.SCHEMATA where SCHEMA_NAME LIKE 'mxshop_userop_service%' ORDER BY SCHEMA_NAME='mxshop_userop_service' DESC,SCHEMA_NAME limit 1

2022/09/13 12:38:04 D:/C_Back/Go/Shop_service/userop_service/initialize/db.go:28
[70.486ms] [rows:-] SELECT count(*) FROM information_schema.tables WHERE table_schema = 'mxshop_userop_service' AND table_name = 'addresses' AND table_type = 'BASE TABLE'

2022/09/13 12:38:04 D:/GOMOD/pkg/mod/gorm.io/driver/mysql@v1.3.6/migrator.go:250
[39.520ms] [rows:-] SELECT DATABASE()

2022/09/13 12:38:04 D:/GOMOD/pkg/mod/gorm.io/driver/mysql@v1.3.6/migrator.go:253
[75.114ms] [rows:1] SELECT SCHEMA_NAME from Information_schema.SCHEMATA where SCHEMA_NAME LIKE 'mxshop_userop_service%' ORDER BY SCHEMA_NAME='mxshop_userop_service' DESC,SCHEMA_NAME limit 1

2022/09/13 12:38:04 D:/GOMOD/pkg/mod/gorm.io/driver/mysql@v1.3.6/migrator.go:163
[36.530ms] [rows:-] SELECT * FROM `addresses` LIMIT 1

2022/09/13 12:38:04 D:/GOMOD/pkg/mod/gorm.io/driver/mysql@v1.3.6/migrator.go:181
[84.108ms] [rows:-] SELECT column_name, column_default, is_nullable = 'YES', data_type, character_maximum_length, column_type, column_key, extra, column_comment, numeric_precision, numeric_scale , datetime_precision FROM information_schema.columns WHERE table_schema = 'mxshop_userop_service' AND table_name = 'addresses' ORDER BY ORDINAL_POSITION

2022/09/13 12:38:04 D:/GOMOD/pkg/mod/gorm.io/driver/mysql@v1.3.6/migrator.go:47
[43.518ms] [rows:0] ALTER TABLE `addresses` MODIFY COLUMN `is_deleted` boolean

2022/09/13 12:38:04 D:/GOMOD/pkg/mod/gorm.io/driver/mysql@v1.3.6/migrator.go:250
[38.515ms] [rows:-] SELECT DATABASE()

2022/09/13 12:38:04 D:/GOMOD/pkg/mod/gorm.io/driver/mysql@v1.3.6/migrator.go:253
[69.877ms] [rows:1] SELECT SCHEMA_NAME from Information_schema.SCHEMATA where SCHEMA_NAME LIKE 'mxshop_userop_service%' ORDER BY SCHEMA_NAME='mxshop_userop_service' DESC,SCHEMA_NAME limit 1

2022/09/13 12:38:04 D:/C_Back/Go/Shop_service/userop_service/initialize/db.go:28
[74.148ms] [rows:-] SELECT count(*) FROM information_schema.statistics WHERE table_schema = 'mxshop_userop_service' AND table_name = 'addresses' AND index_name = 'idx_addresses_user'

2022/09/13 12:38:04 D:/GOMOD/pkg/mod/gorm.io/driver/mysql@v1.3.6/migrator.go:250
[35.086ms] [rows:-] SELECT DATABASE()

2022/09/13 12:38:04 D:/GOMOD/pkg/mod/gorm.io/driver/mysql@v1.3.6/migrator.go:253
[69.540ms] [rows:1] SELECT SCHEMA_NAME from Information_schema.SCHEMATA where SCHEMA_NAME LIKE 'mxshop_userop_service%' ORDER BY SCHEMA_NAME='mxshop_userop_service' DESC,SCHEMA_NAME limit 1

2022/09/13 12:38:05 D:/C_Back/Go/Shop_service/userop_service/initialize/db.go:28
[76.584ms] [rows:-] SELECT count(*) FROM information_schema.tables WHERE table_schema = 'mxshop_userop_service' AND table_name = 'userfavorite' AND table_type = 'BASE TABLE'

2022/09/13 12:38:05 D:/GOMOD/pkg/mod/gorm.io/driver/mysql@v1.3.6/migrator.go:250
[32.556ms] [rows:-] SELECT DATABASE()

2022/09/13 12:38:05 D:/GOMOD/pkg/mod/gorm.io/driver/mysql@v1.3.6/migrator.go:253
[70.206ms] [rows:1] SELECT SCHEMA_NAME from Information_schema.SCHEMATA where SCHEMA_NAME LIKE 'mxshop_userop_service%' ORDER BY SCHEMA_NAME='mxshop_userop_service' DESC,SCHEMA_NAME limit 1

2022/09/13 12:38:05 D:/GOMOD/pkg/mod/gorm.io/driver/mysql@v1.3.6/migrator.go:163
[37.792ms] [rows:-] SELECT * FROM `userfavorite` LIMIT 1

2022/09/13 12:38:05 D:/GOMOD/pkg/mod/gorm.io/driver/mysql@v1.3.6/migrator.go:181
[71.542ms] [rows:-] SELECT column_name, column_default, is_nullable = 'YES', data_type, character_maximum_length, column_type, column_key, extra, column_comment, numeric_precision, numeric_scale , datetime_precision FROM information_schema.columns WHERE table_schema = 'mxshop_userop_service' AND table_name = 'userfavorite' ORDER BY ORDINAL_POSITION

2022/09/13 12:38:05 D:/GOMOD/pkg/mod/gorm.io/driver/mysql@v1.3.6/migrator.go:47
[45.169ms] [rows:0] ALTER TABLE `userfavorite` MODIFY COLUMN `is_deleted` boolean

2022/09/13 12:38:05 D:/GOMOD/pkg/mod/gorm.io/driver/mysql@v1.3.6/migrator.go:250
[38.386ms] [rows:-] SELECT DATABASE()

2022/09/13 12:38:05 D:/GOMOD/pkg/mod/gorm.io/driver/mysql@v1.3.6/migrator.go:253
[74.577ms] [rows:1] SELECT SCHEMA_NAME from Information_schema.SCHEMATA where SCHEMA_NAME LIKE 'mxshop_userop_service%' ORDER BY SCHEMA_NAME='mxshop_userop_service' DESC,SCHEMA_NAME limit 1

2022/09/13 12:38:05 D:/C_Back/Go/Shop_service/userop_service/initialize/db.go:28
[74.717ms] [rows:-] SELECT count(*) FROM information_schema.statistics WHERE table_schema = 'mxshop_userop_service' AND table_name = 'userfavorite' AND index_name = 'idx_user_goods'
2022-09-13T12:38:05.495+0800	INFO	initialize/db.go:33	数据库连接成功
2022-09-13T12:38:05.495+0800	WARN	userop_service/main.go:24	debug本地调试模式 

2022-09-13T12:38:05.496+0800	INFO	mode/debug.go:21	服务启动成功 端口 127.0.0.1:8000
2022-09-13T12:42:18.033+0800	INFO	handler/address.go:15	Info	{"method": "GetAddressList", "request": "userId:26"}

2022/09/13 12:42:18 D:/C_Back/Go/Shop_service/userop_service/handler/address.go:19
[83.539ms] [rows:4] SELECT * FROM `addresses` WHERE `addresses`.`user` = 26 AND `addresses`.`deleted_at` IS NULL
2022-09-13T12:44:09.791+0800	INFO	handler/address.go:15	Info	{"method": "GetAddressList", "request": "userId:26"}

2022/09/13 12:44:09 D:/C_Back/Go/Shop_service/userop_service/handler/address.go:19
[76.401ms] [rows:4] SELECT * FROM `addresses` WHERE `addresses`.`user` = 26 AND `addresses`.`deleted_at` IS NULL
2022-09-13T12:45:18.091+0800	INFO	handler/address.go:62	Info	{"method": "DeleteAddress", "request": "id:1"}

2022/09/13 12:45:18 D:/C_Back/Go/Shop_service/userop_service/handler/address.go:63
[181.198ms] [rows:0] UPDATE `addresses` SET `deleted_at`='2022-09-13 12:45:18.143' WHERE (id = 1 and user = 0) AND `addresses`.`deleted_at` IS NULL
2022-09-13T12:45:18.272+0800	WARN	handler/address.go:65	Warning	{"message": "查询地址数据为空", "request": 1}
2022-09-13T12:45:31.672+0800	INFO	handler/address.go:62	Info	{"method": "DeleteAddress", "request": "id:2"}

2022/09/13 12:45:31 D:/C_Back/Go/Shop_service/userop_service/handler/address.go:63
[152.651ms] [rows:0] UPDATE `addresses` SET `deleted_at`='2022-09-13 12:45:31.714' WHERE (id = 2 and user = 0) AND `addresses`.`deleted_at` IS NULL
2022-09-13T12:45:31.826+0800	WARN	handler/address.go:65	Warning	{"message": "查询地址数据为空", "request": 2}
2022-09-13T12:48:10.357+0800	INFO	handler/address.go:62	Info	{"method": "DeleteAddress", "request": "id:1  userId:26"}

2022/09/13 12:48:10 D:/C_Back/Go/Shop_service/userop_service/handler/address.go:63
[184.954ms] [rows:1] UPDATE `addresses` SET `deleted_at`='2022-09-13 12:48:10.418' WHERE (id = 1 and user = 26) AND `addresses`.`deleted_at` IS NULL
2022-09-13T12:52:37.533+0800	INFO	handler/address.go:72	Info	{"method": "UpdateAddress", "request": "id:2  userId:26  province:\"海外\"  city:\"乌鲁木齐市\"  district:\"玛纳斯县\"  address:\"云南省河源市泰山区\"  signerName:\"什外而直儿\"  signerMobile:\"13171255934\""}

2022/09/13 12:52:37 D:/C_Back/Go/Shop_service/userop_service/handler/address.go:76
[86.673ms] [rows:1] SELECT * FROM `addresses` WHERE (id=2 and user=26) AND `addresses`.`deleted_at` IS NULL ORDER BY `addresses`.`id` LIMIT 1

2022/09/13 12:52:37 D:/C_Back/Go/Shop_service/userop_service/handler/address.go:104
[157.127ms] [rows:1] UPDATE `addresses` SET `add_time`='2022-09-12 20:19:40.425',`update_time`='2022-09-13 12:52:37.657',`deleted_at`=NULL,`is_deleted`=false,`user`=26,`province`='海外',`city`='乌鲁木齐市',`district`='玛纳斯县',`address`='云南省河源市泰山区',`signer_name`='什外而直儿',`signer_mobile`='13171255934' WHERE `addresses`.`deleted_at` IS NULL AND `id` = 2
2022-09-13T13:14:16.207+0800	INFO	handler/message.go:14	Info	{"method": "MessageList", "request": "userId:26"}

2022/09/13 13:14:16 D:/C_Back/Go/Shop_service/userop_service/handler/message.go:20
[88.228ms] [rows:0] SELECT * FROM `leavingmessages` WHERE `leavingmessages`.`user` = 26 AND `leavingmessages`.`deleted_at` IS NULL
2022-09-13T13:14:16.296+0800	WARN	handler/message.go:22	Warning	{"message": "查询地址数据为空", "request": 26}
2022-09-13T13:14:30.812+0800	INFO	handler/message.go:14	Info	{"method": "MessageList", "request": "userId:26"}

2022/09/13 13:14:30 D:/C_Back/Go/Shop_service/userop_service/handler/message.go:20
[94.088ms] [rows:0] SELECT * FROM `leavingmessages` WHERE `leavingmessages`.`user` = 26 AND `leavingmessages`.`deleted_at` IS NULL
2022-09-13T13:14:30.907+0800	WARN	handler/message.go:22	Warning	{"message": "查询地址数据为空", "request": 26}

2022/09/13 13:14:35 D:/C_Back/Go/Shop_service/userop_service/handler/message.go:50
[173.142ms] [rows:1] INSERT INTO `leavingmessages` (`add_time`,`update_time`,`deleted_at`,`is_deleted`,`user`,`message_type`,`subject`,`message`,`file`) VALUES ('2022-09-13 13:14:35.598','2022-09-13 13:14:35.598',NULL,false,26,1,'xx','123123123','12312312')

2022/09/13 13:14:38 D:/C_Back/Go/Shop_service/userop_service/handler/message.go:50
[170.491ms] [rows:1] INSERT INTO `leavingmessages` (`add_time`,`update_time`,`deleted_at`,`is_deleted`,`user`,`message_type`,`subject`,`message`,`file`) VALUES ('2022-09-13 13:14:37.997','2022-09-13 13:14:37.997',NULL,false,26,1,'xx','123123123','12312312')

2022/09/13 13:14:38 D:/C_Back/Go/Shop_service/userop_service/handler/message.go:50
[164.921ms] [rows:1] INSERT INTO `leavingmessages` (`add_time`,`update_time`,`deleted_at`,`is_deleted`,`user`,`message_type`,`subject`,`message`,`file`) VALUES ('2022-09-13 13:14:38.856','2022-09-13 13:14:38.856',NULL,false,26,1,'xx','123123123','12312312')

2022/09/13 13:14:39 D:/C_Back/Go/Shop_service/userop_service/handler/message.go:50
[157.540ms] [rows:1] INSERT INTO `leavingmessages` (`add_time`,`update_time`,`deleted_at`,`is_deleted`,`user`,`message_type`,`subject`,`message`,`file`) VALUES ('2022-09-13 13:14:39.671','2022-09-13 13:14:39.671',NULL,false,26,1,'xx','123123123','12312312')

2022/09/13 13:14:40 D:/C_Back/Go/Shop_service/userop_service/handler/message.go:50
[154.071ms] [rows:1] INSERT INTO `leavingmessages` (`add_time`,`update_time`,`deleted_at`,`is_deleted`,`user`,`message_type`,`subject`,`message`,`file`) VALUES ('2022-09-13 13:14:40.452','2022-09-13 13:14:40.452',NULL,false,26,1,'xx','123123123','12312312')

2022/09/13 13:14:41 D:/C_Back/Go/Shop_service/userop_service/handler/message.go:50
[153.248ms] [rows:1] INSERT INTO `leavingmessages` (`add_time`,`update_time`,`deleted_at`,`is_deleted`,`user`,`message_type`,`subject`,`message`,`file`) VALUES ('2022-09-13 13:14:40.937','2022-09-13 13:14:40.937',NULL,false,26,1,'xx','123123123','12312312')
2022-09-13T13:16:51.587+0800	INFO	handler/message.go:14	Info	{"method": "MessageList", "request": "userId:26"}

2022/09/13 13:16:51 D:/C_Back/Go/Shop_service/userop_service/handler/message.go:20
[103.772ms] [rows:6] SELECT * FROM `leavingmessages` WHERE `leavingmessages`.`user` = 26 AND `leavingmessages`.`deleted_at` IS NULL
2022-09-13T13:26:41.630+0800	INFO	initialize/logger.go:26	日志初始化成功

2022/09/13 13:26:41 D:/GOMOD/pkg/mod/gorm.io/driver/mysql@v1.3.6/migrator.go:250
[44.543ms] [rows:-] SELECT DATABASE()

2022/09/13 13:26:42 D:/GOMOD/pkg/mod/gorm.io/driver/mysql@v1.3.6/migrator.go:253
[94.889ms] [rows:1] SELECT SCHEMA_NAME from Information_schema.SCHEMATA where SCHEMA_NAME LIKE 'mxshop_userop_service%' ORDER BY SCHEMA_NAME='mxshop_userop_service' DESC,SCHEMA_NAME limit 1

2022/09/13 13:26:42 D:/C_Back/Go/Shop_service/userop_service/initialize/db.go:28
[82.051ms] [rows:-] SELECT count(*) FROM information_schema.tables WHERE table_schema = 'mxshop_userop_service' AND table_name = 'leavingmessages' AND table_type = 'BASE TABLE'

2022/09/13 13:26:42 D:/GOMOD/pkg/mod/gorm.io/driver/mysql@v1.3.6/migrator.go:250
[38.114ms] [rows:-] SELECT DATABASE()

2022/09/13 13:26:42 D:/GOMOD/pkg/mod/gorm.io/driver/mysql@v1.3.6/migrator.go:253
[78.132ms] [rows:1] SELECT SCHEMA_NAME from Information_schema.SCHEMATA where SCHEMA_NAME LIKE 'mxshop_userop_service%' ORDER BY SCHEMA_NAME='mxshop_userop_service' DESC,SCHEMA_NAME limit 1

2022/09/13 13:26:42 D:/GOMOD/pkg/mod/gorm.io/driver/mysql@v1.3.6/migrator.go:163
[51.697ms] [rows:-] SELECT * FROM `leavingmessages` LIMIT 1

2022/09/13 13:26:42 D:/GOMOD/pkg/mod/gorm.io/driver/mysql@v1.3.6/migrator.go:181
[90.078ms] [rows:-] SELECT column_name, column_default, is_nullable = 'YES', data_type, character_maximum_length, column_type, column_key, extra, column_comment, numeric_precision, numeric_scale , datetime_precision FROM information_schema.columns WHERE table_schema = 'mxshop_userop_service' AND table_name = 'leavingmessages' ORDER BY ORDINAL_POSITION

2022/09/13 13:26:42 D:/GOMOD/pkg/mod/gorm.io/driver/mysql@v1.3.6/migrator.go:47
[48.782ms] [rows:0] ALTER TABLE `leavingmessages` MODIFY COLUMN `is_deleted` boolean

2022/09/13 13:26:42 D:/GOMOD/pkg/mod/gorm.io/driver/mysql@v1.3.6/migrator.go:47
[49.524ms] [rows:0] ALTER TABLE `leavingmessages` MODIFY COLUMN `message_type` int comment '留言类型: 1(留言),2(投诉),3(询问),4(售后),5(求购)'

2022/09/13 13:26:42 D:/GOMOD/pkg/mod/gorm.io/driver/mysql@v1.3.6/migrator.go:250
[35.349ms] [rows:-] SELECT DATABASE()

2022/09/13 13:26:42 D:/GOMOD/pkg/mod/gorm.io/driver/mysql@v1.3.6/migrator.go:253
[71.049ms] [rows:1] SELECT SCHEMA_NAME from Information_schema.SCHEMATA where SCHEMA_NAME LIKE 'mxshop_userop_service%' ORDER BY SCHEMA_NAME='mxshop_userop_service' DESC,SCHEMA_NAME limit 1

2022/09/13 13:26:42 D:/C_Back/Go/Shop_service/userop_service/initialize/db.go:28
[70.434ms] [rows:-] SELECT count(*) FROM information_schema.statistics WHERE table_schema = 'mxshop_userop_service' AND table_name = 'leavingmessages' AND index_name = 'idx_leavingmessages_user'

2022/09/13 13:26:42 D:/GOMOD/pkg/mod/gorm.io/driver/mysql@v1.3.6/migrator.go:250
[43.989ms] [rows:-] SELECT DATABASE()

2022/09/13 13:26:42 D:/GOMOD/pkg/mod/gorm.io/driver/mysql@v1.3.6/migrator.go:253
[79.835ms] [rows:1] SELECT SCHEMA_NAME from Information_schema.SCHEMATA where SCHEMA_NAME LIKE 'mxshop_userop_service%' ORDER BY SCHEMA_NAME='mxshop_userop_service' DESC,SCHEMA_NAME limit 1

2022/09/13 13:26:42 D:/C_Back/Go/Shop_service/userop_service/initialize/db.go:28
[74.413ms] [rows:-] SELECT count(*) FROM information_schema.tables WHERE table_schema = 'mxshop_userop_service' AND table_name = 'addresses' AND table_type = 'BASE TABLE'

2022/09/13 13:26:42 D:/GOMOD/pkg/mod/gorm.io/driver/mysql@v1.3.6/migrator.go:250
[45.122ms] [rows:-] SELECT DATABASE()

2022/09/13 13:26:42 D:/GOMOD/pkg/mod/gorm.io/driver/mysql@v1.3.6/migrator.go:253
[79.814ms] [rows:1] SELECT SCHEMA_NAME from Information_schema.SCHEMATA where SCHEMA_NAME LIKE 'mxshop_userop_service%' ORDER BY SCHEMA_NAME='mxshop_userop_service' DESC,SCHEMA_NAME limit 1

2022/09/13 13:26:42 D:/GOMOD/pkg/mod/gorm.io/driver/mysql@v1.3.6/migrator.go:163
[40.759ms] [rows:-] SELECT * FROM `addresses` LIMIT 1

2022/09/13 13:26:43 D:/GOMOD/pkg/mod/gorm.io/driver/mysql@v1.3.6/migrator.go:181
[82.778ms] [rows:-] SELECT column_name, column_default, is_nullable = 'YES', data_type, character_maximum_length, column_type, column_key, extra, column_comment, numeric_precision, numeric_scale , datetime_precision FROM information_schema.columns WHERE table_schema = 'mxshop_userop_service' AND table_name = 'addresses' ORDER BY ORDINAL_POSITION

2022/09/13 13:26:43 D:/GOMOD/pkg/mod/gorm.io/driver/mysql@v1.3.6/migrator.go:47
[44.668ms] [rows:0] ALTER TABLE `addresses` MODIFY COLUMN `is_deleted` boolean

2022/09/13 13:26:43 D:/GOMOD/pkg/mod/gorm.io/driver/mysql@v1.3.6/migrator.go:250
[43.772ms] [rows:-] SELECT DATABASE()

2022/09/13 13:26:43 D:/GOMOD/pkg/mod/gorm.io/driver/mysql@v1.3.6/migrator.go:253
[69.270ms] [rows:1] SELECT SCHEMA_NAME from Information_schema.SCHEMATA where SCHEMA_NAME LIKE 'mxshop_userop_service%' ORDER BY SCHEMA_NAME='mxshop_userop_service' DESC,SCHEMA_NAME limit 1

2022/09/13 13:26:43 D:/C_Back/Go/Shop_service/userop_service/initialize/db.go:28
[69.633ms] [rows:-] SELECT count(*) FROM information_schema.statistics WHERE table_schema = 'mxshop_userop_service' AND table_name = 'addresses' AND index_name = 'idx_addresses_user'

2022/09/13 13:26:43 D:/GOMOD/pkg/mod/gorm.io/driver/mysql@v1.3.6/migrator.go:250
[33.556ms] [rows:-] SELECT DATABASE()

2022/09/13 13:26:43 D:/GOMOD/pkg/mod/gorm.io/driver/mysql@v1.3.6/migrator.go:253
[71.069ms] [rows:1] SELECT SCHEMA_NAME from Information_schema.SCHEMATA where SCHEMA_NAME LIKE 'mxshop_userop_service%' ORDER BY SCHEMA_NAME='mxshop_userop_service' DESC,SCHEMA_NAME limit 1

2022/09/13 13:26:43 D:/C_Back/Go/Shop_service/userop_service/initialize/db.go:28
[83.984ms] [rows:-] SELECT count(*) FROM information_schema.tables WHERE table_schema = 'mxshop_userop_service' AND table_name = 'userfavorite' AND table_type = 'BASE TABLE'

2022/09/13 13:26:43 D:/GOMOD/pkg/mod/gorm.io/driver/mysql@v1.3.6/migrator.go:250
[40.240ms] [rows:-] SELECT DATABASE()

2022/09/13 13:26:43 D:/GOMOD/pkg/mod/gorm.io/driver/mysql@v1.3.6/migrator.go:253
[70.010ms] [rows:1] SELECT SCHEMA_NAME from Information_schema.SCHEMATA where SCHEMA_NAME LIKE 'mxshop_userop_service%' ORDER BY SCHEMA_NAME='mxshop_userop_service' DESC,SCHEMA_NAME limit 1

2022/09/13 13:26:43 D:/GOMOD/pkg/mod/gorm.io/driver/mysql@v1.3.6/migrator.go:163
[36.999ms] [rows:-] SELECT * FROM `userfavorite` LIMIT 1

2022/09/13 13:26:43 D:/GOMOD/pkg/mod/gorm.io/driver/mysql@v1.3.6/migrator.go:181
[82.658ms] [rows:-] SELECT column_name, column_default, is_nullable = 'YES', data_type, character_maximum_length, column_type, column_key, extra, column_comment, numeric_precision, numeric_scale , datetime_precision FROM information_schema.columns WHERE table_schema = 'mxshop_userop_service' AND table_name = 'userfavorite' ORDER BY ORDINAL_POSITION

2022/09/13 13:26:43 D:/GOMOD/pkg/mod/gorm.io/driver/mysql@v1.3.6/migrator.go:47
[52.742ms] [rows:0] ALTER TABLE `userfavorite` MODIFY COLUMN `is_deleted` boolean

2022/09/13 13:26:43 D:/GOMOD/pkg/mod/gorm.io/driver/mysql@v1.3.6/migrator.go:250
[40.945ms] [rows:-] SELECT DATABASE()

2022/09/13 13:26:43 D:/GOMOD/pkg/mod/gorm.io/driver/mysql@v1.3.6/migrator.go:253
[70.729ms] [rows:1] SELECT SCHEMA_NAME from Information_schema.SCHEMATA where SCHEMA_NAME LIKE 'mxshop_userop_service%' ORDER BY SCHEMA_NAME='mxshop_userop_service' DESC,SCHEMA_NAME limit 1

2022/09/13 13:26:43 D:/C_Back/Go/Shop_service/userop_service/initialize/db.go:28
[73.553ms] [rows:-] SELECT count(*) FROM information_schema.statistics WHERE table_schema = 'mxshop_userop_service' AND table_name = 'userfavorite' AND index_name = 'idx_user_goods'
2022-09-13T13:26:43.966+0800	INFO	initialize/db.go:33	数据库连接成功
2022-09-13T13:26:43.966+0800	WARN	userop_service/main.go:24	debug本地调试模式 

2022-09-13T13:26:43.967+0800	INFO	mode/debug.go:21	服务启动成功 端口 127.0.0.1:8000
2022-09-13T13:31:09.704+0800	INFO	initialize/logger.go:26	日志初始化成功

2022/09/13 13:31:09 D:/GOMOD/pkg/mod/gorm.io/driver/mysql@v1.3.6/migrator.go:250
[34.442ms] [rows:-] SELECT DATABASE()

2022/09/13 13:31:10 D:/GOMOD/pkg/mod/gorm.io/driver/mysql@v1.3.6/migrator.go:253
[76.254ms] [rows:1] SELECT SCHEMA_NAME from Information_schema.SCHEMATA where SCHEMA_NAME LIKE 'mxshop_userop_service%' ORDER BY SCHEMA_NAME='mxshop_userop_service' DESC,SCHEMA_NAME limit 1

2022/09/13 13:31:10 D:/C_Back/Go/Shop_service/userop_service/initialize/db.go:28
[68.052ms] [rows:-] SELECT count(*) FROM information_schema.tables WHERE table_schema = 'mxshop_userop_service' AND table_name = 'leavingmessages' AND table_type = 'BASE TABLE'

2022/09/13 13:31:10 D:/GOMOD/pkg/mod/gorm.io/driver/mysql@v1.3.6/migrator.go:250
[35.171ms] [rows:-] SELECT DATABASE()

2022/09/13 13:31:10 D:/GOMOD/pkg/mod/gorm.io/driver/mysql@v1.3.6/migrator.go:253
[69.218ms] [rows:1] SELECT SCHEMA_NAME from Information_schema.SCHEMATA where SCHEMA_NAME LIKE 'mxshop_userop_service%' ORDER BY SCHEMA_NAME='mxshop_userop_service' DESC,SCHEMA_NAME limit 1

2022/09/13 13:31:10 D:/GOMOD/pkg/mod/gorm.io/driver/mysql@v1.3.6/migrator.go:163
[34.761ms] [rows:-] SELECT * FROM `leavingmessages` LIMIT 1

2022/09/13 13:31:10 D:/GOMOD/pkg/mod/gorm.io/driver/mysql@v1.3.6/migrator.go:181
[74.148ms] [rows:-] SELECT column_name, column_default, is_nullable = 'YES', data_type, character_maximum_length, column_type, column_key, extra, column_comment, numeric_precision, numeric_scale , datetime_precision FROM information_schema.columns WHERE table_schema = 'mxshop_userop_service' AND table_name = 'leavingmessages' ORDER BY ORDINAL_POSITION

2022/09/13 13:31:10 D:/GOMOD/pkg/mod/gorm.io/driver/mysql@v1.3.6/migrator.go:47
[48.405ms] [rows:0] ALTER TABLE `leavingmessages` MODIFY COLUMN `is_deleted` boolean

2022/09/13 13:31:10 D:/GOMOD/pkg/mod/gorm.io/driver/mysql@v1.3.6/migrator.go:47
[63.966ms] [rows:0] ALTER TABLE `leavingmessages` MODIFY COLUMN `message_type` int comment '留言类型: 1(留言),2(投诉),3(询问),4(售后),5(求购)'

2022/09/13 13:31:10 D:/GOMOD/pkg/mod/gorm.io/driver/mysql@v1.3.6/migrator.go:250
[39.828ms] [rows:-] SELECT DATABASE()

2022/09/13 13:31:10 D:/GOMOD/pkg/mod/gorm.io/driver/mysql@v1.3.6/migrator.go:253
[80.488ms] [rows:1] SELECT SCHEMA_NAME from Information_schema.SCHEMATA where SCHEMA_NAME LIKE 'mxshop_userop_service%' ORDER BY SCHEMA_NAME='mxshop_userop_service' DESC,SCHEMA_NAME limit 1

2022/09/13 13:31:10 D:/C_Back/Go/Shop_service/userop_service/initialize/db.go:28
[79.103ms] [rows:-] SELECT count(*) FROM information_schema.statistics WHERE table_schema = 'mxshop_userop_service' AND table_name = 'leavingmessages' AND index_name = 'idx_leavingmessages_user'

2022/09/13 13:31:10 D:/GOMOD/pkg/mod/gorm.io/driver/mysql@v1.3.6/migrator.go:250
[33.394ms] [rows:-] SELECT DATABASE()

2022/09/13 13:31:10 D:/GOMOD/pkg/mod/gorm.io/driver/mysql@v1.3.6/migrator.go:253
[70.424ms] [rows:1] SELECT SCHEMA_NAME from Information_schema.SCHEMATA where SCHEMA_NAME LIKE 'mxshop_userop_service%' ORDER BY SCHEMA_NAME='mxshop_userop_service' DESC,SCHEMA_NAME limit 1

2022/09/13 13:31:10 D:/C_Back/Go/Shop_service/userop_service/initialize/db.go:28
[68.956ms] [rows:-] SELECT count(*) FROM information_schema.tables WHERE table_schema = 'mxshop_userop_service' AND table_name = 'addresses' AND table_type = 'BASE TABLE'

2022/09/13 13:31:10 D:/GOMOD/pkg/mod/gorm.io/driver/mysql@v1.3.6/migrator.go:250
[35.371ms] [rows:-] SELECT DATABASE()

2022/09/13 13:31:10 D:/GOMOD/pkg/mod/gorm.io/driver/mysql@v1.3.6/migrator.go:253
[74.791ms] [rows:1] SELECT SCHEMA_NAME from Information_schema.SCHEMATA where SCHEMA_NAME LIKE 'mxshop_userop_service%' ORDER BY SCHEMA_NAME='mxshop_userop_service' DESC,SCHEMA_NAME limit 1

2022/09/13 13:31:10 D:/GOMOD/pkg/mod/gorm.io/driver/mysql@v1.3.6/migrator.go:163
[35.886ms] [rows:-] SELECT * FROM `addresses` LIMIT 1

2022/09/13 13:31:11 D:/GOMOD/pkg/mod/gorm.io/driver/mysql@v1.3.6/migrator.go:181
[73.831ms] [rows:-] SELECT column_name, column_default, is_nullable = 'YES', data_type, character_maximum_length, column_type, column_key, extra, column_comment, numeric_precision, numeric_scale , datetime_precision FROM information_schema.columns WHERE table_schema = 'mxshop_userop_service' AND table_name = 'addresses' ORDER BY ORDINAL_POSITION

2022/09/13 13:31:11 D:/GOMOD/pkg/mod/gorm.io/driver/mysql@v1.3.6/migrator.go:47
[41.191ms] [rows:0] ALTER TABLE `addresses` MODIFY COLUMN `is_deleted` boolean

2022/09/13 13:31:11 D:/GOMOD/pkg/mod/gorm.io/driver/mysql@v1.3.6/migrator.go:250
[41.033ms] [rows:-] SELECT DATABASE()

2022/09/13 13:31:11 D:/GOMOD/pkg/mod/gorm.io/driver/mysql@v1.3.6/migrator.go:253
[69.757ms] [rows:1] SELECT SCHEMA_NAME from Information_schema.SCHEMATA where SCHEMA_NAME LIKE 'mxshop_userop_service%' ORDER BY SCHEMA_NAME='mxshop_userop_service' DESC,SCHEMA_NAME limit 1

2022/09/13 13:31:11 D:/C_Back/Go/Shop_service/userop_service/initialize/db.go:28
[69.033ms] [rows:-] SELECT count(*) FROM information_schema.statistics WHERE table_schema = 'mxshop_userop_service' AND table_name = 'addresses' AND index_name = 'idx_addresses_user'

2022/09/13 13:31:11 D:/GOMOD/pkg/mod/gorm.io/driver/mysql@v1.3.6/migrator.go:250
[39.526ms] [rows:-] SELECT DATABASE()

2022/09/13 13:31:11 D:/GOMOD/pkg/mod/gorm.io/driver/mysql@v1.3.6/migrator.go:253
[79.788ms] [rows:1] SELECT SCHEMA_NAME from Information_schema.SCHEMATA where SCHEMA_NAME LIKE 'mxshop_userop_service%' ORDER BY SCHEMA_NAME='mxshop_userop_service' DESC,SCHEMA_NAME limit 1

2022/09/13 13:31:11 D:/C_Back/Go/Shop_service/userop_service/initialize/db.go:28
[69.411ms] [rows:-] SELECT count(*) FROM information_schema.tables WHERE table_schema = 'mxshop_userop_service' AND table_name = 'userfavorite' AND table_type = 'BASE TABLE'

2022/09/13 13:31:11 D:/GOMOD/pkg/mod/gorm.io/driver/mysql@v1.3.6/migrator.go:250
[39.525ms] [rows:-] SELECT DATABASE()

2022/09/13 13:31:11 D:/GOMOD/pkg/mod/gorm.io/driver/mysql@v1.3.6/migrator.go:253
[69.604ms] [rows:1] SELECT SCHEMA_NAME from Information_schema.SCHEMATA where SCHEMA_NAME LIKE 'mxshop_userop_service%' ORDER BY SCHEMA_NAME='mxshop_userop_service' DESC,SCHEMA_NAME limit 1

2022/09/13 13:31:11 D:/GOMOD/pkg/mod/gorm.io/driver/mysql@v1.3.6/migrator.go:163
[36.182ms] [rows:-] SELECT * FROM `userfavorite` LIMIT 1

2022/09/13 13:31:11 D:/GOMOD/pkg/mod/gorm.io/driver/mysql@v1.3.6/migrator.go:181
[73.917ms] [rows:-] SELECT column_name, column_default, is_nullable = 'YES', data_type, character_maximum_length, column_type, column_key, extra, column_comment, numeric_precision, numeric_scale , datetime_precision FROM information_schema.columns WHERE table_schema = 'mxshop_userop_service' AND table_name = 'userfavorite' ORDER BY ORDINAL_POSITION

2022/09/13 13:31:11 D:/GOMOD/pkg/mod/gorm.io/driver/mysql@v1.3.6/migrator.go:47
[44.054ms] [rows:0] ALTER TABLE `userfavorite` MODIFY COLUMN `is_deleted` boolean

2022/09/13 13:31:11 D:/GOMOD/pkg/mod/gorm.io/driver/mysql@v1.3.6/migrator.go:250
[38.178ms] [rows:-] SELECT DATABASE()

2022/09/13 13:31:11 D:/GOMOD/pkg/mod/gorm.io/driver/mysql@v1.3.6/migrator.go:253
[75.393ms] [rows:1] SELECT SCHEMA_NAME from Information_schema.SCHEMATA where SCHEMA_NAME LIKE 'mxshop_userop_service%' ORDER BY SCHEMA_NAME='mxshop_userop_service' DESC,SCHEMA_NAME limit 1

2022/09/13 13:31:11 D:/C_Back/Go/Shop_service/userop_service/initialize/db.go:28
[74.105ms] [rows:-] SELECT count(*) FROM information_schema.statistics WHERE table_schema = 'mxshop_userop_service' AND table_name = 'userfavorite' AND index_name = 'idx_user_goods'
2022-09-13T13:31:11.892+0800	INFO	initialize/db.go:33	数据库连接成功
2022-09-13T13:31:11.892+0800	WARN	userop_service/main.go:24	debug本地调试模式 

2022-09-13T13:31:11.893+0800	INFO	mode/debug.go:21	服务启动成功 端口 127.0.0.1:8000
2022-09-13T13:32:16.353+0800	INFO	handler/userfavorite.go:53	Info	{"method": "AddUserFavorite", "request": "userId:26 goodsId:421"}

2022/09/13 13:32:16 D:/C_Back/Go/Shop_service/userop_service/handler/userfavorite.go:59
[175.646ms] [rows:1] INSERT INTO `userfavorite` (`add_time`,`update_time`,`deleted_at`,`is_deleted`,`user`,`goods`) VALUES ('2022-09-13 13:32:16.402','2022-09-13 13:32:16.402',NULL,false,26,421)

2022/09/13 13:39:14 D:/C_Back/Go/Shop_service/userop_service/handler/userfavorite.go:79
[164.004ms] [rows:1] UPDATE `userfavorite` SET `deleted_at`='2022-09-13 13:39:14.286' WHERE (goods = 421 and user =26) AND `userfavorite`.`deleted_at` IS NULL
2022-09-13T21:51:59.752+0800	INFO	initialize/logger.go:26	日志初始化成功

2022/09/13 21:51:59 D:/GOMOD/pkg/mod/gorm.io/driver/mysql@v1.3.6/migrator.go:250
[18.796ms] [rows:-] SELECT DATABASE()

2022/09/13 21:51:59 D:/GOMOD/pkg/mod/gorm.io/driver/mysql@v1.3.6/migrator.go:253
[57.452ms] [rows:1] SELECT SCHEMA_NAME from Information_schema.SCHEMATA where SCHEMA_NAME LIKE 'mxshop_userop_service%' ORDER BY SCHEMA_NAME='mxshop_userop_service' DESC,SCHEMA_NAME limit 1

2022/09/13 21:51:59 D:/C_Back/Go/Shop_service/userop_service/initialize/db.go:28
[40.927ms] [rows:-] SELECT count(*) FROM information_schema.tables WHERE table_schema = 'mxshop_userop_service' AND table_name = 'leavingmessages' AND table_type = 'BASE TABLE'

2022/09/13 21:52:00 D:/GOMOD/pkg/mod/gorm.io/driver/mysql@v1.3.6/migrator.go:250
[22.363ms] [rows:-] SELECT DATABASE()

2022/09/13 21:52:00 D:/GOMOD/pkg/mod/gorm.io/driver/mysql@v1.3.6/migrator.go:253
[41.009ms] [rows:1] SELECT SCHEMA_NAME from Information_schema.SCHEMATA where SCHEMA_NAME LIKE 'mxshop_userop_service%' ORDER BY SCHEMA_NAME='mxshop_userop_service' DESC,SCHEMA_NAME limit 1

2022/09/13 21:52:00 D:/GOMOD/pkg/mod/gorm.io/driver/mysql@v1.3.6/migrator.go:163
[19.654ms] [rows:-] SELECT * FROM `leavingmessages` LIMIT 1

2022/09/13 21:52:00 D:/GOMOD/pkg/mod/gorm.io/driver/mysql@v1.3.6/migrator.go:181
[472.763ms] [rows:-] SELECT column_name, column_default, is_nullable = 'YES', data_type, character_maximum_length, column_type, column_key, extra, column_comment, numeric_precision, numeric_scale , datetime_precision FROM information_schema.columns WHERE table_schema = 'mxshop_userop_service' AND table_name = 'leavingmessages' ORDER BY ORDINAL_POSITION

2022/09/13 21:52:00 D:/GOMOD/pkg/mod/gorm.io/driver/mysql@v1.3.6/migrator.go:47
[28.569ms] [rows:0] ALTER TABLE `leavingmessages` MODIFY COLUMN `is_deleted` boolean

2022/09/13 21:52:00 D:/GOMOD/pkg/mod/gorm.io/driver/mysql@v1.3.6/migrator.go:47
[28.021ms] [rows:0] ALTER TABLE `leavingmessages` MODIFY COLUMN `message_type` int comment '留言类型: 1(留言),2(投诉),3(询问),4(售后),5(求购)'

2022/09/13 21:52:00 D:/GOMOD/pkg/mod/gorm.io/driver/mysql@v1.3.6/migrator.go:250
[19.131ms] [rows:-] SELECT DATABASE()

2022/09/13 21:52:00 D:/GOMOD/pkg/mod/gorm.io/driver/mysql@v1.3.6/migrator.go:253
[40.836ms] [rows:1] SELECT SCHEMA_NAME from Information_schema.SCHEMATA where SCHEMA_NAME LIKE 'mxshop_userop_service%' ORDER BY SCHEMA_NAME='mxshop_userop_service' DESC,SCHEMA_NAME limit 1

2022/09/13 21:52:00 D:/C_Back/Go/Shop_service/userop_service/initialize/db.go:28
[45.322ms] [rows:-] SELECT count(*) FROM information_schema.statistics WHERE table_schema = 'mxshop_userop_service' AND table_name = 'leavingmessages' AND index_name = 'idx_leavingmessages_user'

2022/09/13 21:52:00 D:/GOMOD/pkg/mod/gorm.io/driver/mysql@v1.3.6/migrator.go:250
[19.553ms] [rows:-] SELECT DATABASE()

2022/09/13 21:52:01 D:/GOMOD/pkg/mod/gorm.io/driver/mysql@v1.3.6/migrator.go:253
[270.469ms] [rows:1] SELECT SCHEMA_NAME from Information_schema.SCHEMATA where SCHEMA_NAME LIKE 'mxshop_userop_service%' ORDER BY SCHEMA_NAME='mxshop_userop_service' DESC,SCHEMA_NAME limit 1

2022/09/13 21:52:01 D:/C_Back/Go/Shop_service/userop_service/initialize/db.go:28
[38.922ms] [rows:-] SELECT count(*) FROM information_schema.tables WHERE table_schema = 'mxshop_userop_service' AND table_name = 'addresses' AND table_type = 'BASE TABLE'

2022/09/13 21:52:01 D:/GOMOD/pkg/mod/gorm.io/driver/mysql@v1.3.6/migrator.go:250
[18.773ms] [rows:-] SELECT DATABASE()

2022/09/13 21:52:01 D:/GOMOD/pkg/mod/gorm.io/driver/mysql@v1.3.6/migrator.go:253
[40.067ms] [rows:1] SELECT SCHEMA_NAME from Information_schema.SCHEMATA where SCHEMA_NAME LIKE 'mxshop_userop_service%' ORDER BY SCHEMA_NAME='mxshop_userop_service' DESC,SCHEMA_NAME limit 1

2022/09/13 21:52:01 D:/GOMOD/pkg/mod/gorm.io/driver/mysql@v1.3.6/migrator.go:163
[19.538ms] [rows:-] SELECT * FROM `addresses` LIMIT 1

2022/09/13 21:52:01 D:/GOMOD/pkg/mod/gorm.io/driver/mysql@v1.3.6/migrator.go:181
[42.762ms] [rows:-] SELECT column_name, column_default, is_nullable = 'YES', data_type, character_maximum_length, column_type, column_key, extra, column_comment, numeric_precision, numeric_scale , datetime_precision FROM information_schema.columns WHERE table_schema = 'mxshop_userop_service' AND table_name = 'addresses' ORDER BY ORDINAL_POSITION

2022/09/13 21:52:01 D:/GOMOD/pkg/mod/gorm.io/driver/mysql@v1.3.6/migrator.go:47
[30.028ms] [rows:0] ALTER TABLE `addresses` MODIFY COLUMN `is_deleted` boolean

2022/09/13 21:52:01 D:/GOMOD/pkg/mod/gorm.io/driver/mysql@v1.3.6/migrator.go:250
[19.780ms] [rows:-] SELECT DATABASE()

2022/09/13 21:52:01 D:/GOMOD/pkg/mod/gorm.io/driver/mysql@v1.3.6/migrator.go:253
[48.758ms] [rows:1] SELECT SCHEMA_NAME from Information_schema.SCHEMATA where SCHEMA_NAME LIKE 'mxshop_userop_service%' ORDER BY SCHEMA_NAME='mxshop_userop_service' DESC,SCHEMA_NAME limit 1

2022/09/13 21:52:01 D:/C_Back/Go/Shop_service/userop_service/initialize/db.go:28
[38.883ms] [rows:-] SELECT count(*) FROM information_schema.statistics WHERE table_schema = 'mxshop_userop_service' AND table_name = 'addresses' AND index_name = 'idx_addresses_user'

2022/09/13 21:52:01 D:/GOMOD/pkg/mod/gorm.io/driver/mysql@v1.3.6/migrator.go:250
[19.517ms] [rows:-] SELECT DATABASE()

2022/09/13 21:52:01 D:/GOMOD/pkg/mod/gorm.io/driver/mysql@v1.3.6/migrator.go:253
[43.522ms] [rows:1] SELECT SCHEMA_NAME from Information_schema.SCHEMATA where SCHEMA_NAME LIKE 'mxshop_userop_service%' ORDER BY SCHEMA_NAME='mxshop_userop_service' DESC,SCHEMA_NAME limit 1

2022/09/13 21:52:01 D:/C_Back/Go/Shop_service/userop_service/initialize/db.go:28
[57.810ms] [rows:-] SELECT count(*) FROM information_schema.tables WHERE table_schema = 'mxshop_userop_service' AND table_name = 'userfavorite' AND table_type = 'BASE TABLE'

2022/09/13 21:52:01 D:/GOMOD/pkg/mod/gorm.io/driver/mysql@v1.3.6/migrator.go:250
[18.524ms] [rows:-] SELECT DATABASE()

2022/09/13 21:52:01 D:/GOMOD/pkg/mod/gorm.io/driver/mysql@v1.3.6/migrator.go:253
[41.497ms] [rows:1] SELECT SCHEMA_NAME from Information_schema.SCHEMATA where SCHEMA_NAME LIKE 'mxshop_userop_service%' ORDER BY SCHEMA_NAME='mxshop_userop_service' DESC,SCHEMA_NAME limit 1

2022/09/13 21:52:01 D:/GOMOD/pkg/mod/gorm.io/driver/mysql@v1.3.6/migrator.go:163
[25.550ms] [rows:-] SELECT * FROM `userfavorite` LIMIT 1

2022/09/13 21:52:01 D:/GOMOD/pkg/mod/gorm.io/driver/mysql@v1.3.6/migrator.go:181
[46.029ms] [rows:-] SELECT column_name, column_default, is_nullable = 'YES', data_type, character_maximum_length, column_type, column_key, extra, column_comment, numeric_precision, numeric_scale , datetime_precision FROM information_schema.columns WHERE table_schema = 'mxshop_userop_service' AND table_name = 'userfavorite' ORDER BY ORDINAL_POSITION

2022/09/13 21:52:01 D:/GOMOD/pkg/mod/gorm.io/driver/mysql@v1.3.6/migrator.go:47
[29.553ms] [rows:0] ALTER TABLE `userfavorite` MODIFY COLUMN `is_deleted` boolean

2022/09/13 21:52:01 D:/GOMOD/pkg/mod/gorm.io/driver/mysql@v1.3.6/migrator.go:250
[19.062ms] [rows:-] SELECT DATABASE()

2022/09/13 21:52:01 D:/GOMOD/pkg/mod/gorm.io/driver/mysql@v1.3.6/migrator.go:253
[38.521ms] [rows:1] SELECT SCHEMA_NAME from Information_schema.SCHEMATA where SCHEMA_NAME LIKE 'mxshop_userop_service%' ORDER BY SCHEMA_NAME='mxshop_userop_service' DESC,SCHEMA_NAME limit 1

2022/09/13 21:52:01 D:/C_Back/Go/Shop_service/userop_service/initialize/db.go:28
[38.950ms] [rows:-] SELECT count(*) FROM information_schema.statistics WHERE table_schema = 'mxshop_userop_service' AND table_name = 'userfavorite' AND index_name = 'idx_user_goods'
2022-09-13T21:52:01.691+0800	INFO	initialize/db.go:33	数据库连接成功
2022-09-13T21:52:01.691+0800	WARN	userop_service/main.go:27	release服务注册模式 

2022-09-13T21:52:01.703+0800	INFO	mode/release.go:28	获取 系统空闲端口 55405
2022-09-13T21:52:01.708+0800	INFO	initialize/consul.go:48	服务注册成功	{"port": 55405, "ID": "36e5de10-dcfe-4ecb-90be-12ec4a936c3d"}
2022-09-13T21:58:05.646+0800	INFO	mode/release.go:52	服务注销程	{"serviceID": "36e5de10-dcfe-4ecb-90be-12ec4a936c3d"}
2022-09-13T21:58:07.902+0800	INFO	initialize/logger.go:26	日志初始化成功

2022/09/13 21:58:08 D:/GOMOD/pkg/mod/gorm.io/driver/mysql@v1.3.6/migrator.go:250
[19.486ms] [rows:-] SELECT DATABASE()

2022/09/13 21:58:08 D:/GOMOD/pkg/mod/gorm.io/driver/mysql@v1.3.6/migrator.go:253
[51.897ms] [rows:1] SELECT SCHEMA_NAME from Information_schema.SCHEMATA where SCHEMA_NAME LIKE 'mxshop_userop_service%' ORDER BY SCHEMA_NAME='mxshop_userop_service' DESC,SCHEMA_NAME limit 1

2022/09/13 21:58:08 D:/C_Back/Go/Shop_service/userop_service/initialize/db.go:28
[39.334ms] [rows:-] SELECT count(*) FROM information_schema.tables WHERE table_schema = 'mxshop_userop_service' AND table_name = 'leavingmessages' AND table_type = 'BASE TABLE'

2022/09/13 21:58:08 D:/GOMOD/pkg/mod/gorm.io/driver/mysql@v1.3.6/migrator.go:250
[21.394ms] [rows:-] SELECT DATABASE()

2022/09/13 21:58:08 D:/GOMOD/pkg/mod/gorm.io/driver/mysql@v1.3.6/migrator.go:253
[43.914ms] [rows:1] SELECT SCHEMA_NAME from Information_schema.SCHEMATA where SCHEMA_NAME LIKE 'mxshop_userop_service%' ORDER BY SCHEMA_NAME='mxshop_userop_service' DESC,SCHEMA_NAME limit 1

2022/09/13 21:58:08 D:/GOMOD/pkg/mod/gorm.io/driver/mysql@v1.3.6/migrator.go:163
[29.020ms] [rows:-] SELECT * FROM `leavingmessages` LIMIT 1

2022/09/13 21:58:08 D:/GOMOD/pkg/mod/gorm.io/driver/mysql@v1.3.6/migrator.go:181
[51.965ms] [rows:-] SELECT column_name, column_default, is_nullable = 'YES', data_type, character_maximum_length, column_type, column_key, extra, column_comment, numeric_precision, numeric_scale , datetime_precision FROM information_schema.columns WHERE table_schema = 'mxshop_userop_service' AND table_name = 'leavingmessages' ORDER BY ORDINAL_POSITION

2022/09/13 21:58:08 D:/GOMOD/pkg/mod/gorm.io/driver/mysql@v1.3.6/migrator.go:47
[30.698ms] [rows:0] ALTER TABLE `leavingmessages` MODIFY COLUMN `is_deleted` boolean

2022/09/13 21:58:08 D:/GOMOD/pkg/mod/gorm.io/driver/mysql@v1.3.6/migrator.go:47
[29.771ms] [rows:0] ALTER TABLE `leavingmessages` MODIFY COLUMN `message_type` int comment '留言类型: 1(留言),2(投诉),3(询问),4(售后),5(求购)'

2022/09/13 21:58:08 D:/GOMOD/pkg/mod/gorm.io/driver/mysql@v1.3.6/migrator.go:250
[18.800ms] [rows:-] SELECT DATABASE()

2022/09/13 21:58:08 D:/GOMOD/pkg/mod/gorm.io/driver/mysql@v1.3.6/migrator.go:253
[39.817ms] [rows:1] SELECT SCHEMA_NAME from Information_schema.SCHEMATA where SCHEMA_NAME LIKE 'mxshop_userop_service%' ORDER BY SCHEMA_NAME='mxshop_userop_service' DESC,SCHEMA_NAME limit 1

2022/09/13 21:58:08 D:/C_Back/Go/Shop_service/userop_service/initialize/db.go:28
[38.886ms] [rows:-] SELECT count(*) FROM information_schema.statistics WHERE table_schema = 'mxshop_userop_service' AND table_name = 'leavingmessages' AND index_name = 'idx_leavingmessages_user'

2022/09/13 21:58:08 D:/GOMOD/pkg/mod/gorm.io/driver/mysql@v1.3.6/migrator.go:250
[19.809ms] [rows:-] SELECT DATABASE()

2022/09/13 21:58:08 D:/GOMOD/pkg/mod/gorm.io/driver/mysql@v1.3.6/migrator.go:253
[43.182ms] [rows:1] SELECT SCHEMA_NAME from Information_schema.SCHEMATA where SCHEMA_NAME LIKE 'mxshop_userop_service%' ORDER BY SCHEMA_NAME='mxshop_userop_service' DESC,SCHEMA_NAME limit 1

2022/09/13 21:58:08 D:/C_Back/Go/Shop_service/userop_service/initialize/db.go:28
[40.519ms] [rows:-] SELECT count(*) FROM information_schema.tables WHERE table_schema = 'mxshop_userop_service' AND table_name = 'addresses' AND table_type = 'BASE TABLE'

2022/09/13 21:58:08 D:/GOMOD/pkg/mod/gorm.io/driver/mysql@v1.3.6/migrator.go:250
[22.511ms] [rows:-] SELECT DATABASE()

2022/09/13 21:58:08 D:/GOMOD/pkg/mod/gorm.io/driver/mysql@v1.3.6/migrator.go:253
[39.099ms] [rows:1] SELECT SCHEMA_NAME from Information_schema.SCHEMATA where SCHEMA_NAME LIKE 'mxshop_userop_service%' ORDER BY SCHEMA_NAME='mxshop_userop_service' DESC,SCHEMA_NAME limit 1

2022/09/13 21:58:08 D:/GOMOD/pkg/mod/gorm.io/driver/mysql@v1.3.6/migrator.go:163
[19.512ms] [rows:-] SELECT * FROM `addresses` LIMIT 1

2022/09/13 21:58:08 D:/GOMOD/pkg/mod/gorm.io/driver/mysql@v1.3.6/migrator.go:181
[40.354ms] [rows:-] SELECT column_name, column_default, is_nullable = 'YES', data_type, character_maximum_length, column_type, column_key, extra, column_comment, numeric_precision, numeric_scale , datetime_precision FROM information_schema.columns WHERE table_schema = 'mxshop_userop_service' AND table_name = 'addresses' ORDER BY ORDINAL_POSITION

2022/09/13 21:58:08 D:/GOMOD/pkg/mod/gorm.io/driver/mysql@v1.3.6/migrator.go:47
[40.520ms] [rows:0] ALTER TABLE `addresses` MODIFY COLUMN `is_deleted` boolean

2022/09/13 21:58:08 D:/GOMOD/pkg/mod/gorm.io/driver/mysql@v1.3.6/migrator.go:250
[19.514ms] [rows:-] SELECT DATABASE()

2022/09/13 21:58:08 D:/GOMOD/pkg/mod/gorm.io/driver/mysql@v1.3.6/migrator.go:253
[44.022ms] [rows:1] SELECT SCHEMA_NAME from Information_schema.SCHEMATA where SCHEMA_NAME LIKE 'mxshop_userop_service%' ORDER BY SCHEMA_NAME='mxshop_userop_service' DESC,SCHEMA_NAME limit 1

2022/09/13 21:58:08 D:/C_Back/Go/Shop_service/userop_service/initialize/db.go:28
[40.565ms] [rows:-] SELECT count(*) FROM information_schema.statistics WHERE table_schema = 'mxshop_userop_service' AND table_name = 'addresses' AND index_name = 'idx_addresses_user'

2022/09/13 21:58:08 D:/GOMOD/pkg/mod/gorm.io/driver/mysql@v1.3.6/migrator.go:250
[19.525ms] [rows:-] SELECT DATABASE()

2022/09/13 21:58:08 D:/GOMOD/pkg/mod/gorm.io/driver/mysql@v1.3.6/migrator.go:253
[39.707ms] [rows:1] SELECT SCHEMA_NAME from Information_schema.SCHEMATA where SCHEMA_NAME LIKE 'mxshop_userop_service%' ORDER BY SCHEMA_NAME='mxshop_userop_service' DESC,SCHEMA_NAME limit 1

2022/09/13 21:58:08 D:/C_Back/Go/Shop_service/userop_service/initialize/db.go:28
[39.005ms] [rows:-] SELECT count(*) FROM information_schema.tables WHERE table_schema = 'mxshop_userop_service' AND table_name = 'userfavorite' AND table_type = 'BASE TABLE'

2022/09/13 21:58:08 D:/GOMOD/pkg/mod/gorm.io/driver/mysql@v1.3.6/migrator.go:250
[19.546ms] [rows:-] SELECT DATABASE()

2022/09/13 21:58:08 D:/GOMOD/pkg/mod/gorm.io/driver/mysql@v1.3.6/migrator.go:253
[39.619ms] [rows:1] SELECT SCHEMA_NAME from Information_schema.SCHEMATA where SCHEMA_NAME LIKE 'mxshop_userop_service%' ORDER BY SCHEMA_NAME='mxshop_userop_service' DESC,SCHEMA_NAME limit 1

2022/09/13 21:58:09 D:/GOMOD/pkg/mod/gorm.io/driver/mysql@v1.3.6/migrator.go:163
[20.759ms] [rows:-] SELECT * FROM `userfavorite` LIMIT 1

2022/09/13 21:58:09 D:/GOMOD/pkg/mod/gorm.io/driver/mysql@v1.3.6/migrator.go:181
[40.558ms] [rows:-] SELECT column_name, column_default, is_nullable = 'YES', data_type, character_maximum_length, column_type, column_key, extra, column_comment, numeric_precision, numeric_scale , datetime_precision FROM information_schema.columns WHERE table_schema = 'mxshop_userop_service' AND table_name = 'userfavorite' ORDER BY ORDINAL_POSITION

2022/09/13 21:58:09 D:/GOMOD/pkg/mod/gorm.io/driver/mysql@v1.3.6/migrator.go:47
[29.485ms] [rows:0] ALTER TABLE `userfavorite` MODIFY COLUMN `is_deleted` boolean

2022/09/13 21:58:09 D:/GOMOD/pkg/mod/gorm.io/driver/mysql@v1.3.6/migrator.go:250
[19.254ms] [rows:-] SELECT DATABASE()

2022/09/13 21:58:09 D:/GOMOD/pkg/mod/gorm.io/driver/mysql@v1.3.6/migrator.go:253
[46.422ms] [rows:1] SELECT SCHEMA_NAME from Information_schema.SCHEMATA where SCHEMA_NAME LIKE 'mxshop_userop_service%' ORDER BY SCHEMA_NAME='mxshop_userop_service' DESC,SCHEMA_NAME limit 1

2022/09/13 21:58:09 D:/C_Back/Go/Shop_service/userop_service/initialize/db.go:28
[41.782ms] [rows:-] SELECT count(*) FROM information_schema.statistics WHERE table_schema = 'mxshop_userop_service' AND table_name = 'userfavorite' AND index_name = 'idx_user_goods'
2022-09-13T21:58:09.180+0800	INFO	initialize/db.go:33	数据库连接成功
2022-09-13T21:58:09.180+0800	WARN	userop_service/main.go:24	debug本地调试模式 

2022-09-13T21:58:09.180+0800	INFO	mode/debug.go:21	服务启动成功 端口 127.0.0.1:8000
2022-09-13T21:58:19.768+0800	INFO	handler/userfavorite.go:53	Info	{"method": "AddUserFavorite", "request": "userId:26 goodsId:422"}

2022/09/13 21:58:19 D:/C_Back/Go/Shop_service/userop_service/handler/userfavorite.go:59
[90.249ms] [rows:1] INSERT INTO `userfavorite` (`add_time`,`update_time`,`deleted_at`,`is_deleted`,`user`,`goods`) VALUES ('2022-09-13 21:58:19.788','2022-09-13 21:58:19.788',NULL,false,26,422)
2022-09-13T22:09:45.041+0800	INFO	handler/userfavorite.go:23	Info	{"method": "GetFavoriteList", "request": "userId:26"}

2022/09/13 22:09:45 D:/C_Back/Go/Shop_service/userop_service/handler/userfavorite.go:27
[45.458ms] [rows:1] SELECT * FROM `userfavorite` WHERE `userfavorite`.`user` = 26 AND `userfavorite`.`deleted_at` IS NULL
2022-09-13T22:10:02.593+0800	INFO	handler/userfavorite.go:23	Info	{"method": "GetFavoriteList", "request": "userId:26"}

2022/09/13 22:10:02 D:/C_Back/Go/Shop_service/userop_service/handler/userfavorite.go:27
[42.613ms] [rows:1] SELECT * FROM `userfavorite` WHERE `userfavorite`.`user` = 26 AND `userfavorite`.`deleted_at` IS NULL
2022-09-13T22:11:52.252+0800	INFO	handler/userfavorite.go:23	Info	{"method": "GetFavoriteList", "request": "userId:26"}

2022/09/13 22:11:52 D:/C_Back/Go/Shop_service/userop_service/handler/userfavorite.go:27
[55.365ms] [rows:1] SELECT * FROM `userfavorite` WHERE `userfavorite`.`user` = 26 AND `userfavorite`.`deleted_at` IS NULL
2022-09-13T22:12:55.096+0800	INFO	handler/userfavorite.go:53	Info	{"method": "AddUserFavorite", "request": "userId:26 goodsId:423"}

2022/09/13 22:12:55 D:/C_Back/Go/Shop_service/userop_service/handler/userfavorite.go:59
[89.196ms] [rows:1] INSERT INTO `userfavorite` (`add_time`,`update_time`,`deleted_at`,`is_deleted`,`user`,`goods`) VALUES ('2022-09-13 22:12:55.118','2022-09-13 22:12:55.118',NULL,false,26,423)
2022-09-13T22:12:58.164+0800	INFO	handler/userfavorite.go:23	Info	{"method": "GetFavoriteList", "request": "userId:26"}

2022/09/13 22:12:58 D:/C_Back/Go/Shop_service/userop_service/handler/userfavorite.go:27
[39.922ms] [rows:2] SELECT * FROM `userfavorite` WHERE `userfavorite`.`user` = 26 AND `userfavorite`.`deleted_at` IS NULL
2022-09-13T22:18:20.281+0800	INFO	handler/userfavorite.go:23	Info	{"method": "GetFavoriteList", "request": "userId:26"}

2022/09/13 22:18:20 D:/C_Back/Go/Shop_service/userop_service/handler/userfavorite.go:27
[58.829ms] [rows:2] SELECT * FROM `userfavorite` WHERE `userfavorite`.`user` = 26 AND `userfavorite`.`deleted_at` IS NULL
