2022-08-09T18:35:12.827+0800	INFO	initialize/logger.go:23	日志初始化成功

2022/08/09 18:35:19 D:/GOMOD/pkg/mod/gorm.io/driver/mysql@v1.3.5/migrator.go:250
[88.357ms] [rows:-] SELECT DATABASE()

2022/08/09 18:35:19 D:/GOMOD/pkg/mod/gorm.io/driver/mysql@v1.3.5/migrator.go:253
[182.591ms] [rows:1] SELECT SCHEMA_NAME from Information_schema.SCHEMATA where SCHEMA_NAME LIKE 'mxshop_goods_service%' ORDER BY SCHEMA_NAME='mxshop_goods_service' DESC,SCHEMA_NAME limit 1

2022/08/09 18:35:20 D:/C_Back/Go/Shop_service/goods_service/initialize/db.go:32
[178.218ms] [rows:-] SELECT count(*) FROM information_schema.tables WHERE table_schema = 'mxshop_goods_service' AND table_name = 'categories' AND table_type = 'BASE TABLE'

2022/08/09 18:35:20 D:/GOMOD/pkg/mod/gorm.io/driver/mysql@v1.3.5/migrator.go:250
[65.222ms] [rows:-] SELECT DATABASE()

2022/08/09 18:35:20 D:/GOMOD/pkg/mod/gorm.io/driver/mysql@v1.3.5/migrator.go:253
[170.188ms] [rows:1] SELECT SCHEMA_NAME from Information_schema.SCHEMATA where SCHEMA_NAME LIKE 'mxshop_goods_service%' ORDER BY SCHEMA_NAME='mxshop_goods_service' DESC,SCHEMA_NAME limit 1

2022/08/09 18:35:20 D:/GOMOD/pkg/mod/gorm.io/driver/mysql@v1.3.5/migrator.go:163
[59.555ms] [rows:-] SELECT * FROM `categories` LIMIT 1

2022/08/09 18:35:20 D:/GOMOD/pkg/mod/gorm.io/driver/mysql@v1.3.5/migrator.go:181
[178.793ms] [rows:-] SELECT column_name, column_default, is_nullable = 'YES', data_type, character_maximum_length, column_type, column_key, extra, column_comment, numeric_precision, numeric_scale , datetime_precision FROM information_schema.columns WHERE table_schema = 'mxshop_goods_service' AND table_name = 'categories' ORDER BY ORDINAL_POSITION

2022/08/09 18:35:20 D:/GOMOD/pkg/mod/gorm.io/driver/mysql@v1.3.5/migrator.go:47
[59.494ms] [rows:0] ALTER TABLE `categories` MODIFY COLUMN `is_deleted` boolean

2022/08/09 18:35:20 D:/GOMOD/pkg/mod/gorm.io/driver/mysql@v1.3.5/migrator.go:47
[99.413ms] [rows:0] ALTER TABLE `categories` MODIFY COLUMN `is_tab` boolean NOT NULL DEFAULT false

2022/08/09 18:35:20 D:/GOMOD/pkg/mod/gorm.io/driver/mysql@v1.3.5/migrator.go:250
[78.814ms] [rows:-] SELECT DATABASE()

2022/08/09 18:35:20 D:/GOMOD/pkg/mod/gorm.io/driver/mysql@v1.3.5/migrator.go:253
[170.257ms] [rows:1] SELECT SCHEMA_NAME from Information_schema.SCHEMATA where SCHEMA_NAME LIKE 'mxshop_goods_service%' ORDER BY SCHEMA_NAME='mxshop_goods_service' DESC,SCHEMA_NAME limit 1

2022/08/09 18:35:21 D:/C_Back/Go/Shop_service/goods_service/initialize/db.go:32
[165.216ms] [rows:-] SELECT count(*) FROM INFORMATION_SCHEMA.table_constraints WHERE constraint_schema = 'mxshop_goods_service' AND table_name = 'categories' AND constraint_name = 'fk_categories_sub_category'

2022/08/09 18:35:21 D:/GOMOD/pkg/mod/gorm.io/driver/mysql@v1.3.5/migrator.go:250
[63.614ms] [rows:-] SELECT DATABASE()

2022/08/09 18:35:21 D:/GOMOD/pkg/mod/gorm.io/driver/mysql@v1.3.5/migrator.go:253
[169.569ms] [rows:1] SELECT SCHEMA_NAME from Information_schema.SCHEMATA where SCHEMA_NAME LIKE 'mxshop_goods_service%' ORDER BY SCHEMA_NAME='mxshop_goods_service' DESC,SCHEMA_NAME limit 1

2022/08/09 18:35:21 D:/C_Back/Go/Shop_service/goods_service/initialize/db.go:32
[149.424ms] [rows:-] SELECT count(*) FROM information_schema.tables WHERE table_schema = 'mxshop_goods_service' AND table_name = 'brands' AND table_type = 'BASE TABLE'

2022/08/09 18:35:21 D:/GOMOD/pkg/mod/gorm.io/driver/mysql@v1.3.5/migrator.go:250
[59.038ms] [rows:-] SELECT DATABASE()

2022/08/09 18:35:21 D:/GOMOD/pkg/mod/gorm.io/driver/mysql@v1.3.5/migrator.go:253
[179.720ms] [rows:1] SELECT SCHEMA_NAME from Information_schema.SCHEMATA where SCHEMA_NAME LIKE 'mxshop_goods_service%' ORDER BY SCHEMA_NAME='mxshop_goods_service' DESC,SCHEMA_NAME limit 1

2022/08/09 18:35:21 D:/GOMOD/pkg/mod/gorm.io/driver/mysql@v1.3.5/migrator.go:163
[59.539ms] [rows:-] SELECT * FROM `brands` LIMIT 1

2022/08/09 18:35:22 D:/GOMOD/pkg/mod/gorm.io/driver/mysql@v1.3.5/migrator.go:181
[180.246ms] [rows:-] SELECT column_name, column_default, is_nullable = 'YES', data_type, character_maximum_length, column_type, column_key, extra, column_comment, numeric_precision, numeric_scale , datetime_precision FROM information_schema.columns WHERE table_schema = 'mxshop_goods_service' AND table_name = 'brands' ORDER BY ORDINAL_POSITION

2022/08/09 18:35:22 D:/GOMOD/pkg/mod/gorm.io/driver/mysql@v1.3.5/migrator.go:47
[178.879ms] [rows:113] ALTER TABLE `brands` MODIFY COLUMN `add_time` datetime(3) NULL

2022/08/09 18:35:22 D:/GOMOD/pkg/mod/gorm.io/driver/mysql@v1.3.5/migrator.go:47
[189.025ms] [rows:113] ALTER TABLE `brands` MODIFY COLUMN `update_time` datetime(3) NULL

2022/08/09 18:35:22 D:/C_Back/Go/Shop_service/goods_service/initialize/db.go:32
[210.474ms] [rows:0] ALTER TABLE `brands` ADD `deleted_at` datetime(3) NULL

2022/08/09 18:35:22 D:/GOMOD/pkg/mod/gorm.io/driver/mysql@v1.3.5/migrator.go:47
[59.450ms] [rows:0] ALTER TABLE `brands` MODIFY COLUMN `is_deleted` boolean

2022/08/09 18:35:22 D:/GOMOD/pkg/mod/gorm.io/driver/mysql@v1.3.5/migrator.go:47 Error 1265: Data truncated for column 'name' at row 76
[149.076ms] [rows:0] ALTER TABLE `brands` MODIFY COLUMN `name` varchar(20) NOT NULL
2022-08-09T18:36:39.329+0800	INFO	initialize/logger.go:23	日志初始化成功

2022/08/09 18:36:42 D:/GOMOD/pkg/mod/gorm.io/driver/mysql@v1.3.5/migrator.go:250
[45.647ms] [rows:-] SELECT DATABASE()

2022/08/09 18:36:42 D:/GOMOD/pkg/mod/gorm.io/driver/mysql@v1.3.5/migrator.go:253
[179.499ms] [rows:1] SELECT SCHEMA_NAME from Information_schema.SCHEMATA where SCHEMA_NAME LIKE 'mxshop_goods_service%' ORDER BY SCHEMA_NAME='mxshop_goods_service' DESC,SCHEMA_NAME limit 1

2022/08/09 18:36:42 D:/C_Back/Go/Shop_service/goods_service/initialize/db.go:32
[159.218ms] [rows:-] SELECT count(*) FROM information_schema.tables WHERE table_schema = 'mxshop_goods_service' AND table_name = 'categories' AND table_type = 'BASE TABLE'

2022/08/09 18:36:42 D:/GOMOD/pkg/mod/gorm.io/driver/mysql@v1.3.5/migrator.go:250
[69.520ms] [rows:-] SELECT DATABASE()

2022/08/09 18:36:43 D:/GOMOD/pkg/mod/gorm.io/driver/mysql@v1.3.5/migrator.go:253
[180.675ms] [rows:1] SELECT SCHEMA_NAME from Information_schema.SCHEMATA where SCHEMA_NAME LIKE 'mxshop_goods_service%' ORDER BY SCHEMA_NAME='mxshop_goods_service' DESC,SCHEMA_NAME limit 1

2022/08/09 18:36:43 D:/GOMOD/pkg/mod/gorm.io/driver/mysql@v1.3.5/migrator.go:163
[68.545ms] [rows:-] SELECT * FROM `categories` LIMIT 1

2022/08/09 18:36:43 D:/GOMOD/pkg/mod/gorm.io/driver/mysql@v1.3.5/migrator.go:181
[179.401ms] [rows:-] SELECT column_name, column_default, is_nullable = 'YES', data_type, character_maximum_length, column_type, column_key, extra, column_comment, numeric_precision, numeric_scale , datetime_precision FROM information_schema.columns WHERE table_schema = 'mxshop_goods_service' AND table_name = 'categories' ORDER BY ORDINAL_POSITION

2022/08/09 18:36:43 D:/GOMOD/pkg/mod/gorm.io/driver/mysql@v1.3.5/migrator.go:47
[68.723ms] [rows:0] ALTER TABLE `categories` MODIFY COLUMN `is_deleted` boolean

2022/08/09 18:36:43 D:/GOMOD/pkg/mod/gorm.io/driver/mysql@v1.3.5/migrator.go:47
[99.313ms] [rows:0] ALTER TABLE `categories` MODIFY COLUMN `is_tab` boolean NOT NULL DEFAULT false

2022/08/09 18:36:43 D:/GOMOD/pkg/mod/gorm.io/driver/mysql@v1.3.5/migrator.go:250
[89.108ms] [rows:-] SELECT DATABASE()

2022/08/09 18:36:43 D:/GOMOD/pkg/mod/gorm.io/driver/mysql@v1.3.5/migrator.go:253
[181.872ms] [rows:1] SELECT SCHEMA_NAME from Information_schema.SCHEMATA where SCHEMA_NAME LIKE 'mxshop_goods_service%' ORDER BY SCHEMA_NAME='mxshop_goods_service' DESC,SCHEMA_NAME limit 1

2022/08/09 18:36:43 D:/C_Back/Go/Shop_service/goods_service/initialize/db.go:32
[178.273ms] [rows:-] SELECT count(*) FROM INFORMATION_SCHEMA.table_constraints WHERE constraint_schema = 'mxshop_goods_service' AND table_name = 'categories' AND constraint_name = 'fk_categories_sub_category'

2022/08/09 18:36:43 D:/GOMOD/pkg/mod/gorm.io/driver/mysql@v1.3.5/migrator.go:250
[68.281ms] [rows:-] SELECT DATABASE()

2022/08/09 18:36:44 D:/GOMOD/pkg/mod/gorm.io/driver/mysql@v1.3.5/migrator.go:253
[179.516ms] [rows:1] SELECT SCHEMA_NAME from Information_schema.SCHEMATA where SCHEMA_NAME LIKE 'mxshop_goods_service%' ORDER BY SCHEMA_NAME='mxshop_goods_service' DESC,SCHEMA_NAME limit 1

2022/08/09 18:36:44 D:/C_Back/Go/Shop_service/goods_service/initialize/db.go:32
[159.150ms] [rows:-] SELECT count(*) FROM information_schema.tables WHERE table_schema = 'mxshop_goods_service' AND table_name = 'brands' AND table_type = 'BASE TABLE'

2022/08/09 18:36:44 D:/GOMOD/pkg/mod/gorm.io/driver/mysql@v1.3.5/migrator.go:250
[69.449ms] [rows:-] SELECT DATABASE()

2022/08/09 18:36:44 D:/GOMOD/pkg/mod/gorm.io/driver/mysql@v1.3.5/migrator.go:253
[140.398ms] [rows:1] SELECT SCHEMA_NAME from Information_schema.SCHEMATA where SCHEMA_NAME LIKE 'mxshop_goods_service%' ORDER BY SCHEMA_NAME='mxshop_goods_service' DESC,SCHEMA_NAME limit 1

2022/08/09 18:36:44 D:/GOMOD/pkg/mod/gorm.io/driver/mysql@v1.3.5/migrator.go:163
[69.550ms] [rows:-] SELECT * FROM `brands` LIMIT 1

2022/08/09 18:36:44 D:/GOMOD/pkg/mod/gorm.io/driver/mysql@v1.3.5/migrator.go:181
[186.491ms] [rows:-] SELECT column_name, column_default, is_nullable = 'YES', data_type, character_maximum_length, column_type, column_key, extra, column_comment, numeric_precision, numeric_scale , datetime_precision FROM information_schema.columns WHERE table_schema = 'mxshop_goods_service' AND table_name = 'brands' ORDER BY ORDINAL_POSITION

2022/08/09 18:36:44 D:/GOMOD/pkg/mod/gorm.io/driver/mysql@v1.3.5/migrator.go:47
[71.777ms] [rows:0] ALTER TABLE `brands` MODIFY COLUMN `is_deleted` boolean

2022/08/09 18:36:44 D:/GOMOD/pkg/mod/gorm.io/driver/mysql@v1.3.5/migrator.go:47
[100.662ms] [rows:0] ALTER TABLE `brands` MODIFY COLUMN `name` varchar(50) NOT NULL

2022/08/09 18:36:45 D:/GOMOD/pkg/mod/gorm.io/driver/mysql@v1.3.5/migrator.go:47
[217.679ms] [rows:0] ALTER TABLE `brands` MODIFY COLUMN `logo` varchar(200) NOT NULL DEFAULT ''

2022/08/09 18:36:45 D:/GOMOD/pkg/mod/gorm.io/driver/mysql@v1.3.5/migrator.go:250
[73.320ms] [rows:-] SELECT DATABASE()

2022/08/09 18:36:45 D:/GOMOD/pkg/mod/gorm.io/driver/mysql@v1.3.5/migrator.go:253
[136.149ms] [rows:1] SELECT SCHEMA_NAME from Information_schema.SCHEMATA where SCHEMA_NAME LIKE 'mxshop_goods_service%' ORDER BY SCHEMA_NAME='mxshop_goods_service' DESC,SCHEMA_NAME limit 1

2022/08/09 18:36:45 D:/C_Back/Go/Shop_service/goods_service/initialize/db.go:32
[159.001ms] [rows:-] SELECT count(*) FROM information_schema.tables WHERE table_schema = 'mxshop_goods_service' AND table_name = 'goodscategorybrand' AND table_type = 'BASE TABLE'

2022/08/09 18:36:45 D:/GOMOD/pkg/mod/gorm.io/driver/mysql@v1.3.5/migrator.go:250
[70.136ms] [rows:-] SELECT DATABASE()

2022/08/09 18:36:45 D:/GOMOD/pkg/mod/gorm.io/driver/mysql@v1.3.5/migrator.go:253
[179.844ms] [rows:1] SELECT SCHEMA_NAME from Information_schema.SCHEMATA where SCHEMA_NAME LIKE 'mxshop_goods_service%' ORDER BY SCHEMA_NAME='mxshop_goods_service' DESC,SCHEMA_NAME limit 1

2022/08/09 18:36:45 D:/GOMOD/pkg/mod/gorm.io/driver/mysql@v1.3.5/migrator.go:163
[70.611ms] [rows:-] SELECT * FROM `goodscategorybrand` LIMIT 1

2022/08/09 18:36:46 D:/GOMOD/pkg/mod/gorm.io/driver/mysql@v1.3.5/migrator.go:181
[188.505ms] [rows:-] SELECT column_name, column_default, is_nullable = 'YES', data_type, character_maximum_length, column_type, column_key, extra, column_comment, numeric_precision, numeric_scale , datetime_precision FROM information_schema.columns WHERE table_schema = 'mxshop_goods_service' AND table_name = 'goodscategorybrand' ORDER BY ORDINAL_POSITION

2022/08/09 18:36:46 D:/GOMOD/pkg/mod/gorm.io/driver/mysql@v1.3.5/migrator.go:47
[250.966ms] [rows:1801] ALTER TABLE `goodscategorybrand` MODIFY COLUMN `add_time` datetime(3) NULL

2022/08/09 18:36:46 D:/GOMOD/pkg/mod/gorm.io/driver/mysql@v1.3.5/migrator.go:47
[298.439ms] [rows:1801] ALTER TABLE `goodscategorybrand` MODIFY COLUMN `update_time` datetime(3) NULL

2022/08/09 18:36:46 D:/C_Back/Go/Shop_service/goods_service/initialize/db.go:32
[329.543ms] [rows:0] ALTER TABLE `goodscategorybrand` ADD `deleted_at` datetime(3) NULL

2022/08/09 18:36:47 D:/GOMOD/pkg/mod/gorm.io/driver/mysql@v1.3.5/migrator.go:47
[68.665ms] [rows:0] ALTER TABLE `goodscategorybrand` MODIFY COLUMN `is_deleted` boolean

2022/08/09 18:36:47 D:/C_Back/Go/Shop_service/goods_service/initialize/db.go:32
[320.364ms] [rows:0] ALTER TABLE `goodscategorybrand` ADD `brands_id` int

2022/08/09 18:36:47 D:/GOMOD/pkg/mod/gorm.io/driver/mysql@v1.3.5/migrator.go:250
[69.059ms] [rows:-] SELECT DATABASE()

2022/08/09 18:36:47 D:/GOMOD/pkg/mod/gorm.io/driver/mysql@v1.3.5/migrator.go:253
[180.077ms] [rows:1] SELECT SCHEMA_NAME from Information_schema.SCHEMATA where SCHEMA_NAME LIKE 'mxshop_goods_service%' ORDER BY SCHEMA_NAME='mxshop_goods_service' DESC,SCHEMA_NAME limit 1

2022/08/09 18:36:47 D:/C_Back/Go/Shop_service/goods_service/initialize/db.go:32
[170.379ms] [rows:-] SELECT count(*) FROM INFORMATION_SCHEMA.table_constraints WHERE constraint_schema = 'mxshop_goods_service' AND table_name = 'goodscategorybrand' AND constraint_name = 'fk_goodscategorybrand_category'

2022/08/09 18:36:47 D:/C_Back/Go/Shop_service/goods_service/initialize/db.go:32 Error 1452: Cannot add or update a child row: a foreign key constraint fails (`mxshop_goods_service`.`#sql-605_23d`, CONSTRAINT `fk_goodscategorybrand_category` FOREIGN KEY (`category_id`) REFERENCES `categories` (`id`))
[158.967ms] [rows:0] ALTER TABLE `goodscategorybrand` ADD CONSTRAINT `fk_goodscategorybrand_category` FOREIGN KEY (`category_id`) REFERENCES `categories`(`id`)
2022-08-09T18:42:03.056+0800	INFO	initialize/logger.go:23	日志初始化成功

2022/08/09 18:42:06 D:/GOMOD/pkg/mod/gorm.io/driver/mysql@v1.3.5/migrator.go:250
[94.165ms] [rows:-] SELECT DATABASE()

2022/08/09 18:42:06 D:/GOMOD/pkg/mod/gorm.io/driver/mysql@v1.3.5/migrator.go:253
[188.341ms] [rows:1] SELECT SCHEMA_NAME from Information_schema.SCHEMATA where SCHEMA_NAME LIKE 'mxshop_goods_service%' ORDER BY SCHEMA_NAME='mxshop_goods_service' DESC,SCHEMA_NAME limit 1

2022/08/09 18:42:06 D:/C_Back/Go/Shop_service/goods_service/initialize/db.go:32
[160.611ms] [rows:-] SELECT count(*) FROM information_schema.tables WHERE table_schema = 'mxshop_goods_service' AND table_name = 'category' AND table_type = 'BASE TABLE'

2022/08/09 18:42:06 D:/GOMOD/pkg/mod/gorm.io/driver/mysql@v1.3.5/migrator.go:250
[68.769ms] [rows:-] SELECT DATABASE()

2022/08/09 18:42:06 D:/GOMOD/pkg/mod/gorm.io/driver/mysql@v1.3.5/migrator.go:253
[180.363ms] [rows:1] SELECT SCHEMA_NAME from Information_schema.SCHEMATA where SCHEMA_NAME LIKE 'mxshop_goods_service%' ORDER BY SCHEMA_NAME='mxshop_goods_service' DESC,SCHEMA_NAME limit 1

2022/08/09 18:42:06 D:/GOMOD/pkg/mod/gorm.io/driver/mysql@v1.3.5/migrator.go:163
[69.503ms] [rows:-] SELECT * FROM `category` LIMIT 1

2022/08/09 18:42:07 D:/GOMOD/pkg/mod/gorm.io/driver/mysql@v1.3.5/migrator.go:181
[151.720ms] [rows:-] SELECT column_name, column_default, is_nullable = 'YES', data_type, character_maximum_length, column_type, column_key, extra, column_comment, numeric_precision, numeric_scale , datetime_precision FROM information_schema.columns WHERE table_schema = 'mxshop_goods_service' AND table_name = 'category' ORDER BY ORDINAL_POSITION

2022/08/09 18:42:07 D:/GOMOD/pkg/mod/gorm.io/driver/mysql@v1.3.5/migrator.go:47
[256.452ms] [rows:371] ALTER TABLE `category` MODIFY COLUMN `add_time` datetime(3) NULL

2022/08/09 18:42:07 D:/GOMOD/pkg/mod/gorm.io/driver/mysql@v1.3.5/migrator.go:47
[219.193ms] [rows:371] ALTER TABLE `category` MODIFY COLUMN `update_time` datetime(3) NULL

2022/08/09 18:42:07 D:/C_Back/Go/Shop_service/goods_service/initialize/db.go:32
[288.419ms] [rows:0] ALTER TABLE `category` ADD `deleted_at` datetime(3) NULL

2022/08/09 18:42:07 D:/GOMOD/pkg/mod/gorm.io/driver/mysql@v1.3.5/migrator.go:47
[69.498ms] [rows:0] ALTER TABLE `category` MODIFY COLUMN `is_deleted` boolean

2022/08/09 18:42:08 D:/GOMOD/pkg/mod/gorm.io/driver/mysql@v1.3.5/migrator.go:47
[246.773ms] [rows:371] ALTER TABLE `category` MODIFY COLUMN `name` varchar(20) NOT NULL

2022/08/09 18:42:08 D:/GOMOD/pkg/mod/gorm.io/driver/mysql@v1.3.5/migrator.go:47
[73.940ms] [rows:0] ALTER TABLE `category` MODIFY COLUMN `level` int NOT NULL DEFAULT 1

2022/08/09 18:42:08 D:/GOMOD/pkg/mod/gorm.io/driver/mysql@v1.3.5/migrator.go:47
[67.540ms] [rows:0] ALTER TABLE `category` MODIFY COLUMN `is_tab` boolean NOT NULL DEFAULT false

2022/08/09 18:42:08 D:/GOMOD/pkg/mod/gorm.io/driver/mysql@v1.3.5/migrator.go:250
[89.077ms] [rows:-] SELECT DATABASE()

2022/08/09 18:42:08 D:/GOMOD/pkg/mod/gorm.io/driver/mysql@v1.3.5/migrator.go:253
[180.838ms] [rows:1] SELECT SCHEMA_NAME from Information_schema.SCHEMATA where SCHEMA_NAME LIKE 'mxshop_goods_service%' ORDER BY SCHEMA_NAME='mxshop_goods_service' DESC,SCHEMA_NAME limit 1

2022/08/09 18:42:08 D:/C_Back/Go/Shop_service/goods_service/initialize/db.go:32
[158.721ms] [rows:-] SELECT count(*) FROM INFORMATION_SCHEMA.table_constraints WHERE constraint_schema = 'mxshop_goods_service' AND table_name = 'category' AND constraint_name = 'fk_category_sub_category'

2022/08/09 18:42:08 D:/C_Back/Go/Shop_service/goods_service/initialize/db.go:32
[238.445ms] [rows:371] ALTER TABLE `category` ADD CONSTRAINT `fk_category_sub_category` FOREIGN KEY (`parent_category_id`) REFERENCES `category`(`id`)

2022/08/09 18:42:09 D:/GOMOD/pkg/mod/gorm.io/driver/mysql@v1.3.5/migrator.go:250
[89.972ms] [rows:-] SELECT DATABASE()

2022/08/09 18:42:09 D:/GOMOD/pkg/mod/gorm.io/driver/mysql@v1.3.5/migrator.go:253
[180.108ms] [rows:1] SELECT SCHEMA_NAME from Information_schema.SCHEMATA where SCHEMA_NAME LIKE 'mxshop_goods_service%' ORDER BY SCHEMA_NAME='mxshop_goods_service' DESC,SCHEMA_NAME limit 1

2022/08/09 18:42:09 D:/C_Back/Go/Shop_service/goods_service/initialize/db.go:32
[159.770ms] [rows:-] SELECT count(*) FROM information_schema.tables WHERE table_schema = 'mxshop_goods_service' AND table_name = 'brands' AND table_type = 'BASE TABLE'

2022/08/09 18:42:09 D:/GOMOD/pkg/mod/gorm.io/driver/mysql@v1.3.5/migrator.go:250
[88.350ms] [rows:-] SELECT DATABASE()

2022/08/09 18:42:09 D:/GOMOD/pkg/mod/gorm.io/driver/mysql@v1.3.5/migrator.go:253
[181.595ms] [rows:1] SELECT SCHEMA_NAME from Information_schema.SCHEMATA where SCHEMA_NAME LIKE 'mxshop_goods_service%' ORDER BY SCHEMA_NAME='mxshop_goods_service' DESC,SCHEMA_NAME limit 1

2022/08/09 18:42:09 D:/GOMOD/pkg/mod/gorm.io/driver/mysql@v1.3.5/migrator.go:163
[69.587ms] [rows:-] SELECT * FROM `brands` LIMIT 1

2022/08/09 18:42:09 D:/GOMOD/pkg/mod/gorm.io/driver/mysql@v1.3.5/migrator.go:181
[179.287ms] [rows:-] SELECT column_name, column_default, is_nullable = 'YES', data_type, character_maximum_length, column_type, column_key, extra, column_comment, numeric_precision, numeric_scale , datetime_precision FROM information_schema.columns WHERE table_schema = 'mxshop_goods_service' AND table_name = 'brands' ORDER BY ORDINAL_POSITION

2022/08/09 18:42:09 D:/GOMOD/pkg/mod/gorm.io/driver/mysql@v1.3.5/migrator.go:47
[68.049ms] [rows:0] ALTER TABLE `brands` MODIFY COLUMN `is_deleted` boolean

2022/08/09 18:42:10 D:/GOMOD/pkg/mod/gorm.io/driver/mysql@v1.3.5/migrator.go:47
[98.812ms] [rows:0] ALTER TABLE `brands` MODIFY COLUMN `name` varchar(50) NOT NULL

2022/08/09 18:42:10 D:/GOMOD/pkg/mod/gorm.io/driver/mysql@v1.3.5/migrator.go:250
[89.431ms] [rows:-] SELECT DATABASE()

2022/08/09 18:42:10 D:/GOMOD/pkg/mod/gorm.io/driver/mysql@v1.3.5/migrator.go:253
[180.111ms] [rows:1] SELECT SCHEMA_NAME from Information_schema.SCHEMATA where SCHEMA_NAME LIKE 'mxshop_goods_service%' ORDER BY SCHEMA_NAME='mxshop_goods_service' DESC,SCHEMA_NAME limit 1

2022/08/09 18:42:10 D:/C_Back/Go/Shop_service/goods_service/initialize/db.go:32
[169.369ms] [rows:-] SELECT count(*) FROM information_schema.tables WHERE table_schema = 'mxshop_goods_service' AND table_name = 'goodscategorybrand' AND table_type = 'BASE TABLE'

2022/08/09 18:42:10 D:/GOMOD/pkg/mod/gorm.io/driver/mysql@v1.3.5/migrator.go:250
[70.157ms] [rows:-] SELECT DATABASE()

2022/08/09 18:42:10 D:/GOMOD/pkg/mod/gorm.io/driver/mysql@v1.3.5/migrator.go:253
[180.131ms] [rows:1] SELECT SCHEMA_NAME from Information_schema.SCHEMATA where SCHEMA_NAME LIKE 'mxshop_goods_service%' ORDER BY SCHEMA_NAME='mxshop_goods_service' DESC,SCHEMA_NAME limit 1

2022/08/09 18:42:10 D:/GOMOD/pkg/mod/gorm.io/driver/mysql@v1.3.5/migrator.go:163
[70.968ms] [rows:-] SELECT * FROM `goodscategorybrand` LIMIT 1

2022/08/09 18:42:11 D:/GOMOD/pkg/mod/gorm.io/driver/mysql@v1.3.5/migrator.go:181
[181.956ms] [rows:-] SELECT column_name, column_default, is_nullable = 'YES', data_type, character_maximum_length, column_type, column_key, extra, column_comment, numeric_precision, numeric_scale , datetime_precision FROM information_schema.columns WHERE table_schema = 'mxshop_goods_service' AND table_name = 'goodscategorybrand' ORDER BY ORDINAL_POSITION

2022/08/09 18:42:11 D:/GOMOD/pkg/mod/gorm.io/driver/mysql@v1.3.5/migrator.go:47
[67.028ms] [rows:0] ALTER TABLE `goodscategorybrand` MODIFY COLUMN `is_deleted` boolean

2022/08/09 18:42:11 D:/GOMOD/pkg/mod/gorm.io/driver/mysql@v1.3.5/migrator.go:250
[117.719ms] [rows:-] SELECT DATABASE()

2022/08/09 18:42:11 D:/GOMOD/pkg/mod/gorm.io/driver/mysql@v1.3.5/migrator.go:253
[179.800ms] [rows:1] SELECT SCHEMA_NAME from Information_schema.SCHEMATA where SCHEMA_NAME LIKE 'mxshop_goods_service%' ORDER BY SCHEMA_NAME='mxshop_goods_service' DESC,SCHEMA_NAME limit 1

2022/08/09 18:42:11 D:/C_Back/Go/Shop_service/goods_service/initialize/db.go:32
[159.031ms] [rows:-] SELECT count(*) FROM INFORMATION_SCHEMA.table_constraints WHERE constraint_schema = 'mxshop_goods_service' AND table_name = 'goodscategorybrand' AND constraint_name = 'fk_goodscategorybrand_category'

2022/08/09 18:42:11 D:/C_Back/Go/Shop_service/goods_service/initialize/db.go:32
[259.086ms] [rows:1801] ALTER TABLE `goodscategorybrand` ADD CONSTRAINT `fk_goodscategorybrand_category` FOREIGN KEY (`category_id`) REFERENCES `category`(`id`)

2022/08/09 18:42:11 D:/GOMOD/pkg/mod/gorm.io/driver/mysql@v1.3.5/migrator.go:250
[99.534ms] [rows:-] SELECT DATABASE()

2022/08/09 18:42:12 D:/GOMOD/pkg/mod/gorm.io/driver/mysql@v1.3.5/migrator.go:253
[180.289ms] [rows:1] SELECT SCHEMA_NAME from Information_schema.SCHEMATA where SCHEMA_NAME LIKE 'mxshop_goods_service%' ORDER BY SCHEMA_NAME='mxshop_goods_service' DESC,SCHEMA_NAME limit 1

2022/08/09 18:42:12 D:/C_Back/Go/Shop_service/goods_service/initialize/db.go:32
[154.305ms] [rows:-] SELECT count(*) FROM INFORMATION_SCHEMA.table_constraints WHERE constraint_schema = 'mxshop_goods_service' AND table_name = 'goodscategorybrand' AND constraint_name = 'fk_goodscategorybrand_brands'

2022/08/09 18:42:12 D:/C_Back/Go/Shop_service/goods_service/initialize/db.go:32
[274.115ms] [rows:1801] ALTER TABLE `goodscategorybrand` ADD CONSTRAINT `fk_goodscategorybrand_brands` FOREIGN KEY (`brands_id`) REFERENCES `brands`(`id`)

2022/08/09 18:42:12 D:/GOMOD/pkg/mod/gorm.io/driver/mysql@v1.3.5/migrator.go:250
[89.110ms] [rows:-] SELECT DATABASE()

2022/08/09 18:42:12 D:/GOMOD/pkg/mod/gorm.io/driver/mysql@v1.3.5/migrator.go:253
[179.956ms] [rows:1] SELECT SCHEMA_NAME from Information_schema.SCHEMATA where SCHEMA_NAME LIKE 'mxshop_goods_service%' ORDER BY SCHEMA_NAME='mxshop_goods_service' DESC,SCHEMA_NAME limit 1

2022/08/09 18:42:12 D:/C_Back/Go/Shop_service/goods_service/initialize/db.go:32
[159.276ms] [rows:-] SELECT count(*) FROM information_schema.statistics WHERE table_schema = 'mxshop_goods_service' AND table_name = 'goodscategorybrand' AND index_name = 'idx_category_brand'

2022/08/09 18:42:13 D:/C_Back/Go/Shop_service/goods_service/initialize/db.go:32
[135.210ms] [rows:0] CREATE UNIQUE INDEX `idx_category_brand` ON `goodscategorybrand`(`category_id`,`brands_id`)

2022/08/09 18:42:13 D:/GOMOD/pkg/mod/gorm.io/driver/mysql@v1.3.5/migrator.go:250
[94.223ms] [rows:-] SELECT DATABASE()

2022/08/09 18:42:13 D:/GOMOD/pkg/mod/gorm.io/driver/mysql@v1.3.5/migrator.go:253
[179.106ms] [rows:1] SELECT SCHEMA_NAME from Information_schema.SCHEMATA where SCHEMA_NAME LIKE 'mxshop_goods_service%' ORDER BY SCHEMA_NAME='mxshop_goods_service' DESC,SCHEMA_NAME limit 1

2022/08/09 18:42:13 D:/C_Back/Go/Shop_service/goods_service/initialize/db.go:32
[158.200ms] [rows:-] SELECT count(*) FROM information_schema.tables WHERE table_schema = 'mxshop_goods_service' AND table_name = 'banners' AND table_type = 'BASE TABLE'

2022/08/09 18:42:13 D:/C_Back/Go/Shop_service/goods_service/initialize/db.go:32
[129.539ms] [rows:0] CREATE TABLE `banners` (`id` int AUTO_INCREMENT,`add_time` datetime(3) NULL,`update_time` datetime(3) NULL,`deleted_at` datetime(3) NULL,`is_deleted` boolean,`image` varchar(200) NOT NULL,`url` varchar(200) NOT NULL,`index` int NOT NULL DEFAULT 1,PRIMARY KEY (`id`))

2022/08/09 18:42:13 D:/GOMOD/pkg/mod/gorm.io/driver/mysql@v1.3.5/migrator.go:250
[99.858ms] [rows:-] SELECT DATABASE()

2022/08/09 18:42:13 D:/GOMOD/pkg/mod/gorm.io/driver/mysql@v1.3.5/migrator.go:253
[180.073ms] [rows:1] SELECT SCHEMA_NAME from Information_schema.SCHEMATA where SCHEMA_NAME LIKE 'mxshop_goods_service%' ORDER BY SCHEMA_NAME='mxshop_goods_service' DESC,SCHEMA_NAME limit 1

2022/08/09 18:42:14 D:/C_Back/Go/Shop_service/goods_service/initialize/db.go:32
[159.581ms] [rows:-] SELECT count(*) FROM information_schema.tables WHERE table_schema = 'mxshop_goods_service' AND table_name = 'goods' AND table_type = 'BASE TABLE'

2022/08/09 18:42:14 D:/GOMOD/pkg/mod/gorm.io/driver/mysql@v1.3.5/migrator.go:250
[69.692ms] [rows:-] SELECT DATABASE()

2022/08/09 18:42:14 D:/GOMOD/pkg/mod/gorm.io/driver/mysql@v1.3.5/migrator.go:253
[180.456ms] [rows:1] SELECT SCHEMA_NAME from Information_schema.SCHEMATA where SCHEMA_NAME LIKE 'mxshop_goods_service%' ORDER BY SCHEMA_NAME='mxshop_goods_service' DESC,SCHEMA_NAME limit 1

2022/08/09 18:42:14 D:/GOMOD/pkg/mod/gorm.io/driver/mysql@v1.3.5/migrator.go:163
[69.381ms] [rows:-] SELECT * FROM `goods` LIMIT 1

2022/08/09 18:42:14 D:/GOMOD/pkg/mod/gorm.io/driver/mysql@v1.3.5/migrator.go:181
[139.890ms] [rows:-] SELECT column_name, column_default, is_nullable = 'YES', data_type, character_maximum_length, column_type, column_key, extra, column_comment, numeric_precision, numeric_scale , datetime_precision FROM information_schema.columns WHERE table_schema = 'mxshop_goods_service' AND table_name = 'goods' ORDER BY ORDINAL_POSITION

2022/08/09 18:42:14 D:/GOMOD/pkg/mod/gorm.io/driver/mysql@v1.3.5/migrator.go:47
[439.607ms] [rows:425] ALTER TABLE `goods` MODIFY COLUMN `add_time` datetime(3) NULL

2022/08/09 18:42:15 D:/GOMOD/pkg/mod/gorm.io/driver/mysql@v1.3.5/migrator.go:47
[427.426ms] [rows:425] ALTER TABLE `goods` MODIFY COLUMN `update_time` datetime(3) NULL

2022/08/09 18:42:16 D:/C_Back/Go/Shop_service/goods_service/initialize/db.go:32
[599.108ms] [rows:0] ALTER TABLE `goods` ADD `deleted_at` datetime(3) NULL

2022/08/09 18:42:16 D:/GOMOD/pkg/mod/gorm.io/driver/mysql@v1.3.5/migrator.go:47
[70.526ms] [rows:0] ALTER TABLE `goods` MODIFY COLUMN `is_deleted` boolean

2022/08/09 18:42:16 D:/C_Back/Go/Shop_service/goods_service/initialize/db.go:32
[638.227ms] [rows:0] ALTER TABLE `goods` ADD `brands_id` int NOT NULL

2022/08/09 18:42:16 D:/GOMOD/pkg/mod/gorm.io/driver/mysql@v1.3.5/migrator.go:47
[69.362ms] [rows:0] ALTER TABLE `goods` MODIFY COLUMN `on_sale` boolean NOT NULL DEFAULT false

2022/08/09 18:42:16 D:/GOMOD/pkg/mod/gorm.io/driver/mysql@v1.3.5/migrator.go:47
[74.575ms] [rows:0] ALTER TABLE `goods` MODIFY COLUMN `ship_free` boolean NOT NULL DEFAULT false

2022/08/09 18:42:16 D:/GOMOD/pkg/mod/gorm.io/driver/mysql@v1.3.5/migrator.go:47
[64.569ms] [rows:0] ALTER TABLE `goods` MODIFY COLUMN `is_new` boolean NOT NULL DEFAULT false

2022/08/09 18:42:17 D:/GOMOD/pkg/mod/gorm.io/driver/mysql@v1.3.5/migrator.go:47
[99.690ms] [rows:0] ALTER TABLE `goods` MODIFY COLUMN `is_hot` boolean NOT NULL DEFAULT false

2022/08/09 18:42:17 D:/GOMOD/pkg/mod/gorm.io/driver/mysql@v1.3.5/migrator.go:47 Error 1406: Data too long for column 'name' at row 5
[113.756ms] [rows:0] ALTER TABLE `goods` MODIFY COLUMN `name` varchar(50) NOT NULL
2022-08-09T19:19:41.346+0800	INFO	initialize/logger.go:23	日志初始化成功

2022/08/09 19:19:44 D:/GOMOD/pkg/mod/gorm.io/driver/mysql@v1.3.5/migrator.go:250
[86.969ms] [rows:-] SELECT DATABASE()

2022/08/09 19:19:44 D:/GOMOD/pkg/mod/gorm.io/driver/mysql@v1.3.5/migrator.go:253
[179.954ms] [rows:1] SELECT SCHEMA_NAME from Information_schema.SCHEMATA where SCHEMA_NAME LIKE 'mxshop_goods_service%' ORDER BY SCHEMA_NAME='mxshop_goods_service' DESC,SCHEMA_NAME limit 1

2022/08/09 19:19:44 D:/C_Back/Go/Shop_service/goods_service/initialize/db.go:32
[168.956ms] [rows:-] SELECT count(*) FROM information_schema.tables WHERE table_schema = 'mxshop_goods_service' AND table_name = 'category' AND table_type = 'BASE TABLE'

2022/08/09 19:19:44 D:/GOMOD/pkg/mod/gorm.io/driver/mysql@v1.3.5/migrator.go:250
[69.475ms] [rows:-] SELECT DATABASE()

2022/08/09 19:19:45 D:/GOMOD/pkg/mod/gorm.io/driver/mysql@v1.3.5/migrator.go:253
[179.651ms] [rows:1] SELECT SCHEMA_NAME from Information_schema.SCHEMATA where SCHEMA_NAME LIKE 'mxshop_goods_service%' ORDER BY SCHEMA_NAME='mxshop_goods_service' DESC,SCHEMA_NAME limit 1

2022/08/09 19:19:45 D:/GOMOD/pkg/mod/gorm.io/driver/mysql@v1.3.5/migrator.go:163
[69.430ms] [rows:-] SELECT * FROM `category` LIMIT 1

2022/08/09 19:19:45 D:/GOMOD/pkg/mod/gorm.io/driver/mysql@v1.3.5/migrator.go:181
[179.158ms] [rows:-] SELECT column_name, column_default, is_nullable = 'YES', data_type, character_maximum_length, column_type, column_key, extra, column_comment, numeric_precision, numeric_scale , datetime_precision FROM information_schema.columns WHERE table_schema = 'mxshop_goods_service' AND table_name = 'category' ORDER BY ORDINAL_POSITION

2022/08/09 19:19:45 D:/GOMOD/pkg/mod/gorm.io/driver/mysql@v1.3.5/migrator.go:47
[69.561ms] [rows:0] ALTER TABLE `category` MODIFY COLUMN `is_deleted` boolean

2022/08/09 19:19:45 D:/GOMOD/pkg/mod/gorm.io/driver/mysql@v1.3.5/migrator.go:47
[89.046ms] [rows:0] ALTER TABLE `category` MODIFY COLUMN `is_tab` boolean NOT NULL DEFAULT false

2022/08/09 19:19:45 D:/GOMOD/pkg/mod/gorm.io/driver/mysql@v1.3.5/migrator.go:250
[89.405ms] [rows:-] SELECT DATABASE()

2022/08/09 19:19:45 D:/GOMOD/pkg/mod/gorm.io/driver/mysql@v1.3.5/migrator.go:253
[180.675ms] [rows:1] SELECT SCHEMA_NAME from Information_schema.SCHEMATA where SCHEMA_NAME LIKE 'mxshop_goods_service%' ORDER BY SCHEMA_NAME='mxshop_goods_service' DESC,SCHEMA_NAME limit 1

2022/08/09 19:19:45 D:/C_Back/Go/Shop_service/goods_service/initialize/db.go:32
[163.015ms] [rows:-] SELECT count(*) FROM INFORMATION_SCHEMA.table_constraints WHERE constraint_schema = 'mxshop_goods_service' AND table_name = 'category' AND constraint_name = 'fk_category_sub_category'

2022/08/09 19:19:45 D:/GOMOD/pkg/mod/gorm.io/driver/mysql@v1.3.5/migrator.go:250
[66.099ms] [rows:-] SELECT DATABASE()

2022/08/09 19:19:46 D:/GOMOD/pkg/mod/gorm.io/driver/mysql@v1.3.5/migrator.go:253
[179.475ms] [rows:1] SELECT SCHEMA_NAME from Information_schema.SCHEMATA where SCHEMA_NAME LIKE 'mxshop_goods_service%' ORDER BY SCHEMA_NAME='mxshop_goods_service' DESC,SCHEMA_NAME limit 1

2022/08/09 19:19:46 D:/C_Back/Go/Shop_service/goods_service/initialize/db.go:32
[161.255ms] [rows:-] SELECT count(*) FROM information_schema.tables WHERE table_schema = 'mxshop_goods_service' AND table_name = 'brands' AND table_type = 'BASE TABLE'

2022/08/09 19:19:46 D:/GOMOD/pkg/mod/gorm.io/driver/mysql@v1.3.5/migrator.go:250
[68.014ms] [rows:-] SELECT DATABASE()

2022/08/09 19:19:46 D:/GOMOD/pkg/mod/gorm.io/driver/mysql@v1.3.5/migrator.go:253
[159.999ms] [rows:1] SELECT SCHEMA_NAME from Information_schema.SCHEMATA where SCHEMA_NAME LIKE 'mxshop_goods_service%' ORDER BY SCHEMA_NAME='mxshop_goods_service' DESC,SCHEMA_NAME limit 1

2022/08/09 19:19:46 D:/GOMOD/pkg/mod/gorm.io/driver/mysql@v1.3.5/migrator.go:163
[69.231ms] [rows:-] SELECT * FROM `brands` LIMIT 1

2022/08/09 19:19:46 D:/GOMOD/pkg/mod/gorm.io/driver/mysql@v1.3.5/migrator.go:181
[201.991ms] [rows:-] SELECT column_name, column_default, is_nullable = 'YES', data_type, character_maximum_length, column_type, column_key, extra, column_comment, numeric_precision, numeric_scale , datetime_precision FROM information_schema.columns WHERE table_schema = 'mxshop_goods_service' AND table_name = 'brands' ORDER BY ORDINAL_POSITION

2022/08/09 19:19:46 D:/GOMOD/pkg/mod/gorm.io/driver/mysql@v1.3.5/migrator.go:47
[66.883ms] [rows:0] ALTER TABLE `brands` MODIFY COLUMN `is_deleted` boolean

2022/08/09 19:19:46 D:/GOMOD/pkg/mod/gorm.io/driver/mysql@v1.3.5/migrator.go:47
[99.313ms] [rows:0] ALTER TABLE `brands` MODIFY COLUMN `name` varchar(50) NOT NULL

2022/08/09 19:19:47 D:/GOMOD/pkg/mod/gorm.io/driver/mysql@v1.3.5/migrator.go:250
[88.977ms] [rows:-] SELECT DATABASE()

2022/08/09 19:19:47 D:/GOMOD/pkg/mod/gorm.io/driver/mysql@v1.3.5/migrator.go:253
[180.772ms] [rows:1] SELECT SCHEMA_NAME from Information_schema.SCHEMATA where SCHEMA_NAME LIKE 'mxshop_goods_service%' ORDER BY SCHEMA_NAME='mxshop_goods_service' DESC,SCHEMA_NAME limit 1

2022/08/09 19:19:47 D:/C_Back/Go/Shop_service/goods_service/initialize/db.go:32
[111.028ms] [rows:-] SELECT count(*) FROM information_schema.tables WHERE table_schema = 'mxshop_goods_service' AND table_name = 'goodscategorybrand' AND table_type = 'BASE TABLE'

2022/08/09 19:19:47 D:/GOMOD/pkg/mod/gorm.io/driver/mysql@v1.3.5/migrator.go:250
[66.758ms] [rows:-] SELECT DATABASE()

2022/08/09 19:19:47 D:/GOMOD/pkg/mod/gorm.io/driver/mysql@v1.3.5/migrator.go:253
[180.413ms] [rows:1] SELECT SCHEMA_NAME from Information_schema.SCHEMATA where SCHEMA_NAME LIKE 'mxshop_goods_service%' ORDER BY SCHEMA_NAME='mxshop_goods_service' DESC,SCHEMA_NAME limit 1

2022/08/09 19:19:47 D:/GOMOD/pkg/mod/gorm.io/driver/mysql@v1.3.5/migrator.go:163
[69.082ms] [rows:-] SELECT * FROM `goodscategorybrand` LIMIT 1

2022/08/09 19:19:47 D:/GOMOD/pkg/mod/gorm.io/driver/mysql@v1.3.5/migrator.go:181
[181.004ms] [rows:-] SELECT column_name, column_default, is_nullable = 'YES', data_type, character_maximum_length, column_type, column_key, extra, column_comment, numeric_precision, numeric_scale , datetime_precision FROM information_schema.columns WHERE table_schema = 'mxshop_goods_service' AND table_name = 'goodscategorybrand' ORDER BY ORDINAL_POSITION

2022/08/09 19:19:47 D:/GOMOD/pkg/mod/gorm.io/driver/mysql@v1.3.5/migrator.go:47
[67.238ms] [rows:0] ALTER TABLE `goodscategorybrand` MODIFY COLUMN `is_deleted` boolean

2022/08/09 19:19:47 D:/GOMOD/pkg/mod/gorm.io/driver/mysql@v1.3.5/migrator.go:250
[89.391ms] [rows:-] SELECT DATABASE()

2022/08/09 19:19:48 D:/GOMOD/pkg/mod/gorm.io/driver/mysql@v1.3.5/migrator.go:253
[179.819ms] [rows:1] SELECT SCHEMA_NAME from Information_schema.SCHEMATA where SCHEMA_NAME LIKE 'mxshop_goods_service%' ORDER BY SCHEMA_NAME='mxshop_goods_service' DESC,SCHEMA_NAME limit 1

2022/08/09 19:19:48 D:/C_Back/Go/Shop_service/goods_service/initialize/db.go:32
[160.072ms] [rows:-] SELECT count(*) FROM INFORMATION_SCHEMA.table_constraints WHERE constraint_schema = 'mxshop_goods_service' AND table_name = 'goodscategorybrand' AND constraint_name = 'fk_goodscategorybrand_category'

2022/08/09 19:19:48 D:/GOMOD/pkg/mod/gorm.io/driver/mysql@v1.3.5/migrator.go:250
[69.152ms] [rows:-] SELECT DATABASE()

2022/08/09 19:19:48 D:/GOMOD/pkg/mod/gorm.io/driver/mysql@v1.3.5/migrator.go:253
[211.343ms] [rows:1] SELECT SCHEMA_NAME from Information_schema.SCHEMATA where SCHEMA_NAME LIKE 'mxshop_goods_service%' ORDER BY SCHEMA_NAME='mxshop_goods_service' DESC,SCHEMA_NAME limit 1

2022/08/09 19:19:48 D:/C_Back/Go/Shop_service/goods_service/initialize/db.go:32
[158.316ms] [rows:-] SELECT count(*) FROM INFORMATION_SCHEMA.table_constraints WHERE constraint_schema = 'mxshop_goods_service' AND table_name = 'goodscategorybrand' AND constraint_name = 'fk_goodscategorybrand_brands'

2022/08/09 19:19:48 D:/GOMOD/pkg/mod/gorm.io/driver/mysql@v1.3.5/migrator.go:250
[73.594ms] [rows:-] SELECT DATABASE()

2022/08/09 19:19:49 D:/GOMOD/pkg/mod/gorm.io/driver/mysql@v1.3.5/migrator.go:253
[175.862ms] [rows:1] SELECT SCHEMA_NAME from Information_schema.SCHEMATA where SCHEMA_NAME LIKE 'mxshop_goods_service%' ORDER BY SCHEMA_NAME='mxshop_goods_service' DESC,SCHEMA_NAME limit 1

2022/08/09 19:19:49 D:/C_Back/Go/Shop_service/goods_service/initialize/db.go:32
[169.192ms] [rows:-] SELECT count(*) FROM information_schema.statistics WHERE table_schema = 'mxshop_goods_service' AND table_name = 'goodscategorybrand' AND index_name = 'idx_category_brand'

2022/08/09 19:19:49 D:/GOMOD/pkg/mod/gorm.io/driver/mysql@v1.3.5/migrator.go:250
[70.564ms] [rows:-] SELECT DATABASE()

2022/08/09 19:19:49 D:/GOMOD/pkg/mod/gorm.io/driver/mysql@v1.3.5/migrator.go:253
[179.737ms] [rows:1] SELECT SCHEMA_NAME from Information_schema.SCHEMATA where SCHEMA_NAME LIKE 'mxshop_goods_service%' ORDER BY SCHEMA_NAME='mxshop_goods_service' DESC,SCHEMA_NAME limit 1

2022/08/09 19:19:49 D:/C_Back/Go/Shop_service/goods_service/initialize/db.go:32
[158.841ms] [rows:-] SELECT count(*) FROM information_schema.tables WHERE table_schema = 'mxshop_goods_service' AND table_name = 'banners' AND table_type = 'BASE TABLE'

2022/08/09 19:19:49 D:/C_Back/Go/Shop_service/goods_service/initialize/db.go:32
[129.746ms] [rows:0] CREATE TABLE `banners` (`id` int AUTO_INCREMENT,`add_time` datetime(3) NULL,`update_time` datetime(3) NULL,`deleted_at` datetime(3) NULL,`is_deleted` boolean,`image` varchar(200) NOT NULL,`url` varchar(200) NOT NULL,`index` int NOT NULL DEFAULT 1,PRIMARY KEY (`id`))

2022/08/09 19:19:49 D:/GOMOD/pkg/mod/gorm.io/driver/mysql@v1.3.5/migrator.go:250
[109.586ms] [rows:-] SELECT DATABASE()

2022/08/09 19:19:50 D:/GOMOD/pkg/mod/gorm.io/driver/mysql@v1.3.5/migrator.go:253
[179.424ms] [rows:1] SELECT SCHEMA_NAME from Information_schema.SCHEMATA where SCHEMA_NAME LIKE 'mxshop_goods_service%' ORDER BY SCHEMA_NAME='mxshop_goods_service' DESC,SCHEMA_NAME limit 1

2022/08/09 19:19:50 D:/C_Back/Go/Shop_service/goods_service/initialize/db.go:32
[159.265ms] [rows:-] SELECT count(*) FROM information_schema.tables WHERE table_schema = 'mxshop_goods_service' AND table_name = 'goods' AND table_type = 'BASE TABLE'

2022/08/09 19:19:50 D:/GOMOD/pkg/mod/gorm.io/driver/mysql@v1.3.5/migrator.go:250
[70.628ms] [rows:-] SELECT DATABASE()

2022/08/09 19:19:50 D:/GOMOD/pkg/mod/gorm.io/driver/mysql@v1.3.5/migrator.go:253
[179.457ms] [rows:1] SELECT SCHEMA_NAME from Information_schema.SCHEMATA where SCHEMA_NAME LIKE 'mxshop_goods_service%' ORDER BY SCHEMA_NAME='mxshop_goods_service' DESC,SCHEMA_NAME limit 1

2022/08/09 19:19:50 D:/GOMOD/pkg/mod/gorm.io/driver/mysql@v1.3.5/migrator.go:163
[73.200ms] [rows:-] SELECT * FROM `goods` LIMIT 1

2022/08/09 19:19:50 D:/GOMOD/pkg/mod/gorm.io/driver/mysql@v1.3.5/migrator.go:181
[178.577ms] [rows:-] SELECT column_name, column_default, is_nullable = 'YES', data_type, character_maximum_length, column_type, column_key, extra, column_comment, numeric_precision, numeric_scale , datetime_precision FROM information_schema.columns WHERE table_schema = 'mxshop_goods_service' AND table_name = 'goods' ORDER BY ORDINAL_POSITION

2022/08/09 19:19:50 D:/GOMOD/pkg/mod/gorm.io/driver/mysql@v1.3.5/migrator.go:47
[70.105ms] [rows:0] ALTER TABLE `goods` MODIFY COLUMN `is_deleted` boolean

2022/08/09 19:19:50 D:/GOMOD/pkg/mod/gorm.io/driver/mysql@v1.3.5/migrator.go:47
[98.502ms] [rows:0] ALTER TABLE `goods` MODIFY COLUMN `on_sale` boolean NOT NULL DEFAULT false

2022/08/09 19:19:50 D:/GOMOD/pkg/mod/gorm.io/driver/mysql@v1.3.5/migrator.go:47
[99.715ms] [rows:0] ALTER TABLE `goods` MODIFY COLUMN `ship_free` boolean NOT NULL DEFAULT false

2022/08/09 19:19:51 D:/GOMOD/pkg/mod/gorm.io/driver/mysql@v1.3.5/migrator.go:47
[119.344ms] [rows:0] ALTER TABLE `goods` MODIFY COLUMN `is_new` boolean NOT NULL DEFAULT false

2022/08/09 19:19:51 D:/GOMOD/pkg/mod/gorm.io/driver/mysql@v1.3.5/migrator.go:47
[99.219ms] [rows:0] ALTER TABLE `goods` MODIFY COLUMN `is_hot` boolean NOT NULL DEFAULT false

2022/08/09 19:19:51 D:/GOMOD/pkg/mod/gorm.io/driver/mysql@v1.3.5/migrator.go:47 Error 1406: Data too long for column 'name' at row 5
[108.976ms] [rows:0] ALTER TABLE `goods` MODIFY COLUMN `name` varchar(50) NOT NULL
2022-08-09T19:22:57.768+0800	INFO	initialize/logger.go:23	日志初始化成功

2022/08/09 19:22:59 D:/GOMOD/pkg/mod/gorm.io/driver/mysql@v1.3.5/migrator.go:250
[85.416ms] [rows:-] SELECT DATABASE()

2022/08/09 19:22:59 D:/GOMOD/pkg/mod/gorm.io/driver/mysql@v1.3.5/migrator.go:253
[159.742ms] [rows:1] SELECT SCHEMA_NAME from Information_schema.SCHEMATA where SCHEMA_NAME LIKE 'mxshop_goods_service%' ORDER BY SCHEMA_NAME='mxshop_goods_service' DESC,SCHEMA_NAME limit 1

2022/08/09 19:22:59 D:/C_Back/Go/Shop_service/goods_service/initialize/db.go:32
[149.850ms] [rows:-] SELECT count(*) FROM information_schema.tables WHERE table_schema = 'mxshop_goods_service' AND table_name = 'categories' AND table_type = 'BASE TABLE'

2022/08/09 19:22:59 D:/GOMOD/pkg/mod/gorm.io/driver/mysql@v1.3.5/migrator.go:250
[59.263ms] [rows:-] SELECT DATABASE()

2022/08/09 19:22:59 D:/GOMOD/pkg/mod/gorm.io/driver/mysql@v1.3.5/migrator.go:253
[170.184ms] [rows:1] SELECT SCHEMA_NAME from Information_schema.SCHEMATA where SCHEMA_NAME LIKE 'mxshop_goods_service%' ORDER BY SCHEMA_NAME='mxshop_goods_service' DESC,SCHEMA_NAME limit 1

2022/08/09 19:22:59 D:/GOMOD/pkg/mod/gorm.io/driver/mysql@v1.3.5/migrator.go:163
[60.934ms] [rows:-] SELECT * FROM `categories` LIMIT 1

2022/08/09 19:23:00 D:/GOMOD/pkg/mod/gorm.io/driver/mysql@v1.3.5/migrator.go:181
[158.512ms] [rows:-] SELECT column_name, column_default, is_nullable = 'YES', data_type, character_maximum_length, column_type, column_key, extra, column_comment, numeric_precision, numeric_scale , datetime_precision FROM information_schema.columns WHERE table_schema = 'mxshop_goods_service' AND table_name = 'categories' ORDER BY ORDINAL_POSITION

2022/08/09 19:23:00 D:/GOMOD/pkg/mod/gorm.io/driver/mysql@v1.3.5/migrator.go:47
[59.670ms] [rows:0] ALTER TABLE `categories` MODIFY COLUMN `is_deleted` boolean

2022/08/09 19:23:00 D:/GOMOD/pkg/mod/gorm.io/driver/mysql@v1.3.5/migrator.go:47
[89.295ms] [rows:0] ALTER TABLE `categories` MODIFY COLUMN `is_tab` boolean NOT NULL DEFAULT false

2022/08/09 19:23:00 D:/GOMOD/pkg/mod/gorm.io/driver/mysql@v1.3.5/migrator.go:250
[79.531ms] [rows:-] SELECT DATABASE()

2022/08/09 19:23:00 D:/GOMOD/pkg/mod/gorm.io/driver/mysql@v1.3.5/migrator.go:253
[162.125ms] [rows:1] SELECT SCHEMA_NAME from Information_schema.SCHEMATA where SCHEMA_NAME LIKE 'mxshop_goods_service%' ORDER BY SCHEMA_NAME='mxshop_goods_service' DESC,SCHEMA_NAME limit 1

2022/08/09 19:23:00 D:/C_Back/Go/Shop_service/goods_service/initialize/db.go:32
[136.966ms] [rows:-] SELECT count(*) FROM INFORMATION_SCHEMA.table_constraints WHERE constraint_schema = 'mxshop_goods_service' AND table_name = 'categories' AND constraint_name = 'fk_categories_sub_category'

2022/08/09 19:23:00 D:/GOMOD/pkg/mod/gorm.io/driver/mysql@v1.3.5/migrator.go:250
[60.435ms] [rows:-] SELECT DATABASE()

2022/08/09 19:23:00 D:/GOMOD/pkg/mod/gorm.io/driver/mysql@v1.3.5/migrator.go:253
[158.748ms] [rows:1] SELECT SCHEMA_NAME from Information_schema.SCHEMATA where SCHEMA_NAME LIKE 'mxshop_goods_service%' ORDER BY SCHEMA_NAME='mxshop_goods_service' DESC,SCHEMA_NAME limit 1

2022/08/09 19:23:00 D:/C_Back/Go/Shop_service/goods_service/initialize/db.go:32
[139.260ms] [rows:-] SELECT count(*) FROM information_schema.tables WHERE table_schema = 'mxshop_goods_service' AND table_name = 'brands' AND table_type = 'BASE TABLE'

2022/08/09 19:23:00 D:/GOMOD/pkg/mod/gorm.io/driver/mysql@v1.3.5/migrator.go:250
[60.681ms] [rows:-] SELECT DATABASE()

2022/08/09 19:23:01 D:/GOMOD/pkg/mod/gorm.io/driver/mysql@v1.3.5/migrator.go:253
[199.716ms] [rows:1] SELECT SCHEMA_NAME from Information_schema.SCHEMATA where SCHEMA_NAME LIKE 'mxshop_goods_service%' ORDER BY SCHEMA_NAME='mxshop_goods_service' DESC,SCHEMA_NAME limit 1

2022/08/09 19:23:01 D:/GOMOD/pkg/mod/gorm.io/driver/mysql@v1.3.5/migrator.go:163
[62.676ms] [rows:-] SELECT * FROM `brands` LIMIT 1

2022/08/09 19:23:01 D:/GOMOD/pkg/mod/gorm.io/driver/mysql@v1.3.5/migrator.go:181
[167.327ms] [rows:-] SELECT column_name, column_default, is_nullable = 'YES', data_type, character_maximum_length, column_type, column_key, extra, column_comment, numeric_precision, numeric_scale , datetime_precision FROM information_schema.columns WHERE table_schema = 'mxshop_goods_service' AND table_name = 'brands' ORDER BY ORDINAL_POSITION

2022/08/09 19:23:01 D:/GOMOD/pkg/mod/gorm.io/driver/mysql@v1.3.5/migrator.go:47
[59.632ms] [rows:0] ALTER TABLE `brands` MODIFY COLUMN `is_deleted` boolean

2022/08/09 19:23:01 D:/GOMOD/pkg/mod/gorm.io/driver/mysql@v1.3.5/migrator.go:47
[59.276ms] [rows:0] ALTER TABLE `brands` MODIFY COLUMN `name` varchar(50) NOT NULL

2022/08/09 19:23:01 D:/GOMOD/pkg/mod/gorm.io/driver/mysql@v1.3.5/migrator.go:250
[77.540ms] [rows:-] SELECT DATABASE()

2022/08/09 19:23:01 D:/GOMOD/pkg/mod/gorm.io/driver/mysql@v1.3.5/migrator.go:253
[160.264ms] [rows:1] SELECT SCHEMA_NAME from Information_schema.SCHEMATA where SCHEMA_NAME LIKE 'mxshop_goods_service%' ORDER BY SCHEMA_NAME='mxshop_goods_service' DESC,SCHEMA_NAME limit 1

2022/08/09 19:23:01 D:/C_Back/Go/Shop_service/goods_service/initialize/db.go:32
[129.118ms] [rows:-] SELECT count(*) FROM information_schema.tables WHERE table_schema = 'mxshop_goods_service' AND table_name = 'goodscategorybrand' AND table_type = 'BASE TABLE'

2022/08/09 19:23:01 D:/GOMOD/pkg/mod/gorm.io/driver/mysql@v1.3.5/migrator.go:250
[60.130ms] [rows:-] SELECT DATABASE()

2022/08/09 19:23:02 D:/GOMOD/pkg/mod/gorm.io/driver/mysql@v1.3.5/migrator.go:253
[159.267ms] [rows:1] SELECT SCHEMA_NAME from Information_schema.SCHEMATA where SCHEMA_NAME LIKE 'mxshop_goods_service%' ORDER BY SCHEMA_NAME='mxshop_goods_service' DESC,SCHEMA_NAME limit 1

2022/08/09 19:23:02 D:/GOMOD/pkg/mod/gorm.io/driver/mysql@v1.3.5/migrator.go:163
[59.736ms] [rows:-] SELECT * FROM `goodscategorybrand` LIMIT 1

2022/08/09 19:23:02 D:/GOMOD/pkg/mod/gorm.io/driver/mysql@v1.3.5/migrator.go:181
[182.549ms] [rows:-] SELECT column_name, column_default, is_nullable = 'YES', data_type, character_maximum_length, column_type, column_key, extra, column_comment, numeric_precision, numeric_scale , datetime_precision FROM information_schema.columns WHERE table_schema = 'mxshop_goods_service' AND table_name = 'goodscategorybrand' ORDER BY ORDINAL_POSITION

2022/08/09 19:23:02 D:/GOMOD/pkg/mod/gorm.io/driver/mysql@v1.3.5/migrator.go:47
[56.139ms] [rows:0] ALTER TABLE `goodscategorybrand` MODIFY COLUMN `is_deleted` boolean

2022/08/09 19:23:02 D:/GOMOD/pkg/mod/gorm.io/driver/mysql@v1.3.5/migrator.go:250
[79.251ms] [rows:-] SELECT DATABASE()

2022/08/09 19:23:02 D:/GOMOD/pkg/mod/gorm.io/driver/mysql@v1.3.5/migrator.go:253
[170.838ms] [rows:1] SELECT SCHEMA_NAME from Information_schema.SCHEMATA where SCHEMA_NAME LIKE 'mxshop_goods_service%' ORDER BY SCHEMA_NAME='mxshop_goods_service' DESC,SCHEMA_NAME limit 1

2022/08/09 19:23:02 D:/C_Back/Go/Shop_service/goods_service/initialize/db.go:32
[148.589ms] [rows:-] SELECT count(*) FROM INFORMATION_SCHEMA.table_constraints WHERE constraint_schema = 'mxshop_goods_service' AND table_name = 'goodscategorybrand' AND constraint_name = 'fk_goodscategorybrand_brands'

2022/08/09 19:23:02 D:/GOMOD/pkg/mod/gorm.io/driver/mysql@v1.3.5/migrator.go:250
[82.552ms] [rows:-] SELECT DATABASE()

2022/08/09 19:23:03 D:/GOMOD/pkg/mod/gorm.io/driver/mysql@v1.3.5/migrator.go:253
[146.845ms] [rows:1] SELECT SCHEMA_NAME from Information_schema.SCHEMATA where SCHEMA_NAME LIKE 'mxshop_goods_service%' ORDER BY SCHEMA_NAME='mxshop_goods_service' DESC,SCHEMA_NAME limit 1

2022/08/09 19:23:03 D:/C_Back/Go/Shop_service/goods_service/initialize/db.go:32
[139.860ms] [rows:-] SELECT count(*) FROM INFORMATION_SCHEMA.table_constraints WHERE constraint_schema = 'mxshop_goods_service' AND table_name = 'goodscategorybrand' AND constraint_name = 'fk_goodscategorybrand_category'

2022/08/09 19:23:03 D:/GOMOD/pkg/mod/gorm.io/driver/mysql@v1.3.5/migrator.go:250
[60.325ms] [rows:-] SELECT DATABASE()

2022/08/09 19:23:03 D:/GOMOD/pkg/mod/gorm.io/driver/mysql@v1.3.5/migrator.go:253
[158.356ms] [rows:1] SELECT SCHEMA_NAME from Information_schema.SCHEMATA where SCHEMA_NAME LIKE 'mxshop_goods_service%' ORDER BY SCHEMA_NAME='mxshop_goods_service' DESC,SCHEMA_NAME limit 1

2022/08/09 19:23:03 D:/C_Back/Go/Shop_service/goods_service/initialize/db.go:32
[149.623ms] [rows:-] SELECT count(*) FROM information_schema.statistics WHERE table_schema = 'mxshop_goods_service' AND table_name = 'goodscategorybrand' AND index_name = 'idx_category_brand'

2022/08/09 19:23:03 D:/GOMOD/pkg/mod/gorm.io/driver/mysql@v1.3.5/migrator.go:250
[60.498ms] [rows:-] SELECT DATABASE()

2022/08/09 19:23:03 D:/GOMOD/pkg/mod/gorm.io/driver/mysql@v1.3.5/migrator.go:253
[139.213ms] [rows:1] SELECT SCHEMA_NAME from Information_schema.SCHEMATA where SCHEMA_NAME LIKE 'mxshop_goods_service%' ORDER BY SCHEMA_NAME='mxshop_goods_service' DESC,SCHEMA_NAME limit 1

2022/08/09 19:23:03 D:/C_Back/Go/Shop_service/goods_service/initialize/db.go:32
[139.329ms] [rows:-] SELECT count(*) FROM information_schema.tables WHERE table_schema = 'mxshop_goods_service' AND table_name = 'banners' AND table_type = 'BASE TABLE'

2022/08/09 19:23:03 D:/GOMOD/pkg/mod/gorm.io/driver/mysql@v1.3.5/migrator.go:250
[60.021ms] [rows:-] SELECT DATABASE()

2022/08/09 19:23:04 D:/GOMOD/pkg/mod/gorm.io/driver/mysql@v1.3.5/migrator.go:253
[169.840ms] [rows:1] SELECT SCHEMA_NAME from Information_schema.SCHEMATA where SCHEMA_NAME LIKE 'mxshop_goods_service%' ORDER BY SCHEMA_NAME='mxshop_goods_service' DESC,SCHEMA_NAME limit 1

2022/08/09 19:23:04 D:/GOMOD/pkg/mod/gorm.io/driver/mysql@v1.3.5/migrator.go:163
[59.670ms] [rows:-] SELECT * FROM `banners` LIMIT 1

2022/08/09 19:23:04 D:/GOMOD/pkg/mod/gorm.io/driver/mysql@v1.3.5/migrator.go:181
[158.887ms] [rows:-] SELECT column_name, column_default, is_nullable = 'YES', data_type, character_maximum_length, column_type, column_key, extra, column_comment, numeric_precision, numeric_scale , datetime_precision FROM information_schema.columns WHERE table_schema = 'mxshop_goods_service' AND table_name = 'banners' ORDER BY ORDINAL_POSITION

2022/08/09 19:23:04 D:/GOMOD/pkg/mod/gorm.io/driver/mysql@v1.3.5/migrator.go:47
[59.161ms] [rows:0] ALTER TABLE `banners` MODIFY COLUMN `is_deleted` boolean

2022/08/09 19:23:04 D:/GOMOD/pkg/mod/gorm.io/driver/mysql@v1.3.5/migrator.go:250
[80.373ms] [rows:-] SELECT DATABASE()

2022/08/09 19:23:04 D:/GOMOD/pkg/mod/gorm.io/driver/mysql@v1.3.5/migrator.go:253
[158.688ms] [rows:1] SELECT SCHEMA_NAME from Information_schema.SCHEMATA where SCHEMA_NAME LIKE 'mxshop_goods_service%' ORDER BY SCHEMA_NAME='mxshop_goods_service' DESC,SCHEMA_NAME limit 1

2022/08/09 19:23:04 D:/C_Back/Go/Shop_service/goods_service/initialize/db.go:32
[139.216ms] [rows:-] SELECT count(*) FROM information_schema.tables WHERE table_schema = 'mxshop_goods_service' AND table_name = 'goods' AND table_type = 'BASE TABLE'

2022/08/09 19:23:04 D:/GOMOD/pkg/mod/gorm.io/driver/mysql@v1.3.5/migrator.go:250
[60.531ms] [rows:-] SELECT DATABASE()

2022/08/09 19:23:05 D:/GOMOD/pkg/mod/gorm.io/driver/mysql@v1.3.5/migrator.go:253
[158.642ms] [rows:1] SELECT SCHEMA_NAME from Information_schema.SCHEMATA where SCHEMA_NAME LIKE 'mxshop_goods_service%' ORDER BY SCHEMA_NAME='mxshop_goods_service' DESC,SCHEMA_NAME limit 1

2022/08/09 19:23:05 D:/GOMOD/pkg/mod/gorm.io/driver/mysql@v1.3.5/migrator.go:163
[60.535ms] [rows:-] SELECT * FROM `goods` LIMIT 1

2022/08/09 19:23:05 D:/GOMOD/pkg/mod/gorm.io/driver/mysql@v1.3.5/migrator.go:181
[158.548ms] [rows:-] SELECT column_name, column_default, is_nullable = 'YES', data_type, character_maximum_length, column_type, column_key, extra, column_comment, numeric_precision, numeric_scale , datetime_precision FROM information_schema.columns WHERE table_schema = 'mxshop_goods_service' AND table_name = 'goods' ORDER BY ORDINAL_POSITION

2022/08/09 19:23:05 D:/GOMOD/pkg/mod/gorm.io/driver/mysql@v1.3.5/migrator.go:47
[58.771ms] [rows:0] ALTER TABLE `goods` MODIFY COLUMN `is_deleted` boolean

2022/08/09 19:23:05 D:/GOMOD/pkg/mod/gorm.io/driver/mysql@v1.3.5/migrator.go:47
[89.166ms] [rows:0] ALTER TABLE `goods` MODIFY COLUMN `on_sale` boolean NOT NULL DEFAULT false

2022/08/09 19:23:05 D:/GOMOD/pkg/mod/gorm.io/driver/mysql@v1.3.5/migrator.go:47
[99.243ms] [rows:0] ALTER TABLE `goods` MODIFY COLUMN `ship_free` boolean NOT NULL DEFAULT false

2022/08/09 19:23:05 D:/GOMOD/pkg/mod/gorm.io/driver/mysql@v1.3.5/migrator.go:47
[89.537ms] [rows:0] ALTER TABLE `goods` MODIFY COLUMN `is_new` boolean NOT NULL DEFAULT false

2022/08/09 19:23:05 D:/GOMOD/pkg/mod/gorm.io/driver/mysql@v1.3.5/migrator.go:47
[89.121ms] [rows:0] ALTER TABLE `goods` MODIFY COLUMN `is_hot` boolean NOT NULL DEFAULT false

2022/08/09 19:23:05 D:/GOMOD/pkg/mod/gorm.io/driver/mysql@v1.3.5/migrator.go:47 Error 1406: Data too long for column 'name' at row 5
[149.193ms] [rows:0] ALTER TABLE `goods` MODIFY COLUMN `name` varchar(50) NOT NULL
