2022-08-03T20:48:11.067+0800	INFO	initialize/logger.go:23	日志初始化成功
2022-08-03T20:48:50.851+0800	INFO	initialize/logger.go:23	日志初始化成功
2022-08-03T21:29:52.334+0800	INFO	initialize/logger.go:23	日志初始化成功

2022/08/03 21:29:52 D:/GOMOD/pkg/mod/gorm.io/driver/mysql@v1.3.5/migrator.go:250
[89.943ms] [rows:-] SELECT DATABASE()

2022/08/03 21:29:53 D:/GOMOD/pkg/mod/gorm.io/driver/mysql@v1.3.5/migrator.go:253
[179.935ms] [rows:1] SELECT SCHEMA_NAME from Information_schema.SCHEMATA where SCHEMA_NAME LIKE 'mxshop_goods_service%' ORDER BY SCHEMA_NAME='mxshop_goods_service' DESC,SCHEMA_NAME limit 1

2022/08/03 21:29:53 D:/C_Back/Go/Shop_service/goods_service/initialize/db.go:31
[158.646ms] [rows:-] SELECT count(*) FROM information_schema.tables WHERE table_schema = 'mxshop_goods_service' AND table_name = 'category' AND table_type = 'BASE TABLE'

2022/08/03 21:29:53 D:/GOMOD/pkg/mod/gorm.io/driver/mysql@v1.3.5/migrator.go:250
[66.720ms] [rows:-] SELECT DATABASE()

2022/08/03 21:29:53 D:/GOMOD/pkg/mod/gorm.io/driver/mysql@v1.3.5/migrator.go:253
[179.442ms] [rows:1] SELECT SCHEMA_NAME from Information_schema.SCHEMATA where SCHEMA_NAME LIKE 'mxshop_goods_service%' ORDER BY SCHEMA_NAME='mxshop_goods_service' DESC,SCHEMA_NAME limit 1

2022/08/03 21:29:53 D:/GOMOD/pkg/mod/gorm.io/driver/mysql@v1.3.5/migrator.go:163
[69.525ms] [rows:-] SELECT * FROM `category` LIMIT 1

2022/08/03 21:29:53 D:/GOMOD/pkg/mod/gorm.io/driver/mysql@v1.3.5/migrator.go:181
[179.246ms] [rows:-] SELECT column_name, column_default, is_nullable = 'YES', data_type, character_maximum_length, column_type, column_key, extra, column_comment, numeric_precision, numeric_scale , datetime_precision FROM information_schema.columns WHERE table_schema = 'mxshop_goods_service' AND table_name = 'category' ORDER BY ORDINAL_POSITION

2022/08/03 21:29:53 D:/GOMOD/pkg/mod/gorm.io/driver/mysql@v1.3.5/migrator.go:47
[69.480ms] [rows:0] ALTER TABLE `category` MODIFY COLUMN `is_deleted` boolean

2022/08/03 21:29:53 D:/GOMOD/pkg/mod/gorm.io/driver/mysql@v1.3.5/migrator.go:47
[98.378ms] [rows:0] ALTER TABLE `category` MODIFY COLUMN `is_tab` boolean NOT NULL DEFAULT false

2022/08/03 21:29:53 D:/GOMOD/pkg/mod/gorm.io/driver/mysql@v1.3.5/migrator.go:250
[89.386ms] [rows:-] SELECT DATABASE()

2022/08/03 21:29:54 D:/GOMOD/pkg/mod/gorm.io/driver/mysql@v1.3.5/migrator.go:253
[180.092ms] [rows:1] SELECT SCHEMA_NAME from Information_schema.SCHEMATA where SCHEMA_NAME LIKE 'mxshop_goods_service%' ORDER BY SCHEMA_NAME='mxshop_goods_service' DESC,SCHEMA_NAME limit 1

2022/08/03 21:29:54 D:/C_Back/Go/Shop_service/goods_service/initialize/db.go:31
[159.342ms] [rows:-] SELECT count(*) FROM INFORMATION_SCHEMA.table_constraints WHERE constraint_schema = 'mxshop_goods_service' AND table_name = 'category' AND constraint_name = 'fk_category_sub_category'

2022/08/03 21:29:54 D:/GOMOD/pkg/mod/gorm.io/driver/mysql@v1.3.5/migrator.go:250
[81.208ms] [rows:-] SELECT DATABASE()

2022/08/03 21:29:54 D:/GOMOD/pkg/mod/gorm.io/driver/mysql@v1.3.5/migrator.go:253
[177.900ms] [rows:1] SELECT SCHEMA_NAME from Information_schema.SCHEMATA where SCHEMA_NAME LIKE 'mxshop_goods_service%' ORDER BY SCHEMA_NAME='mxshop_goods_service' DESC,SCHEMA_NAME limit 1

2022/08/03 21:29:54 D:/C_Back/Go/Shop_service/goods_service/initialize/db.go:31
[161.019ms] [rows:-] SELECT count(*) FROM information_schema.tables WHERE table_schema = 'mxshop_goods_service' AND table_name = 'brands' AND table_type = 'BASE TABLE'

2022/08/03 21:29:54 D:/GOMOD/pkg/mod/gorm.io/driver/mysql@v1.3.5/migrator.go:250
[80.582ms] [rows:-] SELECT DATABASE()

2022/08/03 21:29:54 D:/GOMOD/pkg/mod/gorm.io/driver/mysql@v1.3.5/migrator.go:253
[176.976ms] [rows:1] SELECT SCHEMA_NAME from Information_schema.SCHEMATA where SCHEMA_NAME LIKE 'mxshop_goods_service%' ORDER BY SCHEMA_NAME='mxshop_goods_service' DESC,SCHEMA_NAME limit 1

2022/08/03 21:29:55 D:/GOMOD/pkg/mod/gorm.io/driver/mysql@v1.3.5/migrator.go:163
[71.206ms] [rows:-] SELECT * FROM `brands` LIMIT 1

2022/08/03 21:29:55 D:/GOMOD/pkg/mod/gorm.io/driver/mysql@v1.3.5/migrator.go:181
[177.446ms] [rows:-] SELECT column_name, column_default, is_nullable = 'YES', data_type, character_maximum_length, column_type, column_key, extra, column_comment, numeric_precision, numeric_scale , datetime_precision FROM information_schema.columns WHERE table_schema = 'mxshop_goods_service' AND table_name = 'brands' ORDER BY ORDINAL_POSITION

2022/08/03 21:29:55 D:/GOMOD/pkg/mod/gorm.io/driver/mysql@v1.3.5/migrator.go:47
[68.841ms] [rows:0] ALTER TABLE `brands` MODIFY COLUMN `is_deleted` boolean

2022/08/03 21:29:55 D:/GOMOD/pkg/mod/gorm.io/driver/mysql@v1.3.5/migrator.go:47 Error 1265: Data truncated for column 'name' at row 76
[109.250ms] [rows:0] ALTER TABLE `brands` MODIFY COLUMN `name` varchar(20) NOT NULL
2022-08-03T21:31:13.278+0800	INFO	initialize/logger.go:23	日志初始化成功

2022/08/03 21:31:13 D:/GOMOD/pkg/mod/gorm.io/driver/mysql@v1.3.5/migrator.go:250
[89.159ms] [rows:-] SELECT DATABASE()

2022/08/03 21:31:14 D:/GOMOD/pkg/mod/gorm.io/driver/mysql@v1.3.5/migrator.go:253
[183.049ms] [rows:1] SELECT SCHEMA_NAME from Information_schema.SCHEMATA where SCHEMA_NAME LIKE 'mxshop_goods_service%' ORDER BY SCHEMA_NAME='mxshop_goods_service' DESC,SCHEMA_NAME limit 1

2022/08/03 21:31:14 D:/C_Back/Go/Shop_service/goods_service/initialize/db.go:32
[155.820ms] [rows:-] SELECT count(*) FROM information_schema.tables WHERE table_schema = 'mxshop_goods_service' AND table_name = 'categories' AND table_type = 'BASE TABLE'

2022/08/03 21:31:14 D:/C_Back/Go/Shop_service/goods_service/initialize/db.go:32
[148.327ms] [rows:0] CREATE TABLE `categories` (`id` int AUTO_INCREMENT,`add_time` datetime(3) NULL,`update_time` datetime(3) NULL,`deleted_at` datetime(3) NULL,`is_deleted` boolean,`name` varchar(20) NOT NULL,`parent_category_id` int,`level` int NOT NULL DEFAULT 1,`is_tab` boolean NOT NULL DEFAULT false,PRIMARY KEY (`id`),CONSTRAINT `fk_categories_sub_category` FOREIGN KEY (`parent_category_id`) REFERENCES `categories`(`id`))

2022/08/03 21:31:14 D:/GOMOD/pkg/mod/gorm.io/driver/mysql@v1.3.5/migrator.go:250
[89.720ms] [rows:-] SELECT DATABASE()

2022/08/03 21:31:14 D:/GOMOD/pkg/mod/gorm.io/driver/mysql@v1.3.5/migrator.go:253
[200.180ms] [rows:1] SELECT SCHEMA_NAME from Information_schema.SCHEMATA where SCHEMA_NAME LIKE 'mxshop_goods_service%' ORDER BY SCHEMA_NAME='mxshop_goods_service' DESC,SCHEMA_NAME limit 1

2022/08/03 21:31:14 D:/C_Back/Go/Shop_service/goods_service/initialize/db.go:32
[159.575ms] [rows:-] SELECT count(*) FROM information_schema.tables WHERE table_schema = 'mxshop_goods_service' AND table_name = 'brands' AND table_type = 'BASE TABLE'

2022/08/03 21:31:14 D:/GOMOD/pkg/mod/gorm.io/driver/mysql@v1.3.5/migrator.go:250
[70.286ms] [rows:-] SELECT DATABASE()

2022/08/03 21:31:15 D:/GOMOD/pkg/mod/gorm.io/driver/mysql@v1.3.5/migrator.go:253
[179.628ms] [rows:1] SELECT SCHEMA_NAME from Information_schema.SCHEMATA where SCHEMA_NAME LIKE 'mxshop_goods_service%' ORDER BY SCHEMA_NAME='mxshop_goods_service' DESC,SCHEMA_NAME limit 1

2022/08/03 21:31:15 D:/GOMOD/pkg/mod/gorm.io/driver/mysql@v1.3.5/migrator.go:163
[70.071ms] [rows:-] SELECT * FROM `brands` LIMIT 1

2022/08/03 21:31:15 D:/GOMOD/pkg/mod/gorm.io/driver/mysql@v1.3.5/migrator.go:181
[179.018ms] [rows:-] SELECT column_name, column_default, is_nullable = 'YES', data_type, character_maximum_length, column_type, column_key, extra, column_comment, numeric_precision, numeric_scale , datetime_precision FROM information_schema.columns WHERE table_schema = 'mxshop_goods_service' AND table_name = 'brands' ORDER BY ORDINAL_POSITION

2022/08/03 21:31:15 D:/GOMOD/pkg/mod/gorm.io/driver/mysql@v1.3.5/migrator.go:47
[70.837ms] [rows:0] ALTER TABLE `brands` MODIFY COLUMN `is_deleted` boolean

2022/08/03 21:31:15 D:/GOMOD/pkg/mod/gorm.io/driver/mysql@v1.3.5/migrator.go:47 Error 1265: Data truncated for column 'name' at row 76
[158.301ms] [rows:0] ALTER TABLE `brands` MODIFY COLUMN `name` varchar(20) NOT NULL
2022-08-03T21:33:42.475+0800	INFO	initialize/logger.go:23	日志初始化成功

2022/08/03 21:33:43 D:/GOMOD/pkg/mod/gorm.io/driver/mysql@v1.3.5/migrator.go:250
[89.579ms] [rows:-] SELECT DATABASE()

2022/08/03 21:33:43 D:/GOMOD/pkg/mod/gorm.io/driver/mysql@v1.3.5/migrator.go:253
[179.911ms] [rows:1] SELECT SCHEMA_NAME from Information_schema.SCHEMATA where SCHEMA_NAME LIKE 'mxshop_goods_service%' ORDER BY SCHEMA_NAME='mxshop_goods_service' DESC,SCHEMA_NAME limit 1

2022/08/03 21:33:43 D:/C_Back/Go/Shop_service/goods_service/initialize/db.go:32
[161.772ms] [rows:-] SELECT count(*) FROM information_schema.tables WHERE table_schema = 'mxshop_goods_service' AND table_name = 'category' AND table_type = 'BASE TABLE'

2022/08/03 21:33:43 D:/GOMOD/pkg/mod/gorm.io/driver/mysql@v1.3.5/migrator.go:250
[66.857ms] [rows:-] SELECT DATABASE()

2022/08/03 21:33:43 D:/GOMOD/pkg/mod/gorm.io/driver/mysql@v1.3.5/migrator.go:253
[179.745ms] [rows:1] SELECT SCHEMA_NAME from Information_schema.SCHEMATA where SCHEMA_NAME LIKE 'mxshop_goods_service%' ORDER BY SCHEMA_NAME='mxshop_goods_service' DESC,SCHEMA_NAME limit 1

2022/08/03 21:33:43 D:/GOMOD/pkg/mod/gorm.io/driver/mysql@v1.3.5/migrator.go:163
[70.739ms] [rows:-] SELECT * FROM `category` LIMIT 1

2022/08/03 21:33:43 D:/GOMOD/pkg/mod/gorm.io/driver/mysql@v1.3.5/migrator.go:181
[179.673ms] [rows:-] SELECT column_name, column_default, is_nullable = 'YES', data_type, character_maximum_length, column_type, column_key, extra, column_comment, numeric_precision, numeric_scale , datetime_precision FROM information_schema.columns WHERE table_schema = 'mxshop_goods_service' AND table_name = 'category' ORDER BY ORDINAL_POSITION

2022/08/03 21:33:43 D:/GOMOD/pkg/mod/gorm.io/driver/mysql@v1.3.5/migrator.go:47
[69.494ms] [rows:0] ALTER TABLE `category` MODIFY COLUMN `is_deleted` boolean

2022/08/03 21:33:44 D:/GOMOD/pkg/mod/gorm.io/driver/mysql@v1.3.5/migrator.go:47
[89.379ms] [rows:0] ALTER TABLE `category` MODIFY COLUMN `is_tab` boolean NOT NULL DEFAULT false

2022/08/03 21:33:44 D:/GOMOD/pkg/mod/gorm.io/driver/mysql@v1.3.5/migrator.go:250
[89.855ms] [rows:-] SELECT DATABASE()

2022/08/03 21:33:44 D:/GOMOD/pkg/mod/gorm.io/driver/mysql@v1.3.5/migrator.go:253
[180.695ms] [rows:1] SELECT SCHEMA_NAME from Information_schema.SCHEMATA where SCHEMA_NAME LIKE 'mxshop_goods_service%' ORDER BY SCHEMA_NAME='mxshop_goods_service' DESC,SCHEMA_NAME limit 1

2022/08/03 21:33:44 D:/C_Back/Go/Shop_service/goods_service/initialize/db.go:32
[159.405ms] [rows:-] SELECT count(*) FROM INFORMATION_SCHEMA.table_constraints WHERE constraint_schema = 'mxshop_goods_service' AND table_name = 'category' AND constraint_name = 'fk_category_sub_category'

2022/08/03 21:33:44 D:/GOMOD/pkg/mod/gorm.io/driver/mysql@v1.3.5/migrator.go:250
[70.528ms] [rows:-] SELECT DATABASE()

2022/08/03 21:33:44 D:/GOMOD/pkg/mod/gorm.io/driver/mysql@v1.3.5/migrator.go:253
[179.337ms] [rows:1] SELECT SCHEMA_NAME from Information_schema.SCHEMATA where SCHEMA_NAME LIKE 'mxshop_goods_service%' ORDER BY SCHEMA_NAME='mxshop_goods_service' DESC,SCHEMA_NAME limit 1

2022/08/03 21:33:44 D:/C_Back/Go/Shop_service/goods_service/initialize/db.go:32
[159.945ms] [rows:-] SELECT count(*) FROM information_schema.tables WHERE table_schema = 'mxshop_goods_service' AND table_name = 'brands' AND table_type = 'BASE TABLE'

2022/08/03 21:33:44 D:/GOMOD/pkg/mod/gorm.io/driver/mysql@v1.3.5/migrator.go:250
[70.286ms] [rows:-] SELECT DATABASE()

2022/08/03 21:33:45 D:/GOMOD/pkg/mod/gorm.io/driver/mysql@v1.3.5/migrator.go:253
[189.082ms] [rows:1] SELECT SCHEMA_NAME from Information_schema.SCHEMATA where SCHEMA_NAME LIKE 'mxshop_goods_service%' ORDER BY SCHEMA_NAME='mxshop_goods_service' DESC,SCHEMA_NAME limit 1

2022/08/03 21:33:45 D:/GOMOD/pkg/mod/gorm.io/driver/mysql@v1.3.5/migrator.go:163
[70.523ms] [rows:-] SELECT * FROM `brands` LIMIT 1

2022/08/03 21:33:45 D:/GOMOD/pkg/mod/gorm.io/driver/mysql@v1.3.5/migrator.go:181
[179.375ms] [rows:-] SELECT column_name, column_default, is_nullable = 'YES', data_type, character_maximum_length, column_type, column_key, extra, column_comment, numeric_precision, numeric_scale , datetime_precision FROM information_schema.columns WHERE table_schema = 'mxshop_goods_service' AND table_name = 'brands' ORDER BY ORDINAL_POSITION

2022/08/03 21:33:45 D:/GOMOD/pkg/mod/gorm.io/driver/mysql@v1.3.5/migrator.go:47
[69.014ms] [rows:0] ALTER TABLE `brands` MODIFY COLUMN `is_deleted` boolean

2022/08/03 21:33:45 D:/GOMOD/pkg/mod/gorm.io/driver/mysql@v1.3.5/migrator.go:47 Error 1265: Data truncated for column 'name' at row 76
[114.449ms] [rows:0] ALTER TABLE `brands` MODIFY COLUMN `name` varchar(20) NOT NULL
2022-08-03T21:40:01.474+0800	INFO	initialize/logger.go:23	日志初始化成功

2022/08/03 21:40:01 D:/GOMOD/pkg/mod/gorm.io/driver/mysql@v1.3.5/migrator.go:250
[78.063ms] [rows:-] SELECT DATABASE()

2022/08/03 21:40:02 D:/GOMOD/pkg/mod/gorm.io/driver/mysql@v1.3.5/migrator.go:253
[159.690ms] [rows:1] SELECT SCHEMA_NAME from Information_schema.SCHEMATA where SCHEMA_NAME LIKE 'mxshop_goods_service%' ORDER BY SCHEMA_NAME='mxshop_goods_service' DESC,SCHEMA_NAME limit 1

2022/08/03 21:40:02 D:/C_Back/Go/Shop_service/goods_service/initialize/db.go:32
[150.911ms] [rows:-] SELECT count(*) FROM information_schema.tables WHERE table_schema = 'mxshop_goods_service' AND table_name = 'category' AND table_type = 'BASE TABLE'

2022/08/03 21:40:02 D:/GOMOD/pkg/mod/gorm.io/driver/mysql@v1.3.5/migrator.go:250
[68.195ms] [rows:-] SELECT DATABASE()

2022/08/03 21:40:02 D:/GOMOD/pkg/mod/gorm.io/driver/mysql@v1.3.5/migrator.go:253
[170.270ms] [rows:1] SELECT SCHEMA_NAME from Information_schema.SCHEMATA where SCHEMA_NAME LIKE 'mxshop_goods_service%' ORDER BY SCHEMA_NAME='mxshop_goods_service' DESC,SCHEMA_NAME limit 1

2022/08/03 21:40:02 D:/GOMOD/pkg/mod/gorm.io/driver/mysql@v1.3.5/migrator.go:163
[59.632ms] [rows:-] SELECT * FROM `category` LIMIT 1

2022/08/03 21:40:02 D:/GOMOD/pkg/mod/gorm.io/driver/mysql@v1.3.5/migrator.go:181
[178.343ms] [rows:-] SELECT column_name, column_default, is_nullable = 'YES', data_type, character_maximum_length, column_type, column_key, extra, column_comment, numeric_precision, numeric_scale , datetime_precision FROM information_schema.columns WHERE table_schema = 'mxshop_goods_service' AND table_name = 'category' ORDER BY ORDINAL_POSITION

2022/08/03 21:40:02 D:/GOMOD/pkg/mod/gorm.io/driver/mysql@v1.3.5/migrator.go:47
[59.226ms] [rows:0] ALTER TABLE `category` MODIFY COLUMN `is_deleted` boolean

2022/08/03 21:40:02 D:/GOMOD/pkg/mod/gorm.io/driver/mysql@v1.3.5/migrator.go:47
[99.354ms] [rows:0] ALTER TABLE `category` MODIFY COLUMN `is_tab` boolean NOT NULL DEFAULT false

2022/08/03 21:40:03 D:/GOMOD/pkg/mod/gorm.io/driver/mysql@v1.3.5/migrator.go:250
[79.448ms] [rows:-] SELECT DATABASE()

2022/08/03 21:40:03 D:/GOMOD/pkg/mod/gorm.io/driver/mysql@v1.3.5/migrator.go:253
[159.920ms] [rows:1] SELECT SCHEMA_NAME from Information_schema.SCHEMATA where SCHEMA_NAME LIKE 'mxshop_goods_service%' ORDER BY SCHEMA_NAME='mxshop_goods_service' DESC,SCHEMA_NAME limit 1

2022/08/03 21:40:03 D:/C_Back/Go/Shop_service/goods_service/initialize/db.go:32
[140.846ms] [rows:-] SELECT count(*) FROM INFORMATION_SCHEMA.table_constraints WHERE constraint_schema = 'mxshop_goods_service' AND table_name = 'category' AND constraint_name = 'fk_category_sub_category'

2022/08/03 21:40:03 D:/GOMOD/pkg/mod/gorm.io/driver/mysql@v1.3.5/migrator.go:250
[68.738ms] [rows:-] SELECT DATABASE()

2022/08/03 21:40:03 D:/GOMOD/pkg/mod/gorm.io/driver/mysql@v1.3.5/migrator.go:253
[169.244ms] [rows:1] SELECT SCHEMA_NAME from Information_schema.SCHEMATA where SCHEMA_NAME LIKE 'mxshop_goods_service%' ORDER BY SCHEMA_NAME='mxshop_goods_service' DESC,SCHEMA_NAME limit 1

2022/08/03 21:40:03 D:/C_Back/Go/Shop_service/goods_service/initialize/db.go:32
[160.061ms] [rows:-] SELECT count(*) FROM information_schema.tables WHERE table_schema = 'mxshop_goods_service' AND table_name = 'brands' AND table_type = 'BASE TABLE'

2022/08/03 21:40:03 D:/GOMOD/pkg/mod/gorm.io/driver/mysql@v1.3.5/migrator.go:250
[67.890ms] [rows:-] SELECT DATABASE()

2022/08/03 21:40:03 D:/GOMOD/pkg/mod/gorm.io/driver/mysql@v1.3.5/migrator.go:253
[182.259ms] [rows:1] SELECT SCHEMA_NAME from Information_schema.SCHEMATA where SCHEMA_NAME LIKE 'mxshop_goods_service%' ORDER BY SCHEMA_NAME='mxshop_goods_service' DESC,SCHEMA_NAME limit 1

2022/08/03 21:40:04 D:/GOMOD/pkg/mod/gorm.io/driver/mysql@v1.3.5/migrator.go:163
[93.450ms] [rows:-] SELECT * FROM `brands` LIMIT 1

2022/08/03 21:40:04 D:/GOMOD/pkg/mod/gorm.io/driver/mysql@v1.3.5/migrator.go:181
[173.980ms] [rows:-] SELECT column_name, column_default, is_nullable = 'YES', data_type, character_maximum_length, column_type, column_key, extra, column_comment, numeric_precision, numeric_scale , datetime_precision FROM information_schema.columns WHERE table_schema = 'mxshop_goods_service' AND table_name = 'brands' ORDER BY ORDINAL_POSITION

2022/08/03 21:40:04 D:/GOMOD/pkg/mod/gorm.io/driver/mysql@v1.3.5/migrator.go:47
[58.967ms] [rows:0] ALTER TABLE `brands` MODIFY COLUMN `is_deleted` boolean

2022/08/03 21:40:04 D:/GOMOD/pkg/mod/gorm.io/driver/mysql@v1.3.5/migrator.go:47 Error 1265: Data truncated for column 'name' at row 76
[109.139ms] [rows:0] ALTER TABLE `brands` MODIFY COLUMN `name` varchar(20)
2022-08-03T21:41:04.169+0800	INFO	initialize/logger.go:23	日志初始化成功

2022/08/03 21:41:04 D:/GOMOD/pkg/mod/gorm.io/driver/mysql@v1.3.5/migrator.go:250
[108.268ms] [rows:-] SELECT DATABASE()

2022/08/03 21:41:04 D:/GOMOD/pkg/mod/gorm.io/driver/mysql@v1.3.5/migrator.go:253
[180.418ms] [rows:1] SELECT SCHEMA_NAME from Information_schema.SCHEMATA where SCHEMA_NAME LIKE 'mxshop_goods_service%' ORDER BY SCHEMA_NAME='mxshop_goods_service' DESC,SCHEMA_NAME limit 1

2022/08/03 21:41:05 D:/C_Back/Go/Shop_service/goods_service/initialize/db.go:32
[158.424ms] [rows:-] SELECT count(*) FROM information_schema.tables WHERE table_schema = 'mxshop_goods_service' AND table_name = 'category' AND table_type = 'BASE TABLE'

2022/08/03 21:41:05 D:/GOMOD/pkg/mod/gorm.io/driver/mysql@v1.3.5/migrator.go:250
[69.743ms] [rows:-] SELECT DATABASE()

2022/08/03 21:41:05 D:/GOMOD/pkg/mod/gorm.io/driver/mysql@v1.3.5/migrator.go:253
[180.072ms] [rows:1] SELECT SCHEMA_NAME from Information_schema.SCHEMATA where SCHEMA_NAME LIKE 'mxshop_goods_service%' ORDER BY SCHEMA_NAME='mxshop_goods_service' DESC,SCHEMA_NAME limit 1

2022/08/03 21:41:05 D:/GOMOD/pkg/mod/gorm.io/driver/mysql@v1.3.5/migrator.go:163
[68.966ms] [rows:-] SELECT * FROM `category` LIMIT 1

2022/08/03 21:41:05 D:/GOMOD/pkg/mod/gorm.io/driver/mysql@v1.3.5/migrator.go:181
[192.672ms] [rows:-] SELECT column_name, column_default, is_nullable = 'YES', data_type, character_maximum_length, column_type, column_key, extra, column_comment, numeric_precision, numeric_scale , datetime_precision FROM information_schema.columns WHERE table_schema = 'mxshop_goods_service' AND table_name = 'category' ORDER BY ORDINAL_POSITION

2022/08/03 21:41:05 D:/GOMOD/pkg/mod/gorm.io/driver/mysql@v1.3.5/migrator.go:47
[66.965ms] [rows:0] ALTER TABLE `category` MODIFY COLUMN `is_deleted` boolean

2022/08/03 21:41:05 D:/GOMOD/pkg/mod/gorm.io/driver/mysql@v1.3.5/migrator.go:47
[98.546ms] [rows:0] ALTER TABLE `category` MODIFY COLUMN `is_tab` boolean NOT NULL DEFAULT false

2022/08/03 21:41:05 D:/GOMOD/pkg/mod/gorm.io/driver/mysql@v1.3.5/migrator.go:250
[99.433ms] [rows:-] SELECT DATABASE()

2022/08/03 21:41:06 D:/GOMOD/pkg/mod/gorm.io/driver/mysql@v1.3.5/migrator.go:253
[179.694ms] [rows:1] SELECT SCHEMA_NAME from Information_schema.SCHEMATA where SCHEMA_NAME LIKE 'mxshop_goods_service%' ORDER BY SCHEMA_NAME='mxshop_goods_service' DESC,SCHEMA_NAME limit 1

2022/08/03 21:41:06 D:/C_Back/Go/Shop_service/goods_service/initialize/db.go:32
[159.658ms] [rows:-] SELECT count(*) FROM INFORMATION_SCHEMA.table_constraints WHERE constraint_schema = 'mxshop_goods_service' AND table_name = 'category' AND constraint_name = 'fk_category_sub_category'

2022/08/03 21:41:06 D:/GOMOD/pkg/mod/gorm.io/driver/mysql@v1.3.5/migrator.go:250
[70.942ms] [rows:-] SELECT DATABASE()

2022/08/03 21:41:06 D:/GOMOD/pkg/mod/gorm.io/driver/mysql@v1.3.5/migrator.go:253
[179.473ms] [rows:1] SELECT SCHEMA_NAME from Information_schema.SCHEMATA where SCHEMA_NAME LIKE 'mxshop_goods_service%' ORDER BY SCHEMA_NAME='mxshop_goods_service' DESC,SCHEMA_NAME limit 1

2022/08/03 21:41:06 D:/C_Back/Go/Shop_service/goods_service/initialize/db.go:32
[158.474ms] [rows:-] SELECT count(*) FROM information_schema.tables WHERE table_schema = 'mxshop_goods_service' AND table_name = 'brands' AND table_type = 'BASE TABLE'

2022/08/03 21:41:06 D:/GOMOD/pkg/mod/gorm.io/driver/mysql@v1.3.5/migrator.go:250
[79.703ms] [rows:-] SELECT DATABASE()

2022/08/03 21:41:06 D:/GOMOD/pkg/mod/gorm.io/driver/mysql@v1.3.5/migrator.go:253
[189.118ms] [rows:1] SELECT SCHEMA_NAME from Information_schema.SCHEMATA where SCHEMA_NAME LIKE 'mxshop_goods_service%' ORDER BY SCHEMA_NAME='mxshop_goods_service' DESC,SCHEMA_NAME limit 1

2022/08/03 21:41:06 D:/GOMOD/pkg/mod/gorm.io/driver/mysql@v1.3.5/migrator.go:163
[70.199ms] [rows:-] SELECT * FROM `brands` LIMIT 1

2022/08/03 21:41:07 D:/GOMOD/pkg/mod/gorm.io/driver/mysql@v1.3.5/migrator.go:181
[179.412ms] [rows:-] SELECT column_name, column_default, is_nullable = 'YES', data_type, character_maximum_length, column_type, column_key, extra, column_comment, numeric_precision, numeric_scale , datetime_precision FROM information_schema.columns WHERE table_schema = 'mxshop_goods_service' AND table_name = 'brands' ORDER BY ORDINAL_POSITION

2022/08/03 21:41:07 D:/GOMOD/pkg/mod/gorm.io/driver/mysql@v1.3.5/migrator.go:47
[69.322ms] [rows:0] ALTER TABLE `brands` MODIFY COLUMN `is_deleted` boolean

2022/08/03 21:41:07 D:/GOMOD/pkg/mod/gorm.io/driver/mysql@v1.3.5/migrator.go:47
[98.938ms] [rows:0] ALTER TABLE `brands` MODIFY COLUMN `name` varchar(50) NOT NULL

2022/08/03 21:41:07 D:/GOMOD/pkg/mod/gorm.io/driver/mysql@v1.3.5/migrator.go:47
[208.869ms] [rows:0] ALTER TABLE `brands` MODIFY COLUMN `logo` varchar(200) NOT NULL DEFAULT ''

2022/08/03 21:41:07 D:/GOMOD/pkg/mod/gorm.io/driver/mysql@v1.3.5/migrator.go:250
[69.972ms] [rows:-] SELECT DATABASE()

2022/08/03 21:41:07 D:/GOMOD/pkg/mod/gorm.io/driver/mysql@v1.3.5/migrator.go:253
[140.002ms] [rows:1] SELECT SCHEMA_NAME from Information_schema.SCHEMATA where SCHEMA_NAME LIKE 'mxshop_goods_service%' ORDER BY SCHEMA_NAME='mxshop_goods_service' DESC,SCHEMA_NAME limit 1

2022/08/03 21:41:07 D:/C_Back/Go/Shop_service/goods_service/initialize/db.go:32
[158.325ms] [rows:-] SELECT count(*) FROM information_schema.tables WHERE table_schema = 'mxshop_goods_service' AND table_name = 'goodscategorybrand' AND table_type = 'BASE TABLE'

2022/08/03 21:41:07 D:/GOMOD/pkg/mod/gorm.io/driver/mysql@v1.3.5/migrator.go:250
[69.223ms] [rows:-] SELECT DATABASE()

2022/08/03 21:41:08 D:/GOMOD/pkg/mod/gorm.io/driver/mysql@v1.3.5/migrator.go:253
[181.744ms] [rows:1] SELECT SCHEMA_NAME from Information_schema.SCHEMATA where SCHEMA_NAME LIKE 'mxshop_goods_service%' ORDER BY SCHEMA_NAME='mxshop_goods_service' DESC,SCHEMA_NAME limit 1

2022/08/03 21:41:08 D:/GOMOD/pkg/mod/gorm.io/driver/mysql@v1.3.5/migrator.go:163
[67.587ms] [rows:-] SELECT * FROM `goodscategorybrand` LIMIT 1

2022/08/03 21:41:08 D:/GOMOD/pkg/mod/gorm.io/driver/mysql@v1.3.5/migrator.go:181
[179.740ms] [rows:-] SELECT column_name, column_default, is_nullable = 'YES', data_type, character_maximum_length, column_type, column_key, extra, column_comment, numeric_precision, numeric_scale , datetime_precision FROM information_schema.columns WHERE table_schema = 'mxshop_goods_service' AND table_name = 'goodscategorybrand' ORDER BY ORDINAL_POSITION

2022/08/03 21:41:08 D:/GOMOD/pkg/mod/gorm.io/driver/mysql@v1.3.5/migrator.go:47
[271.432ms] [rows:1801] ALTER TABLE `goodscategorybrand` MODIFY COLUMN `add_time` datetime(3) NULL

2022/08/03 21:41:08 D:/GOMOD/pkg/mod/gorm.io/driver/mysql@v1.3.5/migrator.go:47
[267.342ms] [rows:1801] ALTER TABLE `goodscategorybrand` MODIFY COLUMN `update_time` datetime(3) NULL

2022/08/03 21:41:09 D:/C_Back/Go/Shop_service/goods_service/initialize/db.go:32
[318.108ms] [rows:0] ALTER TABLE `goodscategorybrand` ADD `deleted_at` datetime(3) NULL

2022/08/03 21:41:09 D:/GOMOD/pkg/mod/gorm.io/driver/mysql@v1.3.5/migrator.go:47
[70.011ms] [rows:0] ALTER TABLE `goodscategorybrand` MODIFY COLUMN `is_deleted` boolean

2022/08/03 21:41:09 D:/C_Back/Go/Shop_service/goods_service/initialize/db.go:32
[319.475ms] [rows:0] ALTER TABLE `goodscategorybrand` ADD `brands_id` int

2022/08/03 21:41:09 D:/GOMOD/pkg/mod/gorm.io/driver/mysql@v1.3.5/migrator.go:250
[69.271ms] [rows:-] SELECT DATABASE()

2022/08/03 21:41:09 D:/GOMOD/pkg/mod/gorm.io/driver/mysql@v1.3.5/migrator.go:253
[160.550ms] [rows:1] SELECT SCHEMA_NAME from Information_schema.SCHEMATA where SCHEMA_NAME LIKE 'mxshop_goods_service%' ORDER BY SCHEMA_NAME='mxshop_goods_service' DESC,SCHEMA_NAME limit 1

2022/08/03 21:41:10 D:/C_Back/Go/Shop_service/goods_service/initialize/db.go:32
[158.664ms] [rows:-] SELECT count(*) FROM INFORMATION_SCHEMA.table_constraints WHERE constraint_schema = 'mxshop_goods_service' AND table_name = 'goodscategorybrand' AND constraint_name = 'fk_goodscategorybrand_category'

2022/08/03 21:41:10 D:/C_Back/Go/Shop_service/goods_service/initialize/db.go:32
[280.739ms] [rows:1801] ALTER TABLE `goodscategorybrand` ADD CONSTRAINT `fk_goodscategorybrand_category` FOREIGN KEY (`category_id`) REFERENCES `category`(`id`)

2022/08/03 21:41:10 D:/GOMOD/pkg/mod/gorm.io/driver/mysql@v1.3.5/migrator.go:250
[89.214ms] [rows:-] SELECT DATABASE()

2022/08/03 21:41:10 D:/GOMOD/pkg/mod/gorm.io/driver/mysql@v1.3.5/migrator.go:253
[187.688ms] [rows:1] SELECT SCHEMA_NAME from Information_schema.SCHEMATA where SCHEMA_NAME LIKE 'mxshop_goods_service%' ORDER BY SCHEMA_NAME='mxshop_goods_service' DESC,SCHEMA_NAME limit 1

2022/08/03 21:41:10 D:/C_Back/Go/Shop_service/goods_service/initialize/db.go:32
[158.950ms] [rows:-] SELECT count(*) FROM INFORMATION_SCHEMA.table_constraints WHERE constraint_schema = 'mxshop_goods_service' AND table_name = 'goodscategorybrand' AND constraint_name = 'fk_goodscategorybrand_brands'

2022/08/03 21:41:11 D:/C_Back/Go/Shop_service/goods_service/initialize/db.go:32
[320.693ms] [rows:1801] ALTER TABLE `goodscategorybrand` ADD CONSTRAINT `fk_goodscategorybrand_brands` FOREIGN KEY (`brands_id`) REFERENCES `brands`(`id`)

2022/08/03 21:41:11 D:/GOMOD/pkg/mod/gorm.io/driver/mysql@v1.3.5/migrator.go:250
[100.771ms] [rows:-] SELECT DATABASE()

2022/08/03 21:41:11 D:/GOMOD/pkg/mod/gorm.io/driver/mysql@v1.3.5/migrator.go:253
[193.722ms] [rows:1] SELECT SCHEMA_NAME from Information_schema.SCHEMATA where SCHEMA_NAME LIKE 'mxshop_goods_service%' ORDER BY SCHEMA_NAME='mxshop_goods_service' DESC,SCHEMA_NAME limit 1

2022/08/03 21:41:11 D:/C_Back/Go/Shop_service/goods_service/initialize/db.go:32
[153.938ms] [rows:-] SELECT count(*) FROM information_schema.statistics WHERE table_schema = 'mxshop_goods_service' AND table_name = 'goodscategorybrand' AND index_name = 'idx_category_brand'

2022/08/03 21:41:11 D:/C_Back/Go/Shop_service/goods_service/initialize/db.go:32
[159.709ms] [rows:0] CREATE UNIQUE INDEX `idx_category_brand` ON `goodscategorybrand`(`category_id`,`brands_id`)

2022/08/03 21:41:11 D:/GOMOD/pkg/mod/gorm.io/driver/mysql@v1.3.5/migrator.go:250
[89.874ms] [rows:-] SELECT DATABASE()

2022/08/03 21:41:11 D:/GOMOD/pkg/mod/gorm.io/driver/mysql@v1.3.5/migrator.go:253
[180.644ms] [rows:1] SELECT SCHEMA_NAME from Information_schema.SCHEMATA where SCHEMA_NAME LIKE 'mxshop_goods_service%' ORDER BY SCHEMA_NAME='mxshop_goods_service' DESC,SCHEMA_NAME limit 1

2022/08/03 21:41:12 D:/C_Back/Go/Shop_service/goods_service/initialize/db.go:32
[148.853ms] [rows:-] SELECT count(*) FROM information_schema.tables WHERE table_schema = 'mxshop_goods_service' AND table_name = 'banners' AND table_type = 'BASE TABLE'

2022/08/03 21:41:12 D:/C_Back/Go/Shop_service/goods_service/initialize/db.go:32
[129.453ms] [rows:0] CREATE TABLE `banners` (`id` int AUTO_INCREMENT,`add_time` datetime(3) NULL,`update_time` datetime(3) NULL,`deleted_at` datetime(3) NULL,`is_deleted` boolean,`image` varchar(200) NOT NULL,`url` varchar(200) NOT NULL,`index` int NOT NULL DEFAULT 1,PRIMARY KEY (`id`))

2022/08/03 21:41:12 D:/GOMOD/pkg/mod/gorm.io/driver/mysql@v1.3.5/migrator.go:250
[89.094ms] [rows:-] SELECT DATABASE()

2022/08/03 21:41:12 D:/GOMOD/pkg/mod/gorm.io/driver/mysql@v1.3.5/migrator.go:253
[190.237ms] [rows:1] SELECT SCHEMA_NAME from Information_schema.SCHEMATA where SCHEMA_NAME LIKE 'mxshop_goods_service%' ORDER BY SCHEMA_NAME='mxshop_goods_service' DESC,SCHEMA_NAME limit 1

2022/08/03 21:41:12 D:/C_Back/Go/Shop_service/goods_service/initialize/db.go:32
[158.571ms] [rows:-] SELECT count(*) FROM information_schema.tables WHERE table_schema = 'mxshop_goods_service' AND table_name = 'goods' AND table_type = 'BASE TABLE'

2022/08/03 21:41:12 D:/GOMOD/pkg/mod/gorm.io/driver/mysql@v1.3.5/migrator.go:250
[69.545ms] [rows:-] SELECT DATABASE()

2022/08/03 21:41:12 D:/GOMOD/pkg/mod/gorm.io/driver/mysql@v1.3.5/migrator.go:253
[179.264ms] [rows:1] SELECT SCHEMA_NAME from Information_schema.SCHEMATA where SCHEMA_NAME LIKE 'mxshop_goods_service%' ORDER BY SCHEMA_NAME='mxshop_goods_service' DESC,SCHEMA_NAME limit 1

2022/08/03 21:41:12 D:/GOMOD/pkg/mod/gorm.io/driver/mysql@v1.3.5/migrator.go:163
[69.771ms] [rows:-] SELECT * FROM `goods` LIMIT 1

2022/08/03 21:41:13 D:/GOMOD/pkg/mod/gorm.io/driver/mysql@v1.3.5/migrator.go:181
[178.745ms] [rows:-] SELECT column_name, column_default, is_nullable = 'YES', data_type, character_maximum_length, column_type, column_key, extra, column_comment, numeric_precision, numeric_scale , datetime_precision FROM information_schema.columns WHERE table_schema = 'mxshop_goods_service' AND table_name = 'goods' ORDER BY ORDINAL_POSITION

2022/08/03 21:41:13 D:/GOMOD/pkg/mod/gorm.io/driver/mysql@v1.3.5/migrator.go:47
[419.507ms] [rows:425] ALTER TABLE `goods` MODIFY COLUMN `add_time` datetime(3) NULL

2022/08/03 21:41:13 D:/GOMOD/pkg/mod/gorm.io/driver/mysql@v1.3.5/migrator.go:47
[419.016ms] [rows:425] ALTER TABLE `goods` MODIFY COLUMN `update_time` datetime(3) NULL

2022/08/03 21:41:14 D:/C_Back/Go/Shop_service/goods_service/initialize/db.go:32
[629.264ms] [rows:0] ALTER TABLE `goods` ADD `deleted_at` datetime(3) NULL

2022/08/03 21:41:14 D:/GOMOD/pkg/mod/gorm.io/driver/mysql@v1.3.5/migrator.go:47
[69.295ms] [rows:0] ALTER TABLE `goods` MODIFY COLUMN `is_deleted` boolean

2022/08/03 21:41:15 D:/C_Back/Go/Shop_service/goods_service/initialize/db.go:32
[581.411ms] [rows:0] ALTER TABLE `goods` ADD `brands_id` int NOT NULL

2022/08/03 21:41:15 D:/GOMOD/pkg/mod/gorm.io/driver/mysql@v1.3.5/migrator.go:47
[67.550ms] [rows:0] ALTER TABLE `goods` MODIFY COLUMN `on_sale` boolean NOT NULL DEFAULT false

2022/08/03 21:41:15 D:/GOMOD/pkg/mod/gorm.io/driver/mysql@v1.3.5/migrator.go:47
[73.446ms] [rows:0] ALTER TABLE `goods` MODIFY COLUMN `ship_free` boolean NOT NULL DEFAULT false

2022/08/03 21:41:15 D:/GOMOD/pkg/mod/gorm.io/driver/mysql@v1.3.5/migrator.go:47
[95.298ms] [rows:0] ALTER TABLE `goods` MODIFY COLUMN `is_new` boolean NOT NULL DEFAULT false

2022/08/03 21:41:15 D:/GOMOD/pkg/mod/gorm.io/driver/mysql@v1.3.5/migrator.go:47
[101.665ms] [rows:0] ALTER TABLE `goods` MODIFY COLUMN `is_hot` boolean NOT NULL DEFAULT false

2022/08/03 21:41:15 D:/GOMOD/pkg/mod/gorm.io/driver/mysql@v1.3.5/migrator.go:47 Error 1406: Data too long for column 'name' at row 5
[166.681ms] [rows:0] ALTER TABLE `goods` MODIFY COLUMN `name` varchar(50) NOT NULL
2022-08-03T21:41:51.838+0800	INFO	initialize/logger.go:23	日志初始化成功

2022/08/03 21:41:52 D:/GOMOD/pkg/mod/gorm.io/driver/mysql@v1.3.5/migrator.go:250
[78.671ms] [rows:-] SELECT DATABASE()

2022/08/03 21:41:52 D:/GOMOD/pkg/mod/gorm.io/driver/mysql@v1.3.5/migrator.go:253
[169.982ms] [rows:1] SELECT SCHEMA_NAME from Information_schema.SCHEMATA where SCHEMA_NAME LIKE 'mxshop_goods_service%' ORDER BY SCHEMA_NAME='mxshop_goods_service' DESC,SCHEMA_NAME limit 1

2022/08/03 21:41:52 D:/C_Back/Go/Shop_service/goods_service/initialize/db.go:32
[138.988ms] [rows:-] SELECT count(*) FROM information_schema.tables WHERE table_schema = 'mxshop_goods_service' AND table_name = 'category' AND table_type = 'BASE TABLE'

2022/08/03 21:41:52 D:/GOMOD/pkg/mod/gorm.io/driver/mysql@v1.3.5/migrator.go:250
[60.046ms] [rows:-] SELECT DATABASE()

2022/08/03 21:41:52 D:/GOMOD/pkg/mod/gorm.io/driver/mysql@v1.3.5/migrator.go:253
[179.795ms] [rows:1] SELECT SCHEMA_NAME from Information_schema.SCHEMATA where SCHEMA_NAME LIKE 'mxshop_goods_service%' ORDER BY SCHEMA_NAME='mxshop_goods_service' DESC,SCHEMA_NAME limit 1

2022/08/03 21:41:52 D:/GOMOD/pkg/mod/gorm.io/driver/mysql@v1.3.5/migrator.go:163
[59.409ms] [rows:-] SELECT * FROM `category` LIMIT 1

2022/08/03 21:41:53 D:/GOMOD/pkg/mod/gorm.io/driver/mysql@v1.3.5/migrator.go:181
[169.281ms] [rows:-] SELECT column_name, column_default, is_nullable = 'YES', data_type, character_maximum_length, column_type, column_key, extra, column_comment, numeric_precision, numeric_scale , datetime_precision FROM information_schema.columns WHERE table_schema = 'mxshop_goods_service' AND table_name = 'category' ORDER BY ORDINAL_POSITION

2022/08/03 21:41:53 D:/GOMOD/pkg/mod/gorm.io/driver/mysql@v1.3.5/migrator.go:47
[58.858ms] [rows:0] ALTER TABLE `category` MODIFY COLUMN `is_deleted` boolean

2022/08/03 21:41:53 D:/GOMOD/pkg/mod/gorm.io/driver/mysql@v1.3.5/migrator.go:47
[89.063ms] [rows:0] ALTER TABLE `category` MODIFY COLUMN `is_tab` boolean NOT NULL DEFAULT false

2022/08/03 21:41:53 D:/GOMOD/pkg/mod/gorm.io/driver/mysql@v1.3.5/migrator.go:250
[79.658ms] [rows:-] SELECT DATABASE()

2022/08/03 21:41:53 D:/GOMOD/pkg/mod/gorm.io/driver/mysql@v1.3.5/migrator.go:253
[160.062ms] [rows:1] SELECT SCHEMA_NAME from Information_schema.SCHEMATA where SCHEMA_NAME LIKE 'mxshop_goods_service%' ORDER BY SCHEMA_NAME='mxshop_goods_service' DESC,SCHEMA_NAME limit 1

2022/08/03 21:41:53 D:/C_Back/Go/Shop_service/goods_service/initialize/db.go:32
[139.964ms] [rows:-] SELECT count(*) FROM INFORMATION_SCHEMA.table_constraints WHERE constraint_schema = 'mxshop_goods_service' AND table_name = 'category' AND constraint_name = 'fk_category_sub_category'

2022/08/03 21:41:53 D:/GOMOD/pkg/mod/gorm.io/driver/mysql@v1.3.5/migrator.go:250
[59.599ms] [rows:-] SELECT DATABASE()

2022/08/03 21:41:53 D:/GOMOD/pkg/mod/gorm.io/driver/mysql@v1.3.5/migrator.go:253
[109.347ms] [rows:1] SELECT SCHEMA_NAME from Information_schema.SCHEMATA where SCHEMA_NAME LIKE 'mxshop_goods_service%' ORDER BY SCHEMA_NAME='mxshop_goods_service' DESC,SCHEMA_NAME limit 1

2022/08/03 21:41:53 D:/C_Back/Go/Shop_service/goods_service/initialize/db.go:32
[140.950ms] [rows:-] SELECT count(*) FROM information_schema.tables WHERE table_schema = 'mxshop_goods_service' AND table_name = 'brands' AND table_type = 'BASE TABLE'

2022/08/03 21:41:54 D:/GOMOD/pkg/mod/gorm.io/driver/mysql@v1.3.5/migrator.go:250
[58.419ms] [rows:-] SELECT DATABASE()

2022/08/03 21:41:54 D:/GOMOD/pkg/mod/gorm.io/driver/mysql@v1.3.5/migrator.go:253
[159.862ms] [rows:1] SELECT SCHEMA_NAME from Information_schema.SCHEMATA where SCHEMA_NAME LIKE 'mxshop_goods_service%' ORDER BY SCHEMA_NAME='mxshop_goods_service' DESC,SCHEMA_NAME limit 1

2022/08/03 21:41:54 D:/GOMOD/pkg/mod/gorm.io/driver/mysql@v1.3.5/migrator.go:163
[59.955ms] [rows:-] SELECT * FROM `brands` LIMIT 1

2022/08/03 21:41:54 D:/GOMOD/pkg/mod/gorm.io/driver/mysql@v1.3.5/migrator.go:181
[164.714ms] [rows:-] SELECT column_name, column_default, is_nullable = 'YES', data_type, character_maximum_length, column_type, column_key, extra, column_comment, numeric_precision, numeric_scale , datetime_precision FROM information_schema.columns WHERE table_schema = 'mxshop_goods_service' AND table_name = 'brands' ORDER BY ORDINAL_POSITION

2022/08/03 21:41:54 D:/GOMOD/pkg/mod/gorm.io/driver/mysql@v1.3.5/migrator.go:47
[63.965ms] [rows:0] ALTER TABLE `brands` MODIFY COLUMN `is_deleted` boolean

2022/08/03 21:41:54 D:/GOMOD/pkg/mod/gorm.io/driver/mysql@v1.3.5/migrator.go:47
[88.748ms] [rows:0] ALTER TABLE `brands` MODIFY COLUMN `name` varchar(50) NOT NULL

2022/08/03 21:41:54 D:/GOMOD/pkg/mod/gorm.io/driver/mysql@v1.3.5/migrator.go:250
[79.016ms] [rows:-] SELECT DATABASE()

2022/08/03 21:41:54 D:/GOMOD/pkg/mod/gorm.io/driver/mysql@v1.3.5/migrator.go:253
[159.964ms] [rows:1] SELECT SCHEMA_NAME from Information_schema.SCHEMATA where SCHEMA_NAME LIKE 'mxshop_goods_service%' ORDER BY SCHEMA_NAME='mxshop_goods_service' DESC,SCHEMA_NAME limit 1

2022/08/03 21:41:54 D:/C_Back/Go/Shop_service/goods_service/initialize/db.go:32
[139.781ms] [rows:-] SELECT count(*) FROM information_schema.tables WHERE table_schema = 'mxshop_goods_service' AND table_name = 'goodscategorybrand' AND table_type = 'BASE TABLE'

2022/08/03 21:41:55 D:/GOMOD/pkg/mod/gorm.io/driver/mysql@v1.3.5/migrator.go:250
[59.227ms] [rows:-] SELECT DATABASE()

2022/08/03 21:41:55 D:/GOMOD/pkg/mod/gorm.io/driver/mysql@v1.3.5/migrator.go:253
[169.835ms] [rows:1] SELECT SCHEMA_NAME from Information_schema.SCHEMATA where SCHEMA_NAME LIKE 'mxshop_goods_service%' ORDER BY SCHEMA_NAME='mxshop_goods_service' DESC,SCHEMA_NAME limit 1

2022/08/03 21:41:55 D:/GOMOD/pkg/mod/gorm.io/driver/mysql@v1.3.5/migrator.go:163
[59.840ms] [rows:-] SELECT * FROM `goodscategorybrand` LIMIT 1

2022/08/03 21:41:55 D:/GOMOD/pkg/mod/gorm.io/driver/mysql@v1.3.5/migrator.go:181
[160.280ms] [rows:-] SELECT column_name, column_default, is_nullable = 'YES', data_type, character_maximum_length, column_type, column_key, extra, column_comment, numeric_precision, numeric_scale , datetime_precision FROM information_schema.columns WHERE table_schema = 'mxshop_goods_service' AND table_name = 'goodscategorybrand' ORDER BY ORDINAL_POSITION

2022/08/03 21:41:55 D:/GOMOD/pkg/mod/gorm.io/driver/mysql@v1.3.5/migrator.go:47
[57.873ms] [rows:0] ALTER TABLE `goodscategorybrand` MODIFY COLUMN `is_deleted` boolean

2022/08/03 21:41:55 D:/GOMOD/pkg/mod/gorm.io/driver/mysql@v1.3.5/migrator.go:250
[83.332ms] [rows:-] SELECT DATABASE()

2022/08/03 21:41:55 D:/GOMOD/pkg/mod/gorm.io/driver/mysql@v1.3.5/migrator.go:253
[165.173ms] [rows:1] SELECT SCHEMA_NAME from Information_schema.SCHEMATA where SCHEMA_NAME LIKE 'mxshop_goods_service%' ORDER BY SCHEMA_NAME='mxshop_goods_service' DESC,SCHEMA_NAME limit 1

2022/08/03 21:41:55 D:/C_Back/Go/Shop_service/goods_service/initialize/db.go:32
[159.632ms] [rows:-] SELECT count(*) FROM INFORMATION_SCHEMA.table_constraints WHERE constraint_schema = 'mxshop_goods_service' AND table_name = 'goodscategorybrand' AND constraint_name = 'fk_goodscategorybrand_category'

2022/08/03 21:41:55 D:/GOMOD/pkg/mod/gorm.io/driver/mysql@v1.3.5/migrator.go:250
[59.885ms] [rows:-] SELECT DATABASE()

2022/08/03 21:41:56 D:/GOMOD/pkg/mod/gorm.io/driver/mysql@v1.3.5/migrator.go:253
[169.780ms] [rows:1] SELECT SCHEMA_NAME from Information_schema.SCHEMATA where SCHEMA_NAME LIKE 'mxshop_goods_service%' ORDER BY SCHEMA_NAME='mxshop_goods_service' DESC,SCHEMA_NAME limit 1

2022/08/03 21:41:56 D:/C_Back/Go/Shop_service/goods_service/initialize/db.go:32
[139.452ms] [rows:-] SELECT count(*) FROM INFORMATION_SCHEMA.table_constraints WHERE constraint_schema = 'mxshop_goods_service' AND table_name = 'goodscategorybrand' AND constraint_name = 'fk_goodscategorybrand_brands'

2022/08/03 21:41:56 D:/GOMOD/pkg/mod/gorm.io/driver/mysql@v1.3.5/migrator.go:250
[59.790ms] [rows:-] SELECT DATABASE()

2022/08/03 21:41:56 D:/GOMOD/pkg/mod/gorm.io/driver/mysql@v1.3.5/migrator.go:253
[162.601ms] [rows:1] SELECT SCHEMA_NAME from Information_schema.SCHEMATA where SCHEMA_NAME LIKE 'mxshop_goods_service%' ORDER BY SCHEMA_NAME='mxshop_goods_service' DESC,SCHEMA_NAME limit 1

2022/08/03 21:41:56 D:/C_Back/Go/Shop_service/goods_service/initialize/db.go:32
[146.876ms] [rows:-] SELECT count(*) FROM information_schema.statistics WHERE table_schema = 'mxshop_goods_service' AND table_name = 'goodscategorybrand' AND index_name = 'idx_category_brand'

2022/08/03 21:41:56 D:/GOMOD/pkg/mod/gorm.io/driver/mysql@v1.3.5/migrator.go:250
[59.579ms] [rows:-] SELECT DATABASE()

2022/08/03 21:41:56 D:/GOMOD/pkg/mod/gorm.io/driver/mysql@v1.3.5/migrator.go:253
[169.345ms] [rows:1] SELECT SCHEMA_NAME from Information_schema.SCHEMATA where SCHEMA_NAME LIKE 'mxshop_goods_service%' ORDER BY SCHEMA_NAME='mxshop_goods_service' DESC,SCHEMA_NAME limit 1

2022/08/03 21:41:56 D:/C_Back/Go/Shop_service/goods_service/initialize/db.go:32
[139.567ms] [rows:-] SELECT count(*) FROM information_schema.tables WHERE table_schema = 'mxshop_goods_service' AND table_name = 'banners' AND table_type = 'BASE TABLE'

2022/08/03 21:41:57 D:/GOMOD/pkg/mod/gorm.io/driver/mysql@v1.3.5/migrator.go:250
[59.981ms] [rows:-] SELECT DATABASE()

2022/08/03 21:41:57 D:/GOMOD/pkg/mod/gorm.io/driver/mysql@v1.3.5/migrator.go:253
[159.561ms] [rows:1] SELECT SCHEMA_NAME from Information_schema.SCHEMATA where SCHEMA_NAME LIKE 'mxshop_goods_service%' ORDER BY SCHEMA_NAME='mxshop_goods_service' DESC,SCHEMA_NAME limit 1

2022/08/03 21:41:57 D:/GOMOD/pkg/mod/gorm.io/driver/mysql@v1.3.5/migrator.go:163
[59.777ms] [rows:-] SELECT * FROM `banners` LIMIT 1

2022/08/03 21:41:57 D:/GOMOD/pkg/mod/gorm.io/driver/mysql@v1.3.5/migrator.go:181
[148.546ms] [rows:-] SELECT column_name, column_default, is_nullable = 'YES', data_type, character_maximum_length, column_type, column_key, extra, column_comment, numeric_precision, numeric_scale , datetime_precision FROM information_schema.columns WHERE table_schema = 'mxshop_goods_service' AND table_name = 'banners' ORDER BY ORDINAL_POSITION

2022/08/03 21:41:57 D:/GOMOD/pkg/mod/gorm.io/driver/mysql@v1.3.5/migrator.go:47
[69.259ms] [rows:0] ALTER TABLE `banners` MODIFY COLUMN `is_deleted` boolean

2022/08/03 21:41:57 D:/GOMOD/pkg/mod/gorm.io/driver/mysql@v1.3.5/migrator.go:250
[78.992ms] [rows:-] SELECT DATABASE()

2022/08/03 21:41:57 D:/GOMOD/pkg/mod/gorm.io/driver/mysql@v1.3.5/migrator.go:253
[160.140ms] [rows:1] SELECT SCHEMA_NAME from Information_schema.SCHEMATA where SCHEMA_NAME LIKE 'mxshop_goods_service%' ORDER BY SCHEMA_NAME='mxshop_goods_service' DESC,SCHEMA_NAME limit 1

2022/08/03 21:41:57 D:/C_Back/Go/Shop_service/goods_service/initialize/db.go:32
[142.289ms] [rows:-] SELECT count(*) FROM information_schema.tables WHERE table_schema = 'mxshop_goods_service' AND table_name = 'goods' AND table_type = 'BASE TABLE'

2022/08/03 21:41:57 D:/GOMOD/pkg/mod/gorm.io/driver/mysql@v1.3.5/migrator.go:250
[57.097ms] [rows:-] SELECT DATABASE()

2022/08/03 21:41:58 D:/GOMOD/pkg/mod/gorm.io/driver/mysql@v1.3.5/migrator.go:253
[159.654ms] [rows:1] SELECT SCHEMA_NAME from Information_schema.SCHEMATA where SCHEMA_NAME LIKE 'mxshop_goods_service%' ORDER BY SCHEMA_NAME='mxshop_goods_service' DESC,SCHEMA_NAME limit 1

2022/08/03 21:41:58 D:/GOMOD/pkg/mod/gorm.io/driver/mysql@v1.3.5/migrator.go:163
[60.080ms] [rows:-] SELECT * FROM `goods` LIMIT 1

2022/08/03 21:41:58 D:/GOMOD/pkg/mod/gorm.io/driver/mysql@v1.3.5/migrator.go:181
[159.098ms] [rows:-] SELECT column_name, column_default, is_nullable = 'YES', data_type, character_maximum_length, column_type, column_key, extra, column_comment, numeric_precision, numeric_scale , datetime_precision FROM information_schema.columns WHERE table_schema = 'mxshop_goods_service' AND table_name = 'goods' ORDER BY ORDINAL_POSITION

2022/08/03 21:41:58 D:/GOMOD/pkg/mod/gorm.io/driver/mysql@v1.3.5/migrator.go:47
[59.325ms] [rows:0] ALTER TABLE `goods` MODIFY COLUMN `is_deleted` boolean

2022/08/03 21:41:58 D:/GOMOD/pkg/mod/gorm.io/driver/mysql@v1.3.5/migrator.go:47
[89.334ms] [rows:0] ALTER TABLE `goods` MODIFY COLUMN `on_sale` boolean NOT NULL DEFAULT false

2022/08/03 21:41:58 D:/GOMOD/pkg/mod/gorm.io/driver/mysql@v1.3.5/migrator.go:47
[89.419ms] [rows:0] ALTER TABLE `goods` MODIFY COLUMN `ship_free` boolean NOT NULL DEFAULT false

2022/08/03 21:41:58 D:/GOMOD/pkg/mod/gorm.io/driver/mysql@v1.3.5/migrator.go:47
[88.896ms] [rows:0] ALTER TABLE `goods` MODIFY COLUMN `is_new` boolean NOT NULL DEFAULT false

2022/08/03 21:41:58 D:/GOMOD/pkg/mod/gorm.io/driver/mysql@v1.3.5/migrator.go:47
[89.203ms] [rows:0] ALTER TABLE `goods` MODIFY COLUMN `is_hot` boolean NOT NULL DEFAULT false

2022/08/03 21:41:58 D:/GOMOD/pkg/mod/gorm.io/driver/mysql@v1.3.5/migrator.go:47
[88.798ms] [rows:0] ALTER TABLE `goods` MODIFY COLUMN `click_num` int NOT NULL DEFAULT 0

2022/08/03 21:41:58 D:/GOMOD/pkg/mod/gorm.io/driver/mysql@v1.3.5/migrator.go:47
[88.984ms] [rows:0] ALTER TABLE `goods` MODIFY COLUMN `sold_num` int NOT NULL DEFAULT 0

2022/08/03 21:41:58 D:/GOMOD/pkg/mod/gorm.io/driver/mysql@v1.3.5/migrator.go:47
[89.434ms] [rows:0] ALTER TABLE `goods` MODIFY COLUMN `fav_num` int NOT NULL DEFAULT 0

2022/08/03 21:41:59 D:/GOMOD/pkg/mod/gorm.io/driver/mysql@v1.3.5/migrator.go:47
[429.425ms] [rows:425] ALTER TABLE `goods` MODIFY COLUMN `goods_brief` varchar(100) NOT NULL

2022/08/03 21:41:59 D:/GOMOD/pkg/mod/gorm.io/driver/mysql@v1.3.5/migrator.go:47
[429.602ms] [rows:425] ALTER TABLE `goods` MODIFY COLUMN `images` varchar(1000) NOT NULL

2022/08/03 21:41:59 D:/GOMOD/pkg/mod/gorm.io/driver/mysql@v1.3.5/migrator.go:47 Error 1406: Data too long for column 'desc_images' at row 1
[139.073ms] [rows:0] ALTER TABLE `goods` MODIFY COLUMN `desc_images` varchar(1000) NOT NULL
2022-08-03T21:43:03.553+0800	INFO	initialize/logger.go:23	日志初始化成功

2022/08/03 21:43:04 D:/GOMOD/pkg/mod/gorm.io/driver/mysql@v1.3.5/migrator.go:250
[79.557ms] [rows:-] SELECT DATABASE()

2022/08/03 21:43:04 D:/GOMOD/pkg/mod/gorm.io/driver/mysql@v1.3.5/migrator.go:253
[158.603ms] [rows:1] SELECT SCHEMA_NAME from Information_schema.SCHEMATA where SCHEMA_NAME LIKE 'mxshop_goods_service%' ORDER BY SCHEMA_NAME='mxshop_goods_service' DESC,SCHEMA_NAME limit 1

2022/08/03 21:43:04 D:/C_Back/Go/Shop_service/goods_service/initialize/db.go:32
[139.117ms] [rows:-] SELECT count(*) FROM information_schema.tables WHERE table_schema = 'mxshop_goods_service' AND table_name = 'category' AND table_type = 'BASE TABLE'

2022/08/03 21:43:04 D:/GOMOD/pkg/mod/gorm.io/driver/mysql@v1.3.5/migrator.go:250
[39.546ms] [rows:-] SELECT DATABASE()

2022/08/03 21:43:04 D:/GOMOD/pkg/mod/gorm.io/driver/mysql@v1.3.5/migrator.go:253
[130.281ms] [rows:1] SELECT SCHEMA_NAME from Information_schema.SCHEMATA where SCHEMA_NAME LIKE 'mxshop_goods_service%' ORDER BY SCHEMA_NAME='mxshop_goods_service' DESC,SCHEMA_NAME limit 1

2022/08/03 21:43:04 D:/GOMOD/pkg/mod/gorm.io/driver/mysql@v1.3.5/migrator.go:163
[69.728ms] [rows:-] SELECT * FROM `category` LIMIT 1

2022/08/03 21:43:04 D:/GOMOD/pkg/mod/gorm.io/driver/mysql@v1.3.5/migrator.go:181
[162.104ms] [rows:-] SELECT column_name, column_default, is_nullable = 'YES', data_type, character_maximum_length, column_type, column_key, extra, column_comment, numeric_precision, numeric_scale , datetime_precision FROM information_schema.columns WHERE table_schema = 'mxshop_goods_service' AND table_name = 'category' ORDER BY ORDINAL_POSITION

2022/08/03 21:43:04 D:/GOMOD/pkg/mod/gorm.io/driver/mysql@v1.3.5/migrator.go:47
[76.717ms] [rows:0] ALTER TABLE `category` MODIFY COLUMN `is_deleted` boolean

2022/08/03 21:43:04 D:/GOMOD/pkg/mod/gorm.io/driver/mysql@v1.3.5/migrator.go:47
[88.764ms] [rows:0] ALTER TABLE `category` MODIFY COLUMN `is_tab` boolean NOT NULL DEFAULT false

2022/08/03 21:43:04 D:/GOMOD/pkg/mod/gorm.io/driver/mysql@v1.3.5/migrator.go:250
[79.168ms] [rows:-] SELECT DATABASE()

2022/08/03 21:43:05 D:/GOMOD/pkg/mod/gorm.io/driver/mysql@v1.3.5/migrator.go:253
[161.435ms] [rows:1] SELECT SCHEMA_NAME from Information_schema.SCHEMATA where SCHEMA_NAME LIKE 'mxshop_goods_service%' ORDER BY SCHEMA_NAME='mxshop_goods_service' DESC,SCHEMA_NAME limit 1

2022/08/03 21:43:05 D:/C_Back/Go/Shop_service/goods_service/initialize/db.go:32
[138.242ms] [rows:-] SELECT count(*) FROM INFORMATION_SCHEMA.table_constraints WHERE constraint_schema = 'mxshop_goods_service' AND table_name = 'category' AND constraint_name = 'fk_category_sub_category'

2022/08/03 21:43:05 D:/GOMOD/pkg/mod/gorm.io/driver/mysql@v1.3.5/migrator.go:250
[59.916ms] [rows:-] SELECT DATABASE()

2022/08/03 21:43:05 D:/GOMOD/pkg/mod/gorm.io/driver/mysql@v1.3.5/migrator.go:253
[159.474ms] [rows:1] SELECT SCHEMA_NAME from Information_schema.SCHEMATA where SCHEMA_NAME LIKE 'mxshop_goods_service%' ORDER BY SCHEMA_NAME='mxshop_goods_service' DESC,SCHEMA_NAME limit 1

2022/08/03 21:43:05 D:/C_Back/Go/Shop_service/goods_service/initialize/db.go:32
[143.078ms] [rows:-] SELECT count(*) FROM information_schema.tables WHERE table_schema = 'mxshop_goods_service' AND table_name = 'brands' AND table_type = 'BASE TABLE'

2022/08/03 21:43:05 D:/GOMOD/pkg/mod/gorm.io/driver/mysql@v1.3.5/migrator.go:250
[55.572ms] [rows:-] SELECT DATABASE()

2022/08/03 21:43:05 D:/GOMOD/pkg/mod/gorm.io/driver/mysql@v1.3.5/migrator.go:253
[170.001ms] [rows:1] SELECT SCHEMA_NAME from Information_schema.SCHEMATA where SCHEMA_NAME LIKE 'mxshop_goods_service%' ORDER BY SCHEMA_NAME='mxshop_goods_service' DESC,SCHEMA_NAME limit 1

2022/08/03 21:43:05 D:/GOMOD/pkg/mod/gorm.io/driver/mysql@v1.3.5/migrator.go:163
[70.452ms] [rows:-] SELECT * FROM `brands` LIMIT 1

2022/08/03 21:43:06 D:/GOMOD/pkg/mod/gorm.io/driver/mysql@v1.3.5/migrator.go:181
[142.909ms] [rows:-] SELECT column_name, column_default, is_nullable = 'YES', data_type, character_maximum_length, column_type, column_key, extra, column_comment, numeric_precision, numeric_scale , datetime_precision FROM information_schema.columns WHERE table_schema = 'mxshop_goods_service' AND table_name = 'brands' ORDER BY ORDINAL_POSITION

2022/08/03 21:43:06 D:/GOMOD/pkg/mod/gorm.io/driver/mysql@v1.3.5/migrator.go:47
[65.040ms] [rows:0] ALTER TABLE `brands` MODIFY COLUMN `is_deleted` boolean

2022/08/03 21:43:06 D:/GOMOD/pkg/mod/gorm.io/driver/mysql@v1.3.5/migrator.go:47
[88.802ms] [rows:0] ALTER TABLE `brands` MODIFY COLUMN `name` varchar(50) NOT NULL

2022/08/03 21:43:06 D:/GOMOD/pkg/mod/gorm.io/driver/mysql@v1.3.5/migrator.go:250
[79.736ms] [rows:-] SELECT DATABASE()

2022/08/03 21:43:06 D:/GOMOD/pkg/mod/gorm.io/driver/mysql@v1.3.5/migrator.go:253
[158.811ms] [rows:1] SELECT SCHEMA_NAME from Information_schema.SCHEMATA where SCHEMA_NAME LIKE 'mxshop_goods_service%' ORDER BY SCHEMA_NAME='mxshop_goods_service' DESC,SCHEMA_NAME limit 1

2022/08/03 21:43:06 D:/C_Back/Go/Shop_service/goods_service/initialize/db.go:32
[139.284ms] [rows:-] SELECT count(*) FROM information_schema.tables WHERE table_schema = 'mxshop_goods_service' AND table_name = 'goodscategorybrand' AND table_type = 'BASE TABLE'

2022/08/03 21:43:06 D:/GOMOD/pkg/mod/gorm.io/driver/mysql@v1.3.5/migrator.go:250
[58.802ms] [rows:-] SELECT DATABASE()

2022/08/03 21:43:06 D:/GOMOD/pkg/mod/gorm.io/driver/mysql@v1.3.5/migrator.go:253
[159.703ms] [rows:1] SELECT SCHEMA_NAME from Information_schema.SCHEMATA where SCHEMA_NAME LIKE 'mxshop_goods_service%' ORDER BY SCHEMA_NAME='mxshop_goods_service' DESC,SCHEMA_NAME limit 1

2022/08/03 21:43:06 D:/GOMOD/pkg/mod/gorm.io/driver/mysql@v1.3.5/migrator.go:163
[61.374ms] [rows:-] SELECT * FROM `goodscategorybrand` LIMIT 1

2022/08/03 21:43:07 D:/GOMOD/pkg/mod/gorm.io/driver/mysql@v1.3.5/migrator.go:181
[157.620ms] [rows:-] SELECT column_name, column_default, is_nullable = 'YES', data_type, character_maximum_length, column_type, column_key, extra, column_comment, numeric_precision, numeric_scale , datetime_precision FROM information_schema.columns WHERE table_schema = 'mxshop_goods_service' AND table_name = 'goodscategorybrand' ORDER BY ORDINAL_POSITION

2022/08/03 21:43:07 D:/GOMOD/pkg/mod/gorm.io/driver/mysql@v1.3.5/migrator.go:47
[69.621ms] [rows:0] ALTER TABLE `goodscategorybrand` MODIFY COLUMN `is_deleted` boolean

2022/08/03 21:43:07 D:/GOMOD/pkg/mod/gorm.io/driver/mysql@v1.3.5/migrator.go:250
[80.275ms] [rows:-] SELECT DATABASE()

2022/08/03 21:43:07 D:/GOMOD/pkg/mod/gorm.io/driver/mysql@v1.3.5/migrator.go:253
[162.266ms] [rows:1] SELECT SCHEMA_NAME from Information_schema.SCHEMATA where SCHEMA_NAME LIKE 'mxshop_goods_service%' ORDER BY SCHEMA_NAME='mxshop_goods_service' DESC,SCHEMA_NAME limit 1

2022/08/03 21:43:07 D:/C_Back/Go/Shop_service/goods_service/initialize/db.go:32
[137.110ms] [rows:-] SELECT count(*) FROM INFORMATION_SCHEMA.table_constraints WHERE constraint_schema = 'mxshop_goods_service' AND table_name = 'goodscategorybrand' AND constraint_name = 'fk_goodscategorybrand_category'

2022/08/03 21:43:07 D:/GOMOD/pkg/mod/gorm.io/driver/mysql@v1.3.5/migrator.go:250
[59.614ms] [rows:-] SELECT DATABASE()

2022/08/03 21:43:07 D:/GOMOD/pkg/mod/gorm.io/driver/mysql@v1.3.5/migrator.go:253
[160.807ms] [rows:1] SELECT SCHEMA_NAME from Information_schema.SCHEMATA where SCHEMA_NAME LIKE 'mxshop_goods_service%' ORDER BY SCHEMA_NAME='mxshop_goods_service' DESC,SCHEMA_NAME limit 1

2022/08/03 21:43:07 D:/C_Back/Go/Shop_service/goods_service/initialize/db.go:32
[118.715ms] [rows:-] SELECT count(*) FROM INFORMATION_SCHEMA.table_constraints WHERE constraint_schema = 'mxshop_goods_service' AND table_name = 'goodscategorybrand' AND constraint_name = 'fk_goodscategorybrand_brands'

2022/08/03 21:43:07 D:/GOMOD/pkg/mod/gorm.io/driver/mysql@v1.3.5/migrator.go:250
[59.675ms] [rows:-] SELECT DATABASE()

2022/08/03 21:43:08 D:/GOMOD/pkg/mod/gorm.io/driver/mysql@v1.3.5/migrator.go:253
[109.537ms] [rows:1] SELECT SCHEMA_NAME from Information_schema.SCHEMATA where SCHEMA_NAME LIKE 'mxshop_goods_service%' ORDER BY SCHEMA_NAME='mxshop_goods_service' DESC,SCHEMA_NAME limit 1

2022/08/03 21:43:08 D:/C_Back/Go/Shop_service/goods_service/initialize/db.go:32
[171.050ms] [rows:-] SELECT count(*) FROM information_schema.statistics WHERE table_schema = 'mxshop_goods_service' AND table_name = 'goodscategorybrand' AND index_name = 'idx_category_brand'

2022/08/03 21:43:08 D:/GOMOD/pkg/mod/gorm.io/driver/mysql@v1.3.5/migrator.go:250
[57.770ms] [rows:-] SELECT DATABASE()

2022/08/03 21:43:08 D:/GOMOD/pkg/mod/gorm.io/driver/mysql@v1.3.5/migrator.go:253
[119.739ms] [rows:1] SELECT SCHEMA_NAME from Information_schema.SCHEMATA where SCHEMA_NAME LIKE 'mxshop_goods_service%' ORDER BY SCHEMA_NAME='mxshop_goods_service' DESC,SCHEMA_NAME limit 1

2022/08/03 21:43:08 D:/C_Back/Go/Shop_service/goods_service/initialize/db.go:32
[120.350ms] [rows:-] SELECT count(*) FROM information_schema.tables WHERE table_schema = 'mxshop_goods_service' AND table_name = 'banners' AND table_type = 'BASE TABLE'

2022/08/03 21:43:08 D:/GOMOD/pkg/mod/gorm.io/driver/mysql@v1.3.5/migrator.go:250
[60.543ms] [rows:-] SELECT DATABASE()

2022/08/03 21:43:08 D:/GOMOD/pkg/mod/gorm.io/driver/mysql@v1.3.5/migrator.go:253
[149.133ms] [rows:1] SELECT SCHEMA_NAME from Information_schema.SCHEMATA where SCHEMA_NAME LIKE 'mxshop_goods_service%' ORDER BY SCHEMA_NAME='mxshop_goods_service' DESC,SCHEMA_NAME limit 1

2022/08/03 21:43:08 D:/GOMOD/pkg/mod/gorm.io/driver/mysql@v1.3.5/migrator.go:163
[59.673ms] [rows:-] SELECT * FROM `banners` LIMIT 1

2022/08/03 21:43:08 D:/GOMOD/pkg/mod/gorm.io/driver/mysql@v1.3.5/migrator.go:181
[158.642ms] [rows:-] SELECT column_name, column_default, is_nullable = 'YES', data_type, character_maximum_length, column_type, column_key, extra, column_comment, numeric_precision, numeric_scale , datetime_precision FROM information_schema.columns WHERE table_schema = 'mxshop_goods_service' AND table_name = 'banners' ORDER BY ORDINAL_POSITION

2022/08/03 21:43:08 D:/GOMOD/pkg/mod/gorm.io/driver/mysql@v1.3.5/migrator.go:47
[58.721ms] [rows:0] ALTER TABLE `banners` MODIFY COLUMN `is_deleted` boolean

2022/08/03 21:43:09 D:/GOMOD/pkg/mod/gorm.io/driver/mysql@v1.3.5/migrator.go:250
[89.580ms] [rows:-] SELECT DATABASE()

2022/08/03 21:43:09 D:/GOMOD/pkg/mod/gorm.io/driver/mysql@v1.3.5/migrator.go:253
[161.262ms] [rows:1] SELECT SCHEMA_NAME from Information_schema.SCHEMATA where SCHEMA_NAME LIKE 'mxshop_goods_service%' ORDER BY SCHEMA_NAME='mxshop_goods_service' DESC,SCHEMA_NAME limit 1

2022/08/03 21:43:09 D:/C_Back/Go/Shop_service/goods_service/initialize/db.go:32
[138.325ms] [rows:-] SELECT count(*) FROM information_schema.tables WHERE table_schema = 'mxshop_goods_service' AND table_name = 'goods' AND table_type = 'BASE TABLE'

2022/08/03 21:43:09 D:/GOMOD/pkg/mod/gorm.io/driver/mysql@v1.3.5/migrator.go:250
[61.919ms] [rows:-] SELECT DATABASE()

2022/08/03 21:43:09 D:/GOMOD/pkg/mod/gorm.io/driver/mysql@v1.3.5/migrator.go:253
[148.411ms] [rows:1] SELECT SCHEMA_NAME from Information_schema.SCHEMATA where SCHEMA_NAME LIKE 'mxshop_goods_service%' ORDER BY SCHEMA_NAME='mxshop_goods_service' DESC,SCHEMA_NAME limit 1

2022/08/03 21:43:09 D:/GOMOD/pkg/mod/gorm.io/driver/mysql@v1.3.5/migrator.go:163
[60.844ms] [rows:-] SELECT * FROM `goods` LIMIT 1

2022/08/03 21:43:09 D:/GOMOD/pkg/mod/gorm.io/driver/mysql@v1.3.5/migrator.go:181
[129.490ms] [rows:-] SELECT column_name, column_default, is_nullable = 'YES', data_type, character_maximum_length, column_type, column_key, extra, column_comment, numeric_precision, numeric_scale , datetime_precision FROM information_schema.columns WHERE table_schema = 'mxshop_goods_service' AND table_name = 'goods' ORDER BY ORDINAL_POSITION

2022/08/03 21:43:09 D:/GOMOD/pkg/mod/gorm.io/driver/mysql@v1.3.5/migrator.go:47
[58.069ms] [rows:0] ALTER TABLE `goods` MODIFY COLUMN `is_deleted` boolean

2022/08/03 21:43:09 D:/GOMOD/pkg/mod/gorm.io/driver/mysql@v1.3.5/migrator.go:47
[69.843ms] [rows:0] ALTER TABLE `goods` MODIFY COLUMN `on_sale` boolean NOT NULL DEFAULT false

2022/08/03 21:43:10 D:/GOMOD/pkg/mod/gorm.io/driver/mysql@v1.3.5/migrator.go:47
[88.673ms] [rows:0] ALTER TABLE `goods` MODIFY COLUMN `ship_free` boolean NOT NULL DEFAULT false

2022/08/03 21:43:10 D:/GOMOD/pkg/mod/gorm.io/driver/mysql@v1.3.5/migrator.go:47
[89.709ms] [rows:0] ALTER TABLE `goods` MODIFY COLUMN `is_new` boolean NOT NULL DEFAULT false

2022/08/03 21:43:10 D:/GOMOD/pkg/mod/gorm.io/driver/mysql@v1.3.5/migrator.go:47
[90.048ms] [rows:0] ALTER TABLE `goods` MODIFY COLUMN `is_hot` boolean NOT NULL DEFAULT false

2022/08/03 21:43:10 D:/GOMOD/pkg/mod/gorm.io/driver/mysql@v1.3.5/migrator.go:47
[433.442ms] [rows:425] ALTER TABLE `goods` MODIFY COLUMN `images` json NOT NULL

2022/08/03 21:43:10 D:/GOMOD/pkg/mod/gorm.io/driver/mysql@v1.3.5/migrator.go:250
[56.053ms] [rows:-] SELECT DATABASE()

2022/08/03 21:43:10 D:/GOMOD/pkg/mod/gorm.io/driver/mysql@v1.3.5/migrator.go:253
[119.589ms] [rows:1] SELECT SCHEMA_NAME from Information_schema.SCHEMATA where SCHEMA_NAME LIKE 'mxshop_goods_service%' ORDER BY SCHEMA_NAME='mxshop_goods_service' DESC,SCHEMA_NAME limit 1

2022/08/03 21:43:10 D:/C_Back/Go/Shop_service/goods_service/initialize/db.go:32
[138.245ms] [rows:-] SELECT count(*) FROM INFORMATION_SCHEMA.table_constraints WHERE constraint_schema = 'mxshop_goods_service' AND table_name = 'goods' AND constraint_name = 'fk_goods_category'

2022/08/03 21:43:11 D:/C_Back/Go/Shop_service/goods_service/initialize/db.go:32
[389.579ms] [rows:425] ALTER TABLE `goods` ADD CONSTRAINT `fk_goods_category` FOREIGN KEY (`category_id`) REFERENCES `category`(`id`)

2022/08/03 21:43:11 D:/GOMOD/pkg/mod/gorm.io/driver/mysql@v1.3.5/migrator.go:250
[79.028ms] [rows:-] SELECT DATABASE()

2022/08/03 21:43:11 D:/GOMOD/pkg/mod/gorm.io/driver/mysql@v1.3.5/migrator.go:253
[199.802ms] [rows:1] SELECT SCHEMA_NAME from Information_schema.SCHEMATA where SCHEMA_NAME LIKE 'mxshop_goods_service%' ORDER BY SCHEMA_NAME='mxshop_goods_service' DESC,SCHEMA_NAME limit 1

2022/08/03 21:43:11 D:/C_Back/Go/Shop_service/goods_service/initialize/db.go:32
[139.354ms] [rows:-] SELECT count(*) FROM INFORMATION_SCHEMA.table_constraints WHERE constraint_schema = 'mxshop_goods_service' AND table_name = 'goods' AND constraint_name = 'fk_goods_brands'

2022/08/03 21:43:11 D:/C_Back/Go/Shop_service/goods_service/initialize/db.go:32 Error 1452: Cannot add or update a child row: a foreign key constraint fails (`mxshop_goods_service`.`#sql-605_192`, CONSTRAINT `fk_goods_brands` FOREIGN KEY (`brands_id`) REFERENCES `brands` (`id`))
[159.266ms] [rows:0] ALTER TABLE `goods` ADD CONSTRAINT `fk_goods_brands` FOREIGN KEY (`brands_id`) REFERENCES `brands`(`id`)
