2022-08-14T21:00:15.909+0800	INFO	initialize/logger.go:26	日志初始化成功

2022/08/14 21:00:18 D:/GOMOD/pkg/mod/gorm.io/driver/mysql@v1.3.5/migrator.go:250
[32.072ms] [rows:-] SELECT DATABASE()

2022/08/14 21:00:18 D:/GOMOD/pkg/mod/gorm.io/driver/mysql@v1.3.5/migrator.go:253
[63.795ms] [rows:1] SELECT SCHEMA_NAME from Information_schema.SCHEMATA where SCHEMA_NAME LIKE 'mxshop_goods_service%' ORDER BY SCHEMA_NAME='mxshop_goods_service' DESC,SCHEMA_NAME limit 1

2022/08/14 21:00:18 D:/C_Back/Go/Shop_service/goods_service/initialize/db.go:32
[62.202ms] [rows:-] SELECT count(*) FROM information_schema.tables WHERE table_schema = 'mxshop_goods_service' AND table_name = 'category' AND table_type = 'BASE TABLE'

2022/08/14 21:00:18 D:/GOMOD/pkg/mod/gorm.io/driver/mysql@v1.3.5/migrator.go:250
[30.536ms] [rows:-] SELECT DATABASE()

2022/08/14 21:00:18 D:/GOMOD/pkg/mod/gorm.io/driver/mysql@v1.3.5/migrator.go:253
[62.313ms] [rows:1] SELECT SCHEMA_NAME from Information_schema.SCHEMATA where SCHEMA_NAME LIKE 'mxshop_goods_service%' ORDER BY SCHEMA_NAME='mxshop_goods_service' DESC,SCHEMA_NAME limit 1

2022/08/14 21:00:18 D:/GOMOD/pkg/mod/gorm.io/driver/mysql@v1.3.5/migrator.go:163
[31.532ms] [rows:-] SELECT * FROM `category` LIMIT 1

2022/08/14 21:00:18 D:/GOMOD/pkg/mod/gorm.io/driver/mysql@v1.3.5/migrator.go:181
[60.276ms] [rows:-] SELECT column_name, column_default, is_nullable = 'YES', data_type, character_maximum_length, column_type, column_key, extra, column_comment, numeric_precision, numeric_scale , datetime_precision FROM information_schema.columns WHERE table_schema = 'mxshop_goods_service' AND table_name = 'category' ORDER BY ORDINAL_POSITION

2022/08/14 21:00:18 D:/GOMOD/pkg/mod/gorm.io/driver/mysql@v1.3.5/migrator.go:47
[40.540ms] [rows:0] ALTER TABLE `category` MODIFY COLUMN `is_deleted` boolean

2022/08/14 21:00:18 D:/GOMOD/pkg/mod/gorm.io/driver/mysql@v1.3.5/migrator.go:47
[40.519ms] [rows:0] ALTER TABLE `category` MODIFY COLUMN `is_tab` boolean NOT NULL DEFAULT false

2022/08/14 21:00:19 D:/GOMOD/pkg/mod/gorm.io/driver/mysql@v1.3.5/migrator.go:250
[30.520ms] [rows:-] SELECT DATABASE()

2022/08/14 21:00:19 D:/GOMOD/pkg/mod/gorm.io/driver/mysql@v1.3.5/migrator.go:253
[61.542ms] [rows:1] SELECT SCHEMA_NAME from Information_schema.SCHEMATA where SCHEMA_NAME LIKE 'mxshop_goods_service%' ORDER BY SCHEMA_NAME='mxshop_goods_service' DESC,SCHEMA_NAME limit 1

2022/08/14 21:00:19 D:/C_Back/Go/Shop_service/goods_service/initialize/db.go:32
[63.889ms] [rows:-] SELECT count(*) FROM INFORMATION_SCHEMA.table_constraints WHERE constraint_schema = 'mxshop_goods_service' AND table_name = 'category' AND constraint_name = 'fk_category_sub_category'

2022/08/14 21:00:19 D:/GOMOD/pkg/mod/gorm.io/driver/mysql@v1.3.5/migrator.go:250
[30.550ms] [rows:-] SELECT DATABASE()

2022/08/14 21:00:19 D:/GOMOD/pkg/mod/gorm.io/driver/mysql@v1.3.5/migrator.go:253
[62.186ms] [rows:1] SELECT SCHEMA_NAME from Information_schema.SCHEMATA where SCHEMA_NAME LIKE 'mxshop_goods_service%' ORDER BY SCHEMA_NAME='mxshop_goods_service' DESC,SCHEMA_NAME limit 1

2022/08/14 21:00:19 D:/C_Back/Go/Shop_service/goods_service/initialize/db.go:32
[64.043ms] [rows:-] SELECT count(*) FROM information_schema.tables WHERE table_schema = 'mxshop_goods_service' AND table_name = 'brands' AND table_type = 'BASE TABLE'

2022/08/14 21:00:19 D:/GOMOD/pkg/mod/gorm.io/driver/mysql@v1.3.5/migrator.go:250
[29.528ms] [rows:-] SELECT DATABASE()

2022/08/14 21:00:19 D:/GOMOD/pkg/mod/gorm.io/driver/mysql@v1.3.5/migrator.go:253
[61.236ms] [rows:1] SELECT SCHEMA_NAME from Information_schema.SCHEMATA where SCHEMA_NAME LIKE 'mxshop_goods_service%' ORDER BY SCHEMA_NAME='mxshop_goods_service' DESC,SCHEMA_NAME limit 1

2022/08/14 21:00:19 D:/GOMOD/pkg/mod/gorm.io/driver/mysql@v1.3.5/migrator.go:163
[31.544ms] [rows:-] SELECT * FROM `brands` LIMIT 1

2022/08/14 21:00:19 D:/GOMOD/pkg/mod/gorm.io/driver/mysql@v1.3.5/migrator.go:181
[61.836ms] [rows:-] SELECT column_name, column_default, is_nullable = 'YES', data_type, character_maximum_length, column_type, column_key, extra, column_comment, numeric_precision, numeric_scale , datetime_precision FROM information_schema.columns WHERE table_schema = 'mxshop_goods_service' AND table_name = 'brands' ORDER BY ORDINAL_POSITION

2022/08/14 21:00:19 D:/GOMOD/pkg/mod/gorm.io/driver/mysql@v1.3.5/migrator.go:47
[39.522ms] [rows:0] ALTER TABLE `brands` MODIFY COLUMN `is_deleted` boolean

2022/08/14 21:00:19 D:/GOMOD/pkg/mod/gorm.io/driver/mysql@v1.3.5/migrator.go:47
[40.524ms] [rows:0] ALTER TABLE `brands` MODIFY COLUMN `name` varchar(50) NOT NULL

2022/08/14 21:00:19 D:/GOMOD/pkg/mod/gorm.io/driver/mysql@v1.3.5/migrator.go:250
[29.516ms] [rows:-] SELECT DATABASE()

2022/08/14 21:00:19 D:/GOMOD/pkg/mod/gorm.io/driver/mysql@v1.3.5/migrator.go:253
[59.460ms] [rows:1] SELECT SCHEMA_NAME from Information_schema.SCHEMATA where SCHEMA_NAME LIKE 'mxshop_goods_service%' ORDER BY SCHEMA_NAME='mxshop_goods_service' DESC,SCHEMA_NAME limit 1

2022/08/14 21:00:19 D:/C_Back/Go/Shop_service/goods_service/initialize/db.go:32
[58.744ms] [rows:-] SELECT count(*) FROM information_schema.tables WHERE table_schema = 'mxshop_goods_service' AND table_name = 'goodscategorybrand' AND table_type = 'BASE TABLE'

2022/08/14 21:00:19 D:/GOMOD/pkg/mod/gorm.io/driver/mysql@v1.3.5/migrator.go:250
[29.538ms] [rows:-] SELECT DATABASE()

2022/08/14 21:00:19 D:/GOMOD/pkg/mod/gorm.io/driver/mysql@v1.3.5/migrator.go:253
[61.580ms] [rows:1] SELECT SCHEMA_NAME from Information_schema.SCHEMATA where SCHEMA_NAME LIKE 'mxshop_goods_service%' ORDER BY SCHEMA_NAME='mxshop_goods_service' DESC,SCHEMA_NAME limit 1

2022/08/14 21:00:19 D:/GOMOD/pkg/mod/gorm.io/driver/mysql@v1.3.5/migrator.go:163
[30.516ms] [rows:-] SELECT * FROM `goodscategorybrand` LIMIT 1

2022/08/14 21:00:19 D:/GOMOD/pkg/mod/gorm.io/driver/mysql@v1.3.5/migrator.go:181
[60.338ms] [rows:-] SELECT column_name, column_default, is_nullable = 'YES', data_type, character_maximum_length, column_type, column_key, extra, column_comment, numeric_precision, numeric_scale , datetime_precision FROM information_schema.columns WHERE table_schema = 'mxshop_goods_service' AND table_name = 'goodscategorybrand' ORDER BY ORDINAL_POSITION

2022/08/14 21:00:19 D:/GOMOD/pkg/mod/gorm.io/driver/mysql@v1.3.5/migrator.go:47
[41.539ms] [rows:0] ALTER TABLE `goodscategorybrand` MODIFY COLUMN `is_deleted` boolean

2022/08/14 21:00:19 D:/GOMOD/pkg/mod/gorm.io/driver/mysql@v1.3.5/migrator.go:250
[29.514ms] [rows:-] SELECT DATABASE()

2022/08/14 21:00:20 D:/GOMOD/pkg/mod/gorm.io/driver/mysql@v1.3.5/migrator.go:253
[60.613ms] [rows:1] SELECT SCHEMA_NAME from Information_schema.SCHEMATA where SCHEMA_NAME LIKE 'mxshop_goods_service%' ORDER BY SCHEMA_NAME='mxshop_goods_service' DESC,SCHEMA_NAME limit 1

2022/08/14 21:00:20 D:/C_Back/Go/Shop_service/goods_service/initialize/db.go:32
[60.881ms] [rows:-] SELECT count(*) FROM INFORMATION_SCHEMA.table_constraints WHERE constraint_schema = 'mxshop_goods_service' AND table_name = 'goodscategorybrand' AND constraint_name = 'fk_goodscategorybrand_category'

2022/08/14 21:00:20 D:/GOMOD/pkg/mod/gorm.io/driver/mysql@v1.3.5/migrator.go:250
[29.995ms] [rows:-] SELECT DATABASE()

2022/08/14 21:00:20 D:/GOMOD/pkg/mod/gorm.io/driver/mysql@v1.3.5/migrator.go:253
[60.511ms] [rows:1] SELECT SCHEMA_NAME from Information_schema.SCHEMATA where SCHEMA_NAME LIKE 'mxshop_goods_service%' ORDER BY SCHEMA_NAME='mxshop_goods_service' DESC,SCHEMA_NAME limit 1

2022/08/14 21:00:20 D:/C_Back/Go/Shop_service/goods_service/initialize/db.go:32
[60.312ms] [rows:-] SELECT count(*) FROM INFORMATION_SCHEMA.table_constraints WHERE constraint_schema = 'mxshop_goods_service' AND table_name = 'goodscategorybrand' AND constraint_name = 'fk_goodscategorybrand_brands'

2022/08/14 21:00:20 D:/GOMOD/pkg/mod/gorm.io/driver/mysql@v1.3.5/migrator.go:250
[29.549ms] [rows:-] SELECT DATABASE()

2022/08/14 21:00:20 D:/GOMOD/pkg/mod/gorm.io/driver/mysql@v1.3.5/migrator.go:253
[60.180ms] [rows:1] SELECT SCHEMA_NAME from Information_schema.SCHEMATA where SCHEMA_NAME LIKE 'mxshop_goods_service%' ORDER BY SCHEMA_NAME='mxshop_goods_service' DESC,SCHEMA_NAME limit 1

2022/08/14 21:00:20 D:/C_Back/Go/Shop_service/goods_service/initialize/db.go:32
[60.596ms] [rows:-] SELECT count(*) FROM information_schema.statistics WHERE table_schema = 'mxshop_goods_service' AND table_name = 'goodscategorybrand' AND index_name = 'idx_category_brand'

2022/08/14 21:00:20 D:/GOMOD/pkg/mod/gorm.io/driver/mysql@v1.3.5/migrator.go:250
[29.513ms] [rows:-] SELECT DATABASE()

2022/08/14 21:00:20 D:/GOMOD/pkg/mod/gorm.io/driver/mysql@v1.3.5/migrator.go:253
[60.179ms] [rows:1] SELECT SCHEMA_NAME from Information_schema.SCHEMATA where SCHEMA_NAME LIKE 'mxshop_goods_service%' ORDER BY SCHEMA_NAME='mxshop_goods_service' DESC,SCHEMA_NAME limit 1

2022/08/14 21:00:20 D:/C_Back/Go/Shop_service/goods_service/initialize/db.go:32
[59.222ms] [rows:-] SELECT count(*) FROM information_schema.tables WHERE table_schema = 'mxshop_goods_service' AND table_name = 'banner' AND table_type = 'BASE TABLE'

2022/08/14 21:00:20 D:/GOMOD/pkg/mod/gorm.io/driver/mysql@v1.3.5/migrator.go:250
[29.517ms] [rows:-] SELECT DATABASE()

2022/08/14 21:00:20 D:/GOMOD/pkg/mod/gorm.io/driver/mysql@v1.3.5/migrator.go:253
[61.991ms] [rows:1] SELECT SCHEMA_NAME from Information_schema.SCHEMATA where SCHEMA_NAME LIKE 'mxshop_goods_service%' ORDER BY SCHEMA_NAME='mxshop_goods_service' DESC,SCHEMA_NAME limit 1

2022/08/14 21:00:20 D:/GOMOD/pkg/mod/gorm.io/driver/mysql@v1.3.5/migrator.go:163
[30.523ms] [rows:-] SELECT * FROM `banner` LIMIT 1

2022/08/14 21:00:20 D:/GOMOD/pkg/mod/gorm.io/driver/mysql@v1.3.5/migrator.go:181
[58.429ms] [rows:-] SELECT column_name, column_default, is_nullable = 'YES', data_type, character_maximum_length, column_type, column_key, extra, column_comment, numeric_precision, numeric_scale , datetime_precision FROM information_schema.columns WHERE table_schema = 'mxshop_goods_service' AND table_name = 'banner' ORDER BY ORDINAL_POSITION

2022/08/14 21:00:20 D:/GOMOD/pkg/mod/gorm.io/driver/mysql@v1.3.5/migrator.go:47
[38.513ms] [rows:0] ALTER TABLE `banner` MODIFY COLUMN `is_deleted` boolean

2022/08/14 21:00:20 D:/GOMOD/pkg/mod/gorm.io/driver/mysql@v1.3.5/migrator.go:250
[29.678ms] [rows:-] SELECT DATABASE()

2022/08/14 21:00:20 D:/GOMOD/pkg/mod/gorm.io/driver/mysql@v1.3.5/migrator.go:253
[62.678ms] [rows:1] SELECT SCHEMA_NAME from Information_schema.SCHEMATA where SCHEMA_NAME LIKE 'mxshop_goods_service%' ORDER BY SCHEMA_NAME='mxshop_goods_service' DESC,SCHEMA_NAME limit 1

2022/08/14 21:00:20 D:/C_Back/Go/Shop_service/goods_service/initialize/db.go:32
[60.978ms] [rows:-] SELECT count(*) FROM information_schema.tables WHERE table_schema = 'mxshop_goods_service' AND table_name = 'goods' AND table_type = 'BASE TABLE'

2022/08/14 21:00:20 D:/GOMOD/pkg/mod/gorm.io/driver/mysql@v1.3.5/migrator.go:250
[29.538ms] [rows:-] SELECT DATABASE()

2022/08/14 21:00:20 D:/GOMOD/pkg/mod/gorm.io/driver/mysql@v1.3.5/migrator.go:253
[59.246ms] [rows:1] SELECT SCHEMA_NAME from Information_schema.SCHEMATA where SCHEMA_NAME LIKE 'mxshop_goods_service%' ORDER BY SCHEMA_NAME='mxshop_goods_service' DESC,SCHEMA_NAME limit 1

2022/08/14 21:00:21 D:/GOMOD/pkg/mod/gorm.io/driver/mysql@v1.3.5/migrator.go:163
[31.535ms] [rows:-] SELECT * FROM `goods` LIMIT 1

2022/08/14 21:00:21 D:/GOMOD/pkg/mod/gorm.io/driver/mysql@v1.3.5/migrator.go:181
[62.496ms] [rows:-] SELECT column_name, column_default, is_nullable = 'YES', data_type, character_maximum_length, column_type, column_key, extra, column_comment, numeric_precision, numeric_scale , datetime_precision FROM information_schema.columns WHERE table_schema = 'mxshop_goods_service' AND table_name = 'goods' ORDER BY ORDINAL_POSITION

2022/08/14 21:00:21 D:/GOMOD/pkg/mod/gorm.io/driver/mysql@v1.3.5/migrator.go:47
[39.565ms] [rows:0] ALTER TABLE `goods` MODIFY COLUMN `is_deleted` boolean

2022/08/14 21:00:21 D:/GOMOD/pkg/mod/gorm.io/driver/mysql@v1.3.5/migrator.go:47
[39.521ms] [rows:0] ALTER TABLE `goods` MODIFY COLUMN `on_sale` boolean NOT NULL DEFAULT false

2022/08/14 21:00:21 D:/GOMOD/pkg/mod/gorm.io/driver/mysql@v1.3.5/migrator.go:47
[36.697ms] [rows:0] ALTER TABLE `goods` MODIFY COLUMN `ship_free` boolean NOT NULL DEFAULT false

2022/08/14 21:00:21 D:/GOMOD/pkg/mod/gorm.io/driver/mysql@v1.3.5/migrator.go:47
[37.803ms] [rows:0] ALTER TABLE `goods` MODIFY COLUMN `is_new` boolean NOT NULL DEFAULT false

2022/08/14 21:00:21 D:/GOMOD/pkg/mod/gorm.io/driver/mysql@v1.3.5/migrator.go:47
[42.724ms] [rows:0] ALTER TABLE `goods` MODIFY COLUMN `is_hot` boolean NOT NULL DEFAULT false

2022/08/14 21:00:21 D:/GOMOD/pkg/mod/gorm.io/driver/mysql@v1.3.5/migrator.go:250
[30.671ms] [rows:-] SELECT DATABASE()

2022/08/14 21:00:21 D:/GOMOD/pkg/mod/gorm.io/driver/mysql@v1.3.5/migrator.go:253
[62.636ms] [rows:1] SELECT SCHEMA_NAME from Information_schema.SCHEMATA where SCHEMA_NAME LIKE 'mxshop_goods_service%' ORDER BY SCHEMA_NAME='mxshop_goods_service' DESC,SCHEMA_NAME limit 1

2022/08/14 21:00:21 D:/C_Back/Go/Shop_service/goods_service/initialize/db.go:32
[58.956ms] [rows:-] SELECT count(*) FROM INFORMATION_SCHEMA.table_constraints WHERE constraint_schema = 'mxshop_goods_service' AND table_name = 'goods' AND constraint_name = 'fk_goods_category'

2022/08/14 21:00:21 D:/GOMOD/pkg/mod/gorm.io/driver/mysql@v1.3.5/migrator.go:250
[29.696ms] [rows:-] SELECT DATABASE()

2022/08/14 21:00:21 D:/GOMOD/pkg/mod/gorm.io/driver/mysql@v1.3.5/migrator.go:253
[59.854ms] [rows:1] SELECT SCHEMA_NAME from Information_schema.SCHEMATA where SCHEMA_NAME LIKE 'mxshop_goods_service%' ORDER BY SCHEMA_NAME='mxshop_goods_service' DESC,SCHEMA_NAME limit 1

2022/08/14 21:00:21 D:/C_Back/Go/Shop_service/goods_service/initialize/db.go:32
[59.922ms] [rows:-] SELECT count(*) FROM INFORMATION_SCHEMA.table_constraints WHERE constraint_schema = 'mxshop_goods_service' AND table_name = 'goods' AND constraint_name = 'fk_goods_brands'
2022-08-14T21:00:21.597+0800	INFO	initialize/db.go:36	数据库初始化成功
2022-08-14T21:00:21.597+0800	INFO	goods_service/main.go:35	服务启动成功 端口 127.0.0.1:8000

2022/08/14 21:00:28 D:/C_Back/Go/Shop_service/goods_service/handler/brand.go:104
[62.982ms] [rows:1] SELECT * FROM `brands` WHERE `brands`.`id` = 1116 AND `brands`.`deleted_at` IS NULL ORDER BY `brands`.`id` LIMIT 1

2022/08/14 21:00:28 D:/C_Back/Go/Shop_service/goods_service/handler/brand.go:114
[130.667ms] [rows:1] UPDATE `brands` SET `add_time`='2022-08-13 17:20:59.898',`update_time`='2022-08-14 21:00:28.682',`deleted_at`=NULL,`is_deleted`=false,`name`='update',`logo`='update' WHERE `brands`.`deleted_at` IS NULL AND `id` = 1116
