2022-08-17T16:29:26.466+0800	INFO	initialize/logger.go:26	日志初始化成功

2022/08/17 16:29:27 D:/GOMOD/pkg/mod/gorm.io/driver/mysql@v1.3.5/migrator.go:250
[89.201ms] [rows:-] SELECT DATABASE()

2022/08/17 16:29:27 D:/GOMOD/pkg/mod/gorm.io/driver/mysql@v1.3.5/migrator.go:253
[179.272ms] [rows:1] SELECT SCHEMA_NAME from Information_schema.SCHEMATA where SCHEMA_NAME LIKE 'mxshop_goods_service%' ORDER BY SCHEMA_NAME='mxshop_goods_service' DESC,SCHEMA_NAME limit 1

2022/08/17 16:29:27 D:/C_Back/Go/Shop_service/goods_service/initialize/db.go:32
[169.696ms] [rows:-] SELECT count(*) FROM information_schema.tables WHERE table_schema = 'mxshop_goods_service' AND table_name = 'category' AND table_type = 'BASE TABLE'

2022/08/17 16:29:27 D:/GOMOD/pkg/mod/gorm.io/driver/mysql@v1.3.5/migrator.go:250
[77.592ms] [rows:-] SELECT DATABASE()

2022/08/17 16:29:27 D:/GOMOD/pkg/mod/gorm.io/driver/mysql@v1.3.5/migrator.go:253
[198.372ms] [rows:1] SELECT SCHEMA_NAME from Information_schema.SCHEMATA where SCHEMA_NAME LIKE 'mxshop_goods_service%' ORDER BY SCHEMA_NAME='mxshop_goods_service' DESC,SCHEMA_NAME limit 1

2022/08/17 16:29:27 D:/GOMOD/pkg/mod/gorm.io/driver/mysql@v1.3.5/migrator.go:163
[77.527ms] [rows:-] SELECT * FROM `category` LIMIT 1

2022/08/17 16:29:27 D:/GOMOD/pkg/mod/gorm.io/driver/mysql@v1.3.5/migrator.go:181
[181.328ms] [rows:-] SELECT column_name, column_default, is_nullable = 'YES', data_type, character_maximum_length, column_type, column_key, extra, column_comment, numeric_precision, numeric_scale , datetime_precision FROM information_schema.columns WHERE table_schema = 'mxshop_goods_service' AND table_name = 'category' ORDER BY ORDINAL_POSITION

2022/08/17 16:29:28 D:/GOMOD/pkg/mod/gorm.io/driver/mysql@v1.3.5/migrator.go:47
[70.564ms] [rows:0] ALTER TABLE `category` MODIFY COLUMN `is_deleted` boolean

2022/08/17 16:29:28 D:/GOMOD/pkg/mod/gorm.io/driver/mysql@v1.3.5/migrator.go:47
[108.135ms] [rows:0] ALTER TABLE `category` MODIFY COLUMN `is_tab` boolean NOT NULL DEFAULT false

2022/08/17 16:29:28 D:/GOMOD/pkg/mod/gorm.io/driver/mysql@v1.3.5/migrator.go:250
[109.614ms] [rows:-] SELECT DATABASE()

2022/08/17 16:29:28 D:/GOMOD/pkg/mod/gorm.io/driver/mysql@v1.3.5/migrator.go:253
[180.345ms] [rows:1] SELECT SCHEMA_NAME from Information_schema.SCHEMATA where SCHEMA_NAME LIKE 'mxshop_goods_service%' ORDER BY SCHEMA_NAME='mxshop_goods_service' DESC,SCHEMA_NAME limit 1

2022/08/17 16:29:28 D:/C_Back/Go/Shop_service/goods_service/initialize/db.go:32
[159.240ms] [rows:-] SELECT count(*) FROM INFORMATION_SCHEMA.table_constraints WHERE constraint_schema = 'mxshop_goods_service' AND table_name = 'category' AND constraint_name = 'fk_category_sub_category'

2022/08/17 16:29:28 D:/GOMOD/pkg/mod/gorm.io/driver/mysql@v1.3.5/migrator.go:250
[72.416ms] [rows:-] SELECT DATABASE()

2022/08/17 16:29:28 D:/GOMOD/pkg/mod/gorm.io/driver/mysql@v1.3.5/migrator.go:253
[199.680ms] [rows:1] SELECT SCHEMA_NAME from Information_schema.SCHEMATA where SCHEMA_NAME LIKE 'mxshop_goods_service%' ORDER BY SCHEMA_NAME='mxshop_goods_service' DESC,SCHEMA_NAME limit 1

2022/08/17 16:29:28 D:/C_Back/Go/Shop_service/goods_service/initialize/db.go:32
[157.681ms] [rows:-] SELECT count(*) FROM information_schema.tables WHERE table_schema = 'mxshop_goods_service' AND table_name = 'brands' AND table_type = 'BASE TABLE'

2022/08/17 16:29:29 D:/GOMOD/pkg/mod/gorm.io/driver/mysql@v1.3.5/migrator.go:250
[79.544ms] [rows:-] SELECT DATABASE()

2022/08/17 16:29:29 D:/GOMOD/pkg/mod/gorm.io/driver/mysql@v1.3.5/migrator.go:253
[199.427ms] [rows:1] SELECT SCHEMA_NAME from Information_schema.SCHEMATA where SCHEMA_NAME LIKE 'mxshop_goods_service%' ORDER BY SCHEMA_NAME='mxshop_goods_service' DESC,SCHEMA_NAME limit 1

2022/08/17 16:29:29 D:/GOMOD/pkg/mod/gorm.io/driver/mysql@v1.3.5/migrator.go:163
[75.527ms] [rows:-] SELECT * FROM `brands` LIMIT 1

2022/08/17 16:29:29 D:/GOMOD/pkg/mod/gorm.io/driver/mysql@v1.3.5/migrator.go:181
[184.320ms] [rows:-] SELECT column_name, column_default, is_nullable = 'YES', data_type, character_maximum_length, column_type, column_key, extra, column_comment, numeric_precision, numeric_scale , datetime_precision FROM information_schema.columns WHERE table_schema = 'mxshop_goods_service' AND table_name = 'brands' ORDER BY ORDINAL_POSITION

2022/08/17 16:29:29 D:/GOMOD/pkg/mod/gorm.io/driver/mysql@v1.3.5/migrator.go:47
[77.530ms] [rows:0] ALTER TABLE `brands` MODIFY COLUMN `is_deleted` boolean

2022/08/17 16:29:29 D:/GOMOD/pkg/mod/gorm.io/driver/mysql@v1.3.5/migrator.go:47
[50.521ms] [rows:0] ALTER TABLE `brands` MODIFY COLUMN `name` varchar(50) NOT NULL

2022/08/17 16:29:29 D:/GOMOD/pkg/mod/gorm.io/driver/mysql@v1.3.5/migrator.go:250
[91.528ms] [rows:-] SELECT DATABASE()

2022/08/17 16:29:29 D:/GOMOD/pkg/mod/gorm.io/driver/mysql@v1.3.5/migrator.go:253
[178.195ms] [rows:1] SELECT SCHEMA_NAME from Information_schema.SCHEMATA where SCHEMA_NAME LIKE 'mxshop_goods_service%' ORDER BY SCHEMA_NAME='mxshop_goods_service' DESC,SCHEMA_NAME limit 1

2022/08/17 16:29:30 D:/C_Back/Go/Shop_service/goods_service/initialize/db.go:32
[161.032ms] [rows:-] SELECT count(*) FROM information_schema.tables WHERE table_schema = 'mxshop_goods_service' AND table_name = 'goodscategorybrand' AND table_type = 'BASE TABLE'

2022/08/17 16:29:30 D:/GOMOD/pkg/mod/gorm.io/driver/mysql@v1.3.5/migrator.go:250
[70.526ms] [rows:-] SELECT DATABASE()

2022/08/17 16:29:30 D:/GOMOD/pkg/mod/gorm.io/driver/mysql@v1.3.5/migrator.go:253
[176.846ms] [rows:1] SELECT SCHEMA_NAME from Information_schema.SCHEMATA where SCHEMA_NAME LIKE 'mxshop_goods_service%' ORDER BY SCHEMA_NAME='mxshop_goods_service' DESC,SCHEMA_NAME limit 1

2022/08/17 16:29:30 D:/GOMOD/pkg/mod/gorm.io/driver/mysql@v1.3.5/migrator.go:163
[70.110ms] [rows:-] SELECT * FROM `goodscategorybrand` LIMIT 1

2022/08/17 16:29:30 D:/GOMOD/pkg/mod/gorm.io/driver/mysql@v1.3.5/migrator.go:181
[178.915ms] [rows:-] SELECT column_name, column_default, is_nullable = 'YES', data_type, character_maximum_length, column_type, column_key, extra, column_comment, numeric_precision, numeric_scale , datetime_precision FROM information_schema.columns WHERE table_schema = 'mxshop_goods_service' AND table_name = 'goodscategorybrand' ORDER BY ORDINAL_POSITION

2022/08/17 16:29:30 D:/GOMOD/pkg/mod/gorm.io/driver/mysql@v1.3.5/migrator.go:47
[69.539ms] [rows:0] ALTER TABLE `goodscategorybrand` MODIFY COLUMN `is_deleted` boolean

2022/08/17 16:29:30 D:/GOMOD/pkg/mod/gorm.io/driver/mysql@v1.3.5/migrator.go:250
[90.546ms] [rows:-] SELECT DATABASE()

2022/08/17 16:29:30 D:/GOMOD/pkg/mod/gorm.io/driver/mysql@v1.3.5/migrator.go:253
[177.660ms] [rows:1] SELECT SCHEMA_NAME from Information_schema.SCHEMATA where SCHEMA_NAME LIKE 'mxshop_goods_service%' ORDER BY SCHEMA_NAME='mxshop_goods_service' DESC,SCHEMA_NAME limit 1

2022/08/17 16:29:31 D:/C_Back/Go/Shop_service/goods_service/initialize/db.go:32
[160.410ms] [rows:-] SELECT count(*) FROM INFORMATION_SCHEMA.table_constraints WHERE constraint_schema = 'mxshop_goods_service' AND table_name = 'goodscategorybrand' AND constraint_name = 'fk_goodscategorybrand_category'

2022/08/17 16:29:31 D:/GOMOD/pkg/mod/gorm.io/driver/mysql@v1.3.5/migrator.go:250
[72.968ms] [rows:-] SELECT DATABASE()

2022/08/17 16:29:31 D:/GOMOD/pkg/mod/gorm.io/driver/mysql@v1.3.5/migrator.go:253
[186.005ms] [rows:1] SELECT SCHEMA_NAME from Information_schema.SCHEMATA where SCHEMA_NAME LIKE 'mxshop_goods_service%' ORDER BY SCHEMA_NAME='mxshop_goods_service' DESC,SCHEMA_NAME limit 1

2022/08/17 16:29:31 D:/C_Back/Go/Shop_service/goods_service/initialize/db.go:32
[159.241ms] [rows:-] SELECT count(*) FROM INFORMATION_SCHEMA.table_constraints WHERE constraint_schema = 'mxshop_goods_service' AND table_name = 'goodscategorybrand' AND constraint_name = 'fk_goodscategorybrand_brands'

2022/08/17 16:29:31 D:/GOMOD/pkg/mod/gorm.io/driver/mysql@v1.3.5/migrator.go:250
[70.535ms] [rows:-] SELECT DATABASE()

2022/08/17 16:29:31 D:/GOMOD/pkg/mod/gorm.io/driver/mysql@v1.3.5/migrator.go:253
[179.275ms] [rows:1] SELECT SCHEMA_NAME from Information_schema.SCHEMATA where SCHEMA_NAME LIKE 'mxshop_goods_service%' ORDER BY SCHEMA_NAME='mxshop_goods_service' DESC,SCHEMA_NAME limit 1

2022/08/17 16:29:31 D:/C_Back/Go/Shop_service/goods_service/initialize/db.go:32
[159.856ms] [rows:-] SELECT count(*) FROM information_schema.statistics WHERE table_schema = 'mxshop_goods_service' AND table_name = 'goodscategorybrand' AND index_name = 'idx_category_brand'

2022/08/17 16:29:31 D:/GOMOD/pkg/mod/gorm.io/driver/mysql@v1.3.5/migrator.go:250
[71.544ms] [rows:-] SELECT DATABASE()

2022/08/17 16:29:32 D:/GOMOD/pkg/mod/gorm.io/driver/mysql@v1.3.5/migrator.go:253
[177.678ms] [rows:1] SELECT SCHEMA_NAME from Information_schema.SCHEMATA where SCHEMA_NAME LIKE 'mxshop_goods_service%' ORDER BY SCHEMA_NAME='mxshop_goods_service' DESC,SCHEMA_NAME limit 1

2022/08/17 16:29:32 D:/C_Back/Go/Shop_service/goods_service/initialize/db.go:32
[160.169ms] [rows:-] SELECT count(*) FROM information_schema.tables WHERE table_schema = 'mxshop_goods_service' AND table_name = 'banner' AND table_type = 'BASE TABLE'

2022/08/17 16:29:32 D:/GOMOD/pkg/mod/gorm.io/driver/mysql@v1.3.5/migrator.go:250
[70.500ms] [rows:-] SELECT DATABASE()

2022/08/17 16:29:32 D:/GOMOD/pkg/mod/gorm.io/driver/mysql@v1.3.5/migrator.go:253
[177.890ms] [rows:1] SELECT SCHEMA_NAME from Information_schema.SCHEMATA where SCHEMA_NAME LIKE 'mxshop_goods_service%' ORDER BY SCHEMA_NAME='mxshop_goods_service' DESC,SCHEMA_NAME limit 1

2022/08/17 16:29:32 D:/GOMOD/pkg/mod/gorm.io/driver/mysql@v1.3.5/migrator.go:163
[69.542ms] [rows:-] SELECT * FROM `banner` LIMIT 1

2022/08/17 16:29:32 D:/GOMOD/pkg/mod/gorm.io/driver/mysql@v1.3.5/migrator.go:181
[191.960ms] [rows:-] SELECT column_name, column_default, is_nullable = 'YES', data_type, character_maximum_length, column_type, column_key, extra, column_comment, numeric_precision, numeric_scale , datetime_precision FROM information_schema.columns WHERE table_schema = 'mxshop_goods_service' AND table_name = 'banner' ORDER BY ORDINAL_POSITION

2022/08/17 16:29:32 D:/GOMOD/pkg/mod/gorm.io/driver/mysql@v1.3.5/migrator.go:47
[67.300ms] [rows:0] ALTER TABLE `banner` MODIFY COLUMN `is_deleted` boolean

2022/08/17 16:29:33 D:/GOMOD/pkg/mod/gorm.io/driver/mysql@v1.3.5/migrator.go:250
[88.908ms] [rows:-] SELECT DATABASE()

2022/08/17 16:29:33 D:/GOMOD/pkg/mod/gorm.io/driver/mysql@v1.3.5/migrator.go:253
[182.185ms] [rows:1] SELECT SCHEMA_NAME from Information_schema.SCHEMATA where SCHEMA_NAME LIKE 'mxshop_goods_service%' ORDER BY SCHEMA_NAME='mxshop_goods_service' DESC,SCHEMA_NAME limit 1

2022/08/17 16:29:33 D:/C_Back/Go/Shop_service/goods_service/initialize/db.go:32
[116.786ms] [rows:-] SELECT count(*) FROM information_schema.tables WHERE table_schema = 'mxshop_goods_service' AND table_name = 'goods' AND table_type = 'BASE TABLE'

2022/08/17 16:29:33 D:/GOMOD/pkg/mod/gorm.io/driver/mysql@v1.3.5/migrator.go:250
[69.659ms] [rows:-] SELECT DATABASE()

2022/08/17 16:29:33 D:/GOMOD/pkg/mod/gorm.io/driver/mysql@v1.3.5/migrator.go:253
[200.037ms] [rows:1] SELECT SCHEMA_NAME from Information_schema.SCHEMATA where SCHEMA_NAME LIKE 'mxshop_goods_service%' ORDER BY SCHEMA_NAME='mxshop_goods_service' DESC,SCHEMA_NAME limit 1

2022/08/17 16:29:33 D:/GOMOD/pkg/mod/gorm.io/driver/mysql@v1.3.5/migrator.go:163
[76.540ms] [rows:-] SELECT * FROM `goods` LIMIT 1

2022/08/17 16:29:33 D:/GOMOD/pkg/mod/gorm.io/driver/mysql@v1.3.5/migrator.go:181
[172.005ms] [rows:-] SELECT column_name, column_default, is_nullable = 'YES', data_type, character_maximum_length, column_type, column_key, extra, column_comment, numeric_precision, numeric_scale , datetime_precision FROM information_schema.columns WHERE table_schema = 'mxshop_goods_service' AND table_name = 'goods' ORDER BY ORDINAL_POSITION

2022/08/17 16:29:33 D:/GOMOD/pkg/mod/gorm.io/driver/mysql@v1.3.5/migrator.go:47
[111.077ms] [rows:0] ALTER TABLE `goods` MODIFY COLUMN `is_deleted` boolean

2022/08/17 16:29:34 D:/GOMOD/pkg/mod/gorm.io/driver/mysql@v1.3.5/migrator.go:47
[96.589ms] [rows:0] ALTER TABLE `goods` MODIFY COLUMN `on_sale` boolean NOT NULL DEFAULT false

2022/08/17 16:29:34 D:/GOMOD/pkg/mod/gorm.io/driver/mysql@v1.3.5/migrator.go:47
[99.556ms] [rows:0] ALTER TABLE `goods` MODIFY COLUMN `ship_free` boolean NOT NULL DEFAULT false

2022/08/17 16:29:34 D:/GOMOD/pkg/mod/gorm.io/driver/mysql@v1.3.5/migrator.go:47
[58.525ms] [rows:0] ALTER TABLE `goods` MODIFY COLUMN `is_new` boolean NOT NULL DEFAULT false

2022/08/17 16:29:34 D:/GOMOD/pkg/mod/gorm.io/driver/mysql@v1.3.5/migrator.go:47
[109.549ms] [rows:0] ALTER TABLE `goods` MODIFY COLUMN `is_hot` boolean NOT NULL DEFAULT false

2022/08/17 16:29:34 D:/GOMOD/pkg/mod/gorm.io/driver/mysql@v1.3.5/migrator.go:250
[89.550ms] [rows:-] SELECT DATABASE()

2022/08/17 16:29:34 D:/GOMOD/pkg/mod/gorm.io/driver/mysql@v1.3.5/migrator.go:253
[180.115ms] [rows:1] SELECT SCHEMA_NAME from Information_schema.SCHEMATA where SCHEMA_NAME LIKE 'mxshop_goods_service%' ORDER BY SCHEMA_NAME='mxshop_goods_service' DESC,SCHEMA_NAME limit 1

2022/08/17 16:29:34 D:/C_Back/Go/Shop_service/goods_service/initialize/db.go:32
[179.277ms] [rows:-] SELECT count(*) FROM INFORMATION_SCHEMA.table_constraints WHERE constraint_schema = 'mxshop_goods_service' AND table_name = 'goods' AND constraint_name = 'fk_goods_category'

2022/08/17 16:29:34 D:/GOMOD/pkg/mod/gorm.io/driver/mysql@v1.3.5/migrator.go:250
[69.530ms] [rows:-] SELECT DATABASE()

2022/08/17 16:29:35 D:/GOMOD/pkg/mod/gorm.io/driver/mysql@v1.3.5/migrator.go:253
[179.747ms] [rows:1] SELECT SCHEMA_NAME from Information_schema.SCHEMATA where SCHEMA_NAME LIKE 'mxshop_goods_service%' ORDER BY SCHEMA_NAME='mxshop_goods_service' DESC,SCHEMA_NAME limit 1

2022/08/17 16:29:35 D:/C_Back/Go/Shop_service/goods_service/initialize/db.go:32
[159.488ms] [rows:-] SELECT count(*) FROM INFORMATION_SCHEMA.table_constraints WHERE constraint_schema = 'mxshop_goods_service' AND table_name = 'goods' AND constraint_name = 'fk_goods_brands'
2022-08-17T16:29:35.162+0800	INFO	initialize/db.go:36	数据库初始化成功
2022-08-17T16:29:35.163+0800	INFO	goods_service/main.go:35	服务启动成功 端口 127.0.0.1:8000
2022-08-17T16:29:43.612+0800	INFO	handler/category_brand.go:24	CategoryBrandList request:pages:1 pagePerNums:10

2022/08/17 16:29:43 D:/C_Back/Go/Shop_service/goods_service/handler/category_brand.go:29
[329.457ms] [rows:1] SELECT * FROM `goodscategorybrand` WHERE `goodscategorybrand`.`deleted_at` IS NULL

2022/08/17 16:29:44 D:/C_Back/Go/Shop_service/goods_service/handler/category_brand.go:29
[90.315ms] [rows:1] SELECT count(*) FROM `goodscategorybrand` WHERE `goodscategorybrand`.`deleted_at` IS NULL

2022/08/17 16:29:44 D:/C_Back/Go/Shop_service/goods_service/handler/category_brand.go:33
[178.864ms] [rows:1] SELECT * FROM `category` WHERE `category`.`id` = 130366 AND `category`.`deleted_at` IS NULL

2022/08/17 16:29:44 D:/C_Back/Go/Shop_service/goods_service/handler/category_brand.go:33
[249.594ms] [rows:10] SELECT * FROM `goodscategorybrand` WHERE `goodscategorybrand`.`deleted_at` IS NULL LIMIT 10
2022-08-17T16:30:01.609+0800	INFO	handler/category_brand.go:24	CategoryBrandList request:pages:1 pagePerNums:100

2022/08/17 16:30:01 D:/C_Back/Go/Shop_service/goods_service/handler/category_brand.go:29
[181.725ms] [rows:1] SELECT * FROM `goodscategorybrand` WHERE `goodscategorybrand`.`deleted_at` IS NULL

2022/08/17 16:30:01 D:/C_Back/Go/Shop_service/goods_service/handler/category_brand.go:29
[71.260ms] [rows:1] SELECT count(*) FROM `goodscategorybrand` WHERE `goodscategorybrand`.`deleted_at` IS NULL

2022/08/17 16:30:02 D:/C_Back/Go/Shop_service/goods_service/handler/category_brand.go:33
[183.744ms] [rows:10] SELECT * FROM `category` WHERE `category`.`id` IN (130366,130368,135475,135476,135477,135479,135480,135481,135482,135485) AND `category`.`deleted_at` IS NULL

2022/08/17 16:30:02 D:/C_Back/Go/Shop_service/goods_service/handler/category_brand.go:33
[270.428ms] [rows:100] SELECT * FROM `goodscategorybrand` WHERE `goodscategorybrand`.`deleted_at` IS NULL LIMIT 100
2022-08-17T16:30:23.712+0800	INFO	handler/category_brand.go:24	CategoryBrandList request:pages:1 pagePerNums:100

2022/08/17 16:30:23 D:/C_Back/Go/Shop_service/goods_service/handler/category_brand.go:29
[180.392ms] [rows:1] SELECT * FROM `goodscategorybrand` WHERE `goodscategorybrand`.`deleted_at` IS NULL

2022/08/17 16:30:23 D:/C_Back/Go/Shop_service/goods_service/handler/category_brand.go:29
[69.060ms] [rows:1] SELECT count(*) FROM `goodscategorybrand` WHERE `goodscategorybrand`.`deleted_at` IS NULL

2022/08/17 16:30:24 D:/C_Back/Go/Shop_service/goods_service/handler/category_brand.go:33
[187.489ms] [rows:10] SELECT * FROM `category` WHERE `category`.`id` IN (130366,130368,135475,135476,135477,135479,135480,135481,135482,135485) AND `category`.`deleted_at` IS NULL

2022/08/17 16:30:24 D:/C_Back/Go/Shop_service/goods_service/handler/category_brand.go:33
[262.194ms] [rows:100] SELECT * FROM `goodscategorybrand` WHERE `goodscategorybrand`.`deleted_at` IS NULL LIMIT 100
2022-08-17T16:35:19.862+0800	INFO	handler/category_brand.go:66	GetCategoryBrandList request:id:4968

2022/08/17 16:35:20 D:/C_Back/Go/Shop_service/goods_service/handler/category_brand.go:68
[140.044ms] [rows:0] SELECT * FROM `category` WHERE `category`.`id` = 4968 AND `category`.`deleted_at` IS NULL

2022/08/17 16:35:20 D:/C_Back/Go/Shop_service/goods_service/handler/category_brand.go:68 record not found
[168.793ms] [rows:0] SELECT * FROM `category` WHERE `category`.`id` = 4968 AND `category`.`deleted_at` IS NULL ORDER BY `category`.`id` LIMIT 1
2022-08-17T16:35:42.355+0800	INFO	handler/category_brand.go:66	GetCategoryBrandList request:id:136846

2022/08/17 16:35:42 D:/C_Back/Go/Shop_service/goods_service/handler/category_brand.go:68
[148.282ms] [rows:1] SELECT * FROM `category` WHERE `category`.`id` = 136846 AND `category`.`deleted_at` IS NULL

2022/08/17 16:35:42 D:/C_Back/Go/Shop_service/goods_service/handler/category_brand.go:68
[168.772ms] [rows:1] SELECT * FROM `category` WHERE `category`.`id` = 136846 AND `category`.`deleted_at` IS NULL AND `category`.`id` = 136846 ORDER BY `category`.`id` LIMIT 1

2022/08/17 16:35:42 D:/C_Back/Go/Shop_service/goods_service/handler/category_brand.go:73
[169.039ms] [rows:7] SELECT * FROM `goodscategorybrand` WHERE `goodscategorybrand`.`category_id` = 136846 AND `goodscategorybrand`.`deleted_at` IS NULL
2022-08-17T16:38:24.287+0800	INFO	handler/category_brand.go:100	CreateCategoryBrand request:categoryId:136846 brandId:742

2022/08/17 16:38:24 D:/C_Back/Go/Shop_service/goods_service/handler/category_brand.go:103
[144.304ms] [rows:1] SELECT * FROM `category` WHERE `category`.`id` = 136846 AND `category`.`deleted_at` IS NULL ORDER BY `category`.`id` LIMIT 1

2022/08/17 16:38:24 D:/C_Back/Go/Shop_service/goods_service/handler/category_brand.go:109
[160.188ms] [rows:1] SELECT * FROM `brands` WHERE `brands`.`id` = 742 AND `brands`.`deleted_at` IS NULL ORDER BY `brands`.`id` LIMIT 1

2022/08/17 16:38:24 D:/C_Back/Go/Shop_service/goods_service/handler/category_brand.go:118 Error 1364: Field 'brand_id' doesn't have a default value
[318.323ms] [rows:0] INSERT INTO `goodscategorybrand` (`add_time`,`update_time`,`deleted_at`,`is_deleted`,`category_id`,`brands_id`) VALUES ('2022-08-17 16:38:24.662','2022-08-17 16:38:24.662',NULL,false,136846,742)
2022-08-17T16:42:02.227+0800	INFO	initialize/logger.go:26	日志初始化成功

2022/08/17 16:42:02 D:/GOMOD/pkg/mod/gorm.io/driver/mysql@v1.3.5/migrator.go:250
[80.391ms] [rows:-] SELECT DATABASE()

2022/08/17 16:42:02 D:/GOMOD/pkg/mod/gorm.io/driver/mysql@v1.3.5/migrator.go:253
[189.181ms] [rows:1] SELECT SCHEMA_NAME from Information_schema.SCHEMATA where SCHEMA_NAME LIKE 'mxshop_goods_service%' ORDER BY SCHEMA_NAME='mxshop_goods_service' DESC,SCHEMA_NAME limit 1

2022/08/17 16:42:03 D:/C_Back/Go/Shop_service/goods_service/initialize/db.go:32
[138.658ms] [rows:-] SELECT count(*) FROM information_schema.tables WHERE table_schema = 'mxshop_goods_service' AND table_name = 'category' AND table_type = 'BASE TABLE'

2022/08/17 16:42:03 D:/GOMOD/pkg/mod/gorm.io/driver/mysql@v1.3.5/migrator.go:250
[59.618ms] [rows:-] SELECT DATABASE()

2022/08/17 16:42:03 D:/GOMOD/pkg/mod/gorm.io/driver/mysql@v1.3.5/migrator.go:253
[169.288ms] [rows:1] SELECT SCHEMA_NAME from Information_schema.SCHEMATA where SCHEMA_NAME LIKE 'mxshop_goods_service%' ORDER BY SCHEMA_NAME='mxshop_goods_service' DESC,SCHEMA_NAME limit 1

2022/08/17 16:42:03 D:/GOMOD/pkg/mod/gorm.io/driver/mysql@v1.3.5/migrator.go:163
[71.081ms] [rows:-] SELECT * FROM `category` LIMIT 1

2022/08/17 16:42:03 D:/GOMOD/pkg/mod/gorm.io/driver/mysql@v1.3.5/migrator.go:181
[128.670ms] [rows:-] SELECT column_name, column_default, is_nullable = 'YES', data_type, character_maximum_length, column_type, column_key, extra, column_comment, numeric_precision, numeric_scale , datetime_precision FROM information_schema.columns WHERE table_schema = 'mxshop_goods_service' AND table_name = 'category' ORDER BY ORDINAL_POSITION

2022/08/17 16:42:03 D:/GOMOD/pkg/mod/gorm.io/driver/mysql@v1.3.5/migrator.go:47
[59.271ms] [rows:0] ALTER TABLE `category` MODIFY COLUMN `is_deleted` boolean

2022/08/17 16:42:03 D:/GOMOD/pkg/mod/gorm.io/driver/mysql@v1.3.5/migrator.go:47
[87.947ms] [rows:0] ALTER TABLE `category` MODIFY COLUMN `is_tab` boolean NOT NULL DEFAULT false

2022/08/17 16:42:03 D:/GOMOD/pkg/mod/gorm.io/driver/mysql@v1.3.5/migrator.go:250
[79.745ms] [rows:-] SELECT DATABASE()

2022/08/17 16:42:03 D:/GOMOD/pkg/mod/gorm.io/driver/mysql@v1.3.5/migrator.go:253
[160.078ms] [rows:1] SELECT SCHEMA_NAME from Information_schema.SCHEMATA where SCHEMA_NAME LIKE 'mxshop_goods_service%' ORDER BY SCHEMA_NAME='mxshop_goods_service' DESC,SCHEMA_NAME limit 1

2022/08/17 16:42:04 D:/C_Back/Go/Shop_service/goods_service/initialize/db.go:32
[139.489ms] [rows:-] SELECT count(*) FROM INFORMATION_SCHEMA.table_constraints WHERE constraint_schema = 'mxshop_goods_service' AND table_name = 'category' AND constraint_name = 'fk_category_sub_category'

2022/08/17 16:42:04 D:/GOMOD/pkg/mod/gorm.io/driver/mysql@v1.3.5/migrator.go:250
[71.226ms] [rows:-] SELECT DATABASE()

2022/08/17 16:42:04 D:/GOMOD/pkg/mod/gorm.io/driver/mysql@v1.3.5/migrator.go:253
[168.458ms] [rows:1] SELECT SCHEMA_NAME from Information_schema.SCHEMATA where SCHEMA_NAME LIKE 'mxshop_goods_service%' ORDER BY SCHEMA_NAME='mxshop_goods_service' DESC,SCHEMA_NAME limit 1

2022/08/17 16:42:04 D:/C_Back/Go/Shop_service/goods_service/initialize/db.go:32
[140.963ms] [rows:-] SELECT count(*) FROM information_schema.tables WHERE table_schema = 'mxshop_goods_service' AND table_name = 'brands' AND table_type = 'BASE TABLE'

2022/08/17 16:42:04 D:/GOMOD/pkg/mod/gorm.io/driver/mysql@v1.3.5/migrator.go:250
[58.888ms] [rows:-] SELECT DATABASE()

2022/08/17 16:42:04 D:/GOMOD/pkg/mod/gorm.io/driver/mysql@v1.3.5/migrator.go:253
[158.299ms] [rows:1] SELECT SCHEMA_NAME from Information_schema.SCHEMATA where SCHEMA_NAME LIKE 'mxshop_goods_service%' ORDER BY SCHEMA_NAME='mxshop_goods_service' DESC,SCHEMA_NAME limit 1

2022/08/17 16:42:04 D:/GOMOD/pkg/mod/gorm.io/driver/mysql@v1.3.5/migrator.go:163
[59.992ms] [rows:-] SELECT * FROM `brands` LIMIT 1

2022/08/17 16:42:04 D:/GOMOD/pkg/mod/gorm.io/driver/mysql@v1.3.5/migrator.go:181
[158.396ms] [rows:-] SELECT column_name, column_default, is_nullable = 'YES', data_type, character_maximum_length, column_type, column_key, extra, column_comment, numeric_precision, numeric_scale , datetime_precision FROM information_schema.columns WHERE table_schema = 'mxshop_goods_service' AND table_name = 'brands' ORDER BY ORDINAL_POSITION

2022/08/17 16:42:04 D:/GOMOD/pkg/mod/gorm.io/driver/mysql@v1.3.5/migrator.go:47
[61.583ms] [rows:0] ALTER TABLE `brands` MODIFY COLUMN `is_deleted` boolean

2022/08/17 16:42:05 D:/GOMOD/pkg/mod/gorm.io/driver/mysql@v1.3.5/migrator.go:47
[97.724ms] [rows:0] ALTER TABLE `brands` MODIFY COLUMN `name` varchar(50) NOT NULL

2022/08/17 16:42:05 D:/GOMOD/pkg/mod/gorm.io/driver/mysql@v1.3.5/migrator.go:250
[89.168ms] [rows:-] SELECT DATABASE()

2022/08/17 16:42:05 D:/GOMOD/pkg/mod/gorm.io/driver/mysql@v1.3.5/migrator.go:253
[170.107ms] [rows:1] SELECT SCHEMA_NAME from Information_schema.SCHEMATA where SCHEMA_NAME LIKE 'mxshop_goods_service%' ORDER BY SCHEMA_NAME='mxshop_goods_service' DESC,SCHEMA_NAME limit 1

2022/08/17 16:42:05 D:/C_Back/Go/Shop_service/goods_service/initialize/db.go:32
[139.410ms] [rows:-] SELECT count(*) FROM information_schema.tables WHERE table_schema = 'mxshop_goods_service' AND table_name = 'goodscategorybrand' AND table_type = 'BASE TABLE'

2022/08/17 16:42:05 D:/GOMOD/pkg/mod/gorm.io/driver/mysql@v1.3.5/migrator.go:250
[59.769ms] [rows:-] SELECT DATABASE()

2022/08/17 16:42:05 D:/GOMOD/pkg/mod/gorm.io/driver/mysql@v1.3.5/migrator.go:253
[159.053ms] [rows:1] SELECT SCHEMA_NAME from Information_schema.SCHEMATA where SCHEMA_NAME LIKE 'mxshop_goods_service%' ORDER BY SCHEMA_NAME='mxshop_goods_service' DESC,SCHEMA_NAME limit 1

2022/08/17 16:42:05 D:/GOMOD/pkg/mod/gorm.io/driver/mysql@v1.3.5/migrator.go:163
[62.797ms] [rows:-] SELECT * FROM `goodscategorybrand` LIMIT 1

2022/08/17 16:42:05 D:/GOMOD/pkg/mod/gorm.io/driver/mysql@v1.3.5/migrator.go:181
[166.531ms] [rows:-] SELECT column_name, column_default, is_nullable = 'YES', data_type, character_maximum_length, column_type, column_key, extra, column_comment, numeric_precision, numeric_scale , datetime_precision FROM information_schema.columns WHERE table_schema = 'mxshop_goods_service' AND table_name = 'goodscategorybrand' ORDER BY ORDINAL_POSITION

2022/08/17 16:42:05 D:/GOMOD/pkg/mod/gorm.io/driver/mysql@v1.3.5/migrator.go:47
[59.913ms] [rows:0] ALTER TABLE `goodscategorybrand` MODIFY COLUMN `is_deleted` boolean

2022/08/17 16:42:05 D:/C_Back/Go/Shop_service/goods_service/initialize/db.go:32 Error 1064: You have an error in your SQL syntax; check the manual that corresponds to your MySQL server version for the right syntax to use near '' at line 1
[78.279ms] [rows:0] ALTER TABLE `goodscategorybrand` ADD `brand` 
2022-08-17T16:46:23.020+0800	INFO	initialize/logger.go:26	日志初始化成功

2022/08/17 16:46:23 D:/GOMOD/pkg/mod/gorm.io/driver/mysql@v1.3.5/migrator.go:250
[89.113ms] [rows:-] SELECT DATABASE()

2022/08/17 16:46:23 D:/GOMOD/pkg/mod/gorm.io/driver/mysql@v1.3.5/migrator.go:253
[190.145ms] [rows:1] SELECT SCHEMA_NAME from Information_schema.SCHEMATA where SCHEMA_NAME LIKE 'mxshop_goods_service%' ORDER BY SCHEMA_NAME='mxshop_goods_service' DESC,SCHEMA_NAME limit 1

2022/08/17 16:46:23 D:/C_Back/Go/Shop_service/goods_service/initialize/db.go:32
[178.012ms] [rows:-] SELECT count(*) FROM information_schema.tables WHERE table_schema = 'mxshop_goods_service' AND table_name = 'category' AND table_type = 'BASE TABLE'

2022/08/17 16:46:24 D:/GOMOD/pkg/mod/gorm.io/driver/mysql@v1.3.5/migrator.go:250
[70.157ms] [rows:-] SELECT DATABASE()

2022/08/17 16:46:24 D:/GOMOD/pkg/mod/gorm.io/driver/mysql@v1.3.5/migrator.go:253
[180.779ms] [rows:1] SELECT SCHEMA_NAME from Information_schema.SCHEMATA where SCHEMA_NAME LIKE 'mxshop_goods_service%' ORDER BY SCHEMA_NAME='mxshop_goods_service' DESC,SCHEMA_NAME limit 1

2022/08/17 16:46:24 D:/GOMOD/pkg/mod/gorm.io/driver/mysql@v1.3.5/migrator.go:163
[68.444ms] [rows:-] SELECT * FROM `category` LIMIT 1

2022/08/17 16:46:24 D:/GOMOD/pkg/mod/gorm.io/driver/mysql@v1.3.5/migrator.go:181
[179.526ms] [rows:-] SELECT column_name, column_default, is_nullable = 'YES', data_type, character_maximum_length, column_type, column_key, extra, column_comment, numeric_precision, numeric_scale , datetime_precision FROM information_schema.columns WHERE table_schema = 'mxshop_goods_service' AND table_name = 'category' ORDER BY ORDINAL_POSITION

2022/08/17 16:46:24 D:/GOMOD/pkg/mod/gorm.io/driver/mysql@v1.3.5/migrator.go:47
[72.561ms] [rows:0] ALTER TABLE `category` MODIFY COLUMN `is_deleted` boolean

2022/08/17 16:46:24 D:/GOMOD/pkg/mod/gorm.io/driver/mysql@v1.3.5/migrator.go:47
[95.592ms] [rows:0] ALTER TABLE `category` MODIFY COLUMN `is_tab` boolean NOT NULL DEFAULT false

2022/08/17 16:46:24 D:/GOMOD/pkg/mod/gorm.io/driver/mysql@v1.3.5/migrator.go:250
[88.992ms] [rows:-] SELECT DATABASE()

2022/08/17 16:46:24 D:/GOMOD/pkg/mod/gorm.io/driver/mysql@v1.3.5/migrator.go:253
[161.833ms] [rows:1] SELECT SCHEMA_NAME from Information_schema.SCHEMATA where SCHEMA_NAME LIKE 'mxshop_goods_service%' ORDER BY SCHEMA_NAME='mxshop_goods_service' DESC,SCHEMA_NAME limit 1

2022/08/17 16:46:24 D:/C_Back/Go/Shop_service/goods_service/initialize/db.go:32
[110.786ms] [rows:-] SELECT count(*) FROM INFORMATION_SCHEMA.table_constraints WHERE constraint_schema = 'mxshop_goods_service' AND table_name = 'category' AND constraint_name = 'fk_category_sub_category'

2022/08/17 16:46:25 D:/GOMOD/pkg/mod/gorm.io/driver/mysql@v1.3.5/migrator.go:250
[66.553ms] [rows:-] SELECT DATABASE()

2022/08/17 16:46:25 D:/GOMOD/pkg/mod/gorm.io/driver/mysql@v1.3.5/migrator.go:253
[179.572ms] [rows:1] SELECT SCHEMA_NAME from Information_schema.SCHEMATA where SCHEMA_NAME LIKE 'mxshop_goods_service%' ORDER BY SCHEMA_NAME='mxshop_goods_service' DESC,SCHEMA_NAME limit 1

2022/08/17 16:46:25 D:/C_Back/Go/Shop_service/goods_service/initialize/db.go:32
[169.035ms] [rows:-] SELECT count(*) FROM information_schema.tables WHERE table_schema = 'mxshop_goods_service' AND table_name = 'brands' AND table_type = 'BASE TABLE'

2022/08/17 16:46:25 D:/GOMOD/pkg/mod/gorm.io/driver/mysql@v1.3.5/migrator.go:250
[83.451ms] [rows:-] SELECT DATABASE()

2022/08/17 16:46:25 D:/GOMOD/pkg/mod/gorm.io/driver/mysql@v1.3.5/migrator.go:253
[185.999ms] [rows:1] SELECT SCHEMA_NAME from Information_schema.SCHEMATA where SCHEMA_NAME LIKE 'mxshop_goods_service%' ORDER BY SCHEMA_NAME='mxshop_goods_service' DESC,SCHEMA_NAME limit 1

2022/08/17 16:46:25 D:/GOMOD/pkg/mod/gorm.io/driver/mysql@v1.3.5/migrator.go:163
[91.893ms] [rows:-] SELECT * FROM `brands` LIMIT 1

2022/08/17 16:46:25 D:/GOMOD/pkg/mod/gorm.io/driver/mysql@v1.3.5/migrator.go:181
[177.522ms] [rows:-] SELECT column_name, column_default, is_nullable = 'YES', data_type, character_maximum_length, column_type, column_key, extra, column_comment, numeric_precision, numeric_scale , datetime_precision FROM information_schema.columns WHERE table_schema = 'mxshop_goods_service' AND table_name = 'brands' ORDER BY ORDINAL_POSITION

2022/08/17 16:46:25 D:/GOMOD/pkg/mod/gorm.io/driver/mysql@v1.3.5/migrator.go:47
[69.092ms] [rows:0] ALTER TABLE `brands` MODIFY COLUMN `is_deleted` boolean

2022/08/17 16:46:26 D:/GOMOD/pkg/mod/gorm.io/driver/mysql@v1.3.5/migrator.go:47
[99.140ms] [rows:0] ALTER TABLE `brands` MODIFY COLUMN `name` varchar(50) NOT NULL

2022/08/17 16:46:26 D:/GOMOD/pkg/mod/gorm.io/driver/mysql@v1.3.5/migrator.go:250
[89.011ms] [rows:-] SELECT DATABASE()

2022/08/17 16:46:26 D:/GOMOD/pkg/mod/gorm.io/driver/mysql@v1.3.5/migrator.go:253
[180.961ms] [rows:1] SELECT SCHEMA_NAME from Information_schema.SCHEMATA where SCHEMA_NAME LIKE 'mxshop_goods_service%' ORDER BY SCHEMA_NAME='mxshop_goods_service' DESC,SCHEMA_NAME limit 1

2022/08/17 16:46:26 D:/C_Back/Go/Shop_service/goods_service/initialize/db.go:32
[158.944ms] [rows:-] SELECT count(*) FROM information_schema.tables WHERE table_schema = 'mxshop_goods_service' AND table_name = 'goodscategorybrand' AND table_type = 'BASE TABLE'

2022/08/17 16:46:26 D:/GOMOD/pkg/mod/gorm.io/driver/mysql@v1.3.5/migrator.go:250
[70.025ms] [rows:-] SELECT DATABASE()

2022/08/17 16:46:26 D:/GOMOD/pkg/mod/gorm.io/driver/mysql@v1.3.5/migrator.go:253
[190.129ms] [rows:1] SELECT SCHEMA_NAME from Information_schema.SCHEMATA where SCHEMA_NAME LIKE 'mxshop_goods_service%' ORDER BY SCHEMA_NAME='mxshop_goods_service' DESC,SCHEMA_NAME limit 1

2022/08/17 16:46:26 D:/GOMOD/pkg/mod/gorm.io/driver/mysql@v1.3.5/migrator.go:163
[79.857ms] [rows:-] SELECT * FROM `goodscategorybrand` LIMIT 1

2022/08/17 16:46:27 D:/GOMOD/pkg/mod/gorm.io/driver/mysql@v1.3.5/migrator.go:181
[177.512ms] [rows:-] SELECT column_name, column_default, is_nullable = 'YES', data_type, character_maximum_length, column_type, column_key, extra, column_comment, numeric_precision, numeric_scale , datetime_precision FROM information_schema.columns WHERE table_schema = 'mxshop_goods_service' AND table_name = 'goodscategorybrand' ORDER BY ORDINAL_POSITION

2022/08/17 16:46:27 D:/GOMOD/pkg/mod/gorm.io/driver/mysql@v1.3.5/migrator.go:47
[69.808ms] [rows:0] ALTER TABLE `goodscategorybrand` MODIFY COLUMN `is_deleted` boolean

2022/08/17 16:46:27 D:/GOMOD/pkg/mod/gorm.io/driver/mysql@v1.3.5/migrator.go:250
[98.877ms] [rows:-] SELECT DATABASE()

2022/08/17 16:46:27 D:/GOMOD/pkg/mod/gorm.io/driver/mysql@v1.3.5/migrator.go:253
[180.273ms] [rows:1] SELECT SCHEMA_NAME from Information_schema.SCHEMATA where SCHEMA_NAME LIKE 'mxshop_goods_service%' ORDER BY SCHEMA_NAME='mxshop_goods_service' DESC,SCHEMA_NAME limit 1

2022/08/17 16:46:27 D:/C_Back/Go/Shop_service/goods_service/initialize/db.go:32
[220.030ms] [rows:-] SELECT count(*) FROM INFORMATION_SCHEMA.table_constraints WHERE constraint_schema = 'mxshop_goods_service' AND table_name = 'goodscategorybrand' AND constraint_name = 'fk_goodscategorybrand_category'

2022/08/17 16:46:27 D:/GOMOD/pkg/mod/gorm.io/driver/mysql@v1.3.5/migrator.go:250
[75.983ms] [rows:-] SELECT DATABASE()

2022/08/17 16:46:27 D:/GOMOD/pkg/mod/gorm.io/driver/mysql@v1.3.5/migrator.go:253
[183.243ms] [rows:1] SELECT SCHEMA_NAME from Information_schema.SCHEMATA where SCHEMA_NAME LIKE 'mxshop_goods_service%' ORDER BY SCHEMA_NAME='mxshop_goods_service' DESC,SCHEMA_NAME limit 1

2022/08/17 16:46:28 D:/C_Back/Go/Shop_service/goods_service/initialize/db.go:32
[169.492ms] [rows:-] SELECT count(*) FROM INFORMATION_SCHEMA.table_constraints WHERE constraint_schema = 'mxshop_goods_service' AND table_name = 'goodscategorybrand' AND constraint_name = 'fk_goodscategorybrand_brands'

2022/08/17 16:46:28 D:/GOMOD/pkg/mod/gorm.io/driver/mysql@v1.3.5/migrator.go:250
[71.261ms] [rows:-] SELECT DATABASE()

2022/08/17 16:46:28 D:/GOMOD/pkg/mod/gorm.io/driver/mysql@v1.3.5/migrator.go:253
[178.830ms] [rows:1] SELECT SCHEMA_NAME from Information_schema.SCHEMATA where SCHEMA_NAME LIKE 'mxshop_goods_service%' ORDER BY SCHEMA_NAME='mxshop_goods_service' DESC,SCHEMA_NAME limit 1

2022/08/17 16:46:28 D:/C_Back/Go/Shop_service/goods_service/initialize/db.go:32
[158.702ms] [rows:-] SELECT count(*) FROM information_schema.statistics WHERE table_schema = 'mxshop_goods_service' AND table_name = 'goodscategorybrand' AND index_name = 'idx_category_brand'

2022/08/17 16:46:28 D:/GOMOD/pkg/mod/gorm.io/driver/mysql@v1.3.5/migrator.go:250
[72.265ms] [rows:-] SELECT DATABASE()

2022/08/17 16:46:28 D:/GOMOD/pkg/mod/gorm.io/driver/mysql@v1.3.5/migrator.go:253
[180.374ms] [rows:1] SELECT SCHEMA_NAME from Information_schema.SCHEMATA where SCHEMA_NAME LIKE 'mxshop_goods_service%' ORDER BY SCHEMA_NAME='mxshop_goods_service' DESC,SCHEMA_NAME limit 1

2022/08/17 16:46:28 D:/C_Back/Go/Shop_service/goods_service/initialize/db.go:32
[156.068ms] [rows:-] SELECT count(*) FROM information_schema.tables WHERE table_schema = 'mxshop_goods_service' AND table_name = 'banner' AND table_type = 'BASE TABLE'

2022/08/17 16:46:28 D:/GOMOD/pkg/mod/gorm.io/driver/mysql@v1.3.5/migrator.go:250
[72.024ms] [rows:-] SELECT DATABASE()

2022/08/17 16:46:29 D:/GOMOD/pkg/mod/gorm.io/driver/mysql@v1.3.5/migrator.go:253
[187.703ms] [rows:1] SELECT SCHEMA_NAME from Information_schema.SCHEMATA where SCHEMA_NAME LIKE 'mxshop_goods_service%' ORDER BY SCHEMA_NAME='mxshop_goods_service' DESC,SCHEMA_NAME limit 1

2022/08/17 16:46:29 D:/GOMOD/pkg/mod/gorm.io/driver/mysql@v1.3.5/migrator.go:163
[70.407ms] [rows:-] SELECT * FROM `banner` LIMIT 1

2022/08/17 16:46:29 D:/GOMOD/pkg/mod/gorm.io/driver/mysql@v1.3.5/migrator.go:181
[178.378ms] [rows:-] SELECT column_name, column_default, is_nullable = 'YES', data_type, character_maximum_length, column_type, column_key, extra, column_comment, numeric_precision, numeric_scale , datetime_precision FROM information_schema.columns WHERE table_schema = 'mxshop_goods_service' AND table_name = 'banner' ORDER BY ORDINAL_POSITION

2022/08/17 16:46:29 D:/GOMOD/pkg/mod/gorm.io/driver/mysql@v1.3.5/migrator.go:47
[71.245ms] [rows:0] ALTER TABLE `banner` MODIFY COLUMN `is_deleted` boolean

2022/08/17 16:46:29 D:/GOMOD/pkg/mod/gorm.io/driver/mysql@v1.3.5/migrator.go:250
[96.964ms] [rows:-] SELECT DATABASE()

2022/08/17 16:46:29 D:/GOMOD/pkg/mod/gorm.io/driver/mysql@v1.3.5/migrator.go:253
[150.885ms] [rows:1] SELECT SCHEMA_NAME from Information_schema.SCHEMATA where SCHEMA_NAME LIKE 'mxshop_goods_service%' ORDER BY SCHEMA_NAME='mxshop_goods_service' DESC,SCHEMA_NAME limit 1

2022/08/17 16:46:29 D:/C_Back/Go/Shop_service/goods_service/initialize/db.go:32
[158.744ms] [rows:-] SELECT count(*) FROM information_schema.tables WHERE table_schema = 'mxshop_goods_service' AND table_name = 'goods' AND table_type = 'BASE TABLE'

2022/08/17 16:46:29 D:/GOMOD/pkg/mod/gorm.io/driver/mysql@v1.3.5/migrator.go:250
[69.226ms] [rows:-] SELECT DATABASE()

2022/08/17 16:46:30 D:/GOMOD/pkg/mod/gorm.io/driver/mysql@v1.3.5/migrator.go:253
[179.721ms] [rows:1] SELECT SCHEMA_NAME from Information_schema.SCHEMATA where SCHEMA_NAME LIKE 'mxshop_goods_service%' ORDER BY SCHEMA_NAME='mxshop_goods_service' DESC,SCHEMA_NAME limit 1

2022/08/17 16:46:30 D:/GOMOD/pkg/mod/gorm.io/driver/mysql@v1.3.5/migrator.go:163
[73.115ms] [rows:-] SELECT * FROM `goods` LIMIT 1

2022/08/17 16:46:30 D:/GOMOD/pkg/mod/gorm.io/driver/mysql@v1.3.5/migrator.go:181
[195.422ms] [rows:-] SELECT column_name, column_default, is_nullable = 'YES', data_type, character_maximum_length, column_type, column_key, extra, column_comment, numeric_precision, numeric_scale , datetime_precision FROM information_schema.columns WHERE table_schema = 'mxshop_goods_service' AND table_name = 'goods' ORDER BY ORDINAL_POSITION

2022/08/17 16:46:30 D:/GOMOD/pkg/mod/gorm.io/driver/mysql@v1.3.5/migrator.go:47
[77.313ms] [rows:0] ALTER TABLE `goods` MODIFY COLUMN `is_deleted` boolean

2022/08/17 16:46:30 D:/GOMOD/pkg/mod/gorm.io/driver/mysql@v1.3.5/migrator.go:47
[126.839ms] [rows:0] ALTER TABLE `goods` MODIFY COLUMN `on_sale` boolean NOT NULL DEFAULT false

2022/08/17 16:46:30 D:/GOMOD/pkg/mod/gorm.io/driver/mysql@v1.3.5/migrator.go:47
[99.046ms] [rows:0] ALTER TABLE `goods` MODIFY COLUMN `ship_free` boolean NOT NULL DEFAULT false

2022/08/17 16:46:30 D:/GOMOD/pkg/mod/gorm.io/driver/mysql@v1.3.5/migrator.go:47
[103.674ms] [rows:0] ALTER TABLE `goods` MODIFY COLUMN `is_new` boolean NOT NULL DEFAULT false

2022/08/17 16:46:30 D:/GOMOD/pkg/mod/gorm.io/driver/mysql@v1.3.5/migrator.go:47
[106.504ms] [rows:0] ALTER TABLE `goods` MODIFY COLUMN `is_hot` boolean NOT NULL DEFAULT false

2022/08/17 16:46:30 D:/GOMOD/pkg/mod/gorm.io/driver/mysql@v1.3.5/migrator.go:250
[93.319ms] [rows:-] SELECT DATABASE()

2022/08/17 16:46:31 D:/GOMOD/pkg/mod/gorm.io/driver/mysql@v1.3.5/migrator.go:253
[184.388ms] [rows:1] SELECT SCHEMA_NAME from Information_schema.SCHEMATA where SCHEMA_NAME LIKE 'mxshop_goods_service%' ORDER BY SCHEMA_NAME='mxshop_goods_service' DESC,SCHEMA_NAME limit 1

2022/08/17 16:46:31 D:/C_Back/Go/Shop_service/goods_service/initialize/db.go:32
[169.742ms] [rows:-] SELECT count(*) FROM INFORMATION_SCHEMA.table_constraints WHERE constraint_schema = 'mxshop_goods_service' AND table_name = 'goods' AND constraint_name = 'fk_goods_brands'

2022/08/17 16:46:31 D:/GOMOD/pkg/mod/gorm.io/driver/mysql@v1.3.5/migrator.go:250
[69.859ms] [rows:-] SELECT DATABASE()

2022/08/17 16:46:31 D:/GOMOD/pkg/mod/gorm.io/driver/mysql@v1.3.5/migrator.go:253
[183.426ms] [rows:1] SELECT SCHEMA_NAME from Information_schema.SCHEMATA where SCHEMA_NAME LIKE 'mxshop_goods_service%' ORDER BY SCHEMA_NAME='mxshop_goods_service' DESC,SCHEMA_NAME limit 1

2022/08/17 16:46:31 D:/C_Back/Go/Shop_service/goods_service/initialize/db.go:32
[155.494ms] [rows:-] SELECT count(*) FROM INFORMATION_SCHEMA.table_constraints WHERE constraint_schema = 'mxshop_goods_service' AND table_name = 'goods' AND constraint_name = 'fk_goods_category'
2022-08-17T16:46:31.759+0800	INFO	initialize/db.go:36	数据库初始化成功
2022-08-17T16:46:31.759+0800	INFO	goods_service/main.go:35	服务启动成功 端口 127.0.0.1:8000
2022-08-17T16:47:24.704+0800	INFO	handler/category_brand.go:103	CreateCategoryBrand request:categoryId:136846  brandId:742

2022/08/17 16:47:24 D:/C_Back/Go/Shop_service/goods_service/handler/category_brand.go:106
[195.238ms] [rows:1] SELECT * FROM `category` WHERE `category`.`id` = 136846 AND `category`.`deleted_at` IS NULL ORDER BY `category`.`id` LIMIT 1

2022/08/17 16:47:25 D:/C_Back/Go/Shop_service/goods_service/handler/category_brand.go:112
[169.609ms] [rows:1] SELECT * FROM `brands` WHERE `brands`.`id` = 742 AND `brands`.`deleted_at` IS NULL ORDER BY `brands`.`id` LIMIT 1

2022/08/17 16:47:25 D:/C_Back/Go/Shop_service/goods_service/handler/category_brand.go:121
[329.911ms] [rows:1] INSERT INTO `goodscategorybrand` (`add_time`,`update_time`,`deleted_at`,`is_deleted`,`category_id`,`brands_id`) VALUES ('2022-08-17 16:47:25.138','2022-08-17 16:47:25.138',NULL,false,136846,742)
2022-08-17T16:55:01.107+0800	INFO	handler/category_brand.go:136	DeleteCategoryBrand request:id:25799

2022/08/17 16:55:01 D:/C_Back/Go/Shop_service/goods_service/handler/category_brand.go:138
[310.634ms] [rows:1] UPDATE `goodscategorybrand` SET `deleted_at`='2022-08-17 16:55:01.176' WHERE `goodscategorybrand`.`id` = 25799 AND `goodscategorybrand`.`deleted_at` IS NULL
2022-08-17T16:57:15.058+0800	INFO	handler/category_brand.go:103	CreateCategoryBrand request:categoryId:136846  brandId:742

2022/08/17 16:57:15 D:/C_Back/Go/Shop_service/goods_service/handler/category_brand.go:106
[157.465ms] [rows:1] SELECT * FROM `category` WHERE `category`.`id` = 136846 AND `category`.`deleted_at` IS NULL ORDER BY `category`.`id` LIMIT 1

2022/08/17 16:57:15 D:/C_Back/Go/Shop_service/goods_service/handler/category_brand.go:112
[160.216ms] [rows:1] SELECT * FROM `brands` WHERE `brands`.`id` = 742 AND `brands`.`deleted_at` IS NULL ORDER BY `brands`.`id` LIMIT 1

2022/08/17 16:57:15 D:/C_Back/Go/Shop_service/goods_service/handler/category_brand.go:121 Error 1062: Duplicate entry '136846-742' for key 'goodscategorybrand_category_id_brand_id'
[339.327ms] [rows:0] INSERT INTO `goodscategorybrand` (`add_time`,`update_time`,`deleted_at`,`is_deleted`,`category_id`,`brands_id`) VALUES ('2022-08-17 16:57:15.446','2022-08-17 16:57:15.446',NULL,false,136846,742)
2022-08-17T16:58:17.970+0800	INFO	handler/category_brand.go:103	CreateCategoryBrand request:categoryId:136846  brandId:618

2022/08/17 16:58:18 D:/C_Back/Go/Shop_service/goods_service/handler/category_brand.go:106
[148.820ms] [rows:1] SELECT * FROM `category` WHERE `category`.`id` = 136846 AND `category`.`deleted_at` IS NULL ORDER BY `category`.`id` LIMIT 1

2022/08/17 16:58:18 D:/C_Back/Go/Shop_service/goods_service/handler/category_brand.go:112
[167.101ms] [rows:1] SELECT * FROM `brands` WHERE `brands`.`id` = 618 AND `brands`.`deleted_at` IS NULL ORDER BY `brands`.`id` LIMIT 1

2022/08/17 16:58:18 D:/C_Back/Go/Shop_service/goods_service/handler/category_brand.go:121
[331.148ms] [rows:1] INSERT INTO `goodscategorybrand` (`add_time`,`update_time`,`deleted_at`,`is_deleted`,`category_id`,`brands_id`) VALUES ('2022-08-17 16:58:18.356','2022-08-17 16:58:18.356',NULL,false,136846,618)
2022-08-17T17:05:17.957+0800	INFO	handler/category_brand.go:158	UpdateCategoryBrand request:id:5801  categoryId:136846  brandId:1014

2022/08/17 17:05:18 D:/C_Back/Go/Shop_service/goods_service/handler/category_brand.go:160
[136.681ms] [rows:0] SELECT * FROM `goodscategorybrand` WHERE `goodscategorybrand`.`id` = 5801 AND `goodscategorybrand`.`deleted_at` IS NULL
2022-08-17T17:06:29.040+0800	INFO	handler/category_brand.go:158	UpdateCategoryBrand request:id:5801  categoryId:136846  brandId:1014

2022/08/17 17:06:29 D:/C_Back/Go/Shop_service/goods_service/handler/category_brand.go:160
[142.549ms] [rows:0] SELECT * FROM `goodscategorybrand` WHERE `goodscategorybrand`.`id` = 5801 AND `goodscategorybrand`.`deleted_at` IS NULL
2022-08-17T17:07:52.005+0800	INFO	initialize/logger.go:26	日志初始化成功

2022/08/17 17:07:52 D:/GOMOD/pkg/mod/gorm.io/driver/mysql@v1.3.5/migrator.go:250
[96.968ms] [rows:-] SELECT DATABASE()

2022/08/17 17:07:52 D:/GOMOD/pkg/mod/gorm.io/driver/mysql@v1.3.5/migrator.go:253
[182.549ms] [rows:1] SELECT SCHEMA_NAME from Information_schema.SCHEMATA where SCHEMA_NAME LIKE 'mxshop_goods_service%' ORDER BY SCHEMA_NAME='mxshop_goods_service' DESC,SCHEMA_NAME limit 1

2022/08/17 17:07:52 D:/C_Back/Go/Shop_service/goods_service/initialize/db.go:32
[155.503ms] [rows:-] SELECT count(*) FROM information_schema.tables WHERE table_schema = 'mxshop_goods_service' AND table_name = 'category' AND table_type = 'BASE TABLE'

2022/08/17 17:07:52 D:/GOMOD/pkg/mod/gorm.io/driver/mysql@v1.3.5/migrator.go:250
[72.988ms] [rows:-] SELECT DATABASE()

2022/08/17 17:07:53 D:/GOMOD/pkg/mod/gorm.io/driver/mysql@v1.3.5/migrator.go:253
[176.370ms] [rows:1] SELECT SCHEMA_NAME from Information_schema.SCHEMATA where SCHEMA_NAME LIKE 'mxshop_goods_service%' ORDER BY SCHEMA_NAME='mxshop_goods_service' DESC,SCHEMA_NAME limit 1

2022/08/17 17:07:53 D:/GOMOD/pkg/mod/gorm.io/driver/mysql@v1.3.5/migrator.go:163
[72.631ms] [rows:-] SELECT * FROM `category` LIMIT 1

2022/08/17 17:07:53 D:/GOMOD/pkg/mod/gorm.io/driver/mysql@v1.3.5/migrator.go:181
[188.947ms] [rows:-] SELECT column_name, column_default, is_nullable = 'YES', data_type, character_maximum_length, column_type, column_key, extra, column_comment, numeric_precision, numeric_scale , datetime_precision FROM information_schema.columns WHERE table_schema = 'mxshop_goods_service' AND table_name = 'category' ORDER BY ORDINAL_POSITION

2022/08/17 17:07:53 D:/GOMOD/pkg/mod/gorm.io/driver/mysql@v1.3.5/migrator.go:47
[67.223ms] [rows:0] ALTER TABLE `category` MODIFY COLUMN `is_deleted` boolean

2022/08/17 17:07:53 D:/GOMOD/pkg/mod/gorm.io/driver/mysql@v1.3.5/migrator.go:47
[101.042ms] [rows:0] ALTER TABLE `category` MODIFY COLUMN `is_tab` boolean NOT NULL DEFAULT false

2022/08/17 17:07:53 D:/GOMOD/pkg/mod/gorm.io/driver/mysql@v1.3.5/migrator.go:250
[97.842ms] [rows:-] SELECT DATABASE()

2022/08/17 17:07:53 D:/GOMOD/pkg/mod/gorm.io/driver/mysql@v1.3.5/migrator.go:253
[199.300ms] [rows:1] SELECT SCHEMA_NAME from Information_schema.SCHEMATA where SCHEMA_NAME LIKE 'mxshop_goods_service%' ORDER BY SCHEMA_NAME='mxshop_goods_service' DESC,SCHEMA_NAME limit 1

2022/08/17 17:07:54 D:/C_Back/Go/Shop_service/goods_service/initialize/db.go:32
[138.294ms] [rows:-] SELECT count(*) FROM INFORMATION_SCHEMA.table_constraints WHERE constraint_schema = 'mxshop_goods_service' AND table_name = 'category' AND constraint_name = 'fk_category_sub_category'

2022/08/17 17:07:54 D:/GOMOD/pkg/mod/gorm.io/driver/mysql@v1.3.5/migrator.go:250
[73.763ms] [rows:-] SELECT DATABASE()

2022/08/17 17:07:54 D:/GOMOD/pkg/mod/gorm.io/driver/mysql@v1.3.5/migrator.go:253
[188.870ms] [rows:1] SELECT SCHEMA_NAME from Information_schema.SCHEMATA where SCHEMA_NAME LIKE 'mxshop_goods_service%' ORDER BY SCHEMA_NAME='mxshop_goods_service' DESC,SCHEMA_NAME limit 1

2022/08/17 17:07:54 D:/C_Back/Go/Shop_service/goods_service/initialize/db.go:32
[156.263ms] [rows:-] SELECT count(*) FROM information_schema.tables WHERE table_schema = 'mxshop_goods_service' AND table_name = 'brands' AND table_type = 'BASE TABLE'

2022/08/17 17:07:54 D:/GOMOD/pkg/mod/gorm.io/driver/mysql@v1.3.5/migrator.go:250
[71.314ms] [rows:-] SELECT DATABASE()

2022/08/17 17:07:54 D:/GOMOD/pkg/mod/gorm.io/driver/mysql@v1.3.5/migrator.go:253
[193.784ms] [rows:1] SELECT SCHEMA_NAME from Information_schema.SCHEMATA where SCHEMA_NAME LIKE 'mxshop_goods_service%' ORDER BY SCHEMA_NAME='mxshop_goods_service' DESC,SCHEMA_NAME limit 1

2022/08/17 17:07:54 D:/GOMOD/pkg/mod/gorm.io/driver/mysql@v1.3.5/migrator.go:163
[78.848ms] [rows:-] SELECT * FROM `brands` LIMIT 1

2022/08/17 17:07:54 D:/GOMOD/pkg/mod/gorm.io/driver/mysql@v1.3.5/migrator.go:181
[184.272ms] [rows:-] SELECT column_name, column_default, is_nullable = 'YES', data_type, character_maximum_length, column_type, column_key, extra, column_comment, numeric_precision, numeric_scale , datetime_precision FROM information_schema.columns WHERE table_schema = 'mxshop_goods_service' AND table_name = 'brands' ORDER BY ORDINAL_POSITION

2022/08/17 17:07:55 D:/GOMOD/pkg/mod/gorm.io/driver/mysql@v1.3.5/migrator.go:47
[69.688ms] [rows:0] ALTER TABLE `brands` MODIFY COLUMN `is_deleted` boolean

2022/08/17 17:07:55 D:/GOMOD/pkg/mod/gorm.io/driver/mysql@v1.3.5/migrator.go:47
[98.756ms] [rows:0] ALTER TABLE `brands` MODIFY COLUMN `name` varchar(50) NOT NULL

2022/08/17 17:07:55 D:/GOMOD/pkg/mod/gorm.io/driver/mysql@v1.3.5/migrator.go:250
[90.272ms] [rows:-] SELECT DATABASE()

2022/08/17 17:07:55 D:/GOMOD/pkg/mod/gorm.io/driver/mysql@v1.3.5/migrator.go:253
[179.945ms] [rows:1] SELECT SCHEMA_NAME from Information_schema.SCHEMATA where SCHEMA_NAME LIKE 'mxshop_goods_service%' ORDER BY SCHEMA_NAME='mxshop_goods_service' DESC,SCHEMA_NAME limit 1

2022/08/17 17:07:55 D:/C_Back/Go/Shop_service/goods_service/initialize/db.go:32
[160.577ms] [rows:-] SELECT count(*) FROM information_schema.tables WHERE table_schema = 'mxshop_goods_service' AND table_name = 'goodscategorybrand' AND table_type = 'BASE TABLE'

2022/08/17 17:07:55 D:/GOMOD/pkg/mod/gorm.io/driver/mysql@v1.3.5/migrator.go:250
[69.676ms] [rows:-] SELECT DATABASE()

2022/08/17 17:07:55 D:/GOMOD/pkg/mod/gorm.io/driver/mysql@v1.3.5/migrator.go:253
[137.995ms] [rows:1] SELECT SCHEMA_NAME from Information_schema.SCHEMATA where SCHEMA_NAME LIKE 'mxshop_goods_service%' ORDER BY SCHEMA_NAME='mxshop_goods_service' DESC,SCHEMA_NAME limit 1

2022/08/17 17:07:55 D:/GOMOD/pkg/mod/gorm.io/driver/mysql@v1.3.5/migrator.go:163
[70.227ms] [rows:-] SELECT * FROM `goodscategorybrand` LIMIT 1

2022/08/17 17:07:56 D:/GOMOD/pkg/mod/gorm.io/driver/mysql@v1.3.5/migrator.go:181
[179.025ms] [rows:-] SELECT column_name, column_default, is_nullable = 'YES', data_type, character_maximum_length, column_type, column_key, extra, column_comment, numeric_precision, numeric_scale , datetime_precision FROM information_schema.columns WHERE table_schema = 'mxshop_goods_service' AND table_name = 'goodscategorybrand' ORDER BY ORDINAL_POSITION

2022/08/17 17:07:56 D:/GOMOD/pkg/mod/gorm.io/driver/mysql@v1.3.5/migrator.go:47
[71.654ms] [rows:0] ALTER TABLE `goodscategorybrand` MODIFY COLUMN `is_deleted` boolean

2022/08/17 17:07:56 D:/GOMOD/pkg/mod/gorm.io/driver/mysql@v1.3.5/migrator.go:250
[85.646ms] [rows:-] SELECT DATABASE()

2022/08/17 17:07:56 D:/GOMOD/pkg/mod/gorm.io/driver/mysql@v1.3.5/migrator.go:253
[180.882ms] [rows:1] SELECT SCHEMA_NAME from Information_schema.SCHEMATA where SCHEMA_NAME LIKE 'mxshop_goods_service%' ORDER BY SCHEMA_NAME='mxshop_goods_service' DESC,SCHEMA_NAME limit 1

2022/08/17 17:07:56 D:/C_Back/Go/Shop_service/goods_service/initialize/db.go:32
[128.122ms] [rows:-] SELECT count(*) FROM INFORMATION_SCHEMA.table_constraints WHERE constraint_schema = 'mxshop_goods_service' AND table_name = 'goodscategorybrand' AND constraint_name = 'fk_goodscategorybrand_category'

2022/08/17 17:07:56 D:/GOMOD/pkg/mod/gorm.io/driver/mysql@v1.3.5/migrator.go:250
[70.094ms] [rows:-] SELECT DATABASE()

2022/08/17 17:07:56 D:/GOMOD/pkg/mod/gorm.io/driver/mysql@v1.3.5/migrator.go:253
[188.970ms] [rows:1] SELECT SCHEMA_NAME from Information_schema.SCHEMATA where SCHEMA_NAME LIKE 'mxshop_goods_service%' ORDER BY SCHEMA_NAME='mxshop_goods_service' DESC,SCHEMA_NAME limit 1

2022/08/17 17:07:56 D:/C_Back/Go/Shop_service/goods_service/initialize/db.go:32
[162.572ms] [rows:-] SELECT count(*) FROM INFORMATION_SCHEMA.table_constraints WHERE constraint_schema = 'mxshop_goods_service' AND table_name = 'goodscategorybrand' AND constraint_name = 'fk_goodscategorybrand_brands'

2022/08/17 17:07:57 D:/GOMOD/pkg/mod/gorm.io/driver/mysql@v1.3.5/migrator.go:250
[66.700ms] [rows:-] SELECT DATABASE()

2022/08/17 17:07:57 D:/GOMOD/pkg/mod/gorm.io/driver/mysql@v1.3.5/migrator.go:253
[141.605ms] [rows:1] SELECT SCHEMA_NAME from Information_schema.SCHEMATA where SCHEMA_NAME LIKE 'mxshop_goods_service%' ORDER BY SCHEMA_NAME='mxshop_goods_service' DESC,SCHEMA_NAME limit 1

2022/08/17 17:07:57 D:/C_Back/Go/Shop_service/goods_service/initialize/db.go:32
[157.355ms] [rows:-] SELECT count(*) FROM information_schema.statistics WHERE table_schema = 'mxshop_goods_service' AND table_name = 'goodscategorybrand' AND index_name = 'idx_category_brand'

2022/08/17 17:07:57 D:/GOMOD/pkg/mod/gorm.io/driver/mysql@v1.3.5/migrator.go:250
[89.558ms] [rows:-] SELECT DATABASE()

2022/08/17 17:07:57 D:/GOMOD/pkg/mod/gorm.io/driver/mysql@v1.3.5/migrator.go:253
[180.204ms] [rows:1] SELECT SCHEMA_NAME from Information_schema.SCHEMATA where SCHEMA_NAME LIKE 'mxshop_goods_service%' ORDER BY SCHEMA_NAME='mxshop_goods_service' DESC,SCHEMA_NAME limit 1

2022/08/17 17:07:57 D:/C_Back/Go/Shop_service/goods_service/initialize/db.go:32
[149.598ms] [rows:-] SELECT count(*) FROM information_schema.tables WHERE table_schema = 'mxshop_goods_service' AND table_name = 'banner' AND table_type = 'BASE TABLE'

2022/08/17 17:07:57 D:/GOMOD/pkg/mod/gorm.io/driver/mysql@v1.3.5/migrator.go:250
[69.543ms] [rows:-] SELECT DATABASE()

2022/08/17 17:07:57 D:/GOMOD/pkg/mod/gorm.io/driver/mysql@v1.3.5/migrator.go:253
[181.580ms] [rows:1] SELECT SCHEMA_NAME from Information_schema.SCHEMATA where SCHEMA_NAME LIKE 'mxshop_goods_service%' ORDER BY SCHEMA_NAME='mxshop_goods_service' DESC,SCHEMA_NAME limit 1

2022/08/17 17:07:58 D:/GOMOD/pkg/mod/gorm.io/driver/mysql@v1.3.5/migrator.go:163
[67.954ms] [rows:-] SELECT * FROM `banner` LIMIT 1

2022/08/17 17:07:58 D:/GOMOD/pkg/mod/gorm.io/driver/mysql@v1.3.5/migrator.go:181
[180.005ms] [rows:-] SELECT column_name, column_default, is_nullable = 'YES', data_type, character_maximum_length, column_type, column_key, extra, column_comment, numeric_precision, numeric_scale , datetime_precision FROM information_schema.columns WHERE table_schema = 'mxshop_goods_service' AND table_name = 'banner' ORDER BY ORDINAL_POSITION

2022/08/17 17:07:58 D:/GOMOD/pkg/mod/gorm.io/driver/mysql@v1.3.5/migrator.go:47
[69.115ms] [rows:0] ALTER TABLE `banner` MODIFY COLUMN `is_deleted` boolean

2022/08/17 17:07:58 D:/GOMOD/pkg/mod/gorm.io/driver/mysql@v1.3.5/migrator.go:250
[88.913ms] [rows:-] SELECT DATABASE()

2022/08/17 17:07:58 D:/GOMOD/pkg/mod/gorm.io/driver/mysql@v1.3.5/migrator.go:253
[179.752ms] [rows:1] SELECT SCHEMA_NAME from Information_schema.SCHEMATA where SCHEMA_NAME LIKE 'mxshop_goods_service%' ORDER BY SCHEMA_NAME='mxshop_goods_service' DESC,SCHEMA_NAME limit 1

2022/08/17 17:07:58 D:/C_Back/Go/Shop_service/goods_service/initialize/db.go:32
[160.111ms] [rows:-] SELECT count(*) FROM information_schema.tables WHERE table_schema = 'mxshop_goods_service' AND table_name = 'goods' AND table_type = 'BASE TABLE'

2022/08/17 17:07:58 D:/GOMOD/pkg/mod/gorm.io/driver/mysql@v1.3.5/migrator.go:250
[70.537ms] [rows:-] SELECT DATABASE()

2022/08/17 17:07:58 D:/GOMOD/pkg/mod/gorm.io/driver/mysql@v1.3.5/migrator.go:253
[179.042ms] [rows:1] SELECT SCHEMA_NAME from Information_schema.SCHEMATA where SCHEMA_NAME LIKE 'mxshop_goods_service%' ORDER BY SCHEMA_NAME='mxshop_goods_service' DESC,SCHEMA_NAME limit 1

2022/08/17 17:07:59 D:/GOMOD/pkg/mod/gorm.io/driver/mysql@v1.3.5/migrator.go:163
[76.030ms] [rows:-] SELECT * FROM `goods` LIMIT 1

2022/08/17 17:07:59 D:/GOMOD/pkg/mod/gorm.io/driver/mysql@v1.3.5/migrator.go:181
[193.549ms] [rows:-] SELECT column_name, column_default, is_nullable = 'YES', data_type, character_maximum_length, column_type, column_key, extra, column_comment, numeric_precision, numeric_scale , datetime_precision FROM information_schema.columns WHERE table_schema = 'mxshop_goods_service' AND table_name = 'goods' ORDER BY ORDINAL_POSITION

2022/08/17 17:07:59 D:/GOMOD/pkg/mod/gorm.io/driver/mysql@v1.3.5/migrator.go:47
[71.533ms] [rows:0] ALTER TABLE `goods` MODIFY COLUMN `is_deleted` boolean

2022/08/17 17:07:59 D:/GOMOD/pkg/mod/gorm.io/driver/mysql@v1.3.5/migrator.go:47
[97.263ms] [rows:0] ALTER TABLE `goods` MODIFY COLUMN `on_sale` boolean NOT NULL DEFAULT false

2022/08/17 17:07:59 D:/GOMOD/pkg/mod/gorm.io/driver/mysql@v1.3.5/migrator.go:47
[99.438ms] [rows:0] ALTER TABLE `goods` MODIFY COLUMN `ship_free` boolean NOT NULL DEFAULT false

2022/08/17 17:07:59 D:/GOMOD/pkg/mod/gorm.io/driver/mysql@v1.3.5/migrator.go:47
[99.676ms] [rows:0] ALTER TABLE `goods` MODIFY COLUMN `is_new` boolean NOT NULL DEFAULT false

2022/08/17 17:07:59 D:/GOMOD/pkg/mod/gorm.io/driver/mysql@v1.3.5/migrator.go:47
[99.947ms] [rows:0] ALTER TABLE `goods` MODIFY COLUMN `is_hot` boolean NOT NULL DEFAULT false

2022/08/17 17:07:59 D:/GOMOD/pkg/mod/gorm.io/driver/mysql@v1.3.5/migrator.go:250
[89.392ms] [rows:-] SELECT DATABASE()

2022/08/17 17:07:59 D:/GOMOD/pkg/mod/gorm.io/driver/mysql@v1.3.5/migrator.go:253
[179.908ms] [rows:1] SELECT SCHEMA_NAME from Information_schema.SCHEMATA where SCHEMA_NAME LIKE 'mxshop_goods_service%' ORDER BY SCHEMA_NAME='mxshop_goods_service' DESC,SCHEMA_NAME limit 1

2022/08/17 17:08:00 D:/C_Back/Go/Shop_service/goods_service/initialize/db.go:32
[160.192ms] [rows:-] SELECT count(*) FROM INFORMATION_SCHEMA.table_constraints WHERE constraint_schema = 'mxshop_goods_service' AND table_name = 'goods' AND constraint_name = 'fk_goods_category'

2022/08/17 17:08:00 D:/GOMOD/pkg/mod/gorm.io/driver/mysql@v1.3.5/migrator.go:250
[69.509ms] [rows:-] SELECT DATABASE()

2022/08/17 17:08:00 D:/GOMOD/pkg/mod/gorm.io/driver/mysql@v1.3.5/migrator.go:253
[185.952ms] [rows:1] SELECT SCHEMA_NAME from Information_schema.SCHEMATA where SCHEMA_NAME LIKE 'mxshop_goods_service%' ORDER BY SCHEMA_NAME='mxshop_goods_service' DESC,SCHEMA_NAME limit 1

2022/08/17 17:08:00 D:/C_Back/Go/Shop_service/goods_service/initialize/db.go:32
[163.629ms] [rows:-] SELECT count(*) FROM INFORMATION_SCHEMA.table_constraints WHERE constraint_schema = 'mxshop_goods_service' AND table_name = 'goods' AND constraint_name = 'fk_goods_brands'
2022-08-17T17:08:00.564+0800	INFO	initialize/db.go:36	数据库初始化成功
2022-08-17T17:08:00.564+0800	INFO	goods_service/main.go:35	服务启动成功 端口 127.0.0.1:8000
2022-08-17T17:08:06.895+0800	INFO	initialize/logger.go:26	日志初始化成功

2022/08/17 17:08:07 D:/GOMOD/pkg/mod/gorm.io/driver/mysql@v1.3.5/migrator.go:250
[57.789ms] [rows:-] SELECT DATABASE()

2022/08/17 17:08:07 D:/GOMOD/pkg/mod/gorm.io/driver/mysql@v1.3.5/migrator.go:253
[179.773ms] [rows:1] SELECT SCHEMA_NAME from Information_schema.SCHEMATA where SCHEMA_NAME LIKE 'mxshop_goods_service%' ORDER BY SCHEMA_NAME='mxshop_goods_service' DESC,SCHEMA_NAME limit 1

2022/08/17 17:08:07 D:/C_Back/Go/Shop_service/goods_service/initialize/db.go:32
[159.366ms] [rows:-] SELECT count(*) FROM information_schema.tables WHERE table_schema = 'mxshop_goods_service' AND table_name = 'category' AND table_type = 'BASE TABLE'

2022/08/17 17:08:07 D:/GOMOD/pkg/mod/gorm.io/driver/mysql@v1.3.5/migrator.go:250
[70.454ms] [rows:-] SELECT DATABASE()

2022/08/17 17:08:08 D:/GOMOD/pkg/mod/gorm.io/driver/mysql@v1.3.5/migrator.go:253
[179.250ms] [rows:1] SELECT SCHEMA_NAME from Information_schema.SCHEMATA where SCHEMA_NAME LIKE 'mxshop_goods_service%' ORDER BY SCHEMA_NAME='mxshop_goods_service' DESC,SCHEMA_NAME limit 1

2022/08/17 17:08:08 D:/GOMOD/pkg/mod/gorm.io/driver/mysql@v1.3.5/migrator.go:163
[69.800ms] [rows:-] SELECT * FROM `category` LIMIT 1

2022/08/17 17:08:08 D:/GOMOD/pkg/mod/gorm.io/driver/mysql@v1.3.5/migrator.go:181
[199.739ms] [rows:-] SELECT column_name, column_default, is_nullable = 'YES', data_type, character_maximum_length, column_type, column_key, extra, column_comment, numeric_precision, numeric_scale , datetime_precision FROM information_schema.columns WHERE table_schema = 'mxshop_goods_service' AND table_name = 'category' ORDER BY ORDINAL_POSITION

2022/08/17 17:08:08 D:/GOMOD/pkg/mod/gorm.io/driver/mysql@v1.3.5/migrator.go:47
[69.823ms] [rows:0] ALTER TABLE `category` MODIFY COLUMN `is_deleted` boolean

2022/08/17 17:08:08 D:/GOMOD/pkg/mod/gorm.io/driver/mysql@v1.3.5/migrator.go:47
[98.395ms] [rows:0] ALTER TABLE `category` MODIFY COLUMN `is_tab` boolean NOT NULL DEFAULT false

2022/08/17 17:08:08 D:/GOMOD/pkg/mod/gorm.io/driver/mysql@v1.3.5/migrator.go:250
[90.007ms] [rows:-] SELECT DATABASE()

2022/08/17 17:08:08 D:/GOMOD/pkg/mod/gorm.io/driver/mysql@v1.3.5/migrator.go:253
[179.628ms] [rows:1] SELECT SCHEMA_NAME from Information_schema.SCHEMATA where SCHEMA_NAME LIKE 'mxshop_goods_service%' ORDER BY SCHEMA_NAME='mxshop_goods_service' DESC,SCHEMA_NAME limit 1

2022/08/17 17:08:08 D:/C_Back/Go/Shop_service/goods_service/initialize/db.go:32
[158.880ms] [rows:-] SELECT count(*) FROM INFORMATION_SCHEMA.table_constraints WHERE constraint_schema = 'mxshop_goods_service' AND table_name = 'category' AND constraint_name = 'fk_category_sub_category'

2022/08/17 17:08:08 D:/GOMOD/pkg/mod/gorm.io/driver/mysql@v1.3.5/migrator.go:250
[69.051ms] [rows:-] SELECT DATABASE()

2022/08/17 17:08:09 D:/GOMOD/pkg/mod/gorm.io/driver/mysql@v1.3.5/migrator.go:253
[179.946ms] [rows:1] SELECT SCHEMA_NAME from Information_schema.SCHEMATA where SCHEMA_NAME LIKE 'mxshop_goods_service%' ORDER BY SCHEMA_NAME='mxshop_goods_service' DESC,SCHEMA_NAME limit 1

2022/08/17 17:08:09 D:/C_Back/Go/Shop_service/goods_service/initialize/db.go:32
[159.386ms] [rows:-] SELECT count(*) FROM information_schema.tables WHERE table_schema = 'mxshop_goods_service' AND table_name = 'brands' AND table_type = 'BASE TABLE'

2022/08/17 17:08:09 D:/GOMOD/pkg/mod/gorm.io/driver/mysql@v1.3.5/migrator.go:250
[70.162ms] [rows:-] SELECT DATABASE()

2022/08/17 17:08:09 D:/GOMOD/pkg/mod/gorm.io/driver/mysql@v1.3.5/migrator.go:253
[178.521ms] [rows:1] SELECT SCHEMA_NAME from Information_schema.SCHEMATA where SCHEMA_NAME LIKE 'mxshop_goods_service%' ORDER BY SCHEMA_NAME='mxshop_goods_service' DESC,SCHEMA_NAME limit 1

2022/08/17 17:08:09 D:/GOMOD/pkg/mod/gorm.io/driver/mysql@v1.3.5/migrator.go:163
[73.329ms] [rows:-] SELECT * FROM `brands` LIMIT 1

2022/08/17 17:08:09 D:/GOMOD/pkg/mod/gorm.io/driver/mysql@v1.3.5/migrator.go:181
[177.303ms] [rows:-] SELECT column_name, column_default, is_nullable = 'YES', data_type, character_maximum_length, column_type, column_key, extra, column_comment, numeric_precision, numeric_scale , datetime_precision FROM information_schema.columns WHERE table_schema = 'mxshop_goods_service' AND table_name = 'brands' ORDER BY ORDINAL_POSITION

2022/08/17 17:08:09 D:/GOMOD/pkg/mod/gorm.io/driver/mysql@v1.3.5/migrator.go:47
[71.120ms] [rows:0] ALTER TABLE `brands` MODIFY COLUMN `is_deleted` boolean

2022/08/17 17:08:09 D:/GOMOD/pkg/mod/gorm.io/driver/mysql@v1.3.5/migrator.go:47
[97.210ms] [rows:0] ALTER TABLE `brands` MODIFY COLUMN `name` varchar(50) NOT NULL

2022/08/17 17:08:10 D:/GOMOD/pkg/mod/gorm.io/driver/mysql@v1.3.5/migrator.go:250
[89.361ms] [rows:-] SELECT DATABASE()

2022/08/17 17:08:10 D:/GOMOD/pkg/mod/gorm.io/driver/mysql@v1.3.5/migrator.go:253
[200.690ms] [rows:1] SELECT SCHEMA_NAME from Information_schema.SCHEMATA where SCHEMA_NAME LIKE 'mxshop_goods_service%' ORDER BY SCHEMA_NAME='mxshop_goods_service' DESC,SCHEMA_NAME limit 1

2022/08/17 17:08:10 D:/C_Back/Go/Shop_service/goods_service/initialize/db.go:32
[159.958ms] [rows:-] SELECT count(*) FROM information_schema.tables WHERE table_schema = 'mxshop_goods_service' AND table_name = 'goodscategorybrand' AND table_type = 'BASE TABLE'

2022/08/17 17:08:10 D:/GOMOD/pkg/mod/gorm.io/driver/mysql@v1.3.5/migrator.go:250
[74.017ms] [rows:-] SELECT DATABASE()

2022/08/17 17:08:10 D:/GOMOD/pkg/mod/gorm.io/driver/mysql@v1.3.5/migrator.go:253
[175.229ms] [rows:1] SELECT SCHEMA_NAME from Information_schema.SCHEMATA where SCHEMA_NAME LIKE 'mxshop_goods_service%' ORDER BY SCHEMA_NAME='mxshop_goods_service' DESC,SCHEMA_NAME limit 1

2022/08/17 17:08:10 D:/GOMOD/pkg/mod/gorm.io/driver/mysql@v1.3.5/migrator.go:163
[69.020ms] [rows:-] SELECT * FROM `goodscategorybrand` LIMIT 1

2022/08/17 17:08:10 D:/GOMOD/pkg/mod/gorm.io/driver/mysql@v1.3.5/migrator.go:181
[179.446ms] [rows:-] SELECT column_name, column_default, is_nullable = 'YES', data_type, character_maximum_length, column_type, column_key, extra, column_comment, numeric_precision, numeric_scale , datetime_precision FROM information_schema.columns WHERE table_schema = 'mxshop_goods_service' AND table_name = 'goodscategorybrand' ORDER BY ORDINAL_POSITION

2022/08/17 17:08:10 D:/GOMOD/pkg/mod/gorm.io/driver/mysql@v1.3.5/migrator.go:47
[69.262ms] [rows:0] ALTER TABLE `goodscategorybrand` MODIFY COLUMN `is_deleted` boolean

2022/08/17 17:08:11 D:/GOMOD/pkg/mod/gorm.io/driver/mysql@v1.3.5/migrator.go:250
[90.817ms] [rows:-] SELECT DATABASE()

2022/08/17 17:08:11 D:/GOMOD/pkg/mod/gorm.io/driver/mysql@v1.3.5/migrator.go:253
[178.810ms] [rows:1] SELECT SCHEMA_NAME from Information_schema.SCHEMATA where SCHEMA_NAME LIKE 'mxshop_goods_service%' ORDER BY SCHEMA_NAME='mxshop_goods_service' DESC,SCHEMA_NAME limit 1

2022/08/17 17:08:11 D:/C_Back/Go/Shop_service/goods_service/initialize/db.go:32
[158.586ms] [rows:-] SELECT count(*) FROM INFORMATION_SCHEMA.table_constraints WHERE constraint_schema = 'mxshop_goods_service' AND table_name = 'goodscategorybrand' AND constraint_name = 'fk_goodscategorybrand_category'

2022/08/17 17:08:11 D:/GOMOD/pkg/mod/gorm.io/driver/mysql@v1.3.5/migrator.go:250
[69.420ms] [rows:-] SELECT DATABASE()

2022/08/17 17:08:11 D:/GOMOD/pkg/mod/gorm.io/driver/mysql@v1.3.5/migrator.go:253
[180.068ms] [rows:1] SELECT SCHEMA_NAME from Information_schema.SCHEMATA where SCHEMA_NAME LIKE 'mxshop_goods_service%' ORDER BY SCHEMA_NAME='mxshop_goods_service' DESC,SCHEMA_NAME limit 1

2022/08/17 17:08:11 D:/C_Back/Go/Shop_service/goods_service/initialize/db.go:32
[158.419ms] [rows:-] SELECT count(*) FROM INFORMATION_SCHEMA.table_constraints WHERE constraint_schema = 'mxshop_goods_service' AND table_name = 'goodscategorybrand' AND constraint_name = 'fk_goodscategorybrand_brands'

2022/08/17 17:08:11 D:/GOMOD/pkg/mod/gorm.io/driver/mysql@v1.3.5/migrator.go:250
[68.965ms] [rows:-] SELECT DATABASE()

2022/08/17 17:08:12 D:/GOMOD/pkg/mod/gorm.io/driver/mysql@v1.3.5/migrator.go:253
[180.129ms] [rows:1] SELECT SCHEMA_NAME from Information_schema.SCHEMATA where SCHEMA_NAME LIKE 'mxshop_goods_service%' ORDER BY SCHEMA_NAME='mxshop_goods_service' DESC,SCHEMA_NAME limit 1

2022/08/17 17:08:12 D:/C_Back/Go/Shop_service/goods_service/initialize/db.go:32
[159.324ms] [rows:-] SELECT count(*) FROM information_schema.statistics WHERE table_schema = 'mxshop_goods_service' AND table_name = 'goodscategorybrand' AND index_name = 'idx_category_brand'

2022/08/17 17:08:12 D:/GOMOD/pkg/mod/gorm.io/driver/mysql@v1.3.5/migrator.go:250
[69.754ms] [rows:-] SELECT DATABASE()

2022/08/17 17:08:12 D:/GOMOD/pkg/mod/gorm.io/driver/mysql@v1.3.5/migrator.go:253
[179.966ms] [rows:1] SELECT SCHEMA_NAME from Information_schema.SCHEMATA where SCHEMA_NAME LIKE 'mxshop_goods_service%' ORDER BY SCHEMA_NAME='mxshop_goods_service' DESC,SCHEMA_NAME limit 1

2022/08/17 17:08:12 D:/C_Back/Go/Shop_service/goods_service/initialize/db.go:32
[158.860ms] [rows:-] SELECT count(*) FROM information_schema.tables WHERE table_schema = 'mxshop_goods_service' AND table_name = 'banner' AND table_type = 'BASE TABLE'

2022/08/17 17:08:12 D:/GOMOD/pkg/mod/gorm.io/driver/mysql@v1.3.5/migrator.go:250
[69.098ms] [rows:-] SELECT DATABASE()

2022/08/17 17:08:12 D:/GOMOD/pkg/mod/gorm.io/driver/mysql@v1.3.5/migrator.go:253
[181.055ms] [rows:1] SELECT SCHEMA_NAME from Information_schema.SCHEMATA where SCHEMA_NAME LIKE 'mxshop_goods_service%' ORDER BY SCHEMA_NAME='mxshop_goods_service' DESC,SCHEMA_NAME limit 1

2022/08/17 17:08:12 D:/GOMOD/pkg/mod/gorm.io/driver/mysql@v1.3.5/migrator.go:163
[72.042ms] [rows:-] SELECT * FROM `banner` LIMIT 1

2022/08/17 17:08:13 D:/GOMOD/pkg/mod/gorm.io/driver/mysql@v1.3.5/migrator.go:181
[198.700ms] [rows:-] SELECT column_name, column_default, is_nullable = 'YES', data_type, character_maximum_length, column_type, column_key, extra, column_comment, numeric_precision, numeric_scale , datetime_precision FROM information_schema.columns WHERE table_schema = 'mxshop_goods_service' AND table_name = 'banner' ORDER BY ORDINAL_POSITION

2022/08/17 17:08:13 D:/GOMOD/pkg/mod/gorm.io/driver/mysql@v1.3.5/migrator.go:47
[86.890ms] [rows:0] ALTER TABLE `banner` MODIFY COLUMN `is_deleted` boolean

2022/08/17 17:08:13 D:/GOMOD/pkg/mod/gorm.io/driver/mysql@v1.3.5/migrator.go:250
[90.342ms] [rows:-] SELECT DATABASE()

2022/08/17 17:08:13 D:/GOMOD/pkg/mod/gorm.io/driver/mysql@v1.3.5/migrator.go:253
[180.439ms] [rows:1] SELECT SCHEMA_NAME from Information_schema.SCHEMATA where SCHEMA_NAME LIKE 'mxshop_goods_service%' ORDER BY SCHEMA_NAME='mxshop_goods_service' DESC,SCHEMA_NAME limit 1

2022/08/17 17:08:13 D:/C_Back/Go/Shop_service/goods_service/initialize/db.go:32
[159.596ms] [rows:-] SELECT count(*) FROM information_schema.tables WHERE table_schema = 'mxshop_goods_service' AND table_name = 'goods' AND table_type = 'BASE TABLE'

2022/08/17 17:08:13 D:/GOMOD/pkg/mod/gorm.io/driver/mysql@v1.3.5/migrator.go:250
[69.175ms] [rows:-] SELECT DATABASE()

2022/08/17 17:08:13 D:/GOMOD/pkg/mod/gorm.io/driver/mysql@v1.3.5/migrator.go:253
[181.322ms] [rows:1] SELECT SCHEMA_NAME from Information_schema.SCHEMATA where SCHEMA_NAME LIKE 'mxshop_goods_service%' ORDER BY SCHEMA_NAME='mxshop_goods_service' DESC,SCHEMA_NAME limit 1

2022/08/17 17:08:14 D:/GOMOD/pkg/mod/gorm.io/driver/mysql@v1.3.5/migrator.go:163
[67.371ms] [rows:-] SELECT * FROM `goods` LIMIT 1

2022/08/17 17:08:14 D:/GOMOD/pkg/mod/gorm.io/driver/mysql@v1.3.5/migrator.go:181
[191.219ms] [rows:-] SELECT column_name, column_default, is_nullable = 'YES', data_type, character_maximum_length, column_type, column_key, extra, column_comment, numeric_precision, numeric_scale , datetime_precision FROM information_schema.columns WHERE table_schema = 'mxshop_goods_service' AND table_name = 'goods' ORDER BY ORDINAL_POSITION

2022/08/17 17:08:14 D:/GOMOD/pkg/mod/gorm.io/driver/mysql@v1.3.5/migrator.go:47
[67.000ms] [rows:0] ALTER TABLE `goods` MODIFY COLUMN `is_deleted` boolean

2022/08/17 17:08:14 D:/GOMOD/pkg/mod/gorm.io/driver/mysql@v1.3.5/migrator.go:47
[107.184ms] [rows:0] ALTER TABLE `goods` MODIFY COLUMN `on_sale` boolean NOT NULL DEFAULT false

2022/08/17 17:08:14 D:/GOMOD/pkg/mod/gorm.io/driver/mysql@v1.3.5/migrator.go:47
[101.385ms] [rows:0] ALTER TABLE `goods` MODIFY COLUMN `ship_free` boolean NOT NULL DEFAULT false

2022/08/17 17:08:14 D:/GOMOD/pkg/mod/gorm.io/driver/mysql@v1.3.5/migrator.go:47
[99.010ms] [rows:0] ALTER TABLE `goods` MODIFY COLUMN `is_new` boolean NOT NULL DEFAULT false

2022/08/17 17:08:14 D:/GOMOD/pkg/mod/gorm.io/driver/mysql@v1.3.5/migrator.go:47
[101.658ms] [rows:0] ALTER TABLE `goods` MODIFY COLUMN `is_hot` boolean NOT NULL DEFAULT false

2022/08/17 17:08:14 D:/GOMOD/pkg/mod/gorm.io/driver/mysql@v1.3.5/migrator.go:250
[89.510ms] [rows:-] SELECT DATABASE()

2022/08/17 17:08:14 D:/GOMOD/pkg/mod/gorm.io/driver/mysql@v1.3.5/migrator.go:253
[177.311ms] [rows:1] SELECT SCHEMA_NAME from Information_schema.SCHEMATA where SCHEMA_NAME LIKE 'mxshop_goods_service%' ORDER BY SCHEMA_NAME='mxshop_goods_service' DESC,SCHEMA_NAME limit 1

2022/08/17 17:08:15 D:/C_Back/Go/Shop_service/goods_service/initialize/db.go:32
[160.410ms] [rows:-] SELECT count(*) FROM INFORMATION_SCHEMA.table_constraints WHERE constraint_schema = 'mxshop_goods_service' AND table_name = 'goods' AND constraint_name = 'fk_goods_category'

2022/08/17 17:08:15 D:/GOMOD/pkg/mod/gorm.io/driver/mysql@v1.3.5/migrator.go:250
[68.775ms] [rows:-] SELECT DATABASE()

2022/08/17 17:08:15 D:/GOMOD/pkg/mod/gorm.io/driver/mysql@v1.3.5/migrator.go:253
[179.561ms] [rows:1] SELECT SCHEMA_NAME from Information_schema.SCHEMATA where SCHEMA_NAME LIKE 'mxshop_goods_service%' ORDER BY SCHEMA_NAME='mxshop_goods_service' DESC,SCHEMA_NAME limit 1

2022/08/17 17:08:15 D:/C_Back/Go/Shop_service/goods_service/initialize/db.go:32
[173.511ms] [rows:-] SELECT count(*) FROM INFORMATION_SCHEMA.table_constraints WHERE constraint_schema = 'mxshop_goods_service' AND table_name = 'goods' AND constraint_name = 'fk_goods_brands'
2022-08-17T17:08:15.528+0800	INFO	initialize/db.go:36	数据库初始化成功
2022-08-17T17:08:15.528+0800	INFO	goods_service/main.go:35	服务启动成功 端口 127.0.0.1:8000
2022-08-17T17:08:57.123+0800	INFO	handler/category_brand.go:158	UpdateCategoryBrand request:id:5801  categoryId:136846  brandId:1014

2022/08/17 17:08:57 D:/C_Back/Go/Shop_service/goods_service/handler/category_brand.go:160 record not found
[140.771ms] [rows:0] SELECT * FROM `goodscategorybrand` WHERE `goodscategorybrand`.`id` = 5801 AND `goodscategorybrand`.`deleted_at` IS NULL ORDER BY `goodscategorybrand`.`id` LIMIT 1
2022-08-17T17:11:28.188+0800	INFO	handler/category_brand.go:103	CreateCategoryBrand request:categoryId:136846  brandId:922

2022/08/17 17:11:28 D:/C_Back/Go/Shop_service/goods_service/handler/category_brand.go:106
[134.575ms] [rows:1] SELECT * FROM `category` WHERE `category`.`id` = 136846 AND `category`.`deleted_at` IS NULL ORDER BY `category`.`id` LIMIT 1

2022/08/17 17:11:28 D:/C_Back/Go/Shop_service/goods_service/handler/category_brand.go:112
[159.012ms] [rows:1] SELECT * FROM `brands` WHERE `brands`.`id` = 922 AND `brands`.`deleted_at` IS NULL ORDER BY `brands`.`id` LIMIT 1

2022/08/17 17:11:28 D:/C_Back/Go/Shop_service/goods_service/handler/category_brand.go:121 Error 1062: Duplicate entry '136846-922' for key 'goodscategorybrand_category_id_brand_id'
[302.250ms] [rows:0] INSERT INTO `goodscategorybrand` (`add_time`,`update_time`,`deleted_at`,`is_deleted`,`category_id`,`brands_id`) VALUES ('2022-08-17 17:11:28.554','2022-08-17 17:11:28.554',NULL,false,136846,922)
2022-08-17T17:11:54.347+0800	INFO	handler/category_brand.go:103	CreateCategoryBrand request:categoryId:136846  brandId:900

2022/08/17 17:11:54 D:/C_Back/Go/Shop_service/goods_service/handler/category_brand.go:106
[146.277ms] [rows:1] SELECT * FROM `category` WHERE `category`.`id` = 136846 AND `category`.`deleted_at` IS NULL ORDER BY `category`.`id` LIMIT 1

2022/08/17 17:11:54 D:/C_Back/Go/Shop_service/goods_service/handler/category_brand.go:112
[159.290ms] [rows:1] SELECT * FROM `brands` WHERE `brands`.`id` = 900 AND `brands`.`deleted_at` IS NULL ORDER BY `brands`.`id` LIMIT 1

2022/08/17 17:11:54 D:/C_Back/Go/Shop_service/goods_service/handler/category_brand.go:121 Error 1062: Duplicate entry '136846-900' for key 'goodscategorybrand_category_id_brand_id'
[320.084ms] [rows:0] INSERT INTO `goodscategorybrand` (`add_time`,`update_time`,`deleted_at`,`is_deleted`,`category_id`,`brands_id`) VALUES ('2022-08-17 17:11:54.725','2022-08-17 17:11:54.725',NULL,false,136846,900)
2022-08-17T17:12:34.479+0800	INFO	handler/category_brand.go:103	CreateCategoryBrand request:categoryId:136846  brandId:700

2022/08/17 17:12:34 D:/C_Back/Go/Shop_service/goods_service/handler/category_brand.go:106
[133.388ms] [rows:1] SELECT * FROM `category` WHERE `category`.`id` = 136846 AND `category`.`deleted_at` IS NULL ORDER BY `category`.`id` LIMIT 1

2022/08/17 17:12:34 D:/C_Back/Go/Shop_service/goods_service/handler/category_brand.go:112
[159.440ms] [rows:1] SELECT * FROM `brands` WHERE `brands`.`id` = 700 AND `brands`.`deleted_at` IS NULL ORDER BY `brands`.`id` LIMIT 1

2022/08/17 17:12:35 D:/C_Back/Go/Shop_service/goods_service/handler/category_brand.go:121
[362.058ms] [rows:1] INSERT INTO `goodscategorybrand` (`add_time`,`update_time`,`deleted_at`,`is_deleted`,`category_id`,`brands_id`) VALUES ('2022-08-17 17:12:34.843','2022-08-17 17:12:34.843',NULL,false,136846,700)
2022-08-17T17:13:03.131+0800	INFO	handler/category_brand.go:158	UpdateCategoryBrand request:id:25804  categoryId:136846  brandId:1014

2022/08/17 17:13:03 D:/C_Back/Go/Shop_service/goods_service/handler/category_brand.go:160
[142.263ms] [rows:1] SELECT * FROM `goodscategorybrand` WHERE `goodscategorybrand`.`id` = 25804 AND `goodscategorybrand`.`deleted_at` IS NULL ORDER BY `goodscategorybrand`.`id` LIMIT 1

2022/08/17 17:13:03 D:/C_Back/Go/Shop_service/goods_service/handler/category_brand.go:166
[159.625ms] [rows:1] SELECT * FROM `category` WHERE `category`.`id` = 136846 AND `category`.`deleted_at` IS NULL

2022/08/17 17:13:03 D:/C_Back/Go/Shop_service/goods_service/handler/category_brand.go:172
[159.457ms] [rows:1] SELECT * FROM `brands` WHERE `brands`.`id` = 1014 AND `brands`.`deleted_at` IS NULL
2022-08-17T17:13:40.593+0800	INFO	handler/category_brand.go:158	UpdateCategoryBrand request:id:25804  categoryId:136846  brandId:666

2022/08/17 17:13:40 D:/C_Back/Go/Shop_service/goods_service/handler/category_brand.go:160
[139.829ms] [rows:1] SELECT * FROM `goodscategorybrand` WHERE `goodscategorybrand`.`id` = 25804 AND `goodscategorybrand`.`deleted_at` IS NULL ORDER BY `goodscategorybrand`.`id` LIMIT 1

2022/08/17 17:13:40 D:/C_Back/Go/Shop_service/goods_service/handler/category_brand.go:166
[159.479ms] [rows:1] SELECT * FROM `category` WHERE `category`.`id` = 136846 AND `category`.`deleted_at` IS NULL

2022/08/17 17:13:41 D:/C_Back/Go/Shop_service/goods_service/handler/category_brand.go:172
[160.880ms] [rows:1] SELECT * FROM `brands` WHERE `brands`.`id` = 666 AND `brands`.`deleted_at` IS NULL
2022-08-17T17:14:07.324+0800	INFO	initialize/logger.go:26	日志初始化成功

2022/08/17 17:14:07 D:/GOMOD/pkg/mod/gorm.io/driver/mysql@v1.3.5/migrator.go:250
[89.478ms] [rows:-] SELECT DATABASE()

2022/08/17 17:14:08 D:/GOMOD/pkg/mod/gorm.io/driver/mysql@v1.3.5/migrator.go:253
[149.702ms] [rows:1] SELECT SCHEMA_NAME from Information_schema.SCHEMATA where SCHEMA_NAME LIKE 'mxshop_goods_service%' ORDER BY SCHEMA_NAME='mxshop_goods_service' DESC,SCHEMA_NAME limit 1

2022/08/17 17:14:08 D:/C_Back/Go/Shop_service/goods_service/initialize/db.go:32
[160.843ms] [rows:-] SELECT count(*) FROM information_schema.tables WHERE table_schema = 'mxshop_goods_service' AND table_name = 'category' AND table_type = 'BASE TABLE'

2022/08/17 17:14:08 D:/GOMOD/pkg/mod/gorm.io/driver/mysql@v1.3.5/migrator.go:250
[67.916ms] [rows:-] SELECT DATABASE()

2022/08/17 17:14:08 D:/GOMOD/pkg/mod/gorm.io/driver/mysql@v1.3.5/migrator.go:253
[179.138ms] [rows:1] SELECT SCHEMA_NAME from Information_schema.SCHEMATA where SCHEMA_NAME LIKE 'mxshop_goods_service%' ORDER BY SCHEMA_NAME='mxshop_goods_service' DESC,SCHEMA_NAME limit 1

2022/08/17 17:14:08 D:/GOMOD/pkg/mod/gorm.io/driver/mysql@v1.3.5/migrator.go:163
[80.201ms] [rows:-] SELECT * FROM `category` LIMIT 1

2022/08/17 17:14:08 D:/GOMOD/pkg/mod/gorm.io/driver/mysql@v1.3.5/migrator.go:181
[178.772ms] [rows:-] SELECT column_name, column_default, is_nullable = 'YES', data_type, character_maximum_length, column_type, column_key, extra, column_comment, numeric_precision, numeric_scale , datetime_precision FROM information_schema.columns WHERE table_schema = 'mxshop_goods_service' AND table_name = 'category' ORDER BY ORDINAL_POSITION

2022/08/17 17:14:08 D:/GOMOD/pkg/mod/gorm.io/driver/mysql@v1.3.5/migrator.go:47
[69.351ms] [rows:0] ALTER TABLE `category` MODIFY COLUMN `is_deleted` boolean

2022/08/17 17:14:08 D:/GOMOD/pkg/mod/gorm.io/driver/mysql@v1.3.5/migrator.go:47
[98.587ms] [rows:0] ALTER TABLE `category` MODIFY COLUMN `is_tab` boolean NOT NULL DEFAULT false

2022/08/17 17:14:08 D:/GOMOD/pkg/mod/gorm.io/driver/mysql@v1.3.5/migrator.go:250
[92.629ms] [rows:-] SELECT DATABASE()

2022/08/17 17:14:09 D:/GOMOD/pkg/mod/gorm.io/driver/mysql@v1.3.5/migrator.go:253
[176.069ms] [rows:1] SELECT SCHEMA_NAME from Information_schema.SCHEMATA where SCHEMA_NAME LIKE 'mxshop_goods_service%' ORDER BY SCHEMA_NAME='mxshop_goods_service' DESC,SCHEMA_NAME limit 1

2022/08/17 17:14:09 D:/C_Back/Go/Shop_service/goods_service/initialize/db.go:32
[159.980ms] [rows:-] SELECT count(*) FROM INFORMATION_SCHEMA.table_constraints WHERE constraint_schema = 'mxshop_goods_service' AND table_name = 'category' AND constraint_name = 'fk_category_sub_category'

2022/08/17 17:14:09 D:/GOMOD/pkg/mod/gorm.io/driver/mysql@v1.3.5/migrator.go:250
[73.137ms] [rows:-] SELECT DATABASE()

2022/08/17 17:14:09 D:/GOMOD/pkg/mod/gorm.io/driver/mysql@v1.3.5/migrator.go:253
[176.054ms] [rows:1] SELECT SCHEMA_NAME from Information_schema.SCHEMATA where SCHEMA_NAME LIKE 'mxshop_goods_service%' ORDER BY SCHEMA_NAME='mxshop_goods_service' DESC,SCHEMA_NAME limit 1

2022/08/17 17:14:09 D:/C_Back/Go/Shop_service/goods_service/initialize/db.go:32
[159.608ms] [rows:-] SELECT count(*) FROM information_schema.tables WHERE table_schema = 'mxshop_goods_service' AND table_name = 'brands' AND table_type = 'BASE TABLE'

2022/08/17 17:14:09 D:/GOMOD/pkg/mod/gorm.io/driver/mysql@v1.3.5/migrator.go:250
[72.162ms] [rows:-] SELECT DATABASE()

2022/08/17 17:14:09 D:/GOMOD/pkg/mod/gorm.io/driver/mysql@v1.3.5/migrator.go:253
[177.289ms] [rows:1] SELECT SCHEMA_NAME from Information_schema.SCHEMATA where SCHEMA_NAME LIKE 'mxshop_goods_service%' ORDER BY SCHEMA_NAME='mxshop_goods_service' DESC,SCHEMA_NAME limit 1

2022/08/17 17:14:10 D:/GOMOD/pkg/mod/gorm.io/driver/mysql@v1.3.5/migrator.go:163
[68.307ms] [rows:-] SELECT * FROM `brands` LIMIT 1

2022/08/17 17:14:10 D:/GOMOD/pkg/mod/gorm.io/driver/mysql@v1.3.5/migrator.go:181
[179.206ms] [rows:-] SELECT column_name, column_default, is_nullable = 'YES', data_type, character_maximum_length, column_type, column_key, extra, column_comment, numeric_precision, numeric_scale , datetime_precision FROM information_schema.columns WHERE table_schema = 'mxshop_goods_service' AND table_name = 'brands' ORDER BY ORDINAL_POSITION

2022/08/17 17:14:10 D:/GOMOD/pkg/mod/gorm.io/driver/mysql@v1.3.5/migrator.go:47
[69.897ms] [rows:0] ALTER TABLE `brands` MODIFY COLUMN `is_deleted` boolean

2022/08/17 17:14:10 D:/GOMOD/pkg/mod/gorm.io/driver/mysql@v1.3.5/migrator.go:47
[100.722ms] [rows:0] ALTER TABLE `brands` MODIFY COLUMN `name` varchar(50) NOT NULL

2022/08/17 17:14:10 D:/GOMOD/pkg/mod/gorm.io/driver/mysql@v1.3.5/migrator.go:250
[87.800ms] [rows:-] SELECT DATABASE()

2022/08/17 17:14:10 D:/GOMOD/pkg/mod/gorm.io/driver/mysql@v1.3.5/migrator.go:253
[180.638ms] [rows:1] SELECT SCHEMA_NAME from Information_schema.SCHEMATA where SCHEMA_NAME LIKE 'mxshop_goods_service%' ORDER BY SCHEMA_NAME='mxshop_goods_service' DESC,SCHEMA_NAME limit 1

2022/08/17 17:14:10 D:/C_Back/Go/Shop_service/goods_service/initialize/db.go:32
[158.161ms] [rows:-] SELECT count(*) FROM information_schema.tables WHERE table_schema = 'mxshop_goods_service' AND table_name = 'goodscategorybrand' AND table_type = 'BASE TABLE'

2022/08/17 17:14:10 D:/GOMOD/pkg/mod/gorm.io/driver/mysql@v1.3.5/migrator.go:250
[70.301ms] [rows:-] SELECT DATABASE()

2022/08/17 17:14:11 D:/GOMOD/pkg/mod/gorm.io/driver/mysql@v1.3.5/migrator.go:253
[178.771ms] [rows:1] SELECT SCHEMA_NAME from Information_schema.SCHEMATA where SCHEMA_NAME LIKE 'mxshop_goods_service%' ORDER BY SCHEMA_NAME='mxshop_goods_service' DESC,SCHEMA_NAME limit 1

2022/08/17 17:14:11 D:/GOMOD/pkg/mod/gorm.io/driver/mysql@v1.3.5/migrator.go:163
[74.627ms] [rows:-] SELECT * FROM `goodscategorybrand` LIMIT 1

2022/08/17 17:14:11 D:/GOMOD/pkg/mod/gorm.io/driver/mysql@v1.3.5/migrator.go:181
[135.557ms] [rows:-] SELECT column_name, column_default, is_nullable = 'YES', data_type, character_maximum_length, column_type, column_key, extra, column_comment, numeric_precision, numeric_scale , datetime_precision FROM information_schema.columns WHERE table_schema = 'mxshop_goods_service' AND table_name = 'goodscategorybrand' ORDER BY ORDINAL_POSITION

2022/08/17 17:14:11 D:/GOMOD/pkg/mod/gorm.io/driver/mysql@v1.3.5/migrator.go:47
[68.754ms] [rows:0] ALTER TABLE `goodscategorybrand` MODIFY COLUMN `is_deleted` boolean

2022/08/17 17:14:11 D:/GOMOD/pkg/mod/gorm.io/driver/mysql@v1.3.5/migrator.go:250
[89.135ms] [rows:-] SELECT DATABASE()

2022/08/17 17:14:11 D:/GOMOD/pkg/mod/gorm.io/driver/mysql@v1.3.5/migrator.go:253
[180.496ms] [rows:1] SELECT SCHEMA_NAME from Information_schema.SCHEMATA where SCHEMA_NAME LIKE 'mxshop_goods_service%' ORDER BY SCHEMA_NAME='mxshop_goods_service' DESC,SCHEMA_NAME limit 1

2022/08/17 17:14:11 D:/C_Back/Go/Shop_service/goods_service/initialize/db.go:32
[160.662ms] [rows:-] SELECT count(*) FROM INFORMATION_SCHEMA.table_constraints WHERE constraint_schema = 'mxshop_goods_service' AND table_name = 'goodscategorybrand' AND constraint_name = 'fk_goodscategorybrand_brands'

2022/08/17 17:14:11 D:/GOMOD/pkg/mod/gorm.io/driver/mysql@v1.3.5/migrator.go:250
[68.056ms] [rows:-] SELECT DATABASE()

2022/08/17 17:14:12 D:/GOMOD/pkg/mod/gorm.io/driver/mysql@v1.3.5/migrator.go:253
[179.685ms] [rows:1] SELECT SCHEMA_NAME from Information_schema.SCHEMATA where SCHEMA_NAME LIKE 'mxshop_goods_service%' ORDER BY SCHEMA_NAME='mxshop_goods_service' DESC,SCHEMA_NAME limit 1

2022/08/17 17:14:12 D:/C_Back/Go/Shop_service/goods_service/initialize/db.go:32
[181.429ms] [rows:-] SELECT count(*) FROM INFORMATION_SCHEMA.table_constraints WHERE constraint_schema = 'mxshop_goods_service' AND table_name = 'goodscategorybrand' AND constraint_name = 'fk_goodscategorybrand_category'

2022/08/17 17:14:12 D:/GOMOD/pkg/mod/gorm.io/driver/mysql@v1.3.5/migrator.go:250
[67.258ms] [rows:-] SELECT DATABASE()

2022/08/17 17:14:12 D:/GOMOD/pkg/mod/gorm.io/driver/mysql@v1.3.5/migrator.go:253
[179.448ms] [rows:1] SELECT SCHEMA_NAME from Information_schema.SCHEMATA where SCHEMA_NAME LIKE 'mxshop_goods_service%' ORDER BY SCHEMA_NAME='mxshop_goods_service' DESC,SCHEMA_NAME limit 1

2022/08/17 17:14:12 D:/C_Back/Go/Shop_service/goods_service/initialize/db.go:32
[159.033ms] [rows:-] SELECT count(*) FROM information_schema.statistics WHERE table_schema = 'mxshop_goods_service' AND table_name = 'goodscategorybrand' AND index_name = 'idx_category_brand'

2022/08/17 17:14:12 D:/GOMOD/pkg/mod/gorm.io/driver/mysql@v1.3.5/migrator.go:250
[70.087ms] [rows:-] SELECT DATABASE()

2022/08/17 17:14:12 D:/GOMOD/pkg/mod/gorm.io/driver/mysql@v1.3.5/migrator.go:253
[179.487ms] [rows:1] SELECT SCHEMA_NAME from Information_schema.SCHEMATA where SCHEMA_NAME LIKE 'mxshop_goods_service%' ORDER BY SCHEMA_NAME='mxshop_goods_service' DESC,SCHEMA_NAME limit 1

2022/08/17 17:14:13 D:/C_Back/Go/Shop_service/goods_service/initialize/db.go:32
[159.653ms] [rows:-] SELECT count(*) FROM information_schema.tables WHERE table_schema = 'mxshop_goods_service' AND table_name = 'banner' AND table_type = 'BASE TABLE'

2022/08/17 17:14:13 D:/GOMOD/pkg/mod/gorm.io/driver/mysql@v1.3.5/migrator.go:250
[69.537ms] [rows:-] SELECT DATABASE()

2022/08/17 17:14:13 D:/GOMOD/pkg/mod/gorm.io/driver/mysql@v1.3.5/migrator.go:253
[179.370ms] [rows:1] SELECT SCHEMA_NAME from Information_schema.SCHEMATA where SCHEMA_NAME LIKE 'mxshop_goods_service%' ORDER BY SCHEMA_NAME='mxshop_goods_service' DESC,SCHEMA_NAME limit 1

2022/08/17 17:14:13 D:/GOMOD/pkg/mod/gorm.io/driver/mysql@v1.3.5/migrator.go:163
[71.311ms] [rows:-] SELECT * FROM `banner` LIMIT 1

2022/08/17 17:14:13 D:/GOMOD/pkg/mod/gorm.io/driver/mysql@v1.3.5/migrator.go:181
[178.170ms] [rows:-] SELECT column_name, column_default, is_nullable = 'YES', data_type, character_maximum_length, column_type, column_key, extra, column_comment, numeric_precision, numeric_scale , datetime_precision FROM information_schema.columns WHERE table_schema = 'mxshop_goods_service' AND table_name = 'banner' ORDER BY ORDINAL_POSITION

2022/08/17 17:14:13 D:/GOMOD/pkg/mod/gorm.io/driver/mysql@v1.3.5/migrator.go:47
[98.883ms] [rows:0] ALTER TABLE `banner` MODIFY COLUMN `is_deleted` boolean

2022/08/17 17:14:13 D:/GOMOD/pkg/mod/gorm.io/driver/mysql@v1.3.5/migrator.go:250
[89.302ms] [rows:-] SELECT DATABASE()

2022/08/17 17:14:13 D:/GOMOD/pkg/mod/gorm.io/driver/mysql@v1.3.5/migrator.go:253
[179.934ms] [rows:1] SELECT SCHEMA_NAME from Information_schema.SCHEMATA where SCHEMA_NAME LIKE 'mxshop_goods_service%' ORDER BY SCHEMA_NAME='mxshop_goods_service' DESC,SCHEMA_NAME limit 1

2022/08/17 17:14:14 D:/C_Back/Go/Shop_service/goods_service/initialize/db.go:32
[159.868ms] [rows:-] SELECT count(*) FROM information_schema.tables WHERE table_schema = 'mxshop_goods_service' AND table_name = 'goods' AND table_type = 'BASE TABLE'

2022/08/17 17:14:14 D:/GOMOD/pkg/mod/gorm.io/driver/mysql@v1.3.5/migrator.go:250
[69.617ms] [rows:-] SELECT DATABASE()

2022/08/17 17:14:14 D:/GOMOD/pkg/mod/gorm.io/driver/mysql@v1.3.5/migrator.go:253
[178.746ms] [rows:1] SELECT SCHEMA_NAME from Information_schema.SCHEMATA where SCHEMA_NAME LIKE 'mxshop_goods_service%' ORDER BY SCHEMA_NAME='mxshop_goods_service' DESC,SCHEMA_NAME limit 1

2022/08/17 17:14:14 D:/GOMOD/pkg/mod/gorm.io/driver/mysql@v1.3.5/migrator.go:163
[70.560ms] [rows:-] SELECT * FROM `goods` LIMIT 1

2022/08/17 17:14:14 D:/GOMOD/pkg/mod/gorm.io/driver/mysql@v1.3.5/migrator.go:181
[178.657ms] [rows:-] SELECT column_name, column_default, is_nullable = 'YES', data_type, character_maximum_length, column_type, column_key, extra, column_comment, numeric_precision, numeric_scale , datetime_precision FROM information_schema.columns WHERE table_schema = 'mxshop_goods_service' AND table_name = 'goods' ORDER BY ORDINAL_POSITION

2022/08/17 17:14:14 D:/GOMOD/pkg/mod/gorm.io/driver/mysql@v1.3.5/migrator.go:47
[69.147ms] [rows:0] ALTER TABLE `goods` MODIFY COLUMN `is_deleted` boolean

2022/08/17 17:14:14 D:/GOMOD/pkg/mod/gorm.io/driver/mysql@v1.3.5/migrator.go:47
[99.302ms] [rows:0] ALTER TABLE `goods` MODIFY COLUMN `on_sale` boolean NOT NULL DEFAULT false

2022/08/17 17:14:14 D:/GOMOD/pkg/mod/gorm.io/driver/mysql@v1.3.5/migrator.go:47
[99.688ms] [rows:0] ALTER TABLE `goods` MODIFY COLUMN `ship_free` boolean NOT NULL DEFAULT false

2022/08/17 17:14:14 D:/GOMOD/pkg/mod/gorm.io/driver/mysql@v1.3.5/migrator.go:47
[99.190ms] [rows:0] ALTER TABLE `goods` MODIFY COLUMN `is_new` boolean NOT NULL DEFAULT false

2022/08/17 17:14:15 D:/GOMOD/pkg/mod/gorm.io/driver/mysql@v1.3.5/migrator.go:47
[98.955ms] [rows:0] ALTER TABLE `goods` MODIFY COLUMN `is_hot` boolean NOT NULL DEFAULT false

2022/08/17 17:14:15 D:/GOMOD/pkg/mod/gorm.io/driver/mysql@v1.3.5/migrator.go:250
[89.715ms] [rows:-] SELECT DATABASE()

2022/08/17 17:14:15 D:/GOMOD/pkg/mod/gorm.io/driver/mysql@v1.3.5/migrator.go:253
[179.983ms] [rows:1] SELECT SCHEMA_NAME from Information_schema.SCHEMATA where SCHEMA_NAME LIKE 'mxshop_goods_service%' ORDER BY SCHEMA_NAME='mxshop_goods_service' DESC,SCHEMA_NAME limit 1

2022/08/17 17:14:15 D:/C_Back/Go/Shop_service/goods_service/initialize/db.go:32
[181.409ms] [rows:-] SELECT count(*) FROM INFORMATION_SCHEMA.table_constraints WHERE constraint_schema = 'mxshop_goods_service' AND table_name = 'goods' AND constraint_name = 'fk_goods_category'

2022/08/17 17:14:15 D:/GOMOD/pkg/mod/gorm.io/driver/mysql@v1.3.5/migrator.go:250
[69.172ms] [rows:-] SELECT DATABASE()

2022/08/17 17:14:15 D:/GOMOD/pkg/mod/gorm.io/driver/mysql@v1.3.5/migrator.go:253
[180.087ms] [rows:1] SELECT SCHEMA_NAME from Information_schema.SCHEMATA where SCHEMA_NAME LIKE 'mxshop_goods_service%' ORDER BY SCHEMA_NAME='mxshop_goods_service' DESC,SCHEMA_NAME limit 1

2022/08/17 17:14:15 D:/C_Back/Go/Shop_service/goods_service/initialize/db.go:32
[158.239ms] [rows:-] SELECT count(*) FROM INFORMATION_SCHEMA.table_constraints WHERE constraint_schema = 'mxshop_goods_service' AND table_name = 'goods' AND constraint_name = 'fk_goods_brands'
2022-08-17T17:14:15.873+0800	INFO	initialize/db.go:36	数据库初始化成功
2022-08-17T17:14:15.873+0800	INFO	goods_service/main.go:35	服务启动成功 端口 127.0.0.1:8000
2022-08-17T17:14:26.857+0800	INFO	handler/category_brand.go:158	UpdateCategoryBrand request:id:25804  categoryId:136846  brandId:628

2022/08/17 17:14:26 D:/C_Back/Go/Shop_service/goods_service/handler/category_brand.go:160
[135.980ms] [rows:1] SELECT * FROM `goodscategorybrand` WHERE `goodscategorybrand`.`id` = 25804 AND `goodscategorybrand`.`deleted_at` IS NULL ORDER BY `goodscategorybrand`.`id` LIMIT 1

2022/08/17 17:14:27 D:/C_Back/Go/Shop_service/goods_service/handler/category_brand.go:166
[159.821ms] [rows:1] SELECT * FROM `category` WHERE `category`.`id` = 136846 AND `category`.`deleted_at` IS NULL

2022/08/17 17:14:27 D:/C_Back/Go/Shop_service/goods_service/handler/category_brand.go:172
[163.386ms] [rows:1] SELECT * FROM `brands` WHERE `brands`.`id` = 628 AND `brands`.`deleted_at` IS NULL
2022-08-17T17:14:43.127+0800	INFO	handler/category_brand.go:158	UpdateCategoryBrand request:id:25804  categoryId:136846  brandId:614

2022/08/17 17:14:43 D:/C_Back/Go/Shop_service/goods_service/handler/category_brand.go:160
[134.280ms] [rows:1] SELECT * FROM `goodscategorybrand` WHERE `goodscategorybrand`.`id` = 25804 AND `goodscategorybrand`.`deleted_at` IS NULL ORDER BY `goodscategorybrand`.`id` LIMIT 1

2022/08/17 17:14:43 D:/C_Back/Go/Shop_service/goods_service/handler/category_brand.go:166
[160.373ms] [rows:1] SELECT * FROM `category` WHERE `category`.`id` = 136846 AND `category`.`deleted_at` IS NULL

2022/08/17 17:14:43 D:/C_Back/Go/Shop_service/goods_service/handler/category_brand.go:172
[169.750ms] [rows:1] SELECT * FROM `brands` WHERE `brands`.`id` = 614 AND `brands`.`deleted_at` IS NULL
