2022-07-29T21:03:09.735+0800	INFO	initialize/logger.go:28	日志初始化成功
2022-07-29T21:03:09.738+0800	INFO	initialize/config.go:26	config文件加载成功

2022/07/29 21:03:11 D:/GOMOD/pkg/mod/gorm.io/driver/mysql@v1.3.5/migrator.go:250
[89.045ms] [rows:-] SELECT DATABASE()

2022/07/29 21:03:11 D:/GOMOD/pkg/mod/gorm.io/driver/mysql@v1.3.5/migrator.go:253
[179.845ms] [rows:1] SELECT SCHEMA_NAME from Information_schema.SCHEMATA where SCHEMA_NAME LIKE 'mxshop_user_service%' ORDER BY SCHEMA_NAME='mxshop_user_service' DESC,SCHEMA_NAME limit 1

2022/07/29 21:03:11 D:/C_Back/Go/Shop_service/user_service/initialize/db.go:37
[158.763ms] [rows:-] SELECT count(*) FROM information_schema.tables WHERE table_schema = 'mxshop_user_service' AND table_name = 'users' AND table_type = 'BASE TABLE'

2022/07/29 21:03:11 D:/GOMOD/pkg/mod/gorm.io/driver/mysql@v1.3.5/migrator.go:250
[68.688ms] [rows:-] SELECT DATABASE()

2022/07/29 21:03:12 D:/GOMOD/pkg/mod/gorm.io/driver/mysql@v1.3.5/migrator.go:253
[181.337ms] [rows:1] SELECT SCHEMA_NAME from Information_schema.SCHEMATA where SCHEMA_NAME LIKE 'mxshop_user_service%' ORDER BY SCHEMA_NAME='mxshop_user_service' DESC,SCHEMA_NAME limit 1

2022/07/29 21:03:12 D:/GOMOD/pkg/mod/gorm.io/driver/mysql@v1.3.5/migrator.go:163
[70.357ms] [rows:-] SELECT * FROM `users` LIMIT 1

2022/07/29 21:03:12 D:/GOMOD/pkg/mod/gorm.io/driver/mysql@v1.3.5/migrator.go:181
[158.434ms] [rows:-] SELECT column_name, column_default, is_nullable = 'YES', data_type, character_maximum_length, column_type, column_key, extra, column_comment, numeric_precision, numeric_scale , datetime_precision FROM information_schema.columns WHERE table_schema = 'mxshop_user_service' AND table_name = 'users' ORDER BY ORDINAL_POSITION

2022/07/29 21:03:12 D:/GOMOD/pkg/mod/gorm.io/driver/mysql@v1.3.5/migrator.go:47
[69.566ms] [rows:0] ALTER TABLE `users` MODIFY COLUMN `nick_name` varchar(20) comment '用户名'

2022/07/29 21:03:12 D:/GOMOD/pkg/mod/gorm.io/driver/mysql@v1.3.5/migrator.go:47
[109.903ms] [rows:0] ALTER TABLE `users` MODIFY COLUMN `birthday` datetime comment '用户出生日期'

2022/07/29 21:03:12 D:/GOMOD/pkg/mod/gorm.io/driver/mysql@v1.3.5/migrator.go:47
[89.305ms] [rows:0] ALTER TABLE `users` MODIFY COLUMN `gender` varchar(6) comment 'female表示女,male表示男' DEFAULT 'male'

2022/07/29 21:03:12 D:/GOMOD/pkg/mod/gorm.io/driver/mysql@v1.3.5/migrator.go:47
[100.434ms] [rows:0] ALTER TABLE `users` MODIFY COLUMN `role` int comment '1表示普通用户,2表示管理员' DEFAULT 1

2022/07/29 21:03:12 D:/GOMOD/pkg/mod/gorm.io/driver/mysql@v1.3.5/migrator.go:250
[49.903ms] [rows:-] SELECT DATABASE()

2022/07/29 21:03:12 D:/GOMOD/pkg/mod/gorm.io/driver/mysql@v1.3.5/migrator.go:253
[177.989ms] [rows:1] SELECT SCHEMA_NAME from Information_schema.SCHEMATA where SCHEMA_NAME LIKE 'mxshop_user_service%' ORDER BY SCHEMA_NAME='mxshop_user_service' DESC,SCHEMA_NAME limit 1

2022/07/29 21:03:13 D:/C_Back/Go/Shop_service/user_service/initialize/db.go:37
[162.886ms] [rows:-] SELECT count(*) FROM information_schema.statistics WHERE table_schema = 'mxshop_user_service' AND table_name = 'users' AND index_name = 'idx_mobile'
2022-07-29T21:03:13.126+0800	INFO	initialize/db.go:41	数据库连接成功
2022-07-29T21:03:13.127+0800	INFO	user_service/main.go:27	服务开始运行	{"IP": "127.0.0.1", "Port": 8000}
2022-07-29T21:03:15.141+0800	ERROR	initialize/consul.go:37	client.Agent().ServiceRegister 错误	{"err": "Put \"http://127.0.0.1:8500/v1/agent/service/register\": dial tcp 127.0.0.1:8500: connectex: No connection could be made because the target machine actively refused it."}
2022-07-29T21:03:35.041+0800	INFO	initialize/logger.go:28	日志初始化成功
2022-07-29T21:03:35.043+0800	INFO	initialize/config.go:26	config文件加载成功

2022/07/29 21:03:37 D:/GOMOD/pkg/mod/gorm.io/driver/mysql@v1.3.5/migrator.go:250
[98.187ms] [rows:-] SELECT DATABASE()

2022/07/29 21:03:37 D:/GOMOD/pkg/mod/gorm.io/driver/mysql@v1.3.5/migrator.go:253
[151.630ms] [rows:1] SELECT SCHEMA_NAME from Information_schema.SCHEMATA where SCHEMA_NAME LIKE 'mxshop_user_service%' ORDER BY SCHEMA_NAME='mxshop_user_service' DESC,SCHEMA_NAME limit 1

2022/07/29 21:03:37 D:/C_Back/Go/Shop_service/user_service/initialize/db.go:37
[157.998ms] [rows:-] SELECT count(*) FROM information_schema.tables WHERE table_schema = 'mxshop_user_service' AND table_name = 'users' AND table_type = 'BASE TABLE'

2022/07/29 21:03:37 D:/GOMOD/pkg/mod/gorm.io/driver/mysql@v1.3.5/migrator.go:250
[78.680ms] [rows:-] SELECT DATABASE()

2022/07/29 21:03:37 D:/GOMOD/pkg/mod/gorm.io/driver/mysql@v1.3.5/migrator.go:253
[189.579ms] [rows:1] SELECT SCHEMA_NAME from Information_schema.SCHEMATA where SCHEMA_NAME LIKE 'mxshop_user_service%' ORDER BY SCHEMA_NAME='mxshop_user_service' DESC,SCHEMA_NAME limit 1

2022/07/29 21:03:38 D:/GOMOD/pkg/mod/gorm.io/driver/mysql@v1.3.5/migrator.go:163
[70.222ms] [rows:-] SELECT * FROM `users` LIMIT 1

2022/07/29 21:03:38 D:/GOMOD/pkg/mod/gorm.io/driver/mysql@v1.3.5/migrator.go:181
[187.931ms] [rows:-] SELECT column_name, column_default, is_nullable = 'YES', data_type, character_maximum_length, column_type, column_key, extra, column_comment, numeric_precision, numeric_scale , datetime_precision FROM information_schema.columns WHERE table_schema = 'mxshop_user_service' AND table_name = 'users' ORDER BY ORDINAL_POSITION

2022/07/29 21:03:38 D:/GOMOD/pkg/mod/gorm.io/driver/mysql@v1.3.5/migrator.go:47
[69.553ms] [rows:0] ALTER TABLE `users` MODIFY COLUMN `nick_name` varchar(20) comment '用户名'

2022/07/29 21:03:38 D:/GOMOD/pkg/mod/gorm.io/driver/mysql@v1.3.5/migrator.go:47
[99.694ms] [rows:0] ALTER TABLE `users` MODIFY COLUMN `birthday` datetime comment '用户出生日期'

2022/07/29 21:03:38 D:/GOMOD/pkg/mod/gorm.io/driver/mysql@v1.3.5/migrator.go:47
[101.624ms] [rows:0] ALTER TABLE `users` MODIFY COLUMN `gender` varchar(6) comment 'female表示女,male表示男' DEFAULT 'male'

2022/07/29 21:03:38 D:/GOMOD/pkg/mod/gorm.io/driver/mysql@v1.3.5/migrator.go:47
[48.713ms] [rows:0] ALTER TABLE `users` MODIFY COLUMN `role` int comment '1表示普通用户,2表示管理员' DEFAULT 1

2022/07/29 21:03:38 D:/GOMOD/pkg/mod/gorm.io/driver/mysql@v1.3.5/migrator.go:250
[58.741ms] [rows:-] SELECT DATABASE()

2022/07/29 21:03:38 D:/GOMOD/pkg/mod/gorm.io/driver/mysql@v1.3.5/migrator.go:253
[180.423ms] [rows:1] SELECT SCHEMA_NAME from Information_schema.SCHEMATA where SCHEMA_NAME LIKE 'mxshop_user_service%' ORDER BY SCHEMA_NAME='mxshop_user_service' DESC,SCHEMA_NAME limit 1

2022/07/29 21:03:38 D:/C_Back/Go/Shop_service/user_service/initialize/db.go:37
[158.720ms] [rows:-] SELECT count(*) FROM information_schema.statistics WHERE table_schema = 'mxshop_user_service' AND table_name = 'users' AND index_name = 'idx_mobile'
2022-07-29T21:03:38.912+0800	INFO	initialize/db.go:41	数据库连接成功
2022-07-29T21:03:38.913+0800	INFO	user_service/main.go:27	服务开始运行	{"IP": "127.0.0.1", "Port": 8000}
2022-07-29T21:03:40.980+0800	ERROR	initialize/consul.go:37	client.Agent().ServiceRegister 错误	{"err": "Put \"http://127.0.0.1:8500/v1/agent/service/register\": dial tcp 127.0.0.1:8500: connectex: No connection could be made because the target machine actively refused it."}
2022-07-29T21:04:21.538+0800	INFO	initialize/logger.go:28	日志初始化成功
2022-07-29T21:04:21.540+0800	INFO	initialize/config.go:26	config文件加载成功

2022/07/29 21:04:25 D:/GOMOD/pkg/mod/gorm.io/driver/mysql@v1.3.5/migrator.go:250
[89.888ms] [rows:-] SELECT DATABASE()

2022/07/29 21:04:25 D:/GOMOD/pkg/mod/gorm.io/driver/mysql@v1.3.5/migrator.go:253
[177.948ms] [rows:1] SELECT SCHEMA_NAME from Information_schema.SCHEMATA where SCHEMA_NAME LIKE 'mxshop_user_service%' ORDER BY SCHEMA_NAME='mxshop_user_service' DESC,SCHEMA_NAME limit 1

2022/07/29 21:04:26 D:/C_Back/Go/Shop_service/user_service/initialize/db.go:37
[179.070ms] [rows:-] SELECT count(*) FROM information_schema.tables WHERE table_schema = 'mxshop_user_service' AND table_name = 'users' AND table_type = 'BASE TABLE'

2022/07/29 21:04:26 D:/GOMOD/pkg/mod/gorm.io/driver/mysql@v1.3.5/migrator.go:250
[69.627ms] [rows:-] SELECT DATABASE()

2022/07/29 21:04:26 D:/GOMOD/pkg/mod/gorm.io/driver/mysql@v1.3.5/migrator.go:253
[179.974ms] [rows:1] SELECT SCHEMA_NAME from Information_schema.SCHEMATA where SCHEMA_NAME LIKE 'mxshop_user_service%' ORDER BY SCHEMA_NAME='mxshop_user_service' DESC,SCHEMA_NAME limit 1

2022/07/29 21:04:26 D:/GOMOD/pkg/mod/gorm.io/driver/mysql@v1.3.5/migrator.go:163
[70.083ms] [rows:-] SELECT * FROM `users` LIMIT 1

2022/07/29 21:04:26 D:/GOMOD/pkg/mod/gorm.io/driver/mysql@v1.3.5/migrator.go:181
[167.197ms] [rows:-] SELECT column_name, column_default, is_nullable = 'YES', data_type, character_maximum_length, column_type, column_key, extra, column_comment, numeric_precision, numeric_scale , datetime_precision FROM information_schema.columns WHERE table_schema = 'mxshop_user_service' AND table_name = 'users' ORDER BY ORDINAL_POSITION

2022/07/29 21:04:26 D:/GOMOD/pkg/mod/gorm.io/driver/mysql@v1.3.5/migrator.go:47
[53.810ms] [rows:0] ALTER TABLE `users` MODIFY COLUMN `nick_name` varchar(20) comment '用户名'

2022/07/29 21:04:26 D:/GOMOD/pkg/mod/gorm.io/driver/mysql@v1.3.5/migrator.go:47
[86.393ms] [rows:0] ALTER TABLE `users` MODIFY COLUMN `birthday` datetime comment '用户出生日期'

2022/07/29 21:04:26 D:/GOMOD/pkg/mod/gorm.io/driver/mysql@v1.3.5/migrator.go:47
[89.593ms] [rows:0] ALTER TABLE `users` MODIFY COLUMN `gender` varchar(6) comment 'female表示女,male表示男' DEFAULT 'male'

2022/07/29 21:04:26 D:/GOMOD/pkg/mod/gorm.io/driver/mysql@v1.3.5/migrator.go:47
[89.415ms] [rows:0] ALTER TABLE `users` MODIFY COLUMN `role` int comment '1表示普通用户,2表示管理员' DEFAULT 1

2022/07/29 21:04:26 D:/GOMOD/pkg/mod/gorm.io/driver/mysql@v1.3.5/migrator.go:250
[89.092ms] [rows:-] SELECT DATABASE()

2022/07/29 21:04:27 D:/GOMOD/pkg/mod/gorm.io/driver/mysql@v1.3.5/migrator.go:253
[181.100ms] [rows:1] SELECT SCHEMA_NAME from Information_schema.SCHEMATA where SCHEMA_NAME LIKE 'mxshop_user_service%' ORDER BY SCHEMA_NAME='mxshop_user_service' DESC,SCHEMA_NAME limit 1

2022/07/29 21:04:27 D:/C_Back/Go/Shop_service/user_service/initialize/db.go:37
[170.027ms] [rows:-] SELECT count(*) FROM information_schema.statistics WHERE table_schema = 'mxshop_user_service' AND table_name = 'users' AND index_name = 'idx_mobile'
2022-07-29T21:04:27.263+0800	INFO	initialize/db.go:41	数据库连接成功
2022-07-29T21:04:27.263+0800	INFO	user_service/main.go:27	服务开始运行	{"IP": "127.0.0.1", "Port": 8000}
2022-07-29T21:04:29.315+0800	ERROR	initialize/consul.go:37	client.Agent().ServiceRegister 错误	{"err": "Put \"http://127.0.0.1:8500/v1/agent/service/register\": dial tcp 127.0.0.1:8500: connectex: No connection could be made because the target machine actively refused it."}
2022-07-29T21:05:31.143+0800	INFO	initialize/logger.go:28	日志初始化成功
2022-07-29T21:05:31.144+0800	INFO	initialize/config.go:26	config文件加载成功

2022/07/29 21:05:33 D:/GOMOD/pkg/mod/gorm.io/driver/mysql@v1.3.5/migrator.go:250
[109.400ms] [rows:-] SELECT DATABASE()

2022/07/29 21:05:33 D:/GOMOD/pkg/mod/gorm.io/driver/mysql@v1.3.5/migrator.go:253
[191.308ms] [rows:1] SELECT SCHEMA_NAME from Information_schema.SCHEMATA where SCHEMA_NAME LIKE 'mxshop_user_service%' ORDER BY SCHEMA_NAME='mxshop_user_service' DESC,SCHEMA_NAME limit 1

2022/07/29 21:05:33 D:/C_Back/Go/Shop_service/user_service/initialize/db.go:37
[118.935ms] [rows:-] SELECT count(*) FROM information_schema.tables WHERE table_schema = 'mxshop_user_service' AND table_name = 'users' AND table_type = 'BASE TABLE'

2022/07/29 21:05:33 D:/GOMOD/pkg/mod/gorm.io/driver/mysql@v1.3.5/migrator.go:250
[68.800ms] [rows:-] SELECT DATABASE()

2022/07/29 21:05:33 D:/GOMOD/pkg/mod/gorm.io/driver/mysql@v1.3.5/migrator.go:253
[170.616ms] [rows:1] SELECT SCHEMA_NAME from Information_schema.SCHEMATA where SCHEMA_NAME LIKE 'mxshop_user_service%' ORDER BY SCHEMA_NAME='mxshop_user_service' DESC,SCHEMA_NAME limit 1

2022/07/29 21:05:33 D:/GOMOD/pkg/mod/gorm.io/driver/mysql@v1.3.5/migrator.go:163
[70.326ms] [rows:-] SELECT * FROM `users` LIMIT 1

2022/07/29 21:05:34 D:/GOMOD/pkg/mod/gorm.io/driver/mysql@v1.3.5/migrator.go:181
[178.066ms] [rows:-] SELECT column_name, column_default, is_nullable = 'YES', data_type, character_maximum_length, column_type, column_key, extra, column_comment, numeric_precision, numeric_scale , datetime_precision FROM information_schema.columns WHERE table_schema = 'mxshop_user_service' AND table_name = 'users' ORDER BY ORDINAL_POSITION

2022/07/29 21:05:34 D:/GOMOD/pkg/mod/gorm.io/driver/mysql@v1.3.5/migrator.go:47
[69.602ms] [rows:0] ALTER TABLE `users` MODIFY COLUMN `nick_name` varchar(20) comment '用户名'

2022/07/29 21:05:34 D:/GOMOD/pkg/mod/gorm.io/driver/mysql@v1.3.5/migrator.go:47
[102.620ms] [rows:0] ALTER TABLE `users` MODIFY COLUMN `birthday` datetime comment '用户出生日期'

2022/07/29 21:05:34 D:/GOMOD/pkg/mod/gorm.io/driver/mysql@v1.3.5/migrator.go:47
[97.509ms] [rows:0] ALTER TABLE `users` MODIFY COLUMN `gender` varchar(6) comment 'female表示女,male表示男' DEFAULT 'male'

2022/07/29 21:05:34 D:/GOMOD/pkg/mod/gorm.io/driver/mysql@v1.3.5/migrator.go:47
[99.451ms] [rows:0] ALTER TABLE `users` MODIFY COLUMN `role` int comment '1表示普通用户,2表示管理员' DEFAULT 1

2022/07/29 21:05:34 D:/GOMOD/pkg/mod/gorm.io/driver/mysql@v1.3.5/migrator.go:250
[78.172ms] [rows:-] SELECT DATABASE()

2022/07/29 21:05:34 D:/GOMOD/pkg/mod/gorm.io/driver/mysql@v1.3.5/migrator.go:253
[191.208ms] [rows:1] SELECT SCHEMA_NAME from Information_schema.SCHEMATA where SCHEMA_NAME LIKE 'mxshop_user_service%' ORDER BY SCHEMA_NAME='mxshop_user_service' DESC,SCHEMA_NAME limit 1

2022/07/29 21:05:34 D:/C_Back/Go/Shop_service/user_service/initialize/db.go:37
[110.431ms] [rows:-] SELECT count(*) FROM information_schema.statistics WHERE table_schema = 'mxshop_user_service' AND table_name = 'users' AND index_name = 'idx_mobile'
2022-07-29T21:05:34.844+0800	INFO	initialize/db.go:41	数据库连接成功
2022-07-29T21:05:34.845+0800	INFO	user_service/main.go:27	服务开始运行	{"IP": "127.0.0.1", "Port": 8000}
2022-07-29T21:05:36.905+0800	ERROR	initialize/consul.go:37	client.Agent().ServiceRegister 错误	{"err": "Put \"http://127.0.0.1:8500/v1/agent/service/register\": dial tcp 127.0.0.1:8500: connectex: No connection could be made because the target machine actively refused it."}
2022-07-29T21:06:00.806+0800	INFO	initialize/logger.go:28	日志初始化成功
2022-07-29T21:06:00.808+0800	INFO	initialize/config.go:26	config文件加载成功

2022/07/29 21:06:02 D:/GOMOD/pkg/mod/gorm.io/driver/mysql@v1.3.5/migrator.go:250
[59.562ms] [rows:-] SELECT DATABASE()

2022/07/29 21:06:02 D:/GOMOD/pkg/mod/gorm.io/driver/mysql@v1.3.5/migrator.go:253
[181.928ms] [rows:1] SELECT SCHEMA_NAME from Information_schema.SCHEMATA where SCHEMA_NAME LIKE 'mxshop_user_service%' ORDER BY SCHEMA_NAME='mxshop_user_service' DESC,SCHEMA_NAME limit 1

2022/07/29 21:06:02 D:/C_Back/Go/Shop_service/user_service/initialize/db.go:37
[157.343ms] [rows:-] SELECT count(*) FROM information_schema.tables WHERE table_schema = 'mxshop_user_service' AND table_name = 'users' AND table_type = 'BASE TABLE'

2022/07/29 21:06:02 D:/GOMOD/pkg/mod/gorm.io/driver/mysql@v1.3.5/migrator.go:250
[69.716ms] [rows:-] SELECT DATABASE()

2022/07/29 21:06:03 D:/GOMOD/pkg/mod/gorm.io/driver/mysql@v1.3.5/migrator.go:253
[179.773ms] [rows:1] SELECT SCHEMA_NAME from Information_schema.SCHEMATA where SCHEMA_NAME LIKE 'mxshop_user_service%' ORDER BY SCHEMA_NAME='mxshop_user_service' DESC,SCHEMA_NAME limit 1

2022/07/29 21:06:03 D:/GOMOD/pkg/mod/gorm.io/driver/mysql@v1.3.5/migrator.go:163
[71.207ms] [rows:-] SELECT * FROM `users` LIMIT 1

2022/07/29 21:06:03 D:/GOMOD/pkg/mod/gorm.io/driver/mysql@v1.3.5/migrator.go:181
[197.476ms] [rows:-] SELECT column_name, column_default, is_nullable = 'YES', data_type, character_maximum_length, column_type, column_key, extra, column_comment, numeric_precision, numeric_scale , datetime_precision FROM information_schema.columns WHERE table_schema = 'mxshop_user_service' AND table_name = 'users' ORDER BY ORDINAL_POSITION

2022/07/29 21:06:03 D:/GOMOD/pkg/mod/gorm.io/driver/mysql@v1.3.5/migrator.go:47
[72.388ms] [rows:0] ALTER TABLE `users` MODIFY COLUMN `nick_name` varchar(20) comment '用户名'

2022/07/29 21:06:03 D:/GOMOD/pkg/mod/gorm.io/driver/mysql@v1.3.5/migrator.go:47
[69.153ms] [rows:0] ALTER TABLE `users` MODIFY COLUMN `birthday` datetime comment '用户出生日期'

2022/07/29 21:06:03 D:/GOMOD/pkg/mod/gorm.io/driver/mysql@v1.3.5/migrator.go:47
[96.689ms] [rows:0] ALTER TABLE `users` MODIFY COLUMN `gender` varchar(6) comment 'female表示女,male表示男' DEFAULT 'male'

2022/07/29 21:06:03 D:/GOMOD/pkg/mod/gorm.io/driver/mysql@v1.3.5/migrator.go:47
[99.876ms] [rows:0] ALTER TABLE `users` MODIFY COLUMN `role` int comment '1表示普通用户,2表示管理员' DEFAULT 1

2022/07/29 21:06:03 D:/GOMOD/pkg/mod/gorm.io/driver/mysql@v1.3.5/migrator.go:250
[40.353ms] [rows:-] SELECT DATABASE()

2022/07/29 21:06:03 D:/GOMOD/pkg/mod/gorm.io/driver/mysql@v1.3.5/migrator.go:253
[179.694ms] [rows:1] SELECT SCHEMA_NAME from Information_schema.SCHEMATA where SCHEMA_NAME LIKE 'mxshop_user_service%' ORDER BY SCHEMA_NAME='mxshop_user_service' DESC,SCHEMA_NAME limit 1

2022/07/29 21:06:04 D:/C_Back/Go/Shop_service/user_service/initialize/db.go:37
[163.246ms] [rows:-] SELECT count(*) FROM information_schema.statistics WHERE table_schema = 'mxshop_user_service' AND table_name = 'users' AND index_name = 'idx_mobile'
2022-07-29T21:06:04.135+0800	INFO	initialize/db.go:41	数据库连接成功
2022-07-29T21:06:04.152+0800	INFO	user_service/main.go:42	服务开始运行	{"IP": "127.0.0.1", "Port": 62679}
2022-07-29T21:06:06.198+0800	ERROR	initialize/consul.go:37	client.Agent().ServiceRegister 错误	{"err": "Put \"http://127.0.0.1:8500/v1/agent/service/register\": dial tcp 127.0.0.1:8500: connectex: No connection could be made because the target machine actively refused it."}
2022-07-29T21:06:20.127+0800	INFO	initialize/logger.go:28	日志初始化成功
2022-07-29T21:06:20.130+0800	INFO	initialize/config.go:26	config文件加载成功

2022/07/29 21:06:22 D:/GOMOD/pkg/mod/gorm.io/driver/mysql@v1.3.5/migrator.go:250
[88.894ms] [rows:-] SELECT DATABASE()

2022/07/29 21:06:23 D:/GOMOD/pkg/mod/gorm.io/driver/mysql@v1.3.5/migrator.go:253
[181.503ms] [rows:1] SELECT SCHEMA_NAME from Information_schema.SCHEMATA where SCHEMA_NAME LIKE 'mxshop_user_service%' ORDER BY SCHEMA_NAME='mxshop_user_service' DESC,SCHEMA_NAME limit 1

2022/07/29 21:06:23 D:/C_Back/Go/Shop_service/user_service/initialize/db.go:37
[158.190ms] [rows:-] SELECT count(*) FROM information_schema.tables WHERE table_schema = 'mxshop_user_service' AND table_name = 'users' AND table_type = 'BASE TABLE'

2022/07/29 21:06:23 D:/GOMOD/pkg/mod/gorm.io/driver/mysql@v1.3.5/migrator.go:250
[70.574ms] [rows:-] SELECT DATABASE()

2022/07/29 21:06:23 D:/GOMOD/pkg/mod/gorm.io/driver/mysql@v1.3.5/migrator.go:253
[179.917ms] [rows:1] SELECT SCHEMA_NAME from Information_schema.SCHEMATA where SCHEMA_NAME LIKE 'mxshop_user_service%' ORDER BY SCHEMA_NAME='mxshop_user_service' DESC,SCHEMA_NAME limit 1

2022/07/29 21:06:23 D:/GOMOD/pkg/mod/gorm.io/driver/mysql@v1.3.5/migrator.go:163
[51.174ms] [rows:-] SELECT * FROM `users` LIMIT 1

2022/07/29 21:06:23 D:/GOMOD/pkg/mod/gorm.io/driver/mysql@v1.3.5/migrator.go:181
[148.302ms] [rows:-] SELECT column_name, column_default, is_nullable = 'YES', data_type, character_maximum_length, column_type, column_key, extra, column_comment, numeric_precision, numeric_scale , datetime_precision FROM information_schema.columns WHERE table_schema = 'mxshop_user_service' AND table_name = 'users' ORDER BY ORDINAL_POSITION

2022/07/29 21:06:23 D:/GOMOD/pkg/mod/gorm.io/driver/mysql@v1.3.5/migrator.go:47
[70.656ms] [rows:0] ALTER TABLE `users` MODIFY COLUMN `nick_name` varchar(20) comment '用户名'

2022/07/29 21:06:23 D:/GOMOD/pkg/mod/gorm.io/driver/mysql@v1.3.5/migrator.go:47
[99.756ms] [rows:0] ALTER TABLE `users` MODIFY COLUMN `birthday` datetime comment '用户出生日期'

2022/07/29 21:06:23 D:/GOMOD/pkg/mod/gorm.io/driver/mysql@v1.3.5/migrator.go:47
[90.360ms] [rows:0] ALTER TABLE `users` MODIFY COLUMN `gender` varchar(6) comment 'female表示女,male表示男' DEFAULT 'male'

2022/07/29 21:06:23 D:/GOMOD/pkg/mod/gorm.io/driver/mysql@v1.3.5/migrator.go:47
[89.553ms] [rows:0] ALTER TABLE `users` MODIFY COLUMN `role` int comment '1表示普通用户,2表示管理员' DEFAULT 1

2022/07/29 21:06:24 D:/GOMOD/pkg/mod/gorm.io/driver/mysql@v1.3.5/migrator.go:250
[89.227ms] [rows:-] SELECT DATABASE()

2022/07/29 21:06:24 D:/GOMOD/pkg/mod/gorm.io/driver/mysql@v1.3.5/migrator.go:253
[179.919ms] [rows:1] SELECT SCHEMA_NAME from Information_schema.SCHEMATA where SCHEMA_NAME LIKE 'mxshop_user_service%' ORDER BY SCHEMA_NAME='mxshop_user_service' DESC,SCHEMA_NAME limit 1

2022/07/29 21:06:24 D:/C_Back/Go/Shop_service/user_service/initialize/db.go:37
[159.921ms] [rows:-] SELECT count(*) FROM information_schema.statistics WHERE table_schema = 'mxshop_user_service' AND table_name = 'users' AND index_name = 'idx_mobile'
2022-07-29T21:06:24.412+0800	INFO	initialize/db.go:41	数据库连接成功
2022-07-29T21:06:24.413+0800	INFO	user_service/main.go:42	服务开始运行	{"IP": "127.0.0.1", "Port": 8000}
2022-07-29T21:06:26.449+0800	ERROR	initialize/consul.go:37	client.Agent().ServiceRegister 错误	{"err": "Put \"http://127.0.0.1:8500/v1/agent/service/register\": dial tcp 127.0.0.1:8500: connectex: No connection could be made because the target machine actively refused it."}
